Buildfile: /mnt/DP_disk2/GIT/lucene-solr_idea/build.xml

clean:

clean:
   [delete] Deleting directory /mnt/DP_disk2/GIT/lucene-solr_idea/lucene/build

clean:

ivy-availability-check:
[loadresource] Do not set property disallowed.ivy.jars.list as its length is 0.

-ivy-fail-disallowed-ivy-version:

ivy-fail:

ivy-configure:
[ivy:configure] :: Apache Ivy 2.4.0 - 20141213170938 :: http://ant.apache.org/ivy/ ::
[ivy:configure] :: loading settings :: file = /mnt/DP_disk2/GIT/lucene-solr_idea/lucene/top-level-ivy-settings.xml

resolve-groovy:
[ivy:cachepath] :: resolving dependencies :: org.codehaus.groovy#groovy-all-caller;working
[ivy:cachepath] 	confs: [default]
[ivy:cachepath] 	found org.codehaus.groovy#groovy-all;2.4.16 in public
[ivy:cachepath] :: resolution report :: resolve 74ms :: artifacts dl 1ms
	---------------------------------------------------------------------
	|                  |            modules            ||   artifacts   |
	|       conf       | number| search|dwnlded|evicted|| number|dwnlded|
	---------------------------------------------------------------------
	|      default     |   1   |   0   |   0   |   0   ||   1   |   0   |
	---------------------------------------------------------------------

test:

ivy-availability-check:
[loadresource] Do not set property disallowed.ivy.jars.list as its length is 0.

-ivy-fail-disallowed-ivy-version:

ivy-fail:

ivy-configure:
[ivy:configure] :: loading settings :: file = /mnt/DP_disk2/GIT/lucene-solr_idea/lucene/top-level-ivy-settings.xml

-clover.load:

resolve-groovy:

-init-totals:

test-core:

-clover.disable:

ivy-availability-check:
[loadresource] Do not set property disallowed.ivy.jars.list as its length is 0.

-ivy-fail-disallowed-ivy-version:

ivy-fail:

ivy-configure:
[ivy:configure] :: loading settings :: file = /mnt/DP_disk2/GIT/lucene-solr_idea/lucene/top-level-ivy-settings.xml

-clover.load:

-clover.classpath:

-clover.setup:

clover:

-check-git-state:

-git-cleanroot:

-copy-git-state:
     [copy] Copying 1 file to /mnt/DP_disk2/GIT/lucene-solr_idea/lucene/build

git-autoclean:

resolve:

init:

compile-core:
    [mkdir] Created dir: /mnt/DP_disk2/GIT/lucene-solr_idea/lucene/build/core/classes/java
    [javac] Compiling 881 source files to /mnt/DP_disk2/GIT/lucene-solr_idea/lucene/build/core/classes/java
    [javac] Note: Some input files use or override a deprecated API.
    [javac] Note: Recompile with -Xlint:deprecation for details.
    [javac] Creating empty /mnt/DP_disk2/GIT/lucene-solr_idea/lucene/build/core/classes/java/org/apache/lucene/util/graph/package-info.class
    [javac] Creating empty /mnt/DP_disk2/GIT/lucene-solr_idea/lucene/build/core/classes/java/org/apache/lucene/document/package-info.class
    [javac] Creating empty /mnt/DP_disk2/GIT/lucene-solr_idea/lucene/build/core/classes/java/org/apache/lucene/package-info.class
    [javac] Creating empty /mnt/DP_disk2/GIT/lucene-solr_idea/lucene/build/core/classes/java/org/apache/lucene/util/bkd/package-info.class
    [javac] Creating empty /mnt/DP_disk2/GIT/lucene-solr_idea/lucene/build/core/classes/java/org/apache/lucene/codecs/compressing/package-info.class
    [javac] Creating empty /mnt/DP_disk2/GIT/lucene-solr_idea/lucene/build/core/classes/java/org/apache/lucene/codecs/lucene60/package-info.class
    [javac] Creating empty /mnt/DP_disk2/GIT/lucene-solr_idea/lucene/build/core/classes/java/org/apache/lucene/codecs/package-info.class
    [javac] Creating empty /mnt/DP_disk2/GIT/lucene-solr_idea/lucene/build/core/classes/java/org/apache/lucene/codecs/lucene80/package-info.class
    [javac] Creating empty /mnt/DP_disk2/GIT/lucene-solr_idea/lucene/build/core/classes/java/org/apache/lucene/util/package-info.class
    [javac] Creating empty /mnt/DP_disk2/GIT/lucene-solr_idea/lucene/build/core/classes/java/org/apache/lucene/index/package-info.class
    [javac] Creating empty /mnt/DP_disk2/GIT/lucene-solr_idea/lucene/build/core/classes/java/org/apache/lucene/util/fst/package-info.class
    [javac] Creating empty /mnt/DP_disk2/GIT/lucene-solr_idea/lucene/build/core/classes/java/org/apache/lucene/analysis/tokenattributes/package-info.class
    [javac] Creating empty /mnt/DP_disk2/GIT/lucene-solr_idea/lucene/build/core/classes/java/org/apache/lucene/search/package-info.class
    [javac] Creating empty /mnt/DP_disk2/GIT/lucene-solr_idea/lucene/build/core/classes/java/org/apache/lucene/util/packed/package-info.class
    [javac] Creating empty /mnt/DP_disk2/GIT/lucene-solr_idea/lucene/build/core/classes/java/org/apache/lucene/util/mutable/package-info.class
    [javac] Creating empty /mnt/DP_disk2/GIT/lucene-solr_idea/lucene/build/core/classes/java/org/apache/lucene/codecs/lucene70/package-info.class
    [javac] Creating empty /mnt/DP_disk2/GIT/lucene-solr_idea/lucene/build/core/classes/java/org/apache/lucene/codecs/perfield/package-info.class
    [javac] Creating empty /mnt/DP_disk2/GIT/lucene-solr_idea/lucene/build/core/classes/java/org/apache/lucene/analysis/package-info.class
    [javac] Creating empty /mnt/DP_disk2/GIT/lucene-solr_idea/lucene/build/core/classes/java/org/apache/lucene/analysis/standard/package-info.class
    [javac] Creating empty /mnt/DP_disk2/GIT/lucene-solr_idea/lucene/build/core/classes/java/org/apache/lucene/store/package-info.class
    [javac] Creating empty /mnt/DP_disk2/GIT/lucene-solr_idea/lucene/build/core/classes/java/org/apache/lucene/codecs/blocktree/package-info.class
    [javac] Creating empty /mnt/DP_disk2/GIT/lucene-solr_idea/lucene/build/core/classes/java/org/apache/lucene/search/spans/package-info.class
    [javac] Creating empty /mnt/DP_disk2/GIT/lucene-solr_idea/lucene/build/core/classes/java/org/apache/lucene/search/similarities/package-info.class
    [javac] Creating empty /mnt/DP_disk2/GIT/lucene-solr_idea/lucene/build/core/classes/java/org/apache/lucene/util/automaton/package-info.class
    [javac] Creating empty /mnt/DP_disk2/GIT/lucene-solr_idea/lucene/build/core/classes/java/org/apache/lucene/codecs/lucene50/package-info.class
    [javac] Creating empty /mnt/DP_disk2/GIT/lucene-solr_idea/lucene/build/core/classes/java/org/apache/lucene/geo/package-info.class
     [copy] Copying 3 files to /mnt/DP_disk2/GIT/lucene-solr_idea/lucene/build/core/classes/java

compile-test-framework:

-check-git-state:

-git-cleanroot:

-copy-git-state:

git-autoclean:

ivy-availability-check:
[loadresource] Do not set property disallowed.ivy.jars.list as its length is 0.

-ivy-fail-disallowed-ivy-version:

ivy-fail:

ivy-configure:
[ivy:configure] :: loading settings :: file = /mnt/DP_disk2/GIT/lucene-solr_idea/lucene/top-level-ivy-settings.xml

resolve:

init:

compile-lucene-core:

-check-git-state:

-git-cleanroot:

-copy-git-state:

git-autoclean:

ivy-availability-check:
[loadresource] Do not set property disallowed.ivy.jars.list as its length is 0.

-ivy-fail-disallowed-ivy-version:

ivy-fail:

ivy-configure:
[ivy:configure] :: loading settings :: file = /mnt/DP_disk2/GIT/lucene-solr_idea/lucene/top-level-ivy-settings.xml

resolve:

init:

-clover.disable:

-clover.load:

-clover.classpath:

-clover.setup:

clover:

compile-core:

compile-codecs:

-check-git-state:

-git-cleanroot:

-copy-git-state:

git-autoclean:

ivy-availability-check:
[loadresource] Do not set property disallowed.ivy.jars.list as its length is 0.

-ivy-fail-disallowed-ivy-version:

ivy-fail:

ivy-configure:
[ivy:configure] :: loading settings :: file = /mnt/DP_disk2/GIT/lucene-solr_idea/lucene/top-level-ivy-settings.xml

resolve:

common.init:

compile-lucene-core:

init:

-clover.disable:

-clover.load:

-clover.classpath:

-clover.setup:

clover:

compile-core:
    [mkdir] Created dir: /mnt/DP_disk2/GIT/lucene-solr_idea/lucene/build/codecs/classes/java
    [javac] Compiling 74 source files to /mnt/DP_disk2/GIT/lucene-solr_idea/lucene/build/codecs/classes/java
    [javac] Note: Some input files use or override a deprecated API.
    [javac] Note: Recompile with -Xlint:deprecation for details.
    [javac] Creating empty /mnt/DP_disk2/GIT/lucene-solr_idea/lucene/build/codecs/classes/java/org/apache/lucene/codecs/bloom/package-info.class
    [javac] Creating empty /mnt/DP_disk2/GIT/lucene-solr_idea/lucene/build/codecs/classes/java/org/apache/lucene/codecs/memory/package-info.class
    [javac] Creating empty /mnt/DP_disk2/GIT/lucene-solr_idea/lucene/build/codecs/classes/java/org/apache/lucene/codecs/simpletext/package-info.class
    [javac] Creating empty /mnt/DP_disk2/GIT/lucene-solr_idea/lucene/build/codecs/classes/java/org/apache/lucene/codecs/blockterms/package-info.class
    [javac] Creating empty /mnt/DP_disk2/GIT/lucene-solr_idea/lucene/build/codecs/classes/java/org/apache/lucene/codecs/blocktreeords/package-info.class
     [copy] Copying 3 files to /mnt/DP_disk2/GIT/lucene-solr_idea/lucene/build/codecs/classes/java

-clover.disable:

-clover.load:

-clover.classpath:

-clover.setup:

clover:

common.compile-core:
    [mkdir] Created dir: /mnt/DP_disk2/GIT/lucene-solr_idea/lucene/build/test-framework/classes/java
    [javac] Compiling 199 source files to /mnt/DP_disk2/GIT/lucene-solr_idea/lucene/build/test-framework/classes/java
    [javac] /mnt/DP_disk2/GIT/lucene-solr_idea/lucene/test-framework/src/java/org/apache/lucene/store/BaseDirectoryTestCase.java:416: warning: [try] auto-closeable resource output is never referenced in body of corresponding try statement
    [javac]             try (IndexOutput output = dir.createOutput(fileName, newIOContext(random()))) {
    [javac]                              ^
    [javac] /mnt/DP_disk2/GIT/lucene-solr_idea/lucene/test-framework/src/java/org/apache/lucene/store/BaseDirectoryTestCase.java:440: warning: [try] auto-closeable resource input is never referenced in body of corresponding try statement
    [javac]                 try (IndexInput input = dir.openInput(file, newIOContext(random()))) {
    [javac]                                 ^
    [javac] /mnt/DP_disk2/GIT/lucene-solr_idea/lucene/test-framework/src/java/org/apache/lucene/store/BaseDirectoryTestCase.java:1051: warning: [try] auto-closeable resource out is never referenced in body of corresponding try statement
    [javac]       try (IndexOutput out = dir.createOutput(name, IOContext.DEFAULT)) {
    [javac]                        ^
    [javac] /mnt/DP_disk2/GIT/lucene-solr_idea/lucene/test-framework/src/java/org/apache/lucene/store/BaseDirectoryTestCase.java:1056: warning: [try] auto-closeable resource out is never referenced in body of corresponding try statement
    [javac]         try (IndexOutput out = dir.createOutput(name, IOContext.DEFAULT)) {
    [javac]                          ^
    [javac] Note: Some input files use or override a deprecated API.
    [javac] Note: Recompile with -Xlint:deprecation for details.
    [javac] 4 warnings
    [javac] Creating empty /mnt/DP_disk2/GIT/lucene-solr_idea/lucene/build/test-framework/classes/java/org/apache/lucene/codecs/asserting/package-info.class
    [javac] Creating empty /mnt/DP_disk2/GIT/lucene-solr_idea/lucene/build/test-framework/classes/java/org/apache/lucene/codecs/ramonly/package-info.class
    [javac] Creating empty /mnt/DP_disk2/GIT/lucene-solr_idea/lucene/build/test-framework/classes/java/org/apache/lucene/mockfile/package-info.class
    [javac] Creating empty /mnt/DP_disk2/GIT/lucene-solr_idea/lucene/build/test-framework/classes/java/org/apache/lucene/codecs/cheapbastard/package-info.class
    [javac] Creating empty /mnt/DP_disk2/GIT/lucene-solr_idea/lucene/build/test-framework/classes/java/org/apache/lucene/codecs/mockrandom/package-info.class
    [javac] Creating empty /mnt/DP_disk2/GIT/lucene-solr_idea/lucene/build/test-framework/classes/java/org/apache/lucene/codecs/cranky/package-info.class
    [javac] Creating empty /mnt/DP_disk2/GIT/lucene-solr_idea/lucene/build/test-framework/classes/java/org/apache/lucene/codecs/compressing/dummy/package-info.class
     [copy] Copying 4 files to /mnt/DP_disk2/GIT/lucene-solr_idea/lucene/build/test-framework/classes/java

compile-core:

compile-test:
    [mkdir] Created dir: /mnt/DP_disk2/GIT/lucene-solr_idea/lucene/build/core/classes/test
    [javac] Compiling 536 source files to /mnt/DP_disk2/GIT/lucene-solr_idea/lucene/build/core/classes/test
    [javac] /mnt/DP_disk2/GIT/lucene-solr_idea/lucene/core/src/test/org/apache/lucene/analysis/TestAnalyzerWrapper.java:52: warning: [try] auto-closeable resource ts is never referenced in body of corresponding try statement
    [javac]     try (TokenStream ts = wrapped.tokenStream("", "text")) {
    [javac]                      ^
    [javac] /mnt/DP_disk2/GIT/lucene-solr_idea/lucene/core/src/test/org/apache/lucene/index/TestFieldUpdatesBuffer.java:158: warning: [unchecked] unchecked cast
    [javac]       return (T) (rarely() ? value.prepareForApply(random().nextInt(100)) : value);
    [javac]                  ^
    [javac]   required: T
    [javac]   found:    BinaryDocValuesUpdate
    [javac]   where T is a type-variable:
    [javac]     T extends DocValuesUpdate declared in method <T>getRandomUpdate(boolean)
    [javac] /mnt/DP_disk2/GIT/lucene-solr_idea/lucene/core/src/test/org/apache/lucene/index/TestFieldUpdatesBuffer.java:163: warning: [unchecked] unchecked cast
    [javac]       return (T) (rarely() ? value.prepareForApply(random().nextInt(100)) : value);
    [javac]                  ^
    [javac]   required: T
    [javac]   found:    NumericDocValuesUpdate
    [javac]   where T is a type-variable:
    [javac]     T extends DocValuesUpdate declared in method <T>getRandomUpdate(boolean)
    [javac] /mnt/DP_disk2/GIT/lucene-solr_idea/lucene/core/src/test/org/apache/lucene/index/TestIndexWriter.java:2688: warning: [try] auto-closeable resource closeable is never referenced in body of corresponding try statement
    [javac]          Closeable closeable = () -> IOUtils.close(toClose)) {
    [javac]                    ^
    [javac] /mnt/DP_disk2/GIT/lucene-solr_idea/lucene/core/src/test/org/apache/lucene/index/TestIndexWriter.java:3686: warning: [try] auto-closeable resource w is never referenced in body of corresponding try statement
    [javac]             try (IndexWriter w = new IndexWriter(dir, newIndexWriterConfig().setIndexCreatedVersionMajor(previousMajor))) {}
    [javac]                              ^
    [javac] /mnt/DP_disk2/GIT/lucene-solr_idea/lucene/core/src/test/org/apache/lucene/index/TestIndexWriter.java:3689: warning: [try] auto-closeable resource w is never referenced in body of corresponding try statement
    [javac]             try (IndexWriter w = new IndexWriter(dir, newIndexWriterConfig().setOpenMode(openMode).setIndexCreatedVersionMajor(newMajor))) {}
    [javac]                              ^
    [javac] /mnt/DP_disk2/GIT/lucene-solr_idea/lucene/core/src/test/org/apache/lucene/search/TestConstantScoreScorer.java:67: warning: [try] auto-closeable resource TestConstantScoreScorerIndex has a member method close() that could throw InterruptedException
    [javac]     try (TestConstantScoreScorerIndex index = new TestConstantScoreScorerIndex()) {
    [javac]                                       ^
    [javac] /mnt/DP_disk2/GIT/lucene-solr_idea/lucene/core/src/test/org/apache/lucene/search/TestConstantScoreScorer.java:103: warning: [try] auto-closeable resource TestConstantScoreScorerIndex has a member method close() that could throw InterruptedException
    [javac]     try (TestConstantScoreScorerIndex index = new TestConstantScoreScorerIndex()) {
    [javac]                                       ^
    [javac] /mnt/DP_disk2/GIT/lucene-solr_idea/lucene/core/src/test/org/apache/lucene/search/TestConstantScoreScorer.java:131: warning: [try] auto-closeable resource TestConstantScoreScorerIndex has a member method close() that could throw InterruptedException
    [javac]     try (TestConstantScoreScorerIndex index = new TestConstantScoreScorerIndex()) {
    [javac]                                       ^
    [javac] /mnt/DP_disk2/GIT/lucene-solr_idea/lucene/core/src/test/org/apache/lucene/search/TestConstantScoreScorer.java:159: warning: [try] auto-closeable resource TestConstantScoreScorerIndex has a member method close() that could throw InterruptedException
    [javac]     try (TestConstantScoreScorerIndex index = new TestConstantScoreScorerIndex()) {
    [javac]                                       ^
    [javac] /mnt/DP_disk2/GIT/lucene-solr_idea/lucene/core/src/test/org/apache/lucene/search/TestConstantScoreScorer.java:178: warning: [try] auto-closeable resource TestConstantScoreScorerIndex has a member method close() that could throw InterruptedException
    [javac]   static class TestConstantScoreScorerIndex implements AutoCloseable {
    [javac]          ^
    [javac] /mnt/DP_disk2/GIT/lucene-solr_idea/lucene/core/src/test/org/apache/lucene/search/TestSearchAfter.java:220: warning: [rawtypes] found raw type: TopDocsCollector
    [javac]     final TopDocsCollector allCollector;
    [javac]           ^
    [javac]   missing type arguments for generic class TopDocsCollector<T>
    [javac]   where T is a type-variable:
    [javac]     T extends ScoreDoc declared in class TopDocsCollector
    [javac] /mnt/DP_disk2/GIT/lucene-solr_idea/lucene/core/src/test/org/apache/lucene/search/TestSearchAfter.java:248: warning: [rawtypes] found raw type: TopDocsCollector
    [javac]       final TopDocsCollector pagedCollector;
    [javac]             ^
    [javac]   missing type arguments for generic class TopDocsCollector<T>
    [javac]   where T is a type-variable:
    [javac]     T extends ScoreDoc declared in class TopDocsCollector
    [javac] /mnt/DP_disk2/GIT/lucene-solr_idea/lucene/core/src/test/org/apache/lucene/store/TestFileSwitchDirectory.java:179: warning: [try] auto-closeable resource indexInput is never referenced in body of corresponding try statement
    [javac]       try (IndexInput indexInput = dir.openInput("foo.tim", IOContext.DEFAULT)) {
    [javac]                       ^
    [javac] Note: Some input files use or override a deprecated API.
    [javac] Note: Recompile with -Xlint:deprecation for details.
    [javac] 14 warnings
     [copy] Copying 4 files to /mnt/DP_disk2/GIT/lucene-solr_idea/lucene/build/core/classes/test

-mrjar-classes-uptodate:

resolve-groovy:

patch-mrjar-classes:
[patch-cls] Remapped: org/apache/lucene/analysis/tokenattributes/CharTermAttributeImpl
[patch-cls] Remapped: org/apache/lucene/codecs/compressing/LZ4
[patch-cls] Remapped: org/apache/lucene/document/BinaryPoint$2
[patch-cls] Remapped: org/apache/lucene/document/DoubleRange
[patch-cls] Remapped: org/apache/lucene/document/FloatRange
[patch-cls] Remapped: org/apache/lucene/document/IntRange
[patch-cls] Remapped: org/apache/lucene/document/LatLonPointDistanceFeatureQuery$DistanceScorer$2
[patch-cls] Remapped: org/apache/lucene/document/LatLonPointDistanceQuery$1
[patch-cls] Remapped: org/apache/lucene/document/LatLonPointInPolygonQuery$1$1
[patch-cls] Remapped: org/apache/lucene/document/LongDistanceFeatureQuery$DistanceScorer$2
[patch-cls] Remapped: org/apache/lucene/document/LongRange
[patch-cls] Remapped: org/apache/lucene/document/RangeFieldQuery$QueryType$1
[patch-cls] Remapped: org/apache/lucene/document/RangeFieldQuery$QueryType$2
[patch-cls] Remapped: org/apache/lucene/document/RangeFieldQuery$QueryType$3
[patch-cls] Remapped: org/apache/lucene/index/BitsSlice
[patch-cls] Remapped: org/apache/lucene/index/CheckIndex$VerifyPointsVisitor
[patch-cls] Remapped: org/apache/lucene/index/CodecReader
[patch-cls] Remapped: org/apache/lucene/index/MergeReaderWrapper
[patch-cls] Remapped: org/apache/lucene/index/PointValues
[patch-cls] Remapped: org/apache/lucene/search/BooleanScorer$TailPriorityQueue
[patch-cls] Remapped: org/apache/lucene/search/PointInSetQuery$SinglePointVisitor
[patch-cls] Remapped: org/apache/lucene/search/PointRangeQuery$1
[patch-cls] Remapped: org/apache/lucene/search/TopFieldCollector
[patch-cls] Remapped: org/apache/lucene/util/BytesRef
[patch-cls] Remapped: org/apache/lucene/util/BytesRefArray
[patch-cls] Remapped: org/apache/lucene/util/CharsRef$UTF16SortedAsUTF8Comparator
[patch-cls] Remapped: org/apache/lucene/util/CharsRef
[patch-cls] Remapped: org/apache/lucene/util/IntsRef
[patch-cls] Remapped: org/apache/lucene/util/LongsRef
[patch-cls] Remapped: org/apache/lucene/util/StringHelper
[patch-cls] Remapped: org/apache/lucene/util/automaton/Automaton$Builder
[patch-cls] Remapped: org/apache/lucene/util/automaton/Automaton
[patch-cls] Remapped: org/apache/lucene/util/bkd/BKDRadixSelector$1$1
[patch-cls] Remapped: org/apache/lucene/util/bkd/BKDRadixSelector$2$1
[patch-cls] Remapped: org/apache/lucene/util/bkd/BKDRadixSelector
[patch-cls] Remapped: org/apache/lucene/util/bkd/BKDReader
[patch-cls] Remapped: org/apache/lucene/util/bkd/BKDWriter$BKDMergeQueue
[patch-cls] Remapped: org/apache/lucene/util/bkd/BKDWriter$OneDimensionBKDWriter
[patch-cls] Remapped: org/apache/lucene/util/bkd/BKDWriter
[patch-cls] Remapped: org/apache/lucene/util/bkd/HeapPointWriter
[patch-cls] Remapped: org/apache/lucene/util/bkd/MutablePointsReaderUtils$1$1
[patch-cls] Remapped: org/apache/lucene/util/bkd/MutablePointsReaderUtils$2
[patch-cls] Remapped: org/apache/lucene/util/bkd/MutablePointsReaderUtils$3$1
[patch-cls] Remapped 43 class files for Java 9 to: /mnt/DP_disk2/GIT/lucene-solr_idea/lucene/build/core/classes/java9
    [touch] Creating /mnt/DP_disk2/GIT/lucene-solr_idea/lucene/build/core/patch-mrjar.stamp

install-junit4-taskdef:

validate:

-init-totals:

-test:
    [mkdir] Created dir: /mnt/DP_disk2/GIT/lucene-solr_idea/lucene/build/core/test
    [mkdir] Created dir: /mnt/DP_disk2/GIT/lucene-solr_idea/lucene/build/core/test/temp
   [junit4] <JUnit4> says שלום! Master seed: EBC5DD8261295158
   [junit4] Executing 525 suites with 4 JVMs.
   [junit4] 
   [junit4] Started J1 PID(239489@sr419).
   [junit4] Started J3 PID(239490@sr419).
   [junit4] Started J2 PID(239491@sr419).
   [junit4] Started J0 PID(239492@sr419).
   [junit4] Suite: org.apache.lucene.index.TestParallelReaderEmptyIndex
   [junit4] Completed [1/525] on J0 in 0.65s, 2 tests
   [junit4] 
   [junit4] Suite: org.apache.lucene.search.TestIndexSearcher
   [junit4] Completed [2/525] on J2 in 0.89s, 7 tests
   [junit4] 
   [junit4] Suite: org.apache.lucene.search.TestBooleanQueryVisitSubscorers
   [junit4] Completed [3/525] on J3 in 0.89s, 7 tests
   [junit4] 
   [junit4] Suite: org.apache.lucene.util.TestSparseFixedBitSet
   [junit4] Completed [4/525] on J3 in 0.77s, 11 tests
   [junit4] 
   [junit4] Suite: org.apache.lucene.util.TestSparseFixedBitDocIdSet
   [junit4] Completed [5/525] on J0 in 1.01s, 5 tests
   [junit4] 
   [junit4] Suite: org.apache.lucene.index.TestBagOfPositions
   [junit4] Completed [6/525] on J1 in 1.66s, 1 test
   [junit4] 
   [junit4] Suite: org.apache.lucene.util.TestSloppyMath
   [junit4] Completed [7/525] on J2 in 1.01s, 8 tests
   [junit4] 
   [junit4] Suite: org.apache.lucene.index.TestOmitPositions
   [junit4] Completed [8/525] on J3 in 0.25s, 3 tests
   [junit4] 
   [junit4] Suite: org.apache.lucene.util.graph.TestGraphTokenStreamFiniteStrings
   [junit4] Completed [9/525] on J0 in 0.26s, 14 tests
   [junit4] 
   [junit4] Suite: org.apache.lucene.index.TestReaderWrapperDVTypeCheck
   [junit4] Completed [10/525] on J2 in 0.25s, 1 test
   [junit4] 
   [junit4] Suite: org.apache.lucene.search.TestComplexExplanationsOfNonMatches
   [junit4] Completed [11/525] on J2 in 0.26s, 21 tests
   [junit4] 
   [junit4] Suite: org.apache.lucene.search.TermInSetQueryTest
   [junit4] Completed [12/525] on J3 in 0.51s, 10 tests
   [junit4] 
   [junit4] Suite: org.apache.lucene.search.TestComplexExplanations
   [junit4] Completed [13/525] on J2 in 1.00s, 21 tests
   [junit4] 
   [junit4] Suite: org.apache.lucene.index.TestTermVectorsReader
   [junit4] Completed [14/525] on J2 in 0.50s, 13 tests
   [junit4] 
   [junit4] Suite: org.apache.lucene.search.TestControlledRealTimeReopenThread
   [junit4] IGNOR/A 0.01s J1 | TestControlledRealTimeReopenThread.testCRTReopen
   [junit4]    > Assumption #1: 'awaitsfix' test group is disabled (@AwaitsFix(bugUrl=https://issues.apache.org/jira/browse/LUCENE-5737))
   [junit4] Completed [15/525] on J1 in 2.28s, 6 tests, 1 skipped
   [junit4] 
   [junit4] Suite: org.apache.lucene.store.TestBufferedIndexInput
   [junit4] Completed [16/525] on J2 in 0.25s, 4 tests
   [junit4] 
   [junit4] Suite: org.apache.lucene.search.TestPhrasePrefixQuery
   [junit4] Completed [17/525] on J2 in 0.25s, 1 test
   [junit4] 
   [junit4] Suite: org.apache.lucene.TestDemo
   [junit4] Completed [18/525] on J2 in 0.25s, 1 test
   [junit4] 
   [junit4] Suite: org.apache.lucene.search.TestBlockMaxConjunction
   [junit4] Completed [19/525] on J2 in 0.50s, 1 test
   [junit4] 
   [junit4] Suite: org.apache.lucene.search.similarities.TestAxiomaticF2EXP
   [junit4] Completed [20/525] on J2 in 3.26s, 1 test
   [junit4] 
   [junit4] Suite: org.apache.lucene.index.TestIndexWriterForceMerge
   [junit4] Completed [21/525] on J2 in 1.26s, 4 tests
   [junit4] 
   [junit4] Suite: org.apache.lucene.index.TestUpgradeIndexMergePolicy
   [junit4] Completed [22/525] on J3 in 7.76s, 4 tests
   [junit4] 
   [junit4] Suite: org.apache.lucene.index.TestRollback
   [junit4] Completed [23/525] on J3 in 0.26s, 1 test
   [junit4] 
   [junit4] Suite: org.apache.lucene.index.TestByteSlices
   [junit4] Completed [24/525] on J2 in 0.75s, 1 test
   [junit4] 
   [junit4] Suite: org.apache.lucene.search.spans.TestSpanExplanationsOfNonMatches
   [junit4] Completed [25/525] on J3 in 0.26s, 30 tests
   [junit4] 
   [junit4] Suite: org.apache.lucene.document.TestBinaryDocument
   [junit4] Completed [26/525] on J2 in 0.25s, 1 test
   [junit4] 
   [junit4] Suite: org.apache.lucene.search.TestMatchNoDocsQuery
   [junit4] Completed [27/525] on J3 in 0.25s, 3 tests
   [junit4] 
   [junit4] Suite: org.apache.lucene.TestExternalCodecs
   [junit4] Completed [28/525] on J3 in 0.25s, 1 test
   [junit4] 
   [junit4] Suite: org.apache.lucene.index.TestFieldsReader
   [junit4] Completed [29/525] on J2 in 0.50s, 2 tests
   [junit4] 
   [junit4] Suite: org.apache.lucene.util.TestCharsRefBuilder
   [junit4] Completed [30/525] on J2 in 0.26s, 2 tests
   [junit4] 
   [junit4] Suite: org.apache.lucene.index.TestTermVectorsWriter
   [junit4] Completed [31/525] on J3 in 0.51s, 15 tests
   [junit4] 
   [junit4] Suite: org.apache.lucene.search.spans.TestSpanOrQuery
   [junit4] Completed [32/525] on J2 in 0.25s, 3 tests
   [junit4] 
   [junit4] Suite: org.apache.lucene.search.TestSearcherManager
   [junit4] Completed [33/525] on J1 in 8.02s, 11 tests
   [junit4] 
   [junit4] Suite: org.apache.lucene.search.TestSortedSetSortField
   [junit4] Completed [34/525] on J3 in 0.26s, 7 tests
   [junit4] 
   [junit4] Suite: org.apache.lucene.search.TestPrefixRandom
   [junit4] Completed [35/525] on J1 in 0.50s, 1 test
   [junit4] 
   [junit4] Suite: org.apache.lucene.index.TestDuelingCodecsAtNight
   [junit4] IGNOR/A 0.00s J1 | TestDuelingCodecsAtNight.testCrazyReaderEquals
   [junit4]    > Assumption #1: 'nightly' test group is disabled (@Nightly())
   [junit4] IGNOR/A 0.00s J1 | TestDuelingCodecsAtNight.testEquals
   [junit4]    > Assumption #1: 'nightly' test group is disabled (@Nightly())
   [junit4] IGNOR/A 0.00s J1 | TestDuelingCodecsAtNight.testBigEquals
   [junit4]    > Assumption #1: 'nightly' test group is disabled (@Nightly())
   [junit4] Completed [36/525] on J1 in 0.00s, 3 tests, 3 skipped
   [junit4] 
   [junit4] Suite: org.apache.lucene.index.Test2BTerms
   [junit4] IGNOR/A 0.00s J1 | Test2BTerms.test2BTerms
   [junit4]    > Assumption #1: 'monster' test group is disabled (@Monster(value=very slow, use 5g minimum heap))
   [junit4] Completed [37/525] on J1 in 0.00s, 1 test, 1 skipped
   [junit4] 
   [junit4] Suite: org.apache.lucene.util.TestRollingBuffer
   [junit4] Completed [38/525] on J1 in 0.25s, 1 test
   [junit4] 
   [junit4] Suite: org.apache.lucene.search.TestFieldValueQuery
   [junit4] Completed [39/525] on J1 in 0.75s, 6 tests
   [junit4] 
   [junit4] Suite: org.apache.lucene.util.bkd.TestBKD
   [junit4] IGNOR/A 0.00s J2 | TestBKD.testRandomBinaryBig
   [junit4]    > Assumption #1: 'nightly' test group is disabled (@Nightly())
   [junit4] Completed [40/525] on J2 in 1.75s, 23 tests, 1 skipped
   [junit4] 
   [junit4] Suite: org.apache.lucene.search.TestSortedSetSelector
   [junit4] Completed [41/525] on J1 in 0.26s, 15 tests
   [junit4] 
   [junit4] Suite: org.apache.lucene.util.automaton.TestDaciukMihovAutomatonBuilder
   [junit4] Completed [42/525] on J2 in 0.25s, 1 test
   [junit4] 
   [junit4] Suite: org.apache.lucene.search.TestSimpleExplanationsOfNonMatches
   [junit4] Completed [43/525] on J1 in 0.26s, 70 tests
   [junit4] 
   [junit4] Suite: org.apache.lucene.index.TestFieldUpdatesBuffer
   [junit4] Completed [44/525] on J1 in 0.25s, 6 tests
   [junit4] 
   [junit4] Suite: org.apache.lucene.util.TestStringHelper
   [junit4] Completed [45/525] on J1 in 0.25s, 7 tests
   [junit4] 
   [junit4] Suite: org.apache.lucene.util.automaton.TestOperations
   [junit4] Completed [46/525] on J1 in 0.50s, 7 tests
   [junit4] 
   [junit4] Suite: org.apache.lucene.store.TestLockFactory
   [junit4] Completed [47/525] on J1 in 0.25s, 2 tests
   [junit4] 
   [junit4] Suite: org.apache.lucene.util.TestCharsRef
   [junit4] Completed [48/525] on J1 in 0.25s, 6 tests
   [junit4] 
   [junit4] Suite: org.apache.lucene.store.TestNIOFSDirectory
   [junit4] Completed [49/525] on J1 in 0.76s, 41 tests
   [junit4] 
   [junit4] Suite: org.apache.lucene.search.TestBlendedTermQuery
   [junit4] Completed [50/525] on J1 in 0.25s, 3 tests
   [junit4] 
   [junit4] Suite: org.apache.lucene.index.TestIndexWriterDelete
   [junit4] IGNOR/A 0.00s J3 | TestIndexWriterDelete.testApplyDeletesOnFlush
   [junit4]    > Assumption #1: 'nightly' test group is disabled (@Nightly())
   [junit4] Completed [51/525] on J3 in 4.51s, 26 tests, 2 skipped
   [junit4] 
   [junit4] Suite: org.apache.lucene.document.TestIntRange
   [junit4] Completed [52/525] on J3 in 0.25s, 1 test
   [junit4] 
   [junit4] Suite: org.apache.lucene.codecs.lucene50.TestForUtil
   [junit4] Completed [53/525] on J3 in 0.26s, 1 test
   [junit4] 
   [junit4] Suite: org.apache.lucene.index.TestFilterCodecReader
   [junit4] Completed [54/525] on J3 in 0.25s, 2 tests
   [junit4] 
   [junit4] Suite: org.apache.lucene.store.TestMmapDirectory
   [junit4] Completed [55/525] on J3 in 0.51s, 42 tests, 1 skipped
   [junit4] 
   [junit4] Suite: org.apache.lucene.search.similarities.TestAxiomaticF3EXP
   [junit4] Completed [56/525] on J1 in 3.26s, 1 test
   [junit4] 
   [junit4] Suite: org.apache.lucene.TestAssertions
   [junit4] Completed [57/525] on J1 in 0.26s, 1 test
   [junit4] 
   [junit4] Suite: org.apache.lucene.index.TestSnapshotDeletionPolicy
   [junit4] Completed [58/525] on J1 in 1.25s, 7 tests
   [junit4] 
   [junit4] Suite: org.apache.lucene.util.bkd.Test2BBKDPoints
   [junit4] IGNOR/A 0.00s J1 | Test2BBKDPoints.test2D
   [junit4]    > Assumption #1: 'monster' test group is disabled (@Monster(value=takes at least 4 hours and consumes many GB of temp disk space))
   [junit4] IGNOR/A 0.00s J1 | Test2BBKDPoints.test1D
   [junit4]    > Assumption #1: 'monster' test group is disabled (@Monster(value=takes at least 4 hours and consumes many GB of temp disk space))
   [junit4] Completed [59/525] on J1 in 0.00s, 2 tests, 2 skipped
   [junit4] 
   [junit4] Suite: org.apache.lucene.codecs.compressing.TestFastCompressionMode
   [junit4] Completed [60/525] on J1 in 0.26s, 11 tests
   [junit4] 
   [junit4] Suite: org.apache.lucene.geo.TestGeoEncodingUtils
   [junit4] Completed [61/525] on J1 in 0.50s, 3 tests
   [junit4] 
   [junit4] Suite: org.apache.lucene.search.similarities.TestLMJelinekMercerSimilarity
   [junit4] Completed [62/525] on J3 in 4.51s, 1 test
   [junit4] 
   [junit4] Suite: org.apache.lucene.index.TestIndexManyDocuments
   [junit4] Completed [63/525] on J1 in 0.50s, 1 test
   [junit4] 
   [junit4] Suite: org.apache.lucene.util.automaton.TestDeterminizeLexicon
   [junit4] Completed [64/525] on J3 in 0.75s, 1 test
   [junit4] 
   [junit4] Suite: org.apache.lucene.util.automaton.TestDeterminism
   [junit4] Completed [65/525] on J3 in 0.50s, 2 tests
   [junit4] 
   [junit4] Suite: org.apache.lucene.search.TestPhraseQuery
   [junit4] Completed [66/525] on J1 in 1.50s, 24 tests
   [junit4] 
   [junit4] Suite: org.apache.lucene.index.Test2BSortedDocValuesFixedSorted
   [junit4] IGNOR/A 0.00s J1 | Test2BSortedDocValuesFixedSorted.testFixedSorted
   [junit4]    > Assumption #1: 'monster' test group is disabled (@Monster(value=Takes ~ 6 hours if the heap is 5gb))
   [junit4] Completed [67/525] on J1 in 0.00s, 1 test, 1 skipped
   [junit4] 
   [junit4] Suite: org.apache.lucene.search.similarities.TestBasicModelG
   [junit4] Completed [68/525] on J2 in 10.76s, 1 test
   [junit4] 
   [junit4] Suite: org.apache.lucene.index.TestIndexFileDeleter
   [junit4] Completed [69/525] on J1 in 0.50s, 10 tests
   [junit4] 
   [junit4] Suite: org.apache.lucene.document.TestFeatureDoubleValues
   [junit4] Completed [70/525] on J1 in 0.25s, 6 tests
   [junit4] 
   [junit4] Suite: org.apache.lucene.index.TestReaderClosed
   [junit4] Completed [71/525] on J1 in 0.25s, 2 tests
   [junit4] 
   [junit4] Suite: org.apache.lucene.util.packed.TestDirectPacked
   [junit4] Completed [72/525] on J2 in 0.76s, 4 tests
   [junit4] 
   [junit4] Suite: org.apache.lucene.search.TestTimeLimitingCollector
   [junit4] Completed [73/525] on J3 in 1.76s, 7 tests
   [junit4] 
   [junit4] Suite: org.apache.lucene.search.similarities.TestSimilarity2
   [junit4] Completed [74/525] on J2 in 0.25s, 8 tests
   [junit4] 
   [junit4] Suite: org.apache.lucene.util.fst.TestFstDirect
   [junit4] Completed [75/525] on J3 in 0.25s, 1 test
   [junit4] 
   [junit4] Suite: org.apache.lucene.index.TestPostingsOffsets
   [junit4] Completed [76/525] on J1 in 0.51s, 13 tests
   [junit4] 
   [junit4] Suite: org.apache.lucene.util.Test2BPagedBytes
   [junit4] IGNOR/A 0.00s J1 | Test2BPagedBytes.test
   [junit4]    > Assumption #1: 'monster' test group is disabled (@Monster(value=You must increase heap to > 2 G to run this))
   [junit4] Completed [77/525] on J1 in 0.00s, 1 test, 1 skipped
   [junit4] 
   [junit4] Suite: org.apache.lucene.index.Test2BPostings
   [junit4] IGNOR/A 0.00s J1 | Test2BPostings.test
   [junit4]    > Assumption #1: 'nightly' test group is disabled (@Nightly())
   [junit4] Completed [78/525] on J1 in 0.00s, 1 test, 1 skipped
   [junit4] 
   [junit4] Suite: org.apache.lucene.analysis.TestCharacterUtils
   [junit4] Completed [79/525] on J1 in 0.25s, 4 tests
   [junit4] 
   [junit4] Suite: org.apache.lucene.search.TestSortRescorer
   [junit4] Completed [80/525] on J1 in 0.25s, 3 tests
   [junit4] 
   [junit4] Suite: org.apache.lucene.util.TestIntArrayDocIdSet
   [junit4] Completed [81/525] on J1 in 0.50s, 5 tests
   [junit4] 
   [junit4] Suite: org.apache.lucene.index.TestSegmentInfos
   [junit4] Completed [82/525] on J1 in 0.25s, 5 tests
   [junit4] 
   [junit4] Suite: org.apache.lucene.util.TestLSBRadixSorter
   [junit4] Completed [83/525] on J1 in 0.25s, 6 tests
   [junit4] 
   [junit4] Suite: org.apache.lucene.index.TestIsCurrent
   [junit4] Completed [84/525] on J1 in 0.25s, 2 tests
   [junit4] 
   [junit4] Suite: org.apache.lucene.store.TestSleepingLockWrapper
   [junit4] Completed [85/525] on J2 in 3.25s, 6 tests
   [junit4] 
   [junit4] Suite: org.apache.lucene.search.similarities.TestAxiomaticF1EXP
   [junit4] Completed [86/525] on J3 in 3.51s, 1 test
   [junit4] 
   [junit4] Suite: org.apache.lucene.store.TestByteArrayDataInput
   [junit4] Completed [87/525] on J3 in 0.25s, 1 test
   [junit4] 
   [junit4] Suite: org.apache.lucene.index.TestIndexWriterWithThreads
   [junit4] Completed [88/525] on J1 in 1.76s, 14 tests
   [junit4] 
   [junit4] Suite: org.apache.lucene.index.TestDirectoryReader
   [junit4] Completed [89/525] on J2 in 0.76s, 24 tests
   [junit4] 
   [junit4] Suite: org.apache.lucene.search.TestSegmentCacheables
   [junit4] Completed [90/525] on J1 in 0.25s, 1 test
   [junit4] 
   [junit4] Suite: org.apache.lucene.index.TestIndexableField
   [junit4] Completed [91/525] on J2 in 0.25s, 2 tests
   [junit4] 
   [junit4] Suite: org.apache.lucene.index.TestOrdinalMap
   [junit4] Completed [92/525] on J1 in 0.25s, 1 test
   [junit4] 
   [junit4] Suite: org.apache.lucene.index.TestParallelCompositeReader
   [junit4] Completed [93/525] on J2 in 0.25s, 11 tests
   [junit4] 
   [junit4] Suite: org.apache.lucene.index.TestConsistentFieldNumbers
   [junit4] Completed [94/525] on J3 in 0.51s, 4 tests
   [junit4] 
   [junit4] Suite: org.apache.lucene.search.TestSimilarity
   [junit4] Completed [95/525] on J2 in 0.25s, 1 test
   [junit4] 
   [junit4] Suite: org.apache.lucene.index.TestFrozenBufferedUpdates
   [junit4] Completed [96/525] on J2 in 0.25s, 1 test
   [junit4] 
   [junit4] Suite: org.apache.lucene.search.TestReqExclBulkScorer
   [junit4] Completed [97/525] on J2 in 0.25s, 1 test
   [junit4] 
   [junit4] Suite: org.apache.lucene.search.TestFuzzyQuery
   [junit4] Completed [98/525] on J1 in 1.01s, 11 tests
   [junit4] 
   [junit4] Suite: org.apache.lucene.index.TestPendingDeletes
   [junit4] Completed [99/525] on J1 in 0.25s, 3 tests
   [junit4] 
   [junit4] Suite: org.apache.lucene.util.fst.TestBytesStore
   [junit4] Completed [100/525] on J2 in 0.50s, 1 test
   [junit4] 
   [junit4] Suite: org.apache.lucene.codecs.lucene50.TestLucene60FieldInfoFormat
   [junit4] Completed [101/525] on J1 in 0.25s, 11 tests
   [junit4] 
   [junit4] Suite: org.apache.lucene.search.TestTopFieldCollectorEarlyTermination
   [junit4] Completed [102/525] on J1 in 1.01s, 4 tests
   [junit4] 
   [junit4] Suite: org.apache.lucene.index.TestIndexWriterFromReader
   [junit4] Completed [103/525] on J1 in 0.25s, 12 tests
   [junit4] 
   [junit4] Suite: org.apache.lucene.index.TestIndexWriterExceptions
   [junit4]   1> Indexer 3: unexpected exception3
   [junit4]   1> Indexer 2: unexpected exception3
   [junit4]   1> org.apache.lucene.store.AlreadyClosedException: this IndexWriter is closed
   [junit4]   1> 	at org.apache.lucene.index.IndexWriter.ensureOpen(IndexWriter.java:681)
   [junit4]   1> 	at org.apache.lucene.index.IndexWriter.ensureOpen(IndexWriter.java:695)
   [junit4]   1> 	at org.apache.lucene.index.IndexWriter.updateDocument(IndexWriter.java:1591)
   [junit4]   1> 	at org.apache.lucene.index.IndexWriter.updateDocument(IndexWriter.java:1586)
   [junit4]   1> 	at org.apache.lucene.index.TestIndexWriterExceptions$IndexerThread.run(TestIndexWriterExceptions.java:214)
   [junit4]   1> Caused by: java.lang.InternalError: 
   [junit4]   1> 	at com.intel.qat.jni.QatDecompressorJNI.decompressBytesDirect(Native Method)
   [junit4]   1> 	at com.intel.qat.jni.QatDecompressorJNI.decompress(QatDecompressorJNI.java:282)
   [junit4]   1> 	at org.apache.lucene.codecs.compressing.CompressionMode$QatDecompressor.decompress(CompressionMode.java:349)
   [junit4]   1> 	at org.apache.lucene.codecs.compressing.CompressingStoredFieldsReader$BlockState.doReset(CompressingStoredFieldsReader.java:483)
   [junit4]   1> 	at org.apache.lucene.codecs.compressing.CompressingStoredFieldsReader$BlockState.reset(CompressingStoredFieldsReader.java:389)
   [junit4]   1> 	at org.apache.lucene.codecs.compressing.CompressingStoredFieldsReader.document(CompressingStoredFieldsReader.java:568)
   [junit4]   1> 	at org.apache.lucene.codecs.compressing.CompressingStoredFieldsWriter.merge(CompressingStoredFieldsWriter.java:641)
   [junit4]   1> 	at org.apache.lucene.index.SegmentMerger.mergeFields(SegmentMerger.java:229)
   [junit4]   1> 	at org.apache.lucene.index.SegmentMerger.merge(SegmentMerger.java:106)
   [junit4]   1> 	at org.apache.lucene.index.IndexWriter.mergeMiddle(IndexWriter.java:4462)
   [junit4]   1> 	at org.apache.lucene.index.IndexWriter.merge(IndexWriter.java:4056)
   [junit4]   1> 	at org.apache.lucene.index.ConcurrentMergeScheduler.doMerge(ConcurrentMergeScheduler.java:625)
   [junit4]   1> 	at org.apache.lucene.index.ConcurrentMergeScheduler$MergeThread.run(ConcurrentMergeScheduler.java:662)
   [junit4]   1> org.apache.lucene.store.AlreadyClosedException: this IndexWriter is closed
   [junit4]   1> 	at org.apache.lucene.index.IndexWriter.ensureOpen(IndexWriter.java:681)
   [junit4]   1> 	at org.apache.lucene.index.IndexWriter.ensureOpen(IndexWriter.java:695)
   [junit4]   1> 	at org.apache.lucene.index.IndexWriter.updateDocument(IndexWriter.java:1591)
   [junit4]   1> 	at org.apache.lucene.index.IndexWriter.updateDocument(IndexWriter.java:1586)
   [junit4]   1> 	at org.apache.lucene.index.TestIndexWriterExceptions$IndexerThread.run(TestIndexWriterExceptions.java:214)
   [junit4]   1> Caused by: java.lang.InternalError: 
   [junit4]   1> 	at com.intel.qat.jni.QatDecompressorJNI.decompressBytesDirect(Native Method)
   [junit4]   1> 	at com.intel.qat.jni.QatDecompressorJNI.decompress(QatDecompressorJNI.java:282)
   [junit4]   1> 	at org.apache.lucene.codecs.compressing.CompressionMode$QatDecompressor.decompress(CompressionMode.java:349)
   [junit4]   1> 	at org.apache.lucene.codecs.compressing.CompressingStoredFieldsReader$BlockState.doReset(CompressingStoredFieldsReader.java:483)
   [junit4]   1> 	at org.apache.lucene.codecs.compressing.CompressingStoredFieldsReader$BlockState.reset(CompressingStoredFieldsReader.java:389)
   [junit4]   1> 	at org.apache.lucene.codecs.compressing.CompressingStoredFieldsReader.document(CompressingStoredFieldsReader.java:568)
   [junit4]   1> 	at org.apache.lucene.codecs.compressing.CompressingStoredFieldsWriter.merge(CompressingStoredFieldsWriter.java:641)
   [junit4]   1> 	at org.apache.lucene.index.SegmentMerger.mergeFields(SegmentMerger.java:229)
   [junit4]   1> 	at org.apache.lucene.index.SegmentMerger.merge(SegmentMerger.java:106)
   [junit4]   1> 	at org.apache.lucene.index.IndexWriter.mergeMiddle(IndexWriter.java:4462)
   [junit4]   1> 	at org.apache.lucene.index.IndexWriter.merge(IndexWriter.java:4056)
   [junit4]   1> 	at org.apache.lucene.index.ConcurrentMergeScheduler.doMerge(ConcurrentMergeScheduler.java:625)
   [junit4]   1> 	at org.apache.lucene.index.ConcurrentMergeScheduler$MergeThread.run(ConcurrentMergeScheduler.java:662)
   [junit4]   1> Indexer 1: unexpected exception3
   [junit4]   1> org.apache.lucene.store.AlreadyClosedException: refusing to delete any files: this IndexWriter hit an unrecoverable exception
   [junit4]   1> 	at org.apache.lucene.index.IndexFileDeleter.ensureOpen(IndexFileDeleter.java:349)
   [junit4]   1> 	at org.apache.lucene.index.IndexFileDeleter.deleteFiles(IndexFileDeleter.java:669)
   [junit4]   1> 	at org.apache.lucene.index.IndexFileDeleter.decRef(IndexFileDeleter.java:589)
   [junit4]   1> 	at org.apache.lucene.index.IndexFileDeleter.checkpoint(IndexFileDeleter.java:531)
   [junit4]   1> 	at org.apache.lucene.index.IndexWriter.checkpoint(IndexWriter.java:2565)
   [junit4]   1> 	at org.apache.lucene.index.IndexWriter.publishFlushedSegment(IndexWriter.java:2643)
   [junit4]   1> 	at org.apache.lucene.index.IndexWriter.lambda$publishFlushedSegments$10(IndexWriter.java:5082)
   [junit4]   1> 	at org.apache.lucene.index.DocumentsWriterFlushQueue.innerPurge(DocumentsWriterFlushQueue.java:119)
   [junit4]   1> 	at org.apache.lucene.index.DocumentsWriterFlushQueue.tryPurge(DocumentsWriterFlushQueue.java:150)
   [junit4]   1> 	at org.apache.lucene.index.DocumentsWriter.purgeFlushTickets(DocumentsWriter.java:202)
   [junit4]   1> 	at org.apache.lucene.index.IndexWriter.publishFlushedSegments(IndexWriter.java:5062)
   [junit4]   1> 	at org.apache.lucene.index.IndexWriter$1.afterSegmentsFlushed(IndexWriter.java:369)
   [junit4]   1> 	at org.apache.lucene.index.DocumentsWriter.doFlush(DocumentsWriter.java:600)
   [junit4]   1> 	at org.apache.lucene.index.DocumentsWriter.postUpdate(DocumentsWriter.java:414)
   [junit4]   1> 	at org.apache.lucene.index.DocumentsWriter.updateDocument(DocumentsWriter.java:515)
   [junit4]   1> 	at org.apache.lucene.index.IndexWriter.updateDocument(IndexWriter.java:1594)
   [junit4]   1> 	at org.apache.lucene.index.IndexWriter.updateDocument(IndexWriter.java:1586)
   [junit4]   1> 	at org.apache.lucene.index.TestIndexWriterExceptions$IndexerThread.run(TestIndexWriterExceptions.java:214)
   [junit4]   1> Caused by: java.lang.InternalError: 
   [junit4]   1> 	at com.intel.qat.jni.QatDecompressorJNI.decompressBytesDirect(Native Method)
   [junit4]   1> 	at com.intel.qat.jni.QatDecompressorJNI.decompress(QatDecompressorJNI.java:282)
   [junit4]   1> 	at org.apache.lucene.codecs.compressing.CompressionMode$QatDecompressor.decompress(CompressionMode.java:349)
   [junit4]   1> 	at org.apache.lucene.codecs.compressing.CompressingStoredFieldsReader$BlockState.doReset(CompressingStoredFieldsReader.java:483)
   [junit4]   1> 	at org.apache.lucene.codecs.compressing.CompressingStoredFieldsReader$BlockState.reset(CompressingStoredFieldsReader.java:389)
   [junit4]   1> 	at org.apache.lucene.codecs.compressing.CompressingStoredFieldsReader.document(CompressingStoredFieldsReader.java:568)
   [junit4]   1> 	at org.apache.lucene.codecs.compressing.CompressingStoredFieldsWriter.merge(CompressingStoredFieldsWriter.java:641)
   [junit4]   1> 	at org.apache.lucene.index.SegmentMerger.mergeFields(SegmentMerger.java:229)
   [junit4]   1> 	at org.apache.lucene.index.SegmentMerger.merge(SegmentMerger.java:106)
   [junit4]   1> 	at org.apache.lucene.index.IndexWriter.mergeMiddle(IndexWriter.java:4462)
   [junit4]   1> 	at org.apache.lucene.index.IndexWriter.merge(IndexWriter.java:4056)
   [junit4]   1> 	at org.apache.lucene.index.ConcurrentMergeScheduler.doMerge(ConcurrentMergeScheduler.java:625)
   [junit4]   1> 	at org.apache.lucene.index.ConcurrentMergeScheduler$MergeThread.run(ConcurrentMergeScheduler.java:662)
   [junit4]   1> Indexer 0: unexpected exception3
   [junit4]   1> org.apache.lucene.store.AlreadyClosedException: this IndexWriter is closed
   [junit4]   1> 	at org.apache.lucene.index.IndexWriter.ensureOpen(IndexWriter.java:681)
   [junit4]   1> 	at org.apache.lucene.index.IndexWriter.ensureOpen(IndexWriter.java:695)
   [junit4]   1> 	at org.apache.lucene.index.IndexWriter.updateDocument(IndexWriter.java:1591)
   [junit4]   1> 	at org.apache.lucene.index.IndexWriter.updateDocument(IndexWriter.java:1586)
   [junit4]   1> 	at org.apache.lucene.index.TestIndexWriterExceptions$IndexerThread.run(TestIndexWriterExceptions.java:214)
   [junit4]   1> Caused by: java.lang.InternalError: 
   [junit4]   1> 	at com.intel.qat.jni.QatDecompressorJNI.decompressBytesDirect(Native Method)
   [junit4]   1> 	at com.intel.qat.jni.QatDecompressorJNI.decompress(QatDecompressorJNI.java:282)
   [junit4]   1> 	at org.apache.lucene.codecs.compressing.CompressionMode$QatDecompressor.decompress(CompressionMode.java:349)
   [junit4]   1> 	at org.apache.lucene.codecs.compressing.CompressingStoredFieldsReader$BlockState.doReset(CompressingStoredFieldsReader.java:483)
   [junit4]   1> 	at org.apache.lucene.codecs.compressing.CompressingStoredFieldsReader$BlockState.reset(CompressingStoredFieldsReader.java:389)
   [junit4]   1> 	at org.apache.lucene.codecs.compressing.CompressingStoredFieldsReader.document(CompressingStoredFieldsReader.java:568)
   [junit4]   1> 	at org.apache.lucene.codecs.compressing.CompressingStoredFieldsWriter.merge(CompressingStoredFieldsWriter.java:641)
   [junit4]   1> 	at org.apache.lucene.index.SegmentMerger.mergeFields(SegmentMerger.java:229)
   [junit4]   1> 	at org.apache.lucene.index.SegmentMerger.merge(SegmentMerger.java:106)
   [junit4]   1> 	at org.apache.lucene.index.IndexWriter.mergeMiddle(IndexWriter.java:4462)
   [junit4]   1> 	at org.apache.lucene.index.IndexWriter.merge(IndexWriter.java:4056)
   [junit4]   1> 	at org.apache.lucene.index.ConcurrentMergeScheduler.doMerge(ConcurrentMergeScheduler.java:625)
   [junit4]   1> 	at org.apache.lucene.index.ConcurrentMergeScheduler$MergeThread.run(ConcurrentMergeScheduler.java:662)
   [junit4]   2> NOTE: reproduce with: ant test  -Dtestcase=TestIndexWriterExceptions -Dtests.method=testRandomExceptionsThreads -Dtests.seed=EBC5DD8261295158 -Dtests.slow=true -Dtests.badapples=true -Dtests.locale=sr-CS -Dtests.timezone=America/Glace_Bay -Dtests.asserts=true -Dtests.file.encoding=UTF-8
   [junit4] FAILURE 0.38s J3 | TestIndexWriterExceptions.testRandomExceptionsThreads <<<
   [junit4]    > Throwable #1: java.lang.AssertionError: thread Indexer 0: hit unexpected failure
   [junit4]    > 	at __randomizedtesting.SeedInfo.seed([EBC5DD8261295158:542B979F6CC63159]:0)
   [junit4]    > 	at org.apache.lucene.index.TestIndexWriterExceptions.testRandomExceptionsThreads(TestIndexWriterExceptions.java:314)
   [junit4]    > 	at java.lang.Thread.run(Thread.java:745)
   [junit4]   1> CheckIndex failed
   [junit4]   1> 0.00% total deletions; 11 documents; 0 deleteions
   [junit4]   1> Segments file=segments_1 numSegments=1 version=8.2.0 id=c0djpcc9wjzp009ni2nrj6atz
   [junit4]   1>   1 of 1: name=_0 maxDoc=11
   [junit4]   1>     version=8.2.0
   [junit4]   1>     id=c0djpcc9wjzp009ni2nrj6aty
   [junit4]   1>     codec=Lucene80
   [junit4]   1>     compound=true
   [junit4]   1>     numFiles=3
   [junit4]   1>     size (MB)=0.002
   [junit4]   1>     diagnostics = {java.vendor=Oracle Corporation, os=Linux, java.version=1.8.0_112, java.vm.version=25.112-b15, lucene.version=8.2.0, os.arch=amd64, java.runtime.version=1.8.0_112-b15, source=flush, os.version=3.10.0-1062.4.1.el7.x86_64, timestamp=1577093568869}
   [junit4]   1>     no deletions
   [junit4]   1>     test: open reader.........OK [took 0.001 sec]
   [junit4]   1>     test: check integrity.....OK [took 0.000 sec]
   [junit4]   1>     test: check live docs.....OK [took 0.000 sec]
   [junit4]   1>     test: field infos.........OK [1 fields] [took 0.000 sec]
   [junit4]   1>     test: field norms.........OK [1 fields] [took 0.000 sec]
   [junit4]   1>     test: terms, freq, prox...OK [2 terms; 22 terms/docs pairs; 22 tokens] [took 0.000 sec]
   [junit4]   1>     test: stored fields.......ERROR []
   [junit4]   1> java.lang.InternalError: 
   [junit4]   1> 	at com.intel.qat.jni.QatDecompressorJNI.decompressBytesDirect(Native Method)
   [junit4]   1> 	at com.intel.qat.jni.QatDecompressorJNI.decompress(QatDecompressorJNI.java:282)
   [junit4]   1> 	at org.apache.lucene.codecs.compressing.CompressionMode$QatDecompressor.decompress(CompressionMode.java:349)
   [junit4]   1> 	at org.apache.lucene.codecs.compressing.CompressingStoredFieldsReader$BlockState.doReset(CompressingStoredFieldsReader.java:483)
   [junit4]   1> 	at org.apache.lucene.codecs.compressing.CompressingStoredFieldsReader$BlockState.reset(CompressingStoredFieldsReader.java:389)
   [junit4]   1> 	at org.apache.lucene.codecs.compressing.CompressingStoredFieldsReader.document(CompressingStoredFieldsReader.java:568)
   [junit4]   1> 	at org.apache.lucene.codecs.compressing.CompressingStoredFieldsReader.visitDocument(CompressingStoredFieldsReader.java:578)
   [junit4]   1> 	at org.apache.lucene.index.CheckIndex.testStoredFields(CheckIndex.java:2170)
   [junit4]   1> 	at org.apache.lucene.index.CheckIndex.checkIndex(CheckIndex.java:727)
   [junit4]   1> 	at org.apache.lucene.util.TestUtil.checkIndex(TestUtil.java:280)
   [junit4]   1> 	at org.apache.lucene.util.TestUtil.checkIndex(TestUtil.java:265)
   [junit4]   1> 	at org.apache.lucene.util.TestUtil.checkIndex(TestUtil.java:261)
   [junit4]   1> 	at org.apache.lucene.index.TestIndexWriterExceptions.testTermVectorExceptions(TestIndexWriterExceptions.java:1333)
   [junit4]   1> 	at sun.reflect.NativeMethodAccessorImpl.invoke0(Native Method)
   [junit4]   1> 	at sun.reflect.NativeMethodAccessorImpl.invoke(NativeMethodAccessorImpl.java:62)
   [junit4]   1> 	at sun.reflect.DelegatingMethodAccessorImpl.invoke(DelegatingMethodAccessorImpl.java:43)
   [junit4]   1> 	at java.lang.reflect.Method.invoke(Method.java:498)
   [junit4]   1> 	at com.carrotsearch.randomizedtesting.RandomizedRunner.invoke(RandomizedRunner.java:1750)
   [junit4]   1> 	at com.carrotsearch.randomizedtesting.RandomizedRunner$8.evaluate(RandomizedRunner.java:938)
   [junit4]   1> 	at com.carrotsearch.randomizedtesting.RandomizedRunner$9.evaluate(RandomizedRunner.java:974)
   [junit4]   1> 	at com.carrotsearch.randomizedtesting.RandomizedRunner$10.evaluate(RandomizedRunner.java:988)
   [junit4]   1> 	at org.apache.lucene.util.TestRuleSetupTeardownChained$1.evaluate(TestRuleSetupTeardownChained.java:49)
   [junit4]   1> 	at org.apache.lucene.util.AbstractBeforeAfterRule$1.evaluate(AbstractBeforeAfterRule.java:45)
   [junit4]   1> 	at org.apache.lucene.util.TestRuleThreadAndTestName$1.evaluate(TestRuleThreadAndTestName.java:48)
   [junit4]   1> 	at org.apache.lucene.util.TestRuleIgnoreAfterMaxFailures$1.evaluate(TestRuleIgnoreAfterMaxFailures.java:64)
   [junit4]   1> 	at org.apache.lucene.util.TestRuleMarkFailure$1.evaluate(TestRuleMarkFailure.java:47)
   [junit4]   1> 	at com.carrotsearch.randomizedtesting.rules.StatementAdapter.evaluate(StatementAdapter.java:36)
   [junit4]   1> 	at com.carrotsearch.randomizedtesting.ThreadLeakControl$StatementRunner.run(ThreadLeakControl.java:368)
   [junit4]   1> 	at com.carrotsearch.randomizedtesting.ThreadLeakControl.forkTimeoutingTask(ThreadLeakControl.java:817)
   [junit4]   1> 	at com.carrotsearch.randomizedtesting.ThreadLeakControl$3.evaluate(ThreadLeakControl.java:468)
   [junit4]   1> 	at com.carrotsearch.randomizedtesting.RandomizedRunner.runSingleTest(RandomizedRunner.java:947)
   [junit4]   1> 	at com.carrotsearch.randomizedtesting.RandomizedRunner$5.evaluate(RandomizedRunner.java:832)
   [junit4]   1> 	at com.carrotsearch.randomizedtesting.RandomizedRunner$6.evaluate(RandomizedRunner.java:883)
   [junit4]   1> 	at com.carrotsearch.randomizedtesting.RandomizedRunner$7.evaluate(RandomizedRunner.java:894)
   [junit4]   1> 	at org.apache.lucene.util.AbstractBeforeAfterRule$1.evaluate(AbstractBeforeAfterRule.java:45)
   [junit4]   1> 	at com.carrotsearch.randomizedtesting.rules.StatementAdapter.evaluate(StatementAdapter.java:36)
   [junit4]   1> 	at org.apache.lucene.util.TestRuleStoreClassName$1.evaluate(TestRuleStoreClassName.java:41)
   [junit4]   1> 	at com.carrotsearch.randomizedtesting.rules.NoShadowingOrOverridesOnMethodsRule$1.evaluate(NoShadowingOrOverridesOnMethodsRule.java:40)
   [junit4]   1> 	at com.carrotsearch.randomizedtesting.rules.NoShadowingOrOverridesOnMethodsRule$1.evaluate(NoShadowingOrOverridesOnMethodsRule.java:40)
   [junit4]   1> 	at com.carrotsearch.randomizedtesting.rules.StatementAdapter.evaluate(StatementAdapter.java:36)
   [junit4]   1> 	at com.carrotsearch.randomizedtesting.rules.StatementAdapter.evaluate(StatementAdapter.java:36)
   [junit4]   1> 	at com.carrotsearch.randomizedtesting.rules.StatementAdapter.evaluate(StatementAdapter.java:36)
   [junit4]   1> 	at org.apache.lucene.util.TestRuleAssertionsRequired$1.evaluate(TestRuleAssertionsRequired.java:53)
   [junit4]   1> 	at org.apache.lucene.util.TestRuleMarkFailure$1.evaluate(TestRuleMarkFailure.java:47)
   [junit4]   1> 	at org.apache.lucene.util.TestRuleIgnoreAfterMaxFailures$1.evaluate(TestRuleIgnoreAfterMaxFailures.java:64)
   [junit4]   1> 	at org.apache.lucene.util.TestRuleIgnoreTestSuites$1.evaluate(TestRuleIgnoreTestSuites.java:54)
   [junit4]   1> 	at com.carrotsearch.randomizedtesting.rules.StatementAdapter.evaluate(StatementAdapter.java:36)
   [junit4]   1> 	at com.carrotsearch.randomizedtesting.ThreadLeakControl$StatementRunner.run(ThreadLeakControl.java:368)
   [junit4]   1> 	at java.lang.Thread.run(Thread.java:745)
   [junit4]   1>     test: term vectors........OK [0 total term vector count; avg 0.0 term/freq vector fields per doc] [took 0.000 sec]
   [junit4]   1>     test: docvalues...........OK [0 docvalues fields; 0 BINARY; 0 NUMERIC; 0 SORTED; 0 SORTED_NUMERIC; 0 SORTED_SET] [took 0.000 sec]
   [junit4]   1>     test: points..............OK [0 fields, 0 points] [took 0.000 sec]
   [junit4]   1> FAILED
   [junit4]   1>     WARNING: exorciseIndex() would remove reference to this segment; full exception:
   [junit4]   1> java.lang.RuntimeException: Stored Field test failed
   [junit4]   1> 	at org.apache.lucene.index.CheckIndex.checkIndex(CheckIndex.java:752)
   [junit4]   1> 	at org.apache.lucene.util.TestUtil.checkIndex(TestUtil.java:280)
   [junit4]   1> 	at org.apache.lucene.util.TestUtil.checkIndex(TestUtil.java:265)
   [junit4]   1> 	at org.apache.lucene.util.TestUtil.checkIndex(TestUtil.java:261)
   [junit4]   1> 	at org.apache.lucene.index.TestIndexWriterExceptions.testTermVectorExceptions(TestIndexWriterExceptions.java:1333)
   [junit4]   1> 	at sun.reflect.NativeMethodAccessorImpl.invoke0(Native Method)
   [junit4]   1> 	at sun.reflect.NativeMethodAccessorImpl.invoke(NativeMethodAccessorImpl.java:62)
   [junit4]   1> 	at sun.reflect.DelegatingMethodAccessorImpl.invoke(DelegatingMethodAccessorImpl.java:43)
   [junit4]   1> 	at java.lang.reflect.Method.invoke(Method.java:498)
   [junit4]   1> 	at com.carrotsearch.randomizedtesting.RandomizedRunner.invoke(RandomizedRunner.java:1750)
   [junit4]   1> 	at com.carrotsearch.randomizedtesting.RandomizedRunner$8.evaluate(RandomizedRunner.java:938)
   [junit4]   1> 	at com.carrotsearch.randomizedtesting.RandomizedRunner$9.evaluate(RandomizedRunner.java:974)
   [junit4]   1> 	at com.carrotsearch.randomizedtesting.RandomizedRunner$10.evaluate(RandomizedRunner.java:988)
   [junit4]   1> 	at org.apache.lucene.util.TestRuleSetupTeardownChained$1.evaluate(TestRuleSetupTeardownChained.java:49)
   [junit4]   1> 	at org.apache.lucene.util.AbstractBeforeAfterRule$1.evaluate(AbstractBeforeAfterRule.java:45)
   [junit4]   1> 	at org.apache.lucene.util.TestRuleThreadAndTestName$1.evaluate(TestRuleThreadAndTestName.java:48)
   [junit4]   1> 	at org.apache.lucene.util.TestRuleIgnoreAfterMaxFailures$1.evaluate(TestRuleIgnoreAfterMaxFailures.java:64)
   [junit4]   1> 	at org.apache.lucene.util.TestRuleMarkFailure$1.evaluate(TestRuleMarkFailure.java:47)
   [junit4]   1> 	at com.carrotsearch.randomizedtesting.rules.StatementAdapter.evaluate(StatementAdapter.java:36)
   [junit4]   1> 	at com.carrotsearch.randomizedtesting.ThreadLeakControl$StatementRunner.run(ThreadLeakControl.java:368)
   [junit4]   1> 	at com.carrotsearch.randomizedtesting.ThreadLeakControl.forkTimeoutingTask(ThreadLeakControl.java:817)
   [junit4]   1> 	at com.carrotsearch.randomizedtesting.ThreadLeakControl$3.evaluate(ThreadLeakControl.java:468)
   [junit4]   1> 	at com.carrotsearch.randomizedtesting.RandomizedRunner.runSingleTest(RandomizedRunner.java:947)
   [junit4]   1> 	at com.carrotsearch.randomizedtesting.RandomizedRunner$5.evaluate(RandomizedRunner.java:832)
   [junit4]   1> 	at com.carrotsearch.randomizedtesting.RandomizedRunner$6.evaluate(RandomizedRunner.java:883)
   [junit4]   1> 	at com.carrotsearch.randomizedtesting.RandomizedRunner$7.evaluate(RandomizedRunner.java:894)
   [junit4]   1> 	at org.apache.lucene.util.AbstractBeforeAfterRule$1.evaluate(AbstractBeforeAfterRule.java:45)
   [junit4]   1> 	at com.carrotsearch.randomizedtesting.rules.StatementAdapter.evaluate(StatementAdapter.java:36)
   [junit4]   1> 	at org.apache.lucene.util.TestRuleStoreClassName$1.evaluate(TestRuleStoreClassName.java:41)
   [junit4]   1> 	at com.carrotsearch.randomizedtesting.rules.NoShadowingOrOverridesOnMethodsRule$1.evaluate(NoShadowingOrOverridesOnMethodsRule.java:40)
   [junit4]   1> 	at com.carrotsearch.randomizedtesting.rules.NoShadowingOrOverridesOnMethodsRule$1.evaluate(NoShadowingOrOverridesOnMethodsRule.java:40)
   [junit4]   1> 	at com.carrotsearch.randomizedtesting.rules.StatementAdapter.evaluate(StatementAdapter.java:36)
   [junit4]   1> 	at com.carrotsearch.randomizedtesting.rules.StatementAdapter.evaluate(StatementAdapter.java:36)
   [junit4]   1> 	at com.carrotsearch.randomizedtesting.rules.StatementAdapter.evaluate(StatementAdapter.java:36)
   [junit4]   1> 	at org.apache.lucene.util.TestRuleAssertionsRequired$1.evaluate(TestRuleAssertionsRequired.java:53)
   [junit4]   1> 	at org.apache.lucene.util.TestRuleMarkFailure$1.evaluate(TestRuleMarkFailure.java:47)
   [junit4]   1> 	at org.apache.lucene.util.TestRuleIgnoreAfterMaxFailures$1.evaluate(TestRuleIgnoreAfterMaxFailures.java:64)
   [junit4]   1> 	at org.apache.lucene.util.TestRuleIgnoreTestSuites$1.evaluate(TestRuleIgnoreTestSuites.java:54)
   [junit4]   1> 	at com.carrotsearch.randomizedtesting.rules.StatementAdapter.evaluate(StatementAdapter.java:36)
   [junit4]   1> 	at com.carrotsearch.randomizedtesting.ThreadLeakControl$StatementRunner.run(ThreadLeakControl.java:368)
   [junit4]   1> 	at java.lang.Thread.run(Thread.java:745)
   [junit4]   1> 
   [junit4]   1> WARNING: 1 broken segments (containing 11 documents) detected
   [junit4]   1> Took 0.003 sec total.
   [junit4]   1> 
   [junit4]   2> NOTE: reproduce with: ant test  -Dtestcase=TestIndexWriterExceptions -Dtests.method=testTermVectorExceptions -Dtests.seed=EBC5DD8261295158 -Dtests.slow=true -Dtests.badapples=true -Dtests.locale=sr-CS -Dtests.timezone=America/Glace_Bay -Dtests.asserts=true -Dtests.file.encoding=UTF-8
   [junit4] ERROR   0.07s J3 | TestIndexWriterExceptions.testTermVectorExceptions <<<
   [junit4]    > Throwable #1: java.lang.RuntimeException: CheckIndex failed
   [junit4]    > 	at __randomizedtesting.SeedInfo.seed([EBC5DD8261295158:169C708CFF3D16D5]:0)
   [junit4]    > 	at org.apache.lucene.util.TestUtil.checkIndex(TestUtil.java:285)
   [junit4]    > 	at org.apache.lucene.util.TestUtil.checkIndex(TestUtil.java:265)
   [junit4]    > 	at org.apache.lucene.util.TestUtil.checkIndex(TestUtil.java:261)
   [junit4]    > 	at org.apache.lucene.index.TestIndexWriterExceptions.testTermVectorExceptions(TestIndexWriterExceptions.java:1333)
   [junit4]    > 	at java.lang.Thread.run(Thread.java:745)
   [junit4]   1> TEST-TestIndexWriterExceptions.testRandomExceptions-seed#[EBC5DD8261295158]: unexpected exception3
   [junit4]   1> org.apache.lucene.store.AlreadyClosedException: this IndexWriter is closed
   [junit4]   1> 	at org.apache.lucene.index.IndexWriter.ensureOpen(IndexWriter.java:681)
   [junit4]   1> 	at org.apache.lucene.index.IndexWriter.ensureOpen(IndexWriter.java:695)
   [junit4]   1> 	at org.apache.lucene.index.IndexWriter.updateDocument(IndexWriter.java:1591)
   [junit4]   1> 	at org.apache.lucene.index.IndexWriter.updateDocument(IndexWriter.java:1586)
   [junit4]   1> 	at org.apache.lucene.index.TestIndexWriterExceptions$IndexerThread.run(TestIndexWriterExceptions.java:214)
   [junit4]   1> 	at org.apache.lucene.index.TestIndexWriterExceptions.testRandomExceptions(TestIndexWriterExceptions.java:261)
   [junit4]   1> 	at sun.reflect.NativeMethodAccessorImpl.invoke0(Native Method)
   [junit4]   1> 	at sun.reflect.NativeMethodAccessorImpl.invoke(NativeMethodAccessorImpl.java:62)
   [junit4]   1> 	at sun.reflect.DelegatingMethodAccessorImpl.invoke(DelegatingMethodAccessorImpl.java:43)
   [junit4]   1> 	at java.lang.reflect.Method.invoke(Method.java:498)
   [junit4]   1> 	at com.carrotsearch.randomizedtesting.RandomizedRunner.invoke(RandomizedRunner.java:1750)
   [junit4]   1> 	at com.carrotsearch.randomizedtesting.RandomizedRunner$8.evaluate(RandomizedRunner.java:938)
   [junit4]   1> 	at com.carrotsearch.randomizedtesting.RandomizedRunner$9.evaluate(RandomizedRunner.java:974)
   [junit4]   1> 	at com.carrotsearch.randomizedtesting.RandomizedRunner$10.evaluate(RandomizedRunner.java:988)
   [junit4]   1> 	at org.apache.lucene.util.TestRuleSetupTeardownChained$1.evaluate(TestRuleSetupTeardownChained.java:49)
   [junit4]   1> 	at org.apache.lucene.util.AbstractBeforeAfterRule$1.evaluate(AbstractBeforeAfterRule.java:45)
   [junit4]   1> 	at org.apache.lucene.util.TestRuleThreadAndTestName$1.evaluate(TestRuleThreadAndTestName.java:48)
   [junit4]   1> 	at org.apache.lucene.util.TestRuleIgnoreAfterMaxFailures$1.evaluate(TestRuleIgnoreAfterMaxFailures.java:64)
   [junit4]   1> 	at org.apache.lucene.util.TestRuleMarkFailure$1.evaluate(TestRuleMarkFailure.java:47)
   [junit4]   1> 	at com.carrotsearch.randomizedtesting.rules.StatementAdapter.evaluate(StatementAdapter.java:36)
   [junit4]   1> 	at com.carrotsearch.randomizedtesting.ThreadLeakControl$StatementRunner.run(ThreadLeakControl.java:368)
   [junit4]   1> 	at com.carrotsearch.randomizedtesting.ThreadLeakControl.forkTimeoutingTask(ThreadLeakControl.java:817)
   [junit4]   1> 	at com.carrotsearch.randomizedtesting.ThreadLeakControl$3.evaluate(ThreadLeakControl.java:468)
   [junit4]   1> 	at com.carrotsearch.randomizedtesting.RandomizedRunner.runSingleTest(RandomizedRunner.java:947)
   [junit4]   1> 	at com.carrotsearch.randomizedtesting.RandomizedRunner$5.evaluate(RandomizedRunner.java:832)
   [junit4]   1> 	at com.carrotsearch.randomizedtesting.RandomizedRunner$6.evaluate(RandomizedRunner.java:883)
   [junit4]   1> 	at com.carrotsearch.randomizedtesting.RandomizedRunner$7.evaluate(RandomizedRunner.java:894)
   [junit4]   1> 	at org.apache.lucene.util.AbstractBeforeAfterRule$1.evaluate(AbstractBeforeAfterRule.java:45)
   [junit4]   1> 	at com.carrotsearch.randomizedtesting.rules.StatementAdapter.evaluate(StatementAdapter.java:36)
   [junit4]   1> 	at org.apache.lucene.util.TestRuleStoreClassName$1.evaluate(TestRuleStoreClassName.java:41)
   [junit4]   1> 	at com.carrotsearch.randomizedtesting.rules.NoShadowingOrOverridesOnMethodsRule$1.evaluate(NoShadowingOrOverridesOnMethodsRule.java:40)
   [junit4]   1> 	at com.carrotsearch.randomizedtesting.rules.NoShadowingOrOverridesOnMethodsRule$1.evaluate(NoShadowingOrOverridesOnMethodsRule.java:40)
   [junit4]   1> 	at com.carrotsearch.randomizedtesting.rules.StatementAdapter.evaluate(StatementAdapter.java:36)
   [junit4]   1> 	at com.carrotsearch.randomizedtesting.rules.StatementAdapter.evaluate(StatementAdapter.java:36)
   [junit4]   1> 	at com.carrotsearch.randomizedtesting.rules.StatementAdapter.evaluate(StatementAdapter.java:36)
   [junit4]   1> 	at org.apache.lucene.util.TestRuleAssertionsRequired$1.evaluate(TestRuleAssertionsRequired.java:53)
   [junit4]   1> 	at org.apache.lucene.util.TestRuleMarkFailure$1.evaluate(TestRuleMarkFailure.java:47)
   [junit4]   1> 	at org.apache.lucene.util.TestRuleIgnoreAfterMaxFailures$1.evaluate(TestRuleIgnoreAfterMaxFailures.java:64)
   [junit4]   1> 	at org.apache.lucene.util.TestRuleIgnoreTestSuites$1.evaluate(TestRuleIgnoreTestSuites.java:54)
   [junit4]   1> 	at com.carrotsearch.randomizedtesting.rules.StatementAdapter.evaluate(StatementAdapter.java:36)
   [junit4]   1> 	at com.carrotsearch.randomizedtesting.ThreadLeakControl$StatementRunner.run(ThreadLeakControl.java:368)
   [junit4]   1> 	at java.lang.Thread.run(Thread.java:745)
   [junit4]   1> Caused by: java.lang.InternalError: 
   [junit4]   1> 	at com.intel.qat.jni.QatDecompressorJNI.decompressBytesDirect(Native Method)
   [junit4]   1> 	at com.intel.qat.jni.QatDecompressorJNI.decompress(QatDecompressorJNI.java:282)
   [junit4]   1> 	at org.apache.lucene.codecs.compressing.CompressionMode$QatDecompressor.decompress(CompressionMode.java:349)
   [junit4]   1> 	at org.apache.lucene.codecs.compressing.CompressingStoredFieldsReader$BlockState.doReset(CompressingStoredFieldsReader.java:483)
   [junit4]   1> 	at org.apache.lucene.codecs.compressing.CompressingStoredFieldsReader$BlockState.reset(CompressingStoredFieldsReader.java:389)
   [junit4]   1> 	at org.apache.lucene.codecs.compressing.CompressingStoredFieldsReader.document(CompressingStoredFieldsReader.java:568)
   [junit4]   1> 	at org.apache.lucene.codecs.compressing.CompressingStoredFieldsWriter.merge(CompressingStoredFieldsWriter.java:641)
   [junit4]   1> 	at org.apache.lucene.index.SegmentMerger.mergeFields(SegmentMerger.java:229)
   [junit4]   1> 	at org.apache.lucene.index.SegmentMerger.merge(SegmentMerger.java:106)
   [junit4]   1> 	at org.apache.lucene.index.IndexWriter.mergeMiddle(IndexWriter.java:4462)
   [junit4]   1> 	at org.apache.lucene.index.IndexWriter.merge(IndexWriter.java:4056)
   [junit4]   1> 	at org.apache.lucene.index.ConcurrentMergeScheduler.doMerge(ConcurrentMergeScheduler.java:625)
   [junit4]   1> 	at org.apache.lucene.index.ConcurrentMergeScheduler$MergeThread.run(ConcurrentMergeScheduler.java:662)
   [junit4]   1> org.apache.lucene.store.AlreadyClosedException: this IndexWriter is closed
   [junit4]   1> 	at org.apache.lucene.index.IndexWriter.ensureOpen(IndexWriter.java:681)
   [junit4]   1> 	at org.apache.lucene.index.IndexWriter.ensureOpen(IndexWriter.java:695)
   [junit4]   1> 	at org.apache.lucene.index.IndexWriter.updateDocument(IndexWriter.java:1591)
   [junit4]   1> 	at org.apache.lucene.index.IndexWriter.updateDocument(IndexWriter.java:1586)
   [junit4]   1> 	at org.apache.lucene.index.TestIndexWriterExceptions$IndexerThread.run(TestIndexWriterExceptions.java:214)
   [junit4]   1> 	at org.apache.lucene.index.TestIndexWriterExceptions.testRandomExceptions(TestIndexWriterExceptions.java:261)
   [junit4]   1> 	at sun.reflect.NativeMethodAccessorImpl.invoke0(Native Method)
   [junit4]   1> 	at sun.reflect.NativeMethodAccessorImpl.invoke(NativeMethodAccessorImpl.java:62)
   [junit4]   1> 	at sun.reflect.DelegatingMethodAccessorImpl.invoke(DelegatingMethodAccessorImpl.java:43)
   [junit4]   1> 	at java.lang.reflect.Method.invoke(Method.java:498)
   [junit4]   1> 	at com.carrotsearch.randomizedtesting.RandomizedRunner.invoke(RandomizedRunner.java:1750)
   [junit4]   1> 	at com.carrotsearch.randomizedtesting.RandomizedRunner$8.evaluate(RandomizedRunner.java:938)
   [junit4]   1> 	at com.carrotsearch.randomizedtesting.RandomizedRunner$9.evaluate(RandomizedRunner.java:974)
   [junit4]   1> 	at com.carrotsearch.randomizedtesting.RandomizedRunner$10.evaluate(RandomizedRunner.java:988)
   [junit4]   1> 	at org.apache.lucene.util.TestRuleSetupTeardownChained$1.evaluate(TestRuleSetupTeardownChained.java:49)
   [junit4]   1> 	at org.apache.lucene.util.AbstractBeforeAfterRule$1.evaluate(AbstractBeforeAfterRule.java:45)
   [junit4]   1> 	at org.apache.lucene.util.TestRuleThreadAndTestName$1.evaluate(TestRuleThreadAndTestName.java:48)
   [junit4]   1> 	at org.apache.lucene.util.TestRuleIgnoreAfterMaxFailures$1.evaluate(TestRuleIgnoreAfterMaxFailures.java:64)
   [junit4]   1> 	at org.apache.lucene.util.TestRuleMarkFailure$1.evaluate(TestRuleMarkFailure.java:47)
   [junit4]   1> 	at com.carrotsearch.randomizedtesting.rules.StatementAdapter.evaluate(StatementAdapter.java:36)
   [junit4]   1> 	at com.carrotsearch.randomizedtesting.ThreadLeakControl$StatementRunner.run(ThreadLeakControl.java:368)
   [junit4]   1> 	at com.carrotsearch.randomizedtesting.ThreadLeakControl.forkTimeoutingTask(ThreadLeakControl.java:817)
   [junit4]   1> 	at com.carrotsearch.randomizedtesting.ThreadLeakControl$3.evaluate(ThreadLeakControl.java:468)
   [junit4]   1> 	at com.carrotsearch.randomizedtesting.RandomizedRunner.runSingleTest(RandomizedRunner.java:947)
   [junit4]   1> 	at com.carrotsearch.randomizedtesting.RandomizedRunner$5.evaluate(RandomizedRunner.java:832)
   [junit4]   1> 	at com.carrotsearch.randomizedtesting.RandomizedRunner$6.evaluate(RandomizedRunner.java:883)
   [junit4]   1> 	at com.carrotsearch.randomizedtesting.RandomizedRunner$7.evaluate(RandomizedRunner.java:894)
   [junit4]   1> 	at org.apache.lucene.util.AbstractBeforeAfterRule$1.evaluate(AbstractBeforeAfterRule.java:45)
   [junit4]   1> 	at com.carrotsearch.randomizedtesting.rules.StatementAdapter.evaluate(StatementAdapter.java:36)
   [junit4]   1> 	at org.apache.lucene.util.TestRuleStoreClassName$1.evaluate(TestRuleStoreClassName.java:41)
   [junit4]   1> 	at com.carrotsearch.randomizedtesting.rules.NoShadowingOrOverridesOnMethodsRule$1.evaluate(NoShadowingOrOverridesOnMethodsRule.java:40)
   [junit4]   1> 	at com.carrotsearch.randomizedtesting.rules.NoShadowingOrOverridesOnMethodsRule$1.evaluate(NoShadowingOrOverridesOnMethodsRule.java:40)
   [junit4]   1> 	at com.carrotsearch.randomizedtesting.rules.StatementAdapter.evaluate(StatementAdapter.java:36)
   [junit4]   1> 	at com.carrotsearch.randomizedtesting.rules.StatementAdapter.evaluate(StatementAdapter.java:36)
   [junit4]   1> 	at com.carrotsearch.randomizedtesting.rules.StatementAdapter.evaluate(StatementAdapter.java:36)
   [junit4]   1> 	at org.apache.lucene.util.TestRuleAssertionsRequired$1.evaluate(TestRuleAssertionsRequired.java:53)
   [junit4]   1> 	at org.apache.lucene.util.TestRuleMarkFailure$1.evaluate(TestRuleMarkFailure.java:47)
   [junit4]   1> 	at org.apache.lucene.util.TestRuleIgnoreAfterMaxFailures$1.evaluate(TestRuleIgnoreAfterMaxFailures.java:64)
   [junit4]   1> 	at org.apache.lucene.util.TestRuleIgnoreTestSuites$1.evaluate(TestRuleIgnoreTestSuites.java:54)
   [junit4]   1> 	at com.carrotsearch.randomizedtesting.rules.StatementAdapter.evaluate(StatementAdapter.java:36)
   [junit4]   1> 	at com.carrotsearch.randomizedtesting.ThreadLeakControl$StatementRunner.run(ThreadLeakControl.java:368)
   [junit4]   1> 	at java.lang.Thread.run(Thread.java:745)
   [junit4]   1> Caused by: java.lang.InternalError: 
   [junit4]   1> 	at com.intel.qat.jni.QatDecompressorJNI.decompressBytesDirect(Native Method)
   [junit4]   1> 	at com.intel.qat.jni.QatDecompressorJNI.decompress(QatDecompressorJNI.java:282)
   [junit4]   1> 	at org.apache.lucene.codecs.compressing.CompressionMode$QatDecompressor.decompress(CompressionMode.java:349)
   [junit4]   1> 	at org.apache.lucene.codecs.compressing.CompressingStoredFieldsReader$BlockState.doReset(CompressingStoredFieldsReader.java:483)
   [junit4]   1> 	at org.apache.lucene.codecs.compressing.CompressingStoredFieldsReader$BlockState.reset(CompressingStoredFieldsReader.java:389)
   [junit4]   1> 	at org.apache.lucene.codecs.compressing.CompressingStoredFieldsReader.document(CompressingStoredFieldsReader.java:568)
   [junit4]   1> 	at org.apache.lucene.codecs.compressing.CompressingStoredFieldsWriter.merge(CompressingStoredFieldsWriter.java:641)
   [junit4]   1> 	at org.apache.lucene.index.SegmentMerger.mergeFields(SegmentMerger.java:229)
   [junit4]   1> 	at org.apache.lucene.index.SegmentMerger.merge(SegmentMerger.java:106)
   [junit4]   1> 	at org.apache.lucene.index.IndexWriter.mergeMiddle(IndexWriter.java:4462)
   [junit4]   1> 	at org.apache.lucene.index.IndexWriter.merge(IndexWriter.java:4056)
   [junit4]   1> 	at org.apache.lucene.index.ConcurrentMergeScheduler.doMerge(ConcurrentMergeScheduler.java:625)
   [junit4]   1> 	at org.apache.lucene.index.ConcurrentMergeScheduler$MergeThread.run(ConcurrentMergeScheduler.java:662)
   [junit4]   2> NOTE: reproduce with: ant test  -Dtestcase=TestIndexWriterExceptions -Dtests.method=testRandomExceptions -Dtests.seed=EBC5DD8261295158 -Dtests.slow=true -Dtests.badapples=true -Dtests.locale=sr-CS -Dtests.timezone=America/Glace_Bay -Dtests.asserts=true -Dtests.file.encoding=UTF-8
   [junit4] FAILURE 0.24s J3 | TestIndexWriterExceptions.testRandomExceptions <<<
   [junit4]    > Throwable #1: java.lang.AssertionError: thread Indexer 0: hit unexpected failure
   [junit4]    > 	at __randomizedtesting.SeedInfo.seed([EBC5DD8261295158:83EAB346FF2708F8]:0)
   [junit4]    > 	at org.apache.lucene.index.TestIndexWriterExceptions.testRandomExceptions(TestIndexWriterExceptions.java:264)
   [junit4]    > 	at java.lang.Thread.run(Thread.java:745)
   [junit4]   2> NOTE: reproduce with: ant test  -Dtestcase=TestIndexWriterExceptions -Dtests.method=testDocumentsWriterExceptionThreads -Dtests.seed=EBC5DD8261295158 -Dtests.slow=true -Dtests.badapples=true -Dtests.locale=sr-CS -Dtests.timezone=America/Glace_Bay -Dtests.asserts=true -Dtests.file.encoding=UTF-8
   [junit4] ERROR   0.04s J3 | TestIndexWriterExceptions.testDocumentsWriterExceptionThreads <<<
   [junit4]    > Throwable #1: java.lang.InternalError: 
   [junit4]    > 	at __randomizedtesting.SeedInfo.seed([EBC5DD8261295158:D3C632948BFA682A]:0)
   [junit4]    > 	at com.intel.qat.jni.QatDecompressorJNI.decompressBytesDirect(Native Method)
   [junit4]    > 	at com.intel.qat.jni.QatDecompressorJNI.decompress(QatDecompressorJNI.java:282)
   [junit4]    > 	at org.apache.lucene.codecs.compressing.CompressionMode$QatDecompressor.decompress(CompressionMode.java:349)
   [junit4]    > 	at org.apache.lucene.codecs.compressing.CompressingStoredFieldsReader$BlockState.document(CompressingStoredFieldsReader.java:555)
   [junit4]    > 	at org.apache.lucene.codecs.compressing.CompressingStoredFieldsReader.document(CompressingStoredFieldsReader.java:571)
   [junit4]    > 	at org.apache.lucene.codecs.compressing.CompressingStoredFieldsReader.visitDocument(CompressingStoredFieldsReader.java:578)
   [junit4]    > 	at org.apache.lucene.index.CodecReader.document(CodecReader.java:84)
   [junit4]    > 	at org.apache.lucene.index.BaseCompositeReader.document(BaseCompositeReader.java:118)
   [junit4]    > 	at org.apache.lucene.index.IndexReader.document(IndexReader.java:349)
   [junit4]    > 	at org.apache.lucene.index.TestIndexWriterExceptions.testDocumentsWriterExceptionThreads(TestIndexWriterExceptions.java:836)
   [junit4]    > 	at java.lang.Thread.run(Thread.java:745)
   [junit4]   2> NOTE: reproduce with: ant test  -Dtestcase=TestIndexWriterExceptions -Dtests.method=testExceptionDocumentsWriterInit -Dtests.seed=EBC5DD8261295158 -Dtests.slow=true -Dtests.badapples=true -Dtests.locale=sr-CS -Dtests.timezone=America/Glace_Bay -Dtests.asserts=true -Dtests.file.encoding=UTF-8
   [junit4] ERROR   0.01s J3 | TestIndexWriterExceptions.testExceptionDocumentsWriterInit <<<
   [junit4]    > Throwable #1: java.lang.InternalError: 
   [junit4]    > 	at __randomizedtesting.SeedInfo.seed([EBC5DD8261295158:67751D31BDB73BCB]:0)
   [junit4]    > 	at com.intel.qat.jni.QatDecompressorJNI.decompressBytesDirect(Native Method)
   [junit4]    > 	at com.intel.qat.jni.QatDecompressorJNI.decompress(QatDecompressorJNI.java:282)
   [junit4]    > 	at org.apache.lucene.codecs.compressing.CompressionMode$QatDecompressor.decompress(CompressionMode.java:349)
   [junit4]    > 	at org.apache.lucene.codecs.compressing.CompressingStoredFieldsReader$BlockState.doReset(CompressingStoredFieldsReader.java:483)
   [junit4]    > 	at org.apache.lucene.codecs.compressing.CompressingStoredFieldsReader$BlockState.reset(CompressingStoredFieldsReader.java:389)
   [junit4]    > 	at org.apache.lucene.codecs.compressing.CompressingStoredFieldsReader.document(CompressingStoredFieldsReader.java:568)
   [junit4]    > 	at org.apache.lucene.codecs.compressing.CompressingStoredFieldsReader.visitDocument(CompressingStoredFieldsReader.java:578)
   [junit4]    > 	at org.apache.lucene.index.CheckIndex.testStoredFields(CheckIndex.java:2170)
   [junit4]    > 	at org.apache.lucene.index.CheckIndex.checkIndex(CheckIndex.java:727)
   [junit4]    > 	at org.apache.lucene.util.TestUtil.checkIndex(TestUtil.java:280)
   [junit4]    > 	at org.apache.lucene.store.MockDirectoryWrapper.close(MockDirectoryWrapper.java:862)
   [junit4]    > 	at org.apache.lucene.index.TestIndexWriterExceptions.testExceptionDocumentsWriterInit(TestIndexWriterExceptions.java:387)
   [junit4]    > 	at java.lang.Thread.run(Thread.java:745)
   [junit4] IGNOR/A 0.00s J3 | TestIndexWriterExceptions.testTooManyTokens
   [junit4]    > Assumption #1: 'nightly' test group is disabled (@Nightly())
   [junit4]   2> NOTE: reproduce with: ant test  -Dtestcase=TestIndexWriterExceptions -Dtests.method=testNullStoredBytesFieldReuse -Dtests.seed=EBC5DD8261295158 -Dtests.slow=true -Dtests.badapples=true -Dtests.locale=sr-CS -Dtests.timezone=America/Glace_Bay -Dtests.asserts=true -Dtests.file.encoding=UTF-8
   [junit4] ERROR   0.00s J3 | TestIndexWriterExceptions.testNullStoredBytesFieldReuse <<<
   [junit4]    > Throwable #1: java.lang.InternalError: 
   [junit4]    > 	at __randomizedtesting.SeedInfo.seed([EBC5DD8261295158:8491F4143C4E7550]:0)
   [junit4]    > 	at com.intel.qat.jni.QatDecompressorJNI.decompressBytesDirect(Native Method)
   [junit4]    > 	at com.intel.qat.jni.QatDecompressorJNI.decompress(QatDecompressorJNI.java:282)
   [junit4]    > 	at org.apache.lucene.codecs.compressing.CompressionMode$QatDecompressor.decompress(CompressionMode.java:349)
   [junit4]    > 	at org.apache.lucene.codecs.compressing.CompressingStoredFieldsReader$BlockState.doReset(CompressingStoredFieldsReader.java:483)
   [junit4]    > 	at org.apache.lucene.codecs.compressing.CompressingStoredFieldsReader$BlockState.reset(CompressingStoredFieldsReader.java:389)
   [junit4]    > 	at org.apache.lucene.codecs.compressing.CompressingStoredFieldsReader.document(CompressingStoredFieldsReader.java:568)
   [junit4]    > 	at org.apache.lucene.codecs.compressing.CompressingStoredFieldsReader.visitDocument(CompressingStoredFieldsReader.java:578)
   [junit4]    > 	at org.apache.lucene.index.CheckIndex.testStoredFields(CheckIndex.java:2170)
   [junit4]    > 	at org.apache.lucene.index.CheckIndex.checkIndex(CheckIndex.java:727)
   [junit4]    > 	at org.apache.lucene.util.TestUtil.checkIndex(TestUtil.java:280)
   [junit4]    > 	at org.apache.lucene.store.MockDirectoryWrapper.close(MockDirectoryWrapper.java:862)
   [junit4]    > 	at org.apache.lucene.index.TestIndexWriterExceptions.testNullStoredBytesFieldReuse(TestIndexWriterExceptions.java:1624)
   [junit4]    > 	at java.lang.Thread.run(Thread.java:745)
   [junit4]   2> NOTE: reproduce with: ant test  -Dtestcase=TestIndexWriterExceptions -Dtests.method=testDocumentsWriterExceptions -Dtests.seed=EBC5DD8261295158 -Dtests.slow=true -Dtests.badapples=true -Dtests.locale=sr-CS -Dtests.timezone=America/Glace_Bay -Dtests.asserts=true -Dtests.file.encoding=UTF-8
   [junit4] ERROR   0.00s J3 | TestIndexWriterExceptions.testDocumentsWriterExceptions <<<
   [junit4]    > Throwable #1: java.lang.InternalError: 
   [junit4]    > 	at __randomizedtesting.SeedInfo.seed([EBC5DD8261295158:ABEB89FF2471B357]:0)
   [junit4]    > 	at com.intel.qat.jni.QatDecompressorJNI.decompressBytesDirect(Native Method)
   [junit4]    > 	at com.intel.qat.jni.QatDecompressorJNI.decompress(QatDecompressorJNI.java:282)
   [junit4]    > 	at org.apache.lucene.codecs.compressing.CompressionMode$QatDecompressor.decompress(CompressionMode.java:349)
   [junit4]    > 	at org.apache.lucene.codecs.compressing.CompressingStoredFieldsReader$BlockState.document(CompressingStoredFieldsReader.java:555)
   [junit4]    > 	at org.apache.lucene.codecs.compressing.CompressingStoredFieldsReader.document(CompressingStoredFieldsReader.java:571)
   [junit4]    > 	at org.apache.lucene.codecs.compressing.CompressingStoredFieldsReader.visitDocument(CompressingStoredFieldsReader.java:578)
   [junit4]    > 	at org.apache.lucene.index.CodecReader.document(CodecReader.java:84)
   [junit4]    > 	at org.apache.lucene.index.BaseCompositeReader.document(BaseCompositeReader.java:118)
   [junit4]    > 	at org.apache.lucene.index.IndexReader.document(IndexReader.java:349)
   [junit4]    > 	at org.apache.lucene.index.TestIndexWriterExceptions.testDocumentsWriterExceptions(TestIndexWriterExceptions.java:680)
   [junit4]    > 	at java.lang.Thread.run(Thread.java:745)
   [junit4]   2> NOTE: reproduce with: ant test  -Dtestcase=TestIndexWriterExceptions -Dtests.method=testExceptionJustBeforeFlush -Dtests.seed=EBC5DD8261295158 -Dtests.slow=true -Dtests.badapples=true -Dtests.locale=sr-CS -Dtests.timezone=America/Glace_Bay -Dtests.asserts=true -Dtests.file.encoding=UTF-8
   [junit4] ERROR   0.00s J3 | TestIndexWriterExceptions.testExceptionJustBeforeFlush <<<
   [junit4]    > Throwable #1: java.lang.InternalError: 
   [junit4]    > 	at __randomizedtesting.SeedInfo.seed([EBC5DD8261295158:20713E1FE35E1D1E]:0)
   [junit4]    > 	at com.intel.qat.jni.QatDecompressorJNI.decompressBytesDirect(Native Method)
   [junit4]    > 	at com.intel.qat.jni.QatDecompressorJNI.decompress(QatDecompressorJNI.java:282)
   [junit4]    > 	at org.apache.lucene.codecs.compressing.CompressionMode$QatDecompressor.decompress(CompressionMode.java:349)
   [junit4]    > 	at org.apache.lucene.codecs.compressing.CompressingStoredFieldsReader$BlockState.doReset(CompressingStoredFieldsReader.java:483)
   [junit4]    > 	at org.apache.lucene.codecs.compressing.CompressingStoredFieldsReader$BlockState.reset(CompressingStoredFieldsReader.java:389)
   [junit4]    > 	at org.apache.lucene.codecs.compressing.CompressingStoredFieldsReader.document(CompressingStoredFieldsReader.java:568)
   [junit4]    > 	at org.apache.lucene.codecs.compressing.CompressingStoredFieldsWriter.merge(CompressingStoredFieldsWriter.java:641)
   [junit4]    > 	at org.apache.lucene.index.SegmentMerger.mergeFields(SegmentMerger.java:229)
   [junit4]    > 	at org.apache.lucene.index.SegmentMerger.merge(SegmentMerger.java:106)
   [junit4]    > 	at org.apache.lucene.index.IndexWriter.mergeMiddle(IndexWriter.java:4462)
   [junit4]    > 	at org.apache.lucene.index.IndexWriter.merge(IndexWriter.java:4056)
   [junit4]    > 	at org.apache.lucene.index.SerialMergeScheduler.merge(SerialMergeScheduler.java:40)
   [junit4]    > 	at org.apache.lucene.index.IndexWriter.maybeMerge(IndexWriter.java:2157)
   [junit4]    > 	at org.apache.lucene.index.IndexWriter.processEvents(IndexWriter.java:5119)
   [junit4]    > 	at org.apache.lucene.index.IndexWriter.updateDocument(IndexWriter.java:1597)
   [junit4]    > 	at org.apache.lucene.index.IndexWriter.addDocument(IndexWriter.java:1213)
   [junit4]    > 	at org.apache.lucene.index.TestIndexWriterExceptions.testExceptionJustBeforeFlush(TestIndexWriterExceptions.java:424)
   [junit4]    > 	at java.lang.Thread.run(Thread.java:745)
   [junit4]   2> NOTE: reproduce with: ant test  -Dtestcase=TestIndexWriterExceptions -Dtests.method=testNullStoredFieldReuse -Dtests.seed=EBC5DD8261295158 -Dtests.slow=true -Dtests.badapples=true -Dtests.locale=sr-CS -Dtests.timezone=America/Glace_Bay -Dtests.asserts=true -Dtests.file.encoding=UTF-8
   [junit4] ERROR   0.00s J3 | TestIndexWriterExceptions.testNullStoredFieldReuse <<<
   [junit4]    > Throwable #1: java.lang.InternalError: 
   [junit4]    > 	at __randomizedtesting.SeedInfo.seed([EBC5DD8261295158:26925459D7D67AF4]:0)
   [junit4]    > 	at com.intel.qat.jni.QatDecompressorJNI.decompressBytesDirect(Native Method)
   [junit4]    > 	at com.intel.qat.jni.QatDecompressorJNI.decompress(QatDecompressorJNI.java:282)
   [junit4]    > 	at org.apache.lucene.codecs.compressing.CompressionMode$QatDecompressor.decompress(CompressionMode.java:349)
   [junit4]    > 	at org.apache.lucene.codecs.compressing.CompressingStoredFieldsReader$BlockState.doReset(CompressingStoredFieldsReader.java:483)
   [junit4]    > 	at org.apache.lucene.codecs.compressing.CompressingStoredFieldsReader$BlockState.reset(CompressingStoredFieldsReader.java:389)
   [junit4]    > 	at org.apache.lucene.codecs.compressing.CompressingStoredFieldsReader.document(CompressingStoredFieldsReader.java:568)
   [junit4]    > 	at org.apache.lucene.codecs.compressing.CompressingStoredFieldsReader.visitDocument(CompressingStoredFieldsReader.java:578)
   [junit4]    > 	at org.apache.lucene.index.CheckIndex.testStoredFields(CheckIndex.java:2170)
   [junit4]    > 	at org.apache.lucene.index.CheckIndex.checkIndex(CheckIndex.java:727)
   [junit4]    > 	at org.apache.lucene.util.TestUtil.checkIndex(TestUtil.java:280)
   [junit4]    > 	at org.apache.lucene.store.MockDirectoryWrapper.close(MockDirectoryWrapper.java:862)
   [junit4]    > 	at org.apache.lucene.index.TestIndexWriterExceptions.testNullStoredFieldReuse(TestIndexWriterExceptions.java:1572)
   [junit4]    > 	at java.lang.Thread.run(Thread.java:745)
   [junit4]   2> NOTE: reproduce with: ant test  -Dtestcase=TestIndexWriterExceptions -Dtests.method=testDocumentsWriterExceptionFailOneDoc -Dtests.seed=EBC5DD8261295158 -Dtests.slow=true -Dtests.badapples=true -Dtests.locale=sr-CS -Dtests.timezone=America/Glace_Bay -Dtests.asserts=true -Dtests.file.encoding=UTF-8
   [junit4] ERROR   0.00s J3 | TestIndexWriterExceptions.testDocumentsWriterExceptionFailOneDoc <<<
   [junit4]    > Throwable #1: java.lang.InternalError: 
   [junit4]    > 	at __randomizedtesting.SeedInfo.seed([EBC5DD8261295158:A860430FF5E1971]:0)
   [junit4]    > 	at com.intel.qat.jni.QatDecompressorJNI.decompressBytesDirect(Native Method)
   [junit4]    > 	at com.intel.qat.jni.QatDecompressorJNI.decompress(QatDecompressorJNI.java:282)
   [junit4]    > 	at org.apache.lucene.codecs.compressing.CompressionMode$QatDecompressor.decompress(CompressionMode.java:349)
   [junit4]    > 	at org.apache.lucene.codecs.compressing.CompressingStoredFieldsReader$BlockState.doReset(CompressingStoredFieldsReader.java:483)
   [junit4]    > 	at org.apache.lucene.codecs.compressing.CompressingStoredFieldsReader$BlockState.reset(CompressingStoredFieldsReader.java:389)
   [junit4]    > 	at org.apache.lucene.codecs.compressing.CompressingStoredFieldsReader.document(CompressingStoredFieldsReader.java:568)
   [junit4]    > 	at org.apache.lucene.codecs.compressing.CompressingStoredFieldsReader.visitDocument(CompressingStoredFieldsReader.java:578)
   [junit4]    > 	at org.apache.lucene.index.CheckIndex.testStoredFields(CheckIndex.java:2170)
   [junit4]    > 	at org.apache.lucene.index.CheckIndex.checkIndex(CheckIndex.java:727)
   [junit4]    > 	at org.apache.lucene.util.TestUtil.checkIndex(TestUtil.java:280)
   [junit4]    > 	at org.apache.lucene.store.MockDirectoryWrapper.close(MockDirectoryWrapper.java:862)
   [junit4]    > 	at org.apache.lucene.index.TestIndexWriterExceptions.testDocumentsWriterExceptionFailOneDoc(TestIndexWriterExceptions.java:748)
   [junit4]    > 	at java.lang.Thread.run(Thread.java:745)
   [junit4]   2> NOTE: leaving temporary files on disk at: /mnt/DP_disk2/GIT/lucene-solr_idea/lucene/build/core/test/J3/temp/lucene.index.TestIndexWriterExceptions_EBC5DD8261295158-001
   [junit4]   2> NOTE: test params are: codec=Lucene80, sim=Asserting(org.apache.lucene.search.similarities.AssertingSimilarity@6a493cb8), locale=sr-CS, timezone=America/Glace_Bay
   [junit4]   2> NOTE: Linux 3.10.0-1062.4.1.el7.x86_64 amd64/Oracle Corporation 1.8.0_112 (64-bit)/cpus=96,threads=1,free=190448328,total=331350016
   [junit4]   2> NOTE: All tests run in this JVM: [TestBooleanQueryVisitSubscorers, TestSparseFixedBitSet, TestOmitPositions, TermInSetQueryTest, TestUpgradeIndexMergePolicy, TestRollback, TestSpanExplanationsOfNonMatches, TestMatchNoDocsQuery, TestExternalCodecs, TestTermVectorsWriter, TestSortedSetSortField, TestIndexWriterDelete, TestIntRange, TestForUtil, TestFilterCodecReader, TestMmapDirectory, TestLMJelinekMercerSimilarity, TestDeterminizeLexicon, TestDeterminism, TestTimeLimitingCollector, TestFstDirect, TestAxiomaticF1EXP, TestByteArrayDataInput, TestConsistentFieldNumbers, TestIndexWriterExceptions]
   [junit4] Completed [104/525 (1!)] on J3 in 2.76s, 35 tests, 2 failures, 8 errors, 1 skipped <<< FAILURES!
   [junit4] 
   [junit4] Suite: org.apache.lucene.index.TestNRTReaderWithThreads
   [junit4] Completed [105/525 (1!)] on J3 in 1.25s, 1 test
   [junit4] 
   [junit4] Suite: org.apache.lucene.search.TestNormsFieldExistsQuery
   [junit4] Completed [106/525 (1!)] on J3 in 0.50s, 6 tests
   [junit4] 
   [junit4] Suite: org.apache.lucene.index.TestIndexCommit
   [junit4] Completed [107/525 (1!)] on J3 in 0.25s, 1 test
   [junit4] 
   [junit4] Suite: org.apache.lucene.search.TestMultiTermQueryRewrites
   [junit4] Completed [108/525 (1!)] on J3 in 0.25s, 3 tests
   [junit4] 
   [junit4] Suite: org.apache.lucene.search.similarities.TestIndependenceChiSquared
   [junit4] Completed [109/525 (1!)] on J2 in 4.51s, 1 test
   [junit4] 
   [junit4] Suite: org.apache.lucene.util.automaton.TestLevenshteinAutomata
   [junit4] Completed [110/525 (1!)] on J3 in 1.00s, 4 tests
   [junit4] 
   [junit4] Suite: org.apache.lucene.search.TestUsageTrackingFilterCachingPolicy
   [junit4] Completed [111/525 (1!)] on J3 in 0.25s, 4 tests
   [junit4] 
   [junit4] Suite: org.apache.lucene.index.TestSizeBoundedForceMerge
   [junit4] Completed [112/525 (1!)] on J3 in 0.25s, 11 tests
   [junit4] 
   [junit4] Suite: org.apache.lucene.store.TestFileSwitchDirectory
   [junit4] IGNOR/A 0.00s J3 | TestFileSwitchDirectory.testPendingDeletions
   [junit4]    > Assumption #1: we can only install VirusCheckingFS on an FSDirectory
   [junit4] IGNOR/A 0.00s J3 | TestFileSwitchDirectory.testFsyncDoesntCreateNewFiles
   [junit4]    > Assumption #1: test only works for FSDirectory subclasses
   [junit4] Completed [113/525 (1!)] on J3 in 0.76s, 44 tests, 2 skipped
   [junit4] 
   [junit4] Suite: org.apache.lucene.util.TestFutureObjects
   [junit4] Completed [114/525 (1!)] on J3 in 0.25s, 3 tests
   [junit4] 
   [junit4] Suite: org.apache.lucene.codecs.TestCodecLoadingDeadlock
   [junit4] Completed [115/525 (1!)] on J3 in 0.25s, 1 test
   [junit4] 
   [junit4] Suite: org.apache.lucene.geo.TestPolygon
   [junit4] Completed [116/525 (1!)] on J3 in 0.25s, 15 tests
   [junit4] 
   [junit4] Suite: org.apache.lucene.index.TestInfoStream
   [junit4] Completed [117/525 (1!)] on J3 in 0.25s, 2 tests
   [junit4] 
   [junit4] Suite: org.apache.lucene.util.TestSetOnce
   [junit4] Completed [118/525 (1!)] on J3 in 0.25s, 4 tests
   [junit4] 
   [junit4] Suite: org.apache.lucene.index.TestIndexWriterOutOfFileDescriptors
   [junit4] Completed [119/525 (1!)] on J3 in 0.76s, 1 test
   [junit4] 
   [junit4] Suite: org.apache.lucene.index.TestDocumentWriter
   [junit4] Completed [120/525 (1!)] on J3 in 0.25s, 6 tests
   [junit4] 
   [junit4] Suite: org.apache.lucene.index.TestPointValues
   [junit4] Completed [121/525 (1!)] on J1 in 7.76s, 32 tests
   [junit4] 
   [junit4] Suite: org.apache.lucene.codecs.lucene50.TestLucene50StoredFieldsFormatHighCompression
   [junit4] IGNOR/A 0.00s J3 | TestLucene50StoredFieldsFormatHighCompression.testBigDocuments
   [junit4]    > Assumption #1: 'nightly' test group is disabled (@Nightly())
   [junit4] Completed [122/525 (1!)] on J3 in 2.01s, 19 tests, 1 skipped
   [junit4] 
   [junit4] Suite: org.apache.lucene.search.TestEarlyTermination
   [junit4] Completed [123/525 (1!)] on J3 in 0.25s, 1 test
   [junit4] 
   [junit4] Suite: org.apache.lucene.store.TestByteBuffersDataOutput
   [junit4] Completed [124/525 (1!)] on J3 in 0.29s, 8 tests
   [junit4] 
   [junit4] Suite: org.apache.lucene.index.TestMultiTermsEnum
   [junit4] Completed [125/525 (1!)] on J3 in 0.26s, 1 test
   [junit4] 
   [junit4] Suite: org.apache.lucene.index.TestPrefixCodedTerms
   [junit4] Completed [126/525 (1!)] on J3 in 0.25s, 3 tests
   [junit4] 
   [junit4] Suite: org.apache.lucene.index.TestTermsEnum
   [junit4] Completed [127/525 (1!)] on J2 in 7.02s, 13 tests
   [junit4] 
   [junit4] Suite: org.apache.lucene.util.TestByteBlockPool
   [junit4] Completed [128/525 (1!)] on J2 in 0.25s, 2 tests
   [junit4] 
   [junit4] Suite: org.apache.lucene.util.TestLongBitSet
   [junit4] IGNOR/A 0.00s J2 | TestLongBitSet.testHugeCapacity
   [junit4]    > Assumption #1: 'nightly' test group is disabled (@Nightly())
   [junit4] Completed [129/525 (1!)] on J2 in 0.25s, 11 tests, 1 skipped
   [junit4] 
   [junit4] Suite: org.apache.lucene.index.TestBinaryDocValuesUpdates
   [junit4] IGNOR/A 0.00s J3 | TestBinaryDocValuesUpdates.testTonsOfUpdates
   [junit4]    > Assumption #1: 'nightly' test group is disabled (@Nightly())
   [junit4] Completed [130/525 (1!)] on J3 in 1.76s, 29 tests, 1 skipped
   [junit4] 
   [junit4] Suite: org.apache.lucene.util.TestDocIdSetBuilder
   [junit4] Completed [131/525 (1!)] on J3 in 0.50s, 7 tests
   [junit4] 
   [junit4] Suite: org.apache.lucene.document.TestFeatureField
   [junit4] Completed [132/525 (1!)] on J3 in 0.25s, 8 tests
   [junit4] 
   [junit4] Suite: org.apache.lucene.codecs.lucene50.TestLucene50CompoundFormat
   [junit4] Completed [133/525 (1!)] on J2 in 2.01s, 26 tests
   [junit4] 
   [junit4] Suite: org.apache.lucene.index.TestCodecs
   [junit4] Completed [134/525 (1!)] on J2 in 0.25s, 3 tests
   [junit4] 
   [junit4] Suite: org.apache.lucene.util.bkd.TestBKDRadixSelector
   [junit4] IGNOR/A 0.00s J3 | TestBKDRadixSelector.testRandomBinaryBig
   [junit4]    > Assumption #1: 'nightly' test group is disabled (@Nightly())
   [junit4] Completed [135/525 (1!)] on J3 in 0.76s, 9 tests, 1 skipped
   [junit4] 
   [junit4] Suite: org.apache.lucene.codecs.lucene80.TestLucene80DocValuesFormat
   [junit4] IGNOR/A 0.01s J0 | TestLucene80DocValuesFormat.testSortedVariableLengthManyVsStoredFields
   [junit4]    > Assumption #1: 'nightly' test group is disabled (@Nightly())
   [junit4] IGNOR/A 0.00s J0 | TestLucene80DocValuesFormat.testSortedSetVariableLengthManyVsStoredFields
   [junit4]    > Assumption #1: 'nightly' test group is disabled (@Nightly())
   [junit4] IGNOR/A 0.00s J0 | TestLucene80DocValuesFormat.testTermsEnumRandomMany
   [junit4]    > Assumption #1: 'nightly' test group is disabled (@Nightly())
   [junit4] Completed [136/525 (1!)] on J0 in 44.31s, 127 tests, 3 skipped
   [junit4] 
   [junit4] Suite: org.apache.lucene.util.TestFixedLengthBytesRefArray
   [junit4] Completed [137/525 (1!)] on J0 in 0.25s, 2 tests
   [junit4] 
   [junit4] Suite: org.apache.lucene.analysis.TestGraphTokenizers
   [junit4] Completed [138/525 (1!)] on J3 in 1.76s, 23 tests
   [junit4] 
   [junit4] Suite: org.apache.lucene.search.TestLatLonDocValuesQueries
   [junit4] IGNOR/A 0.00s J1 | TestLatLonDocValuesQueries.testRandomBig
   [junit4]    > Assumption #1: 'nightly' test group is disabled (@Nightly())
   [junit4] IGNOR/A 0.00s J1 | TestLatLonDocValuesQueries.testMultiPolygonBasics
   [junit4]    > Assumption #1: Impl does not support polygons
   [junit4] IGNOR/A 0.00s J1 | TestLatLonDocValuesQueries.testPolygonNullField
   [junit4]    > Assumption #1: Impl does not support polygons
   [junit4] IGNOR/A 0.00s J1 | TestLatLonDocValuesQueries.testSmallSetPoly
   [junit4]    > Assumption #1: Impl does not support polygons
   [junit4] IGNOR/A 0.00s J1 | TestLatLonDocValuesQueries.testSmallSetPolyWholeMap
   [junit4]    > Assumption #1: Impl does not support polygons
   [junit4] IGNOR/A 0.00s J1 | TestLatLonDocValuesQueries.testPolygonHole
   [junit4]    > Assumption #1: Impl does not support polygons
   [junit4] IGNOR/A 0.00s J1 | TestLatLonDocValuesQueries.testRandomDistanceHuge
   [junit4]    > Assumption #1: 'nightly' test group is disabled (@Nightly())
   [junit4] IGNOR/A 0.00s J1 | TestLatLonDocValuesQueries.testPolygonBasics
   [junit4]    > Assumption #1: Impl does not support polygons
   [junit4] IGNOR/A 0.00s J1 | TestLatLonDocValuesQueries.testPolygonHoleExcludes
   [junit4]    > Assumption #1: Impl does not support polygons
   [junit4] Completed [139/525 (1!)] on J1 in 7.51s, 41 tests, 9 skipped
   [junit4] 
   [junit4] Suite: org.apache.lucene.util.TestLongsRef
   [junit4] Completed [140/525 (1!)] on J3 in 0.25s, 3 tests
   [junit4] 
   [junit4] Suite: org.apache.lucene.index.TestFilterLeafReader
   [junit4] Completed [141/525 (1!)] on J1 in 0.25s, 3 tests
   [junit4] 
   [junit4] Suite: org.apache.lucene.search.spans.TestFilterSpans
   [junit4] Completed [142/525 (1!)] on J3 in 0.25s, 1 test
   [junit4] 
   [junit4] Suite: org.apache.lucene.index.TestTermVectors
   [junit4] Completed [143/525 (1!)] on J1 in 0.25s, 3 tests
   [junit4] 
   [junit4] Suite: org.apache.lucene.search.TestConjunctions
   [junit4] Completed [144/525 (1!)] on J3 in 0.25s, 2 tests
   [junit4] 
   [junit4] Suite: org.apache.lucene.index.TestParallelTermEnum
   [junit4] Completed [145/525 (1!)] on J1 in 0.25s, 1 test
   [junit4] 
   [junit4] Suite: org.apache.lucene.index.TestIndexWriterDeleteByQuery
   [junit4] Completed [146/525 (1!)] on J3 in 0.25s, 1 test
   [junit4] 
   [junit4] Suite: org.apache.lucene.document.TestField
   [junit4] Completed [147/525 (1!)] on J1 in 0.25s, 23 tests
   [junit4] 
   [junit4] Suite: org.apache.lucene.analysis.TestCharArraySet
   [junit4] Completed [148/525 (1!)] on J3 in 0.25s, 15 tests
   [junit4] 
   [junit4] Suite: org.apache.lucene.index.TestNRTThreads
   [junit4] Completed [149/525 (1!)] on J2 in 3.52s, 1 test
   [junit4] 
   [junit4] Suite: org.apache.lucene.store.TestRateLimiter
   [junit4] Completed [150/525 (1!)] on J1 in 0.50s, 2 tests
   [junit4] 
   [junit4] Suite: org.apache.lucene.search.TestRangeFieldsDocValuesQuery
   [junit4] Completed [151/525 (1!)] on J3 in 0.25s, 5 tests
   [junit4] 
   [junit4] Suite: org.apache.lucene.util.TestSPIClassIterator
   [junit4] Completed [152/525 (1!)] on J2 in 0.25s, 1 test
   [junit4] 
   [junit4] Suite: org.apache.lucene.index.TestBinaryTerms
   [junit4] Completed [153/525 (1!)] on J1 in 0.25s, 2 tests
   [junit4] 
   [junit4] Suite: org.apache.lucene.index.TestMultiLevelSkipList
   [junit4] Completed [154/525 (1!)] on J2 in 0.25s, 1 test
   [junit4] 
   [junit4] Suite: org.apache.lucene.search.TestBoostQuery
   [junit4] Completed [155/525 (1!)] on J1 in 0.25s, 4 tests
   [junit4] 
   [junit4] Suite: org.apache.lucene.index.TestDocsAndPositions
   [junit4] Completed [156/525 (1!)] on J1 in 0.25s, 6 tests
   [junit4] 
   [junit4] Suite: org.apache.lucene.codecs.lucene50.TestLucene50StoredFieldsFormat
   [junit4] IGNOR/A 0.00s J3 | TestLucene50StoredFieldsFormat.testBigDocuments
   [junit4]    > Assumption #1: 'nightly' test group is disabled (@Nightly())
   [junit4] Completed [157/525 (1!)] on J3 in 0.75s, 17 tests, 1 skipped
   [junit4] 
   [junit4] Suite: org.apache.lucene.index.TestDocumentsWriterStallControl
   [junit4] Completed [158/525 (1!)] on J2 in 0.50s, 3 tests
   [junit4] 
   [junit4] Suite: org.apache.lucene.document.TestFieldType
   [junit4] Completed [159/525 (1!)] on J2 in 0.25s, 5 tests
   [junit4] 
   [junit4] Suite: org.apache.lucene.search.TestBooleanOr
   [junit4] Completed [160/525 (1!)] on J3 in 0.51s, 7 tests
   [junit4] 
   [junit4] Suite: org.apache.lucene.search.TestMultiset
   [junit4] Completed [161/525 (1!)] on J2 in 0.25s, 2 tests
   [junit4] 
   [junit4] Suite: org.apache.lucene.codecs.compressing.TestFastDecompressionMode
   [junit4] Completed [162/525 (1!)] on J1 in 0.76s, 11 tests
   [junit4] 
   [junit4] Suite: org.apache.lucene.search.TestSimilarityProvider
   [junit4] Completed [163/525 (1!)] on J3 in 0.25s, 1 test
   [junit4] 
   [junit4] Suite: org.apache.lucene.document.TestLatLonPoint
   [junit4] Completed [164/525 (1!)] on J1 in 0.25s, 1 test
   [junit4] 
   [junit4] Suite: org.apache.lucene.store.TestTrackingDirectoryWrapper
   [junit4] IGNOR/A 0.01s J2 | TestTrackingDirectoryWrapper.testPendingDeletions
   [junit4]    > Assumption #1: we can only install VirusCheckingFS on an FSDirectory
   [junit4] IGNOR/A 0.00s J2 | TestTrackingDirectoryWrapper.testFsyncDoesntCreateNewFiles
   [junit4]    > Assumption #1: test only works for FSDirectory subclasses
   [junit4] Completed [165/525 (1!)] on J2 in 0.51s, 46 tests, 2 skipped
   [junit4] 
   [junit4] Suite: org.apache.lucene.index.TestSegmentTermEnum
   [junit4] Completed [166/525 (1!)] on J1 in 0.25s, 2 tests
   [junit4] 
   [junit4] Suite: org.apache.lucene.index.TestSegmentMerger
   [junit4] Completed [167/525 (1!)] on J3 in 0.50s, 3 tests
   [junit4] 
   [junit4] Suite: org.apache.lucene.search.TestFilterWeight
   [junit4] Completed [168/525 (1!)] on J1 in 0.25s, 1 test
   [junit4] 
   [junit4] Suite: org.apache.lucene.index.TestOmitNorms
   [junit4] Completed [169/525 (1!)] on J2 in 0.50s, 5 tests
   [junit4] 
   [junit4] Suite: org.apache.lucene.search.TestSimpleExplanationsWithFillerDocs
   [junit4] IGNOR/A 0.01s J0 | TestSimpleExplanationsWithFillerDocs.testMA2
   [junit4]    > Assumption #1: got: <[test is not viable with empty filler docs, null]>, expected: every item is not null
   [junit4] IGNOR/A 0.00s J0 | TestSimpleExplanationsWithFillerDocs.testMA1
   [junit4]    > Assumption #1: got: <[test is not viable with empty filler docs, null]>, expected: every item is not null
   [junit4] Completed [170/525 (1!)] on J0 in 6.03s, 70 tests, 2 skipped
   [junit4] 
   [junit4] Suite: org.apache.lucene.search.TestConjunctionDISI
   [junit4] Completed [171/525 (1!)] on J3 in 1.00s, 5 tests
   [junit4] 
   [junit4] Suite: org.apache.lucene.search.TestPositiveScoresOnlyCollector
   [junit4] Completed [172/525 (1!)] on J0 in 0.26s, 1 test
   [junit4] 
   [junit4] Suite: org.apache.lucene.search.TestMatchesIterator
   [junit4] Completed [173/525 (1!)] on J3 in 0.51s, 26 tests
   [junit4] 
   [junit4] Suite: org.apache.lucene.util.automaton.TestRegExp
   [junit4] Completed [174/525 (1!)] on J0 in 0.25s, 6 tests
   [junit4] 
   [junit4] Suite: org.apache.lucene.store.TestByteBuffersDataInput
   [junit4] Completed [175/525 (1!)] on J1 in 1.29s, 8 tests
   [junit4] 
   [junit4] Suite: org.apache.lucene.search.TestAutomatonQueryUnicode
   [junit4] Completed [176/525 (1!)] on J0 in 0.25s, 1 test
   [junit4] 
   [junit4] Suite: org.apache.lucene.index.TestIndexWriterOnJRECrash
   [junit4] IGNOR/A 0.00s J0 | TestIndexWriterOnJRECrash.testNRTThreads
   [junit4]    > Assumption #1: 'nightly' test group is disabled (@Nightly())
   [junit4] Completed [177/525 (1!)] on J0 in 0.00s, 1 test, 1 skipped
   [junit4] 
   [junit4] Suite: org.apache.lucene.index.TestStressIndexing
   [junit4] Completed [178/525 (1!)] on J2 in 1.75s, 1 test
   [junit4] 
   [junit4] Suite: org.apache.lucene.search.TestMultiThreadTermVectors
   [junit4] Completed [179/525 (1!)] on J3 in 0.75s, 1 test
   [junit4] 
   [junit4] Suite: org.apache.lucene.search.TestSloppyPhraseQuery2
   [junit4] Completed [180/525 (1!)] on J0 in 0.50s, 9 tests
   [junit4] 
   [junit4] Suite: org.apache.lucene.search.TestPrefixQuery
   [junit4] Completed [181/525 (1!)] on J1 in 0.75s, 3 tests
   [junit4] 
   [junit4] Suite: org.apache.lucene.search.spans.TestSpanNearQuery
   [junit4] Completed [182/525 (1!)] on J0 in 0.25s, 4 tests
   [junit4] 
   [junit4] Suite: org.apache.lucene.search.TestElevationComparator
   [junit4] Completed [183/525 (1!)] on J0 in 0.25s, 1 test
   [junit4] 
   [junit4] Suite: org.apache.lucene.search.TestSameScoresWithThreads
   [junit4] Completed [184/525 (1!)] on J1 in 0.50s, 1 test
   [junit4] 
   [junit4] Suite: org.apache.lucene.search.TestDisjunctionMaxQuery
   [junit4] Completed [185/525 (1!)] on J3 in 1.00s, 13 tests
   [junit4] 
   [junit4] Suite: org.apache.lucene.store.TestSimpleFSDirectory
   [junit4] Completed [186/525 (1!)] on J0 in 0.50s, 43 tests
   [junit4] 
   [junit4] Suite: org.apache.lucene.util.TestPagedBytes
   [junit4] Completed [187/525 (1!)] on J1 in 0.50s, 4 tests, 1 skipped
   [junit4] 
   [junit4] Suite: org.apache.lucene.search.TestMultiPhraseQuery
   [junit4] Completed [188/525 (1!)] on J0 in 0.25s, 16 tests, 1 skipped
   [junit4] 
   [junit4] Suite: org.apache.lucene.util.TestAttributeSource
   [junit4] Completed [189/525 (1!)] on J1 in 0.25s, 7 tests
   [junit4] 
   [junit4] Suite: org.apache.lucene.util.TestIntsRef
   [junit4] Completed [190/525 (1!)] on J1 in 0.25s, 3 tests
   [junit4] 
   [junit4] Suite: org.apache.lucene.index.TestNorms
   [junit4] Completed [191/525 (1!)] on J0 in 0.50s, 2 tests
   [junit4] 
   [junit4] Suite: org.apache.lucene.document.TestLatLonPointDistanceFeatureQuery
   [junit4] Completed [192/525 (1!)] on J1 in 0.51s, 8 tests
   [junit4] 
   [junit4] Suite: org.apache.lucene.document.TestLatLonPointDistanceSort
   [junit4] IGNOR/A 0.00s J0 | TestLatLonPointDistanceSort.testRandomHuge
   [junit4]    > Assumption #1: 'nightly' test group is disabled (@Nightly())
   [junit4] Completed [193/525 (1!)] on J0 in 0.76s, 4 tests, 1 skipped
   [junit4] 
   [junit4] Suite: org.apache.lucene.index.TestDeletionPolicy
   [junit4] Completed [194/525 (1!)] on J2 in 3.76s, 6 tests
   [junit4] 
   [junit4] Suite: org.apache.lucene.util.TestIntroSelector
   [junit4] Completed [195/525 (1!)] on J2 in 0.50s, 2 tests
   [junit4] 
   [junit4] Suite: org.apache.lucene.index.TestAllFilesDetectTruncation
   [junit4] Completed [196/525 (1!)] on J2 in 0.76s, 1 test
   [junit4] 
   [junit4] Suite: org.apache.lucene.util.mutable.TestMutableValues
   [junit4] Completed [197/525 (1!)] on J2 in 0.25s, 6 tests
   [junit4] 
   [junit4] Suite: org.apache.lucene.analysis.TestToken
   [junit4] Completed [198/525 (1!)] on J2 in 0.25s, 5 tests
   [junit4] 
   [junit4] Suite: org.apache.lucene.util.TestNamedSPILoader
   [junit4] Completed [199/525 (1!)] on J2 in 0.25s, 3 tests
   [junit4] 
   [junit4] Suite: org.apache.lucene.search.spans.TestSpanSearchEquivalence
   [junit4] Completed [200/525 (1!)] on J2 in 0.51s, 33 tests
   [junit4] 
   [junit4] Suite: org.apache.lucene.search.TestLiveFieldValues
   [junit4] Completed [201/525 (1!)] on J2 in 0.25s, 1 test
   [junit4] 
   [junit4] Suite: org.apache.lucene.index.TestIndexWriterNRTIsCurrent
   [junit4] Completed [202/525 (1!)] on J2 in 0.25s, 1 test
   [junit4] 
   [junit4] Suite: org.apache.lucene.analysis.TestCharArrayMap
   [junit4] Completed [203/525 (1!)] on J2 in 0.25s, 4 tests
   [junit4] 
   [junit4] Suite: org.apache.lucene.search.TestSimpleSearchEquivalence
   [junit4] Completed [204/525 (1!)] on J2 in 0.26s, 17 tests
   [junit4] 
   [junit4] Suite: org.apache.lucene.document.TestDocument
   [junit4] Completed [205/525 (1!)] on J2 in 0.25s, 12 tests
   [junit4] 
   [junit4] Suite: org.apache.lucene.search.TestDocIdSetIterator
   [junit4] Completed [206/525 (1!)] on J2 in 0.25s, 5 tests
   [junit4] 
   [junit4] Suite: org.apache.lucene.search.TestTermQuery
   [junit4] Completed [207/525 (1!)] on J2 in 0.25s, 3 tests
   [junit4] 
   [junit4] Suite: org.apache.lucene.index.TestTerms
   [junit4] Completed [208/525 (1!)] on J2 in 0.25s, 2 tests
   [junit4] 
   [junit4] Suite: org.apache.lucene.codecs.lucene50.TestLucene50TermVectorsFormat
   [junit4] Completed [209/525 (1!)] on J0 in 6.77s, 17 tests
   [junit4] 
   [junit4] Suite: org.apache.lucene.util.automaton.TestMinimize
   [junit4] Completed [210/525 (1!)] on J0 in 1.01s, 3 tests
   [junit4] 
   [junit4] Suite: org.apache.lucene.util.TestIntroSorter
   [junit4] Completed [211/525 (1!)] on J0 in 0.25s, 9 tests
   [junit4] 
   [junit4] Suite: org.apache.lucene.codecs.TestCompetitiveFreqNormAccumulator
   [junit4] Completed [212/525 (1!)] on J0 in 0.25s, 4 tests
   [junit4] 
   [junit4] Suite: org.apache.lucene.index.TestAllFilesCheckIndexHeader
   [junit4] Completed [213/525 (1!)] on J0 in 0.75s, 1 test
   [junit4] 
   [junit4] Suite: org.apache.lucene.search.TestBooleanRewrites
   [junit4] Completed [214/525 (1!)] on J0 in 0.25s, 15 tests
   [junit4] 
   [junit4] Suite: org.apache.lucene.search.TestFieldCacheRewriteMethod
   [junit4] Completed [215/525 (1!)] on J0 in 0.50s, 2 tests
   [junit4] 
   [junit4] Suite: org.apache.lucene.analysis.TestCharFilter
   [junit4] Completed [216/525 (1!)] on J0 in 0.25s, 4 tests
   [junit4] 
   [junit4] Suite: org.apache.lucene.index.Test2BPositions
   [junit4] IGNOR/A 0.00s J0 | Test2BPositions.test
   [junit4]    > Assumption #1: 'monster' test group is disabled (@Monster(value=uses lots of space and takes a few minutes))
   [junit4] Completed [217/525 (1!)] on J0 in 0.00s, 1 test, 1 skipped
   [junit4] 
   [junit4] Suite: org.apache.lucene.index.TestIndexInput
   [junit4] Completed [218/525 (1!)] on J0 in 0.50s, 2 tests
   [junit4] 
   [junit4] Suite: org.apache.lucene.search.similarities.TestBasicModelIne
   [junit4] Completed [219/525 (1!)] on J3 in 12.02s, 1 test
   [junit4] 
   [junit4] Suite: org.apache.lucene.index.TestForTooMuchCloning
   [junit4] Completed [220/525 (1!)] on J0 in 0.25s, 1 test
   [junit4] 
   [junit4] Suite: org.apache.lucene.search.spans.TestFieldMaskingSpanQuery
   [junit4] IGNOR/A 0.00s J0 | TestFieldMaskingSpanQuery.testSpans2
   [junit4]    > Assumption #1: Broken scoring: LUCENE-3723
   [junit4] IGNOR/A 0.00s J0 | TestFieldMaskingSpanQuery.testSimple2
   [junit4]    > Assumption #1: Broken scoring: LUCENE-3723
   [junit4] Completed [221/525 (1!)] on J0 in 0.25s, 11 tests, 2 skipped
   [junit4] 
   [junit4] Suite: org.apache.lucene.index.TestOneMergeWrappingMergePolicy
   [junit4] Completed [222/525 (1!)] on J0 in 0.25s, 1 test
   [junit4] 
   [junit4] Suite: org.apache.lucene.index.Test2BSortedDocValuesOrds
   [junit4] IGNOR/A 0.00s J0 | Test2BSortedDocValuesOrds.test2BOrds
   [junit4]    > Assumption #1: 'monster' test group is disabled (@Monster(value=Takes ~ 6 hours if the heap is 5gb))
   [junit4] Completed [223/525 (1!)] on J0 in 0.00s, 1 test, 1 skipped
   [junit4] 
   [junit4] Suite: org.apache.lucene.util.TestTimSorterWorstCase
   [junit4] Completed [224/525 (1!)] on J1 in 12.77s, 1 test
   [junit4] 
   [junit4] Suite: org.apache.lucene.index.TestDemoParallelLeafReader
   [junit4] Completed [225/525 (1!)] on J0 in 1.77s, 5 tests
   [junit4] 
   [junit4] Suite: org.apache.lucene.search.TestLatLonPointQueries
   [junit4] IGNOR/A 0.00s J2 | TestLatLonPointQueries.testRandomBig
   [junit4]    > Assumption #1: 'nightly' test group is disabled (@Nightly())
   [junit4] IGNOR/A 0.00s J2 | TestLatLonPointQueries.testRandomDistanceHuge
   [junit4]    > Assumption #1: 'nightly' test group is disabled (@Nightly())
   [junit4] Completed [226/525 (1!)] on J2 in 8.01s, 42 tests, 2 skipped
   [junit4] 
   [junit4] Suite: org.apache.lucene.index.TestTransactions
   [junit4] Completed [227/525 (1!)] on J0 in 0.75s, 1 test
   [junit4] 
   [junit4] Suite: org.apache.lucene.index.TestLogMergePolicy
   [junit4] Completed [228/525 (1!)] on J0 in 0.50s, 5 tests
   [junit4] 
   [junit4] Suite: org.apache.lucene.index.TestSoftDeletesDirectoryReaderWrapper
   [junit4] Completed [229/525 (1!)] on J0 in 0.25s, 4 tests
   [junit4] 
   [junit4] Suite: org.apache.lucene.index.TestBagOfPostings
   [junit4] Completed [230/525 (1!)] on J0 in 0.50s, 1 test
   [junit4] 
   [junit4] Suite: org.apache.lucene.TestSearch
   [junit4] Completed [231/525 (1!)] on J0 in 0.25s, 1 test
   [junit4] 
   [junit4] Suite: org.apache.lucene.index.Test2BNumericDocValues
   [junit4] IGNOR/A 0.00s J0 | Test2BNumericDocValues.testNumerics
   [junit4]    > Assumption #1: 'monster' test group is disabled (@Monster(value=takes ~ 2 hours if the heap is 5gb))
   [junit4] Completed [232/525 (1!)] on J0 in 0.00s, 1 test, 1 skipped
   [junit4] 
   [junit4] Suite: org.apache.lucene.store.TestDirectory
   [junit4] IGNOR/A 0.00s J0 | TestDirectory.testListAll
   [junit4]    > Assumption #1: this test does not expect extra files
   [junit4] Completed [233/525 (1!)] on J0 in 0.25s, 4 tests, 1 skipped
   [junit4] 
   [junit4] Suite: org.apache.lucene.search.TestPointQueries
   [junit4] Completed [234/525 (1!)] on J2 in 2.26s, 48 tests
   [junit4] 
   [junit4] Suite: org.apache.lucene.search.TestScorerPerf
   [junit4] Completed [235/525 (1!)] on J2 in 0.50s, 1 test
   [junit4] 
   [junit4] Suite: org.apache.lucene.util.TestArrayUtil
   [junit4] Completed [236/525 (1!)] on J0 in 1.00s, 15 tests
   [junit4] 
   [junit4] Suite: org.apache.lucene.analysis.tokenattributes.TestBytesRefAttImpl
   [junit4] Completed [237/525 (1!)] on J0 in 0.25s, 1 test
   [junit4] 
   [junit4] Suite: org.apache.lucene.search.TestLongValuesSource
   [junit4] Completed [238/525 (1!)] on J2 in 0.75s, 5 tests
   [junit4] 
   [junit4] Suite: org.apache.lucene.search.TestSearchWithThreads
   [junit4] Completed [239/525 (1!)] on J0 in 1.75s, 1 test
   [junit4] 
   [junit4] Suite: org.apache.lucene.index.TestSegmentReader
   [junit4] Completed [240/525 (1!)] on J0 in 0.50s, 7 tests
   [junit4] 
   [junit4] Suite: org.apache.lucene.search.TestWildcardRandom
   [junit4] Completed [241/525 (1!)] on J0 in 0.25s, 1 test
   [junit4] 
   [junit4] Suite: org.apache.lucene.util.TestSentinelIntSet
   [junit4] Completed [242/525 (1!)] on J0 in 0.25s, 2 tests
   [junit4] 
   [junit4] Suite: org.apache.lucene.search.spans.TestSpansEnum
   [junit4] Completed [243/525 (1!)] on J0 in 0.25s, 7 tests
   [junit4] 
   [junit4] Suite: org.apache.lucene.util.TestRecyclingIntBlockAllocator
   [junit4] Completed [244/525 (1!)] on J0 in 0.25s, 3 tests
   [junit4] 
   [junit4] Suite: org.apache.lucene.search.similarities.TestBasicModelIF
   [junit4] Completed [245/525 (1!)] on J3 in 9.51s, 1 test
   [junit4] 
   [junit4] Suite: org.apache.lucene.util.TestMergedIterator
   [junit4] Completed [246/525 (1!)] on J0 in 0.26s, 25 tests
   [junit4] 
   [junit4] Suite: org.apache.lucene.index.Test4GBStoredFields
   [junit4] IGNOR/A 0.00s J0 | Test4GBStoredFields.test
   [junit4]    > Assumption #1: 'nightly' test group is disabled (@Nightly())
   [junit4] Completed [247/525 (1!)] on J0 in 0.00s, 1 test, 1 skipped
   [junit4] 
   [junit4] Suite: org.apache.lucene.search.TestDoubleRangeFieldQueries
   [junit4] IGNOR/A 0.00s J0 | TestDoubleRangeFieldQueries.testRandomBig
   [junit4]    > Assumption #1: 'nightly' test group is disabled (@Nightly())
   [junit4] Completed [248/525 (1!)] on J0 in 1.00s, 7 tests, 1 skipped
   [junit4] 
   [junit4] Suite: org.apache.lucene.util.TestBytesRefHash
   [junit4] Completed [249/525 (1!)] on J0 in 0.75s, 8 tests
   [junit4] 
   [junit4] Suite: org.apache.lucene.index.TestFlushByRamOrCountsPolicy
   [junit4] Completed [250/525 (1!)] on J0 in 1.25s, 5 tests
   [junit4] 
   [junit4] Suite: org.apache.lucene.search.TestSynonymQuery
   [junit4] Completed [251/525 (1!)] on J0 in 0.50s, 7 tests
   [junit4] 
   [junit4] Suite: org.apache.lucene.search.TestFloatRangeFieldQueries
   [junit4] IGNOR/A 0.00s J0 | TestFloatRangeFieldQueries.testRandomBig
   [junit4]    > Assumption #1: 'nightly' test group is disabled (@Nightly())
   [junit4] Completed [252/525 (1!)] on J0 in 1.01s, 7 tests, 1 skipped
   [junit4] 
   [junit4] Suite: org.apache.lucene.search.similarities.TestBasicModelIn
   [junit4] Completed [253/525 (1!)] on J2 in 9.52s, 1 test
   [junit4] 
   [junit4] Suite: org.apache.lucene.index.TestAtomicUpdate
   [junit4] Completed [254/525 (1!)] on J0 in 2.01s, 1 test
   [junit4] 
   [junit4] Suite: org.apache.lucene.util.TestMathUtil
   [junit4] Completed [255/525 (1!)] on J0 in 0.25s, 5 tests
   [junit4] 
   [junit4] Suite: org.apache.lucene.document.TestLatLonDocValuesField
   [junit4] Completed [256/525 (1!)] on J0 in 0.25s, 1 test
   [junit4] 
   [junit4] Suite: org.apache.lucene.index.TestSwappedIndexFiles
   [junit4] Completed [257/525 (1!)] on J0 in 0.25s, 1 test
   [junit4] 
   [junit4] Suite: org.apache.lucene.util.TestFixedBitDocIdSet
   [junit4] Completed [258/525 (1!)] on J0 in 0.50s, 5 tests
   [junit4] 
   [junit4] Suite: org.apache.lucene.index.TestTragicIndexWriterDeadlock
   [junit4] Completed [259/525 (1!)] on J0 in 0.25s, 2 tests
   [junit4] 
   [junit4] Suite: org.apache.lucene.search.similarities.TestDistributionLL
   [junit4] Completed [260/525 (1!)] on J3 in 8.01s, 1 test
   [junit4] 
   [junit4] Suite: org.apache.lucene.search.TestSubScorerFreqs
   [junit4] Completed [261/525 (1!)] on J0 in 0.25s, 3 tests
   [junit4] 
   [junit4] Suite: org.apache.lucene.index.TestIndexingSequenceNumbers
   [junit4] Completed [262/525 (1!)] on J1 in 16.28s, 8 tests
   [junit4] 
   [junit4] Suite: org.apache.lucene.search.similarities.TestAxiomaticF3LOG
   [junit4] Completed [263/525 (1!)] on J0 in 3.26s, 1 test
   [junit4] 
   [junit4] Suite: org.apache.lucene.search.TestSortRandom
   [junit4] Completed [264/525 (1!)] on J0 in 0.25s, 2 tests
   [junit4] 
   [junit4] Suite: org.apache.lucene.index.TestReaderPool
   [junit4] Completed [265/525 (1!)] on J0 in 0.25s, 6 tests
   [junit4] 
   [junit4] Suite: org.apache.lucene.search.similarities.TestBM25Similarity
   [junit4] Completed [266/525 (1!)] on J1 in 5.51s, 3 tests
   [junit4] 
   [junit4] Suite: org.apache.lucene.search.similarities.TestDistributionSPL
   [junit4] Completed [267/525 (1!)] on J2 in 7.76s, 1 test
   [junit4] 
   [junit4] Suite: org.apache.lucene.codecs.lucene80.TestIndexedDISI
   [junit4] Completed [268/525 (1!)] on J3 in 6.28s, 17 tests
   [junit4] 
   [junit4] Suite: org.apache.lucene.store.TestNativeFSLockFactory
   [junit4] Completed [269/525 (1!)] on J0 in 3.51s, 11 tests
   [junit4] 
   [junit4] Suite: org.apache.lucene.store.TestFilterDirectory
   [junit4] IGNOR/A 0.00s J0 | TestFilterDirectory.testFsyncDoesntCreateNewFiles
   [junit4]    > Assumption #1: test only works for FSDirectory subclasses
   [junit4] IGNOR/A 0.00s J0 | TestFilterDirectory.testPendingDeletions
   [junit4]    > Assumption #1: we can only install VirusCheckingFS on an FSDirectory
   [junit4] Completed [270/525 (1!)] on J0 in 0.75s, 43 tests, 2 skipped
   [junit4] 
   [junit4] Suite: org.apache.lucene.index.TestFilterDirectoryReader
   [junit4] Completed [272/525 (1!)] on J0 in 0.25s, 1 test
   [junit4] 
   [junit4] Suite: org.apache.lucene.search.similarities.TestIndependenceStandardized
   [junit4] Completed [273/525 (1!)] on J2 in 4.51s, 1 test
   [junit4] 
   [junit4] Suite: org.apache.lucene.search.similarities.TestIndependenceSaturated
   [junit4] Completed [274/525 (1!)] on J3 in 4.51s, 1 test
   [junit4] 
   [junit4] Suite: org.apache.lucene.search.similarities.TestClassicSimilarity
   [junit4] Completed [275/525 (1!)] on J1 in 5.52s, 12 tests
   [junit4] 
   [junit4] Suite: org.apache.lucene.codecs.perfield.TestPerFieldDocValuesFormat
   [junit4] Completed [276/525 (1!)] on J0 in 5.51s, 110 tests
   [junit4] 
   [junit4] Suite: org.apache.lucene.codecs.lucene50.TestBlockPostingsFormat
   [junit4] Completed [277/525 (1!)] on J3 in 4.26s, 31 tests
   [junit4] 
   [junit4] Suite: org.apache.lucene.util.TestOfflineSorter
   [junit4] IGNOR/A 0.00s J1 | TestOfflineSorter.testLargerRandom
   [junit4]    > Assumption #1: 'nightly' test group is disabled (@Nightly())
   [junit4] Completed [278/525 (1!)] on J1 in 4.38s, 15 tests, 1 skipped
   [junit4] 
   [junit4] Suite: org.apache.lucene.search.similarities.TestLMDirichletSimilarity
   [junit4] Completed [279/525 (1!)] on J2 in 5.51s, 1 test
   [junit4] 
   [junit4] Suite: org.apache.lucene.search.TestShardSearching
   [junit4] Completed [280/525 (1!)] on J0 in 4.08s, 1 test
   [junit4] 
   [junit4] Suite: org.apache.lucene.index.TestIndexSorting
   [junit4] Completed [281/525 (1!)] on J1 in 3.26s, 53 tests
   [junit4] 
   [junit4] Suite: org.apache.lucene.index.TestIndexWriter
   [junit4] Completed [282/525 (1!)] on J3 in 4.01s, 92 tests, 1 skipped
   [junit4] 
   [junit4] Suite: org.apache.lucene.analysis.standard.TestStandardAnalyzer
   [junit4] Completed [283/525 (1!)] on J2 in 3.76s, 45 tests
   [junit4] 
   [junit4] Suite: org.apache.lucene.search.similarities.TestAxiomaticF1LOG
   [junit4] Completed [284/525 (1!)] on J0 in 3.51s, 1 test
   [junit4] 
   [junit4] Suite: org.apache.lucene.search.similarities.TestAxiomaticF2LOG
   [junit4] Completed [285/525 (1!)] on J1 in 3.01s, 1 test
   [junit4] 
   [junit4] Suite: org.apache.lucene.index.TestTieredMergePolicy
   [junit4] Completed [286/525 (1!)] on J2 in 3.01s, 14 tests
   [junit4] 
   [junit4] Suite: org.apache.lucene.codecs.perfield.TestPerFieldPostingsFormat
   [junit4] IGNOR/A 0.00s J3 | TestPerFieldPostingsFormat.testMergeStability
   [junit4]    > Assumption #1: The MockRandom PF randomizes content on the fly, so we can't check it
   [junit4] IGNOR/A 0.00s J3 | TestPerFieldPostingsFormat.testPostingsEnumReuse
   [junit4]    > Assumption #1: The MockRandom PF randomizes content on the fly, so we can't check it
   [junit4] Completed [287/525 (1!)] on J3 in 4.26s, 25 tests, 2 skipped
   [junit4] 
   [junit4] Suite: org.apache.lucene.index.TestNumericDocValuesUpdates
   [junit4] Completed [288/525 (1!)] on J1 in 2.51s, 32 tests
   [junit4] 
   [junit4] Suite: org.apache.lucene.index.TestDuelingCodecs
   [junit4] Completed [289/525 (1!)] on J0 in 3.26s, 2 tests
   [junit4] 
   [junit4] Suite: org.apache.lucene.index.TestIndexWriterReader
   [junit4] IGNOR/A 0.00s J3 | TestIndexWriterReader.testDuringAddIndexes
   [junit4]    > Assumption #1: 'nightly' test group is disabled (@Nightly())
   [junit4] Completed [290/525 (1!)] on J3 in 3.01s, 23 tests, 1 skipped
   [junit4] 
   [junit4] Suite: org.apache.lucene.search.TestMinShouldMatch2
   [junit4] Completed [291/525 (1!)] on J1 in 2.51s, 6 tests
   [junit4] 
   [junit4] Suite: org.apache.lucene.store.TestSimpleFSLockFactory
   [junit4] Completed [292/525 (1!)] on J0 in 2.51s, 7 tests
   [junit4] 
   [junit4] Suite: org.apache.lucene.geo.TestGeoUtils
   [junit4] Completed [293/525 (1!)] on J2 in 4.51s, 7 tests
   [junit4] 
   [junit4] Suite: org.apache.lucene.index.TestConcurrentMergeScheduler
   [junit4] Completed [294/525 (1!)] on J3 in 1.76s, 16 tests
   [junit4] 
   [junit4] Suite: org.apache.lucene.index.TestIndexWriterMerging
   [junit4] Completed [295/525 (1!)] on J2 in 1.51s, 6 tests
   [junit4] 
   [junit4] Suite: org.apache.lucene.util.packed.TestPackedInts
   [junit4] IGNOR/A 0.00s J1 | TestPackedInts.testBlockReaderOverflow
   [junit4]    > Assumption #1: 'nightly' test group is disabled (@Nightly())
   [junit4] Completed [296/525 (1!)] on J1 in 2.26s, 28 tests, 3 skipped
   [junit4] 
   [junit4] Suite: org.apache.lucene.store.TestGrowableByteArrayDataOutput
   [junit4] Completed [297/525 (1!)] on J0 in 2.50s, 2 tests
   [junit4] 
   [junit4] Suite: org.apache.lucene.util.TestCollectionUtil
   [junit4] Completed [298/525 (1!)] on J3 in 2.51s, 4 tests
   [junit4] 
   [junit4] Suite: org.apache.lucene.index.TestIndexWriterMergePolicy
   [junit4] Completed [299/525 (1!)] on J2 in 2.01s, 7 tests
   [junit4] 
   [junit4] Suite: org.apache.lucene.geo.TestPolygon2D
   [junit4] Completed [300/525 (1!)] on J1 in 1.76s, 15 tests
   [junit4] 
   [junit4] Suite: org.apache.lucene.index.TestMixedDocValuesUpdates
   [junit4] IGNOR/A 0.00s J0 | TestMixedDocValuesUpdates.testTonsOfUpdates
   [junit4]    > Assumption #1: 'nightly' test group is disabled (@Nightly())
   [junit4] Completed [301/525 (1!)] on J0 in 1.76s, 10 tests, 1 skipped
   [junit4] 
   [junit4] Suite: org.apache.lucene.codecs.lucene80.TestLucene80NormsFormat
   [junit4] IGNOR/A 0.00s J1 | TestLucene80NormsFormat.testNCommonBig
   [junit4]    > Assumption #1: 'nightly' test group is disabled (@Nightly())
   [junit4] IGNOR/A 0.00s J1 | TestLucene80NormsFormat.testMergeStability
   [junit4]    > Assumption #1: The MockRandom PF randomizes content on the fly, so we can't check it
   [junit4] IGNOR/A 0.00s J1 | TestLucene80NormsFormat.testSparseNCommonBig
   [junit4]    > Assumption #1: 'nightly' test group is disabled (@Nightly())
   [junit4] Completed [302/525 (1!)] on J1 in 1.26s, 31 tests, 3 skipped
   [junit4] 
   [junit4] Suite: org.apache.lucene.store.TestByteBuffersDirectory
   [junit4] IGNOR/A 0.01s J3 | TestByteBuffersDirectory.testPendingDeletions {impl=byte array (heap)}
   [junit4]    > Assumption #1: we can only install VirusCheckingFS on an FSDirectory
   [junit4] IGNOR/A 0.00s J3 | TestByteBuffersDirectory.testFsyncDoesntCreateNewFiles {impl=byte array (heap)}
   [junit4]    > Assumption #1: test only works for FSDirectory subclasses
   [junit4] IGNOR/A 0.00s J3 | TestByteBuffersDirectory.testPendingDeletions {impl=one buffer (heap)}
   [junit4]    > Assumption #1: we can only install VirusCheckingFS on an FSDirectory
   [junit4] IGNOR/A 0.00s J3 | TestByteBuffersDirectory.testFsyncDoesntCreateNewFiles {impl=one buffer (heap)}
   [junit4]    > Assumption #1: test only works for FSDirectory subclasses
   [junit4] IGNOR/A 0.00s J3 | TestByteBuffersDirectory.testPendingDeletions {impl=lucene's buffers (heap)}
   [junit4]    > Assumption #1: we can only install VirusCheckingFS on an FSDirectory
   [junit4] IGNOR/A 0.00s J3 | TestByteBuffersDirectory.testFsyncDoesntCreateNewFiles {impl=lucene's buffers (heap)}
   [junit4]    > Assumption #1: test only works for FSDirectory subclasses
   [junit4] IGNOR/A 0.00s J3 | TestByteBuffersDirectory.testPendingDeletions {impl=many buffers (heap)}
   [junit4]    > Assumption #1: we can only install VirusCheckingFS on an FSDirectory
   [junit4] IGNOR/A 0.00s J3 | TestByteBuffersDirectory.testFsyncDoesntCreateNewFiles {impl=many buffers (heap)}
   [junit4]    > Assumption #1: test only works for FSDirectory subclasses
   [junit4] Completed [303/525 (1!)] on J3 in 2.01s, 168 tests, 8 skipped
   [junit4] 
   [junit4] Suite: org.apache.lucene.search.similarities.TestBooleanSimilarity
   [junit4] Completed [304/525 (1!)] on J2 in 1.75s, 4 tests
   [junit4] 
   [junit4] Suite: org.apache.lucene.index.TestIndexWriterExceptions2
   [junit4] Completed [305/525 (1!)] on J0 in 1.26s, 1 test
   [junit4] 
   [junit4] Suite: org.apache.lucene.index.TestAddIndexes
   [junit4] Completed [306/525 (1!)] on J1 in 1.26s, 28 tests
   [junit4] 
   [junit4] Suite: org.apache.lucene.search.spans.TestBasics
   [junit4] Completed [307/525 (1!)] on J0 in 1.26s, 27 tests
   [junit4] 
   [junit4] Suite: org.apache.lucene.codecs.lucene80.TestLucene80NormsFormatMergeInstance
   [junit4] IGNOR/A 0.00s J3 | TestLucene80NormsFormatMergeInstance.testNCommonBig
   [junit4]    > Assumption #1: 'nightly' test group is disabled (@Nightly())
   [junit4] IGNOR/A 0.00s J3 | TestLucene80NormsFormatMergeInstance.testMergeStability
   [junit4]    > Assumption #1: The MockRandom PF randomizes content on the fly, so we can't check it
   [junit4] IGNOR/A 0.00s J3 | TestLucene80NormsFormatMergeInstance.testSparseNCommonBig
   [junit4]    > Assumption #1: 'nightly' test group is disabled (@Nightly())
   [junit4] Completed [308/525 (1!)] on J3 in 1.51s, 31 tests, 3 skipped
   [junit4] 
   [junit4] Suite: org.apache.lucene.index.TestPersistentSnapshotDeletionPolicy
   [junit4] Completed [309/525 (1!)] on J2 in 1.50s, 13 tests
   [junit4] 
   [junit4] Suite: org.apache.lucene.index.TestDirectoryReaderReopen
   [junit4] Completed [310/525 (1!)] on J1 in 1.51s, 15 tests
   [junit4] 
   [junit4] Suite: org.apache.lucene.index.TestNeverDelete
   [junit4] Completed [311/525 (1!)] on J0 in 1.50s, 1 test
   [junit4] 
   [junit4] Suite: org.apache.lucene.search.TestDoubleValuesSource
   [junit4] Completed [312/525 (1!)] on J3 in 1.51s, 7 tests
   [junit4] 
   [junit4] Suite: org.apache.lucene.util.TestMSBRadixSorter
   [junit4] Completed [313/525 (1!)] on J2 in 1.50s, 8 tests
   [junit4] 
   [junit4] Suite: org.apache.lucene.search.TestIntRangeFieldQueries
   [junit4] IGNOR/A 0.00s J1 | TestIntRangeFieldQueries.testRandomBig
   [junit4]    > Assumption #1: 'nightly' test group is disabled (@Nightly())
   [junit4] Completed [314/525 (1!)] on J1 in 1.00s, 7 tests, 1 skipped
   [junit4] 
   [junit4] Suite: org.apache.lucene.search.TestLRUQueryCache
   [junit4] Completed [315/525 (1!)] on J3 in 1.26s, 23 tests
   [junit4] 
   [junit4] Suite: org.apache.lucene.util.fst.TestFSTs
   [junit4] IGNOR/A 0.00s J0 | TestFSTs.testBigSet
   [junit4]    > Assumption #1: 'nightly' test group is disabled (@Nightly())
   [junit4] Completed [316/525 (1!)] on J0 in 1.51s, 20 tests, 1 skipped
   [junit4] 
   [junit4] Suite: org.apache.lucene.util.TestStringMSBRadixSorter
   [junit4] Completed [317/525 (1!)] on J2 in 1.51s, 7 tests
   [junit4] 
   [junit4] Suite: org.apache.lucene.index.TestIndexWriterCommit
   [junit4] Completed [318/525 (1!)] on J1 in 1.00s, 14 tests
   [junit4] 
   [junit4] Suite: org.apache.lucene.search.TestLongRangeFieldQueries
   [junit4] IGNOR/A 0.00s J3 | TestLongRangeFieldQueries.testRandomBig
   [junit4]    > Assumption #1: 'nightly' test group is disabled (@Nightly())
   [junit4] Completed [319/525 (1!)] on J3 in 1.00s, 7 tests, 1 skipped
   [junit4] 
   [junit4] Suite: org.apache.lucene.util.TestWeakIdentityMap
   [junit4] Completed [320/525 (1!)] on J2 in 1.04s, 2 tests
   [junit4] 
   [junit4] Suite: org.apache.lucene.codecs.lucene60.TestLucene60PointsFormat
   [junit4] IGNOR/A 0.00s J1 | TestLucene60PointsFormat.testMergeStability
   [junit4]    > Assumption #1: merge is not stable
   [junit4] IGNOR/A 0.00s J1 | TestLucene60PointsFormat.testRandomBinaryBig
   [junit4]    > Assumption #1: 'nightly' test group is disabled (@Nightly())
   [junit4] Completed [321/525 (1!)] on J1 in 1.00s, 20 tests, 2 skipped
   [junit4] 
   [junit4] Suite: org.apache.lucene.util.bkd.TestDocIdsWriter
   [junit4] Completed [322/525 (1!)] on J0 in 1.50s, 2 tests
   [junit4] 
   [junit4] Suite: org.apache.lucene.store.TestMultiMMap
   [junit4] Completed [323/525 (1!)] on J3 in 0.76s, 53 tests
   [junit4] 
   [junit4] Suite: org.apache.lucene.codecs.lucene50.TestBlockPostingsFormat2
   [junit4] Completed [324/525 (1!)] on J2 in 1.00s, 4 tests
   [junit4] 
   [junit4] Suite: org.apache.lucene.index.TestIndexWriterMaxDocs
   [junit4] IGNOR/A 0.00s J1 | TestIndexWriterMaxDocs.testExactlyAtTrueLimit
   [junit4]    > Assumption #1: 'monster' test group is disabled (@Monster(value=takes over two hours))
   [junit4] Completed [325/525 (1!)] on J1 in 1.00s, 21 tests, 1 skipped
   [junit4] 
   [junit4] Suite: org.apache.lucene.index.TestIndexWriterUnicode
   [junit4] Completed [326/525 (1!)] on J0 in 1.00s, 5 tests
   [junit4] 
   [junit4] Suite: org.apache.lucene.search.TestBoolean2
   [junit4] Completed [327/525 (1!)] on J3 in 0.75s, 10 tests
   [junit4] 
   [junit4] Suite: org.apache.lucene.store.TestNRTCachingDirectory
   [junit4] IGNOR/A 0.00s J2 | TestNRTCachingDirectory.testFsyncDoesntCreateNewFiles
   [junit4]    > Assumption #1: test only works for FSDirectory subclasses
   [junit4] IGNOR/A 0.00s J2 | TestNRTCachingDirectory.testPendingDeletions
   [junit4]    > Assumption #1: we can only install VirusCheckingFS on an FSDirectory
   [junit4] Completed [328/525 (1!)] on J2 in 0.75s, 43 tests, 2 skipped
   [junit4] 
   [junit4] Suite: org.apache.lucene.util.TestFixedBitSet
   [junit4] Completed [329/525 (1!)] on J1 in 0.75s, 21 tests
   [junit4] 
   [junit4] Suite: org.apache.lucene.index.TestIndexWriterThreadsToSegments
   [junit4] Completed [330/525 (1!)] on J0 in 1.00s, 4 tests
   [junit4] 
   [junit4] Suite: org.apache.lucene.search.TestAutomatonQuery
   [junit4] Completed [331/525 (1!)] on J3 in 1.00s, 8 tests
   [junit4] 
   [junit4] Suite: org.apache.lucene.search.TestDocValuesQueries
   [junit4] Completed [332/525 (1!)] on J2 in 0.75s, 10 tests
   [junit4] 
   [junit4] Suite: org.apache.lucene.store.TestHugeRamFile
   [junit4] Completed [333/525 (1!)] on J1 in 1.00s, 1 test
   [junit4] 
   [junit4] Suite: org.apache.lucene.util.automaton.TestAutomaton
   [junit4] Completed [334/525 (1!)] on J0 in 0.76s, 56 tests
   [junit4] 
   [junit4] Suite: org.apache.lucene.search.TestBooleanScorer
   [junit4] Completed [335/525 (1!)] on J3 in 1.00s, 5 tests
   [junit4] 
   [junit4] Suite: org.apache.lucene.util.TestNumericUtils
   [junit4] Completed [336/525 (1!)] on J2 in 0.76s, 24 tests
   [junit4] 
   [junit4] Suite: org.apache.lucene.search.TestSimpleExplanations
   [junit4] Completed [337/525 (1!)] on J1 in 0.76s, 70 tests
   [junit4] 
   [junit4] Suite: org.apache.lucene.codecs.lucene50.TestBlockPostingsFormat3
   [junit4] Completed [338/525 (1!)] on J0 in 0.75s, 1 test
   [junit4] 
   [junit4] Suite: org.apache.lucene.codecs.lucene50.TestLucene50StoredFieldsFormatMergeInstance
   [junit4] IGNOR/A 0.00s J3 | TestLucene50StoredFieldsFormatMergeInstance.testBigDocuments
   [junit4]    > Assumption #1: 'nightly' test group is disabled (@Nightly())
   [junit4] Completed [339/525 (1!)] on J3 in 0.75s, 17 tests, 1 skipped
   [junit4] 
   [junit4] Suite: org.apache.lucene.search.TestWANDScorer
   [junit4] Completed [340/525 (1!)] on J2 in 0.75s, 4 tests
   [junit4] 
   [junit4] Suite: org.apache.lucene.index.TestCheckIndex
   [junit4] Completed [341/525 (1!)] on J3 in 0.50s, 4 tests
   [junit4] 
   [junit4] Suite: org.apache.lucene.index.TestLongPostings
   [junit4] Completed [342/525 (1!)] on J2 in 0.50s, 2 tests
   [junit4] 
   [junit4] Suite: org.apache.lucene.util.TestNotDocIdSet
   [junit4] Completed [343/525 (1!)] on J1 in 1.01s, 6 tests
   [junit4] 
   [junit4] Suite: org.apache.lucene.util.bkd.TestMutablePointsReaderUtils
   [junit4] Completed [344/525 (1!)] on J0 in 1.00s, 3 tests
   [junit4] 
   [junit4] Suite: org.apache.lucene.index.TestStressIndexing2
   [junit4] Completed [345/525 (1!)] on J3 in 0.51s, 3 tests
   [junit4] 
   [junit4] Suite: org.apache.lucene.search.TestBooleanMinShouldMatch
   [junit4]   2> NOTE: reproduce with: ant test  -Dtestcase=TestBooleanMinShouldMatch -Dtests.method=testRandomQueries -Dtests.seed=EBC5DD8261295158 -Dtests.slow=true -Dtests.badapples=true -Dtests.locale=be -Dtests.timezone=America/Guayaquil -Dtests.asserts=true -Dtests.file.encoding=UTF-8
   [junit4] ERROR   0.16s J2 | TestBooleanMinShouldMatch.testRandomQueries <<<
   [junit4]    > Throwable #1: java.lang.InternalError: 
   [junit4]    > 	at __randomizedtesting.SeedInfo.seed([EBC5DD8261295158:B5EE6D6E59F37CC6]:0)
   [junit4]    > 	at com.intel.qat.jni.QatDecompressorJNI.decompressBytesDirect(Native Method)
   [junit4]    > 	at com.intel.qat.jni.QatDecompressorJNI.decompress(QatDecompressorJNI.java:282)
   [junit4]    > 	at org.apache.lucene.codecs.compressing.CompressionMode$QatDecompressor.decompress(CompressionMode.java:349)
   [junit4]    > 	at org.apache.lucene.codecs.compressing.CompressingStoredFieldsReader$BlockState.doReset(CompressingStoredFieldsReader.java:483)
   [junit4]    > 	at org.apache.lucene.codecs.compressing.CompressingStoredFieldsReader$BlockState.reset(CompressingStoredFieldsReader.java:389)
   [junit4]    > 	at org.apache.lucene.codecs.compressing.CompressingStoredFieldsReader.document(CompressingStoredFieldsReader.java:568)
   [junit4]    > 	at org.apache.lucene.codecs.compressing.CompressingStoredFieldsReader.visitDocument(CompressingStoredFieldsReader.java:578)
   [junit4]    > 	at org.apache.lucene.index.CheckIndex.testStoredFields(CheckIndex.java:2170)
   [junit4]    > 	at org.apache.lucene.util.TestUtil.checkReader(TestUtil.java:318)
   [junit4]    > 	at org.apache.lucene.util.TestUtil.checkReader(TestUtil.java:299)
   [junit4]    > 	at org.apache.lucene.util.LuceneTestCase.newSearcher(LuceneTestCase.java:1921)
   [junit4]    > 	at org.apache.lucene.util.LuceneTestCase.newSearcher(LuceneTestCase.java:1895)
   [junit4]    > 	at org.apache.lucene.search.QueryUtils$3.doSetNextReader(QueryUtils.java:380)
   [junit4]    > 	at org.apache.lucene.search.SimpleCollector.getLeafCollector(SimpleCollector.java:33)
   [junit4]    > 	at org.apache.lucene.search.FilterCollector.getLeafCollector(FilterCollector.java:40)
   [junit4]    > 	at org.apache.lucene.search.AssertingCollector.getLeafCollector(AssertingCollector.java:44)
   [junit4]    > 	at org.apache.lucene.search.IndexSearcher.search(IndexSearcher.java:642)
   [junit4]    > 	at org.apache.lucene.search.AssertingIndexSearcher.search(AssertingIndexSearcher.java:72)
   [junit4]    > 	at org.apache.lucene.search.IndexSearcher.search(IndexSearcher.java:440)
   [junit4]    > 	at org.apache.lucene.search.QueryUtils.checkSkipTo(QueryUtils.java:299)
   [junit4]    > 	at org.apache.lucene.search.QueryUtils.check(QueryUtils.java:123)
   [junit4]    > 	at org.apache.lucene.search.QueryUtils.check(QueryUtils.java:127)
   [junit4]    > 	at org.apache.lucene.search.QueryUtils.check(QueryUtils.java:116)
   [junit4]    > 	at org.apache.lucene.search.TestBooleanMinShouldMatch.testRandomQueries(TestBooleanMinShouldMatch.java:352)
   [junit4]    > 	at java.lang.Thread.run(Thread.java:745)
   [junit4]   2> NOTE: reproduce with: ant test  -Dtestcase=TestBooleanMinShouldMatch -Dtests.method=testSomeReqSomeProhibAndSomeOptional -Dtests.seed=EBC5DD8261295158 -Dtests.slow=true -Dtests.badapples=true -Dtests.locale=be -Dtests.timezone=America/Guayaquil -Dtests.asserts=true -Dtests.file.encoding=UTF-8
   [junit4] ERROR   0.01s J2 | TestBooleanMinShouldMatch.testSomeReqSomeProhibAndSomeOptional <<<
   [junit4]    > Throwable #1: java.lang.InternalError: 
   [junit4]    > 	at __randomizedtesting.SeedInfo.seed([EBC5DD8261295158:6EA9D321CDA7FF47]:0)
   [junit4]    > 	at com.intel.qat.jni.QatDecompressorJNI.decompressBytesDirect(Native Method)
   [junit4]    > 	at com.intel.qat.jni.QatDecompressorJNI.decompress(QatDecompressorJNI.java:282)
   [junit4]    > 	at org.apache.lucene.codecs.compressing.CompressionMode$QatDecompressor.decompress(CompressionMode.java:349)
   [junit4]    > 	at org.apache.lucene.codecs.compressing.CompressingStoredFieldsReader$BlockState.doReset(CompressingStoredFieldsReader.java:483)
   [junit4]    > 	at org.apache.lucene.codecs.compressing.CompressingStoredFieldsReader$BlockState.reset(CompressingStoredFieldsReader.java:389)
   [junit4]    > 	at org.apache.lucene.codecs.compressing.CompressingStoredFieldsReader.document(CompressingStoredFieldsReader.java:568)
   [junit4]    > 	at org.apache.lucene.codecs.compressing.CompressingStoredFieldsReader.visitDocument(CompressingStoredFieldsReader.java:578)
   [junit4]    > 	at org.apache.lucene.index.CheckIndex.testStoredFields(CheckIndex.java:2170)
   [junit4]    > 	at org.apache.lucene.util.TestUtil.checkReader(TestUtil.java:318)
   [junit4]    > 	at org.apache.lucene.util.TestUtil.checkReader(TestUtil.java:299)
   [junit4]    > 	at org.apache.lucene.util.LuceneTestCase.newSearcher(LuceneTestCase.java:1921)
   [junit4]    > 	at org.apache.lucene.util.LuceneTestCase.newSearcher(LuceneTestCase.java:1895)
   [junit4]    > 	at org.apache.lucene.search.QueryUtils$3.doSetNextReader(QueryUtils.java:380)
   [junit4]    > 	at org.apache.lucene.search.SimpleCollector.getLeafCollector(SimpleCollector.java:33)
   [junit4]    > 	at org.apache.lucene.search.FilterCollector.getLeafCollector(FilterCollector.java:40)
   [junit4]    > 	at org.apache.lucene.search.AssertingCollector.getLeafCollector(AssertingCollector.java:44)
   [junit4]    > 	at org.apache.lucene.search.IndexSearcher.search(IndexSearcher.java:642)
   [junit4]    > 	at org.apache.lucene.search.AssertingIndexSearcher.search(AssertingIndexSearcher.java:72)
   [junit4]    > 	at org.apache.lucene.search.IndexSearcher.search(IndexSearcher.java:440)
   [junit4]    > 	at org.apache.lucene.search.QueryUtils.checkSkipTo(QueryUtils.java:299)
   [junit4]    > 	at org.apache.lucene.search.QueryUtils.check(QueryUtils.java:123)
   [junit4]    > 	at org.apache.lucene.search.QueryUtils.check(QueryUtils.java:127)
   [junit4]    > 	at org.apache.lucene.search.QueryUtils.check(QueryUtils.java:116)
   [junit4]    > 	at org.apache.lucene.search.TestBooleanMinShouldMatch.verifyNrHits(TestBooleanMinShouldMatch.java:102)
   [junit4]    > 	at org.apache.lucene.search.TestBooleanMinShouldMatch.testSomeReqSomeProhibAndSomeOptional(TestBooleanMinShouldMatch.java:238)
   [junit4]    > 	at java.lang.Thread.run(Thread.java:745)
   [junit4]   2> NOTE: test params are: codec=Lucene80, sim=Asserting(org.apache.lucene.search.similarities.AssertingSimilarity@764c6abc), locale=be, timezone=America/Guayaquil
   [junit4]   2> NOTE: Linux 3.10.0-1062.4.1.el7.x86_64 amd64/Oracle Corporation 1.8.0_112 (64-bit)/cpus=96,threads=1,free=174554680,total=339738624
   [junit4]   2> NOTE: All tests run in this JVM: [TestIndexSearcher, TestSloppyMath, TestReaderWrapperDVTypeCheck, TestComplexExplanationsOfNonMatches, TestComplexExplanations, TestTermVectorsReader, TestBufferedIndexInput, TestPhrasePrefixQuery, TestDemo, TestBlockMaxConjunction, TestAxiomaticF2EXP, TestIndexWriterForceMerge, TestByteSlices, TestBinaryDocument, TestFieldsReader, TestCharsRefBuilder, TestSpanOrQuery, TestBKD, TestDaciukMihovAutomatonBuilder, TestBasicModelG, TestDirectPacked, TestSimilarity2, TestSleepingLockWrapper, TestDirectoryReader, TestIndexableField, TestParallelCompositeReader, TestSimilarity, TestFrozenBufferedUpdates, TestReqExclBulkScorer, TestBytesStore, TestIndependenceChiSquared, TestTermsEnum, TestByteBlockPool, TestLongBitSet, TestLucene50CompoundFormat, TestCodecs, TestNRTThreads, TestSPIClassIterator, TestMultiLevelSkipList, TestDocumentsWriterStallControl, TestFieldType, TestMultiset, TestTrackingDirectoryWrapper, TestOmitNorms, TestStressIndexing, TestDeletionPolicy, TestIntroSelector, TestAllFilesDetectTruncation, TestMutableValues, TestToken, TestNamedSPILoader, TestSpanSearchEquivalence, TestLiveFieldValues, TestIndexWriterNRTIsCurrent, TestCharArrayMap, TestSimpleSearchEquivalence, TestDocument, TestDocIdSetIterator, TestTermQuery, TestTerms, TestLatLonPointQueries, TestPointQueries, TestScorerPerf, TestLongValuesSource, TestBasicModelIn, TestDistributionSPL, TestIndependenceStandardized, TestLMDirichletSimilarity, TestStandardAnalyzer, TestTieredMergePolicy, TestGeoUtils, TestIndexWriterMerging, TestIndexWriterMergePolicy, TestBooleanSimilarity, TestPersistentSnapshotDeletionPolicy, TestMSBRadixSorter, TestStringMSBRadixSorter, TestWeakIdentityMap, TestBlockPostingsFormat2, TestNRTCachingDirectory, TestDocValuesQueries, TestNumericUtils, TestWANDScorer, TestLongPostings, TestBooleanMinShouldMatch]
   [junit4]   2> NOTE: reproduce with: ant test  -Dtestcase=TestBooleanMinShouldMatch -Dtests.seed=EBC5DD8261295158 -Dtests.slow=true -Dtests.badapples=true -Dtests.locale=be -Dtests.timezone=America/Guayaquil -Dtests.asserts=true -Dtests.file.encoding=UTF-8
   [junit4] ERROR   0.00s J2 | TestBooleanMinShouldMatch (suite) <<<
   [junit4]    > Throwable #1: java.lang.InternalError: 
   [junit4]    > 	at __randomizedtesting.SeedInfo.seed([EBC5DD8261295158]:0)
   [junit4]    > 	at com.intel.qat.jni.QatDecompressorJNI.decompressBytesDirect(Native Method)
   [junit4]    > 	at com.intel.qat.jni.QatDecompressorJNI.decompress(QatDecompressorJNI.java:282)
   [junit4]    > 	at org.apache.lucene.codecs.compressing.CompressionMode$QatDecompressor.decompress(CompressionMode.java:349)
   [junit4]    > 	at org.apache.lucene.codecs.compressing.CompressingStoredFieldsReader$BlockState.doReset(CompressingStoredFieldsReader.java:483)
   [junit4]    > 	at org.apache.lucene.codecs.compressing.CompressingStoredFieldsReader$BlockState.reset(CompressingStoredFieldsReader.java:389)
   [junit4]    > 	at org.apache.lucene.codecs.compressing.CompressingStoredFieldsReader.document(CompressingStoredFieldsReader.java:568)
   [junit4]    > 	at org.apache.lucene.codecs.compressing.CompressingStoredFieldsReader.visitDocument(CompressingStoredFieldsReader.java:578)
   [junit4]    > 	at org.apache.lucene.index.CheckIndex.testStoredFields(CheckIndex.java:2170)
   [junit4]    > 	at org.apache.lucene.index.CheckIndex.checkIndex(CheckIndex.java:727)
   [junit4]    > 	at org.apache.lucene.util.TestUtil.checkIndex(TestUtil.java:280)
   [junit4]    > 	at org.apache.lucene.store.MockDirectoryWrapper.close(MockDirectoryWrapper.java:862)
   [junit4]    > 	at org.apache.lucene.search.TestBooleanMinShouldMatch.afterClass(TestBooleanMinShouldMatch.java:80)
   [junit4]    > 	at java.lang.Thread.run(Thread.java:745)
   [junit4] Completed [346/525 (2!)] on J2 in 0.51s, 17 tests, 3 errors <<< FAILURES!
   [junit4] 
   [junit4] Suite: org.apache.lucene.search.TestDocValuesRewriteMethod
   [junit4] Completed [347/525 (2!)] on J1 in 0.50s, 2 tests
   [junit4] 
   [junit4] Suite: org.apache.lucene.store.TestRAMDirectory
   [junit4] IGNOR/A 0.00s J0 | TestRAMDirectory.testPendingDeletions
   [junit4]    > Assumption #1: we can only install VirusCheckingFS on an FSDirectory
   [junit4] IGNOR/A 0.00s J0 | TestRAMDirectory.testFsyncDoesntCreateNewFiles
   [junit4]    > Assumption #1: test only works for FSDirectory subclasses
   [junit4] Completed [348/525 (2!)] on J0 in 0.51s, 45 tests, 2 skipped
   [junit4] 
   [junit4] Suite: org.apache.lucene.index.TestMixedCodecs
   [junit4] Completed [349/525 (2!)] on J1 in 0.25s, 1 test
   [junit4] 
   [junit4] Suite: org.apache.lucene.analysis.tokenattributes.TestCharTermAttributeImpl
   [junit4] Completed [350/525 (2!)] on J3 in 0.50s, 13 tests
   [junit4] 
   [junit4] Suite: org.apache.lucene.index.TestRollingUpdates
   [junit4] Completed [351/525 (2!)] on J0 in 0.50s, 2 tests
   [junit4] 
   [junit4] Suite: org.apache.lucene.index.TestIndexOptions
   [junit4] Completed [352/525 (2!)] on J2 in 0.75s, 3 tests
   [junit4] 
   [junit4] Suite: org.apache.lucene.search.TestPrefixInBooleanQuery
   [junit4] Completed [353/525 (2!)] on J3 in 0.51s, 4 tests
   [junit4] 
   [junit4] Suite: org.apache.lucene.search.TestTermScorer
   [junit4] Completed [354/525 (2!)] on J2 in 0.25s, 5 tests
   [junit4] 
   [junit4] Suite: org.apache.lucene.index.TestStressAdvance
   [junit4] Completed [355/525 (2!)] on J1 in 0.75s, 1 test
   [junit4] 
   [junit4] Suite: org.apache.lucene.search.TestSloppyPhraseQuery
   [junit4] Completed [356/525 (2!)] on J0 in 0.50s, 9 tests
   [junit4] 
   [junit4] Suite: org.apache.lucene.store.TestSingleInstanceLockFactory
   [junit4] Completed [357/525 (2!)] on J3 in 0.50s, 7 tests
   [junit4] 
   [junit4] Suite: org.apache.lucene.util.automaton.TestUTF32ToUTF8
   [junit4] Completed [358/525 (2!)] on J2 in 0.50s, 6 tests
   [junit4] 
   [junit4] Suite: org.apache.lucene.util.packed.TestDirectMonotonic
   [junit4] Completed [359/525 (2!)] on J1 in 0.50s, 4 tests
   [junit4] 
   [junit4] Suite: org.apache.lucene.TestMergeSchedulerExternal
   [junit4] Completed [360/525 (2!)] on J0 in 0.50s, 2 tests
   [junit4] 
   [junit4] Suite: org.apache.lucene.index.TestReadOnlyIndex
   [junit4] Completed [361/525 (2!)] on J1 in 0.25s, 1 test
   [junit4] 
   [junit4] Suite: org.apache.lucene.index.TestExitableDirectoryReader
   [junit4] Completed [362/525 (2!)] on J3 in 0.51s, 2 tests
   [junit4] 
   [junit4] Suite: org.apache.lucene.index.TestManyFields
   [junit4] Completed [363/525 (2!)] on J2 in 0.52s, 3 tests
   [junit4] 
   [junit4] Suite: org.apache.lucene.index.TestThreadedForceMerge
   [junit4] Completed [364/525 (2!)] on J0 in 0.50s, 1 test
   [junit4] 
   [junit4] Suite: org.apache.lucene.search.TestRegexpRandom2
   [junit4] Completed [365/525 (2!)] on J1 in 0.50s, 1 test
   [junit4] 
   [junit4] Suite: org.apache.lucene.util.TestRadixSelector
   [junit4] Completed [366/525 (2!)] on J3 in 0.50s, 2 tests
   [junit4] 
   [junit4] Suite: org.apache.lucene.util.TestRoaringDocIdSet
   [junit4] Completed [367/525 (2!)] on J2 in 0.51s, 5 tests
   [junit4] 
   [junit4] Suite: org.apache.lucene.util.automaton.FiniteStringsIteratorTest
   [junit4] Completed [368/525 (2!)] on J0 in 0.50s, 7 tests
   [junit4] 
   [junit4] Suite: org.apache.lucene.index.TestStressDeletes
   [junit4] Completed [369/525 (2!)] on J1 in 0.25s, 1 test
   [junit4] 
   [junit4] Suite: org.apache.lucene.codecs.compressing.TestQatCompressionDecompressionMode
   [junit4]   2> NOTE: reproduce with: ant test  -Dtestcase=TestQatCompressionDecompressionMode -Dtests.method=testDecompress -Dtests.seed=EBC5DD8261295158 -Dtests.slow=true -Dtests.badapples=true -Dtests.locale=id-ID -Dtests.timezone=America/Indiana/Winamac -Dtests.asserts=true -Dtests.file.encoding=UTF-8
   [junit4] ERROR   0.02s J3 | TestQatCompressionDecompressionMode.testDecompress <<<
   [junit4]    > Throwable #1: java.lang.InternalError: 
   [junit4]    > 	at __randomizedtesting.SeedInfo.seed([EBC5DD8261295158:FFAB622C3B82EF3F]:0)
   [junit4]    > 	at com.intel.qat.jni.QatDecompressorJNI.decompressBytesDirect(Native Method)
   [junit4]    > 	at com.intel.qat.jni.QatDecompressorJNI.decompress(QatDecompressorJNI.java:282)
   [junit4]    > 	at org.apache.lucene.codecs.compressing.CompressionMode$QatDecompressor.decompress(CompressionMode.java:349)
   [junit4]    > 	at org.apache.lucene.codecs.compressing.AbstractTestCompressionMode.decompress(AbstractTestCompressionMode.java:74)
   [junit4]    > 	at org.apache.lucene.codecs.compressing.AbstractTestCompressionMode.decompress(AbstractTestCompressionMode.java:69)
   [junit4]    > 	at org.apache.lucene.codecs.compressing.AbstractTestCompressionMode.testDecompress(AbstractTestCompressionMode.java:92)
   [junit4]    > 	at java.lang.Thread.run(Thread.java:745)
   [junit4]   2> NOTE: reproduce with: ant test  -Dtestcase=TestQatCompressionDecompressionMode -Dtests.method=testShortSequence -Dtests.seed=EBC5DD8261295158 -Dtests.slow=true -Dtests.badapples=true -Dtests.locale=id-ID -Dtests.timezone=America/Indiana/Winamac -Dtests.asserts=true -Dtests.file.encoding=UTF-8
   [junit4] ERROR   0.00s J3 | TestQatCompressionDecompressionMode.testShortSequence <<<
   [junit4]    > Throwable #1: java.lang.InternalError: 
   [junit4]    > 	at __randomizedtesting.SeedInfo.seed([EBC5DD8261295158:27A1DE55775CEA6]:0)
   [junit4]    > 	at com.intel.qat.jni.QatDecompressorJNI.decompressBytesDirect(Native Method)
   [junit4]    > 	at com.intel.qat.jni.QatDecompressorJNI.decompress(QatDecompressorJNI.java:282)
   [junit4]    > 	at org.apache.lucene.codecs.compressing.CompressionMode$QatDecompressor.decompress(CompressionMode.java:349)
   [junit4]    > 	at org.apache.lucene.codecs.compressing.AbstractTestCompressionMode.decompress(AbstractTestCompressionMode.java:74)
   [junit4]    > 	at org.apache.lucene.codecs.compressing.AbstractTestCompressionMode.decompress(AbstractTestCompressionMode.java:69)
   [junit4]    > 	at org.apache.lucene.codecs.compressing.AbstractTestCompressionMode.test(AbstractTestCompressionMode.java:120)
   [junit4]    > 	at org.apache.lucene.codecs.compressing.AbstractTestCompressionMode.test(AbstractTestCompressionMode.java:115)
   [junit4]    > 	at org.apache.lucene.codecs.compressing.AbstractTestCompressionMode.testShortSequence(AbstractTestCompressionMode.java:130)
   [junit4]    > 	at java.lang.Thread.run(Thread.java:745)
   [junit4]   2> NOTE: reproduce with: ant test  -Dtestcase=TestQatCompressionDecompressionMode -Dtests.method=testLUCENE5201 -Dtests.seed=EBC5DD8261295158 -Dtests.slow=true -Dtests.badapples=true -Dtests.locale=id-ID -Dtests.timezone=America/Indiana/Winamac -Dtests.asserts=true -Dtests.file.encoding=UTF-8
   [junit4] ERROR   0.00s J3 | TestQatCompressionDecompressionMode.testLUCENE5201 <<<
   [junit4]    > Throwable #1: java.lang.InternalError: 
   [junit4]    > 	at __randomizedtesting.SeedInfo.seed([EBC5DD8261295158:57E28113CEDF8905]:0)
   [junit4]    > 	at com.intel.qat.jni.QatDecompressorJNI.decompressBytesDirect(Native Method)
   [junit4]    > 	at com.intel.qat.jni.QatDecompressorJNI.decompress(QatDecompressorJNI.java:282)
   [junit4]    > 	at org.apache.lucene.codecs.compressing.CompressionMode$QatDecompressor.decompress(CompressionMode.java:349)
   [junit4]    > 	at org.apache.lucene.codecs.compressing.AbstractTestCompressionMode.decompress(AbstractTestCompressionMode.java:74)
   [junit4]    > 	at org.apache.lucene.codecs.compressing.AbstractTestCompressionMode.decompress(AbstractTestCompressionMode.java:69)
   [junit4]    > 	at org.apache.lucene.codecs.compressing.AbstractTestCompressionMode.test(AbstractTestCompressionMode.java:120)
   [junit4]    > 	at org.apache.lucene.codecs.compressing.AbstractTestCompressionMode.testLUCENE5201(AbstractTestCompressionMode.java:198)
   [junit4]    > 	at java.lang.Thread.run(Thread.java:745)
   [junit4]   2> NOTE: reproduce with: ant test  -Dtestcase=TestQatCompressionDecompressionMode -Dtests.method=testPartialDecompress -Dtests.seed=EBC5DD8261295158 -Dtests.slow=true -Dtests.badapples=true -Dtests.locale=id-ID -Dtests.timezone=America/Indiana/Winamac -Dtests.asserts=true -Dtests.file.encoding=UTF-8
   [junit4] ERROR   0.01s J3 | TestQatCompressionDecompressionMode.testPartialDecompress <<<
   [junit4]    > Throwable #1: java.lang.InternalError: 
   [junit4]    > 	at __randomizedtesting.SeedInfo.seed([EBC5DD8261295158:94A94988AE153278]:0)
   [junit4]    > 	at com.intel.qat.jni.QatDecompressorJNI.decompressBytesDirect(Native Method)
   [junit4]    > 	at com.intel.qat.jni.QatDecompressorJNI.decompress(QatDecompressorJNI.java:282)
   [junit4]    > 	at org.apache.lucene.codecs.compressing.CompressionMode$QatDecompressor.decompress(CompressionMode.java:349)
   [junit4]    > 	at org.apache.lucene.codecs.compressing.AbstractTestCompressionMode.decompress(AbstractTestCompressionMode.java:81)
   [junit4]    > 	at org.apache.lucene.codecs.compressing.AbstractTestCompressionMode.testPartialDecompress(AbstractTestCompressionMode.java:109)
   [junit4]    > 	at java.lang.Thread.run(Thread.java:745)
   [junit4]   2> NOTE: reproduce with: ant test  -Dtestcase=TestQatCompressionDecompressionMode -Dtests.method=testConstant -Dtests.seed=EBC5DD8261295158 -Dtests.slow=true -Dtests.badapples=true -Dtests.locale=id-ID -Dtests.timezone=America/Indiana/Winamac -Dtests.asserts=true -Dtests.file.encoding=UTF-8
   [junit4] ERROR   0.00s J3 | TestQatCompressionDecompressionMode.testConstant <<<
   [junit4]    > Throwable #1: java.lang.InternalError: 
   [junit4]    > 	at __randomizedtesting.SeedInfo.seed([EBC5DD8261295158:6FF3C81715FA837]:0)
   [junit4]    > 	at com.intel.qat.jni.QatDecompressorJNI.decompressBytesDirect(Native Method)
   [junit4]    > 	at com.intel.qat.jni.QatDecompressorJNI.decompress(QatDecompressorJNI.java:282)
   [junit4]    > 	at org.apache.lucene.codecs.compressing.CompressionMode$QatDecompressor.decompress(CompressionMode.java:349)
   [junit4]    > 	at org.apache.lucene.codecs.compressing.AbstractTestCompressionMode.decompress(AbstractTestCompressionMode.java:74)
   [junit4]    > 	at org.apache.lucene.codecs.compressing.AbstractTestCompressionMode.decompress(AbstractTestCompressionMode.java:69)
   [junit4]    > 	at org.apache.lucene.codecs.compressing.AbstractTestCompressionMode.test(AbstractTestCompressionMode.java:120)
   [junit4]    > 	at org.apache.lucene.codecs.compressing.AbstractTestCompressionMode.test(AbstractTestCompressionMode.java:115)
   [junit4]    > 	at org.apache.lucene.codecs.compressing.AbstractTestCompressionMode.testConstant(AbstractTestCompressionMode.java:144)
   [junit4]    > 	at java.lang.Thread.run(Thread.java:745)
   [junit4]   2> NOTE: test params are: codec=Asserting(Lucene80): {}, docValues:{}, maxPointsInLeafNode=1349, maxMBSortInHeap=7.110002808113566, sim=Asserting(org.apache.lucene.search.similarities.AssertingSimilarity@602b0527), locale=id-ID, timezone=America/Indiana/Winamac
   [junit4]   2> NOTE: Linux 3.10.0-1062.4.1.el7.x86_64 amd64/Oracle Corporation 1.8.0_112 (64-bit)/cpus=96,threads=1,free=47131520,total=333971456
   [junit4]   2> NOTE: All tests run in this JVM: [TestBooleanQueryVisitSubscorers, TestSparseFixedBitSet, TestOmitPositions, TermInSetQueryTest, TestUpgradeIndexMergePolicy, TestRollback, TestSpanExplanationsOfNonMatches, TestMatchNoDocsQuery, TestExternalCodecs, TestTermVectorsWriter, TestSortedSetSortField, TestIndexWriterDelete, TestIntRange, TestForUtil, TestFilterCodecReader, TestMmapDirectory, TestLMJelinekMercerSimilarity, TestDeterminizeLexicon, TestDeterminism, TestTimeLimitingCollector, TestFstDirect, TestAxiomaticF1EXP, TestByteArrayDataInput, TestConsistentFieldNumbers, TestIndexWriterExceptions, TestNRTReaderWithThreads, TestNormsFieldExistsQuery, TestIndexCommit, TestMultiTermQueryRewrites, TestLevenshteinAutomata, TestUsageTrackingFilterCachingPolicy, TestSizeBoundedForceMerge, TestFileSwitchDirectory, TestFutureObjects, TestPolygon, TestInfoStream, TestSetOnce, TestIndexWriterOutOfFileDescriptors, TestDocumentWriter, TestLucene50StoredFieldsFormatHighCompression, TestEarlyTermination, TestMultiTermsEnum, TestPrefixCodedTerms, TestBinaryDocValuesUpdates, TestDocIdSetBuilder, TestFeatureField, TestBKDRadixSelector, TestGraphTokenizers, TestLongsRef, TestFilterSpans, TestConjunctions, TestIndexWriterDeleteByQuery, TestCharArraySet, TestRangeFieldsDocValuesQuery, TestLucene50StoredFieldsFormat, TestBooleanOr, TestSimilarityProvider, TestSegmentMerger, TestConjunctionDISI, TestMatchesIterator, TestMultiThreadTermVectors, TestDisjunctionMaxQuery, TestBasicModelIne, TestBasicModelIF, TestDistributionLL, TestIndexedDISI, TestIndependenceSaturated, TestBlockPostingsFormat, TestIndexWriter, TestPerFieldPostingsFormat, TestIndexWriterReader, TestConcurrentMergeScheduler, TestCollectionUtil, TestByteBuffersDirectory, TestLucene80NormsFormatMergeInstance, TestDoubleValuesSource, TestLRUQueryCache, TestLongRangeFieldQueries, TestMultiMMap, TestBoolean2, TestAutomatonQuery, TestBooleanScorer, TestLucene50StoredFieldsFormatMergeInstance, TestCheckIndex, TestStressIndexing2, TestCharTermAttributeImpl, TestPrefixInBooleanQuery, TestSingleInstanceLockFactory, TestExitableDirectoryReader, TestRadixSelector, TestQatCompressionDecompressionMode]
   [junit4] Completed [370/525 (3!)] on J3 in 0.26s, 7 tests, 5 errors <<< FAILURES!
   [junit4] 
   [junit4] Suite: org.apache.lucene.index.TestCrash
   [junit4] Completed [371/525 (3!)] on J2 in 0.25s, 5 tests
   [junit4] 
   [junit4] Suite: org.apache.lucene.search.similarities.TestSimilarityBase
   [junit4] Completed [372/525 (3!)] on J0 in 0.25s, 27 tests
   [junit4] 
   [junit4] Suite: org.apache.lucene.analysis.TestCachingTokenFilter
   [junit4] Completed [373/525 (3!)] on J1 in 0.25s, 2 tests
   [junit4] 
   [junit4] Suite: org.apache.lucene.analysis.TestGraphTokenFilter
   [junit4] Completed [374/525 (3!)] on J3 in 0.25s, 4 tests
   [junit4] 
   [junit4] Suite: org.apache.lucene.analysis.TestReusableStringReader
   [junit4] Completed [375/525 (3!)] on J2 in 0.25s, 1 test
   [junit4] 
   [junit4] Suite: org.apache.lucene.analysis.TestStopFilter
   [junit4] Completed [376/525 (3!)] on J0 in 0.25s, 5 tests
   [junit4] 
   [junit4] Suite: org.apache.lucene.codecs.TestCodecUtil
   [junit4] Completed [377/525 (3!)] on J1 in 0.25s, 16 tests
   [junit4] 
   [junit4] Suite: org.apache.lucene.codecs.lucene70.TestLucene70SegmentInfoFormat
   [junit4] Completed [378/525 (3!)] on J3 in 0.25s, 16 tests
   [junit4] 
   [junit4] Suite: org.apache.lucene.codecs.perfield.TestPerFieldPostingsFormat2
   [junit4] Completed [379/525 (3!)] on J2 in 0.25s, 6 tests
   [junit4] 
   [junit4] Suite: org.apache.lucene.document.TestFeatureSort
   [junit4] Completed [380/525 (3!)] on J0 in 0.25s, 6 tests
   [junit4] 
   [junit4] Suite: org.apache.lucene.document.TestFloatRange
   [junit4] Completed [381/525 (3!)] on J1 in 0.25s, 1 test
   [junit4] 
   [junit4] Suite: org.apache.lucene.index.TestAllFilesHaveCodecHeader
   [junit4] Completed [382/525 (3!)] on J3 in 0.25s, 1 test
   [junit4] 
   [junit4] Suite: org.apache.lucene.index.TestDoc
   [junit4] Completed [383/525 (3!)] on J0 in 0.25s, 1 test
   [junit4] 
   [junit4] Suite: org.apache.lucene.index.TestCustomNorms
   [junit4] Completed [384/525 (3!)] on J2 in 0.50s, 1 test
   [junit4] 
   [junit4] Suite: org.apache.lucene.index.TestDocValues
   [junit4] Completed [385/525 (3!)] on J1 in 0.25s, 8 tests
   [junit4] 
   [junit4] Suite: org.apache.lucene.index.TestDocValuesIndexing
   [junit4] Completed [386/525 (3!)] on J3 in 0.25s, 34 tests
   [junit4] 
   [junit4] Suite: org.apache.lucene.index.TestFieldInfos
   [junit4] Completed [387/525 (3!)] on J0 in 0.25s, 4 tests
   [junit4] 
   [junit4] Suite: org.apache.lucene.index.TestFieldReuse
   [junit4] Completed [388/525 (3!)] on J2 in 0.25s, 2 tests
   [junit4] 
   [junit4] Suite: org.apache.lucene.index.TestIndexReaderClose
   [junit4] Completed [389/525 (3!)] on J1 in 0.25s, 3 tests
   [junit4] 
   [junit4] Suite: org.apache.lucene.index.TestIndexTooManyDocs
   [junit4] Completed [390/525 (3!)] on J3 in 0.25s, 1 test
   [junit4] 
   [junit4] Suite: org.apache.lucene.index.TestIndexWriterOnVMError
   [junit4] IGNOR/A 0.00s J0 | TestIndexWriterOnVMError.testCheckpoint
   [junit4]    > Assumption #1: 'nightly' test group is disabled (@Nightly())
   [junit4] Completed [391/525 (3!)] on J0 in 0.25s, 3 tests, 1 skipped
   [junit4] 
   [junit4] Suite: org.apache.lucene.index.TestMergeRateLimiter
   [junit4] Completed [392/525 (3!)] on J2 in 0.25s, 1 test
   [junit4] 
   [junit4] Suite: org.apache.lucene.index.TestMultiDocValues
   [junit4] Completed [393/525 (3!)] on J1 in 0.25s, 7 tests
   [junit4] 
   [junit4] Suite: org.apache.lucene.index.TestNoMergePolicy
   [junit4] Completed [394/525 (3!)] on J3 in 0.25s, 7 tests
   [junit4] 
   [junit4] Suite: org.apache.lucene.index.TestOmitTf
   [junit4] Completed [395/525 (3!)] on J0 in 0.25s, 4 tests
   [junit4] 
   [junit4] Suite: org.apache.lucene.index.TestParallelLeafReader
   [junit4] Completed [396/525 (3!)] on J2 in 0.25s, 10 tests
   [junit4] 
   [junit4] Suite: org.apache.lucene.index.TestPerSegmentDeletes
   [junit4] Completed [397/525 (3!)] on J1 in 0.25s, 1 test
   [junit4] 
   [junit4] Suite: org.apache.lucene.index.TestSegmentTermDocs
   [junit4] Completed [398/525 (3!)] on J3 in 0.25s, 4 tests
   [junit4] 
   [junit4] Suite: org.apache.lucene.index.TestSoftDeletesRetentionMergePolicy
   [junit4] Completed [399/525 (3!)] on J0 in 0.25s, 14 tests
   [junit4] 
   [junit4] Suite: org.apache.lucene.index.TestSortedSetDocValues
   [junit4] Completed [400/525 (3!)] on J2 in 0.25s, 1 test
   [junit4] 
   [junit4] Suite: org.apache.lucene.index.TestStressNRT
   [junit4] Completed [401/525 (3!)] on J1 in 0.25s, 1 test
   [junit4] 
   [junit4] Suite: org.apache.lucene.index.TestTwoPhaseCommitTool
   [junit4] Completed [402/525 (3!)] on J3 in 0.25s, 3 tests
   [junit4] 
   [junit4] Suite: org.apache.lucene.search.FuzzyTermOnShortTermsTest
   [junit4] Completed [403/525 (3!)] on J0 in 0.25s, 1 test
   [junit4] 
   [junit4] Suite: org.apache.lucene.search.MultiCollectorTest
   [junit4] Completed [404/525 (3!)] on J2 in 0.25s, 4 tests
   [junit4] 
   [junit4] Suite: org.apache.lucene.search.TestApproximationSearchEquivalence
   [junit4] Completed [405/525 (3!)] on J1 in 0.25s, 10 tests
   [junit4] 
   [junit4] Suite: org.apache.lucene.search.TestBooleanQuery
   [junit4] Completed [406/525 (3!)] on J3 in 0.25s, 22 tests
   [junit4] 
   [junit4] Suite: org.apache.lucene.search.TestConstantScoreScorer
   [junit4] Completed [407/525 (3!)] on J0 in 0.25s, 7 tests
   [junit4] 
   [junit4] Suite: org.apache.lucene.search.TestMatchAllDocsQuery
   [junit4] Completed [408/525 (3!)] on J1 in 0.25s, 3 tests
   [junit4] 
   [junit4] Suite: org.apache.lucene.search.TestMultiTermConstantScore
   [junit4] Completed [409/525 (3!)] on J3 in 0.25s, 7 tests
   [junit4] 
   [junit4] Suite: org.apache.lucene.search.TestCustomSearcherSort
   [junit4] Completed [410/525 (3!)] on J2 in 0.51s, 2 tests
   [junit4] 
   [junit4] Suite: org.apache.lucene.search.TestNeedsScores
   [junit4] Completed [411/525 (3!)] on J0 in 0.25s, 4 tests
   [junit4] 
   [junit4] Suite: org.apache.lucene.search.TestQueryVisitor
   [junit4] Completed [412/525 (3!)] on J1 in 0.26s, 4 tests
   [junit4] 
   [junit4] Suite: org.apache.lucene.search.TestReqOptSumScorer
   [junit4] Completed [413/525 (3!)] on J3 in 0.25s, 5 tests
   [junit4] 
   [junit4] Suite: org.apache.lucene.search.TestSort
   [junit4] Completed [414/525 (3!)] on J2 in 0.25s, 25 tests
   [junit4] 
   [junit4] Suite: org.apache.lucene.search.TestWildcard
   [junit4] Completed [415/525 (3!)] on J0 in 0.25s, 8 tests
   [junit4] 
   [junit4] Suite: org.apache.lucene.search.spans.TestNearSpansOrdered
   [junit4] Completed [416/525 (3!)] on J1 in 0.25s, 19 tests
   [junit4] 
   [junit4] Suite: org.apache.lucene.search.spans.TestSpanExplanations
   [junit4] Completed [417/525 (3!)] on J3 in 0.25s, 30 tests
   [junit4] 
   [junit4] Suite: org.apache.lucene.search.spans.TestSpanMultiTermQueryWrapper
   [junit4] Completed [418/525 (3!)] on J2 in 0.25s, 9 tests
   [junit4] 
   [junit4] Suite: org.apache.lucene.search.spans.TestSpans
   [junit4] Completed [419/525 (3!)] on J0 in 0.25s, 25 tests
   [junit4] 
   [junit4] Suite: org.apache.lucene.util.TestFilterIterator
   [junit4] Completed [420/525 (3!)] on J1 in 0.25s, 8 tests
   [junit4] 
   [junit4] Suite: org.apache.lucene.util.TestIOUtils
   [junit4] Completed [421/525 (3!)] on J3 in 0.25s, 21 tests
   [junit4] 
   [junit4] Suite: org.apache.lucene.util.TestQueryBuilder
   [junit4] Completed [422/525 (3!)] on J0 in 0.25s, 25 tests
   [junit4] 
   [junit4] Suite: org.apache.lucene.util.TestPriorityQueue
   [junit4] Completed [423/525 (3!)] on J2 in 0.50s, 10 tests
   [junit4] 
   [junit4] Suite: org.apache.lucene.util.TestRamUsageEstimator
   [junit4] IGNOR/A 0.00s J1 | TestRamUsageEstimator.testPrintValues
   [junit4]    > Assumption #1: Specify -Dtests.verbose=true to print constants of RamUsageEstimator.
   [junit4] Completed [424/525 (3!)] on J1 in 0.25s, 10 tests, 1 skipped
   [junit4] 
   [junit4] Suite: org.apache.lucene.util.TestTimSorter
   [junit4] Completed [425/525 (3!)] on J3 in 0.25s, 9 tests
   [junit4] 
   [junit4] Suite: org.apache.lucene.util.TestVersion
   [junit4] Completed [426/525 (3!)] on J0 in 0.25s, 11 tests
   [junit4] 
   [junit4] Suite: org.apache.lucene.TestSearchForDuplicates
   [junit4] Completed [427/525 (3!)] on J2 in 0.25s, 1 test
   [junit4] 
   [junit4] Suite: org.apache.lucene.analysis.TestAnalyzerWrapper
   [junit4] Completed [428/525 (3!)] on J1 in 0.25s, 1 test
   [junit4] 
   [junit4] Suite: org.apache.lucene.analysis.TestDelegatingAnalyzerWrapper
   [junit4] Completed [429/525 (3!)] on J3 in 0.25s, 3 tests
   [junit4] 
   [junit4] Suite: org.apache.lucene.analysis.TestWordlistLoader
   [junit4] Completed [430/525 (3!)] on J0 in 0.25s, 3 tests
   [junit4] 
   [junit4] Suite: org.apache.lucene.analysis.tokenattributes.TestPackedTokenAttributeImpl
   [junit4] Completed [431/525 (3!)] on J2 in 0.25s, 4 tests
   [junit4] 
   [junit4] Suite: org.apache.lucene.analysis.tokenattributes.TestSimpleAttributeImpl
   [junit4] Completed [432/525 (3!)] on J1 in 0.25s, 1 test
   [junit4] 
   [junit4] Suite: org.apache.lucene.codecs.lucene50.TestLucene50LiveDocsFormat
   [junit4] IGNOR/A 0.00s J0 | TestLucene50LiveDocsFormat.testOverflow
   [junit4]    > Assumption #1: 'monster' test group is disabled (@Monster(value=Uses lots of memory))
   [junit4] Completed [433/525 (3!)] on J0 in 0.25s, 4 tests, 1 skipped
   [junit4] 
   [junit4] Suite: org.apache.lucene.codecs.compressing.TestHighCompressionMode
   [junit4] Completed [434/525 (3!)] on J3 in 0.50s, 7 tests
   [junit4] 
   [junit4] Suite: org.apache.lucene.document.TestDateTools
   [junit4] Completed [435/525 (3!)] on J2 in 0.25s, 5 tests
   [junit4] 
   [junit4] Suite: org.apache.lucene.document.TestDoubleRange
   [junit4] Completed [436/525 (3!)] on J1 in 0.25s, 1 test
   [junit4] 
   [junit4] Suite: org.apache.lucene.document.TestLongDistanceFeatureQuery
   [junit4] Completed [437/525 (3!)] on J0 in 0.25s, 7 tests
   [junit4] 
   [junit4] Suite: org.apache.lucene.document.TestLongRange
   [junit4] Completed [438/525 (3!)] on J3 in 0.25s, 1 test
   [junit4] 
   [junit4] Suite: org.apache.lucene.index.TestAllFilesHaveChecksumFooter
   [junit4] Completed [439/525 (3!)] on J2 in 0.26s, 1 test
   [junit4] 
   [junit4] Suite: org.apache.lucene.index.TestCodecHoldsOpenFiles
   [junit4] Completed [440/525 (3!)] on J1 in 0.25s, 1 test
   [junit4] 
   [junit4] Suite: org.apache.lucene.index.TestCrashCausesCorruptIndex
   [junit4] Completed [441/525 (3!)] on J0 in 0.25s, 1 test
   [junit4] 
   [junit4] Suite: org.apache.lucene.index.TestCustomTermFreq
   [junit4] Completed [442/525 (3!)] on J3 in 0.25s, 12 tests
   [junit4] 
   [junit4] Suite: org.apache.lucene.index.TestDocCount
   [junit4] Completed [443/525 (3!)] on J2 in 0.25s, 1 test
   [junit4] 
   [junit4] Suite: org.apache.lucene.index.TestDocIDMerger
   [junit4] Completed [444/525 (3!)] on J1 in 0.25s, 2 tests
   [junit4] 
   [junit4] Suite: org.apache.lucene.index.TestDocInverterPerFieldErrorInfo
   [junit4] Completed [445/525 (3!)] on J0 in 0.25s, 2 tests
   [junit4] 
   [junit4] Suite: org.apache.lucene.index.TestDocValuesFieldUpdates
   [junit4] Completed [446/525 (3!)] on J3 in 0.25s, 5 tests
   [junit4] 
   [junit4] Suite: org.apache.lucene.index.TestDocsWithFieldSet
   [junit4] Completed [447/525 (3!)] on J2 in 0.25s, 3 tests
   [junit4] 
   [junit4] Suite: org.apache.lucene.index.TestDocumentsWriterDeleteQueue
   [junit4] Completed [448/525 (3!)] on J1 in 0.25s, 6 tests
   [junit4] 
   [junit4] Suite: org.apache.lucene.index.TestExceedMaxTermLength
   [junit4] Completed [449/525 (3!)] on J0 in 0.25s, 1 test
   [junit4] 
   [junit4] Suite: org.apache.lucene.index.TestFieldInvertState
   [junit4] Completed [450/525 (3!)] on J3 in 0.25s, 2 tests
   [junit4] 
   [junit4] Suite: org.apache.lucene.index.TestFilterMergePolicy
   [junit4] Completed [451/525 (3!)] on J2 in 0.25s, 1 test
   [junit4] 
   [junit4] Suite: org.apache.lucene.index.TestFlex
   [junit4] Completed [452/525 (3!)] on J1 in 0.25s, 2 tests
   [junit4] 
   [junit4] Suite: org.apache.lucene.index.TestForceMergeForever
   [junit4] Completed [453/525 (3!)] on J0 in 0.25s, 1 test
   [junit4] 
   [junit4] Suite: org.apache.lucene.index.TestIndexWriterConfig
   [junit4] Completed [454/525 (3!)] on J3 in 0.25s, 8 tests
   [junit4] 
   [junit4] Suite: org.apache.lucene.index.TestIndexWriterLockRelease
   [junit4] Completed [455/525 (3!)] on J2 in 0.25s, 1 test
   [junit4] 
   [junit4] Suite: org.apache.lucene.index.TestIndexWriterOnDiskFull
   [junit4] Completed [456/525 (3!)] on J1 in 0.50s, 4 tests
   [junit4] 
   [junit4] Suite: org.apache.lucene.index.TestIntBlockPool
   [junit4] Completed [457/525 (3!)] on J0 in 0.25s, 2 tests
   [junit4] 
   [junit4] Suite: org.apache.lucene.index.TestLazyProxSkipping
   [junit4] Completed [458/525 (3!)] on J3 in 0.25s, 2 tests
   [junit4] 
   [junit4] Suite: org.apache.lucene.index.TestMaxPosition
   [junit4] Completed [459/525 (3!)] on J2 in 0.25s, 2 tests
   [junit4] 
   [junit4] Suite: org.apache.lucene.index.TestMaxTermFrequency
   [junit4] Completed [460/525 (3!)] on J1 in 0.25s, 1 test
   [junit4] 
   [junit4] Suite: org.apache.lucene.index.TestMultiFields
   [junit4] Completed [461/525 (3!)] on J0 in 0.25s, 3 tests
   [junit4] 
   [junit4] Suite: org.apache.lucene.index.TestNRTReaderCleanup
   [junit4] Completed [462/525 (3!)] on J3 in 0.25s, 1 test
   [junit4] 
   [junit4] Suite: org.apache.lucene.index.TestNewestSegment
   [junit4] Completed [463/525 (3!)] on J2 in 0.26s, 1 test
   [junit4] 
   [junit4] Suite: org.apache.lucene.index.TestNoDeletionPolicy
   [junit4] Completed [464/525 (3!)] on J1 in 0.25s, 4 tests
   [junit4] 
   [junit4] Suite: org.apache.lucene.index.TestNoMergeScheduler
   [junit4] Completed [465/525 (3!)] on J0 in 0.25s, 3 tests
   [junit4] 
   [junit4] Suite: org.apache.lucene.index.TestPayloads
   [junit4] Completed [466/525 (3!)] on J3 in 0.25s, 7 tests
   [junit4] 
   [junit4] Suite: org.apache.lucene.index.TestPayloadsOnVectors
   [junit4] Completed [467/525 (3!)] on J2 in 0.25s, 3 tests
   [junit4] 
   [junit4] Suite: org.apache.lucene.index.TestPendingSoftDeletes
   [junit4] Completed [468/525 (3!)] on J1 in 0.25s, 8 tests
   [junit4] 
   [junit4] Suite: org.apache.lucene.index.TestSameTokenSamePosition
   [junit4] Completed [469/525 (3!)] on J0 in 0.25s, 2 tests
   [junit4] 
   [junit4] Suite: org.apache.lucene.index.TestSumDocFreq
   [junit4] Completed [470/525 (3!)] on J3 in 0.25s, 1 test
   [junit4] 
   [junit4] Suite: org.apache.lucene.index.TestTerm
   [junit4] Completed [471/525 (3!)] on J2 in 0.25s, 1 test
   [junit4] 
   [junit4] Suite: org.apache.lucene.index.TestTermStates
   [junit4] Completed [472/525 (3!)] on J1 in 0.25s, 1 test
   [junit4] 
   [junit4] Suite: org.apache.lucene.index.TestTermdocPerf
   [junit4] Completed [473/525 (3!)] on J0 in 0.25s, 1 test
   [junit4] 
   [junit4] Suite: org.apache.lucene.index.TestTermsEnum2
   [junit4] Completed [474/525 (3!)] on J3 in 0.25s, 4 tests
   [junit4] 
   [junit4] Suite: org.apache.lucene.index.TestTransactionRollback
   [junit4] Completed [475/525 (3!)] on J2 in 0.25s, 2 tests
   [junit4] 
   [junit4] Suite: org.apache.lucene.index.TestTryDelete
   [junit4] Completed [476/525 (3!)] on J1 in 0.25s, 3 tests
   [junit4] 
   [junit4] Suite: org.apache.lucene.index.TestUniqueTermCount
   [junit4] Completed [477/525 (3!)] on J0 in 0.25s, 1 test
   [junit4] 
   [junit4] Suite: org.apache.lucene.search.TestBoolean2ScorerSupplier
   [junit4] Completed [478/525 (3!)] on J3 in 0.25s, 10 tests
   [junit4] 
   [junit4] Suite: org.apache.lucene.search.TestCachingCollector
   [junit4] Completed [479/525 (3!)] on J2 in 0.25s, 4 tests
   [junit4] 
   [junit4] Suite: org.apache.lucene.search.TestConstantScoreQuery
   [junit4] Completed [480/525 (3!)] on J1 in 0.25s, 5 tests
   [junit4] 
   [junit4] Suite: org.apache.lucene.search.TestDateSort
   [junit4] Completed [481/525 (3!)] on J0 in 0.25s, 1 test
   [junit4] 
   [junit4] Suite: org.apache.lucene.search.TestIndexOrDocValuesQuery
   [junit4] Completed [482/525 (3!)] on J3 in 0.25s, 1 test
   [junit4] 
   [junit4] Suite: org.apache.lucene.search.TestMaxScoreSumPropagator
   [junit4] Completed [483/525 (3!)] on J2 in 0.25s, 6 tests
   [junit4] 
   [junit4] Suite: org.apache.lucene.search.TestMultiCollector
   [junit4] Completed [484/525 (3!)] on J1 in 0.25s, 3 tests
   [junit4] 
   [junit4] Suite: org.apache.lucene.search.TestMultiPhraseEnum
   [junit4] Completed [485/525 (3!)] on J0 in 0.25s, 2 tests
   [junit4] 
   [junit4] Suite: org.apache.lucene.search.TestNGramPhraseQuery
   [junit4] Completed [486/525 (3!)] on J3 in 0.25s, 1 test
   [junit4] 
   [junit4] Suite: org.apache.lucene.search.TestNot
   [junit4] Completed [487/525 (3!)] on J2 in 0.25s, 1 test
   [junit4] 
   [junit4] Suite: org.apache.lucene.search.TestPositionIncrement
   [junit4] Completed [488/525 (3!)] on J1 in 0.25s, 2 tests
   [junit4] 
   [junit4] Suite: org.apache.lucene.search.TestQueryRescorer
   [junit4] Completed [489/525 (3!)] on J0 in 0.25s, 6 tests
   [junit4] 
   [junit4] Suite: org.apache.lucene.search.TestRegexpQuery
   [junit4] Completed [490/525 (3!)] on J3 in 0.25s, 7 tests
   [junit4] 
   [junit4] Suite: org.apache.lucene.search.TestRegexpRandom
   [junit4] Completed [491/525 (3!)] on J2 in 0.25s, 1 test
   [junit4] 
   [junit4] Suite: org.apache.lucene.search.TestScoreCachingWrappingScorer
   [junit4] Completed [492/525 (3!)] on J1 in 0.25s, 1 test
   [junit4] 
   [junit4] Suite: org.apache.lucene.search.TestSearchAfter
   [junit4] Completed [493/525 (3!)] on J0 in 0.26s, 1 test
   [junit4] 
   [junit4] Suite: org.apache.lucene.search.TestSortedNumericSortField
   [junit4] Completed [494/525 (3!)] on J3 in 0.25s, 9 tests
   [junit4] 
   [junit4] Suite: org.apache.lucene.search.TestTermRangeQuery
   [junit4] Completed [495/525 (3!)] on J2 in 0.25s, 7 tests
   [junit4] 
   [junit4] Suite: org.apache.lucene.search.TestTopDocsCollector
   [junit4] Completed [496/525 (3!)] on J1 in 0.25s, 9 tests
   [junit4] 
   [junit4] Suite: org.apache.lucene.search.TestTopDocsMerge
   [junit4] Completed [497/525 (3!)] on J0 in 0.25s, 5 tests
   [junit4] 
   [junit4] Suite: org.apache.lucene.search.TestTopFieldCollector
   [junit4] Completed [498/525 (3!)] on J3 in 0.25s, 9 tests
   [junit4] 
   [junit4] Suite: org.apache.lucene.search.TestTotalHitCountCollector
   [junit4] Completed [499/525 (3!)] on J2 in 0.25s, 1 test
   [junit4] 
   [junit4] Suite: org.apache.lucene.search.TestTotalHits
   [junit4] Completed [500/525 (3!)] on J1 in 0.25s, 1 test
   [junit4] 
   [junit4] Suite: org.apache.lucene.search.similarities.TestAxiomaticSimilarity
   [junit4] Completed [501/525 (3!)] on J0 in 0.25s, 3 tests
   [junit4] 
   [junit4] Suite: org.apache.lucene.search.spans.TestSpanBoostQuery
   [junit4] Completed [502/525 (3!)] on J3 in 0.25s, 2 tests
   [junit4] 
   [junit4] Suite: org.apache.lucene.search.spans.TestSpanCollection
   [junit4] Completed [503/525 (3!)] on J2 in 0.25s, 3 tests
   [junit4] 
   [junit4] Suite: org.apache.lucene.search.spans.TestSpanContainQuery
   [junit4] Completed [504/525 (3!)] on J1 in 0.25s, 4 tests
   [junit4] 
   [junit4] Suite: org.apache.lucene.search.spans.TestSpanFirstQuery
   [junit4] Completed [505/525 (3!)] on J0 in 0.25s, 1 test
   [junit4] 
   [junit4] Suite: org.apache.lucene.search.spans.TestSpanNotQuery
   [junit4] Completed [506/525 (3!)] on J3 in 0.25s, 3 tests
   [junit4] 
   [junit4] Suite: org.apache.lucene.search.spans.TestSpanTermQuery
   [junit4] Completed [507/525 (3!)] on J2 in 0.25s, 2 tests
   [junit4] 
   [junit4] Suite: org.apache.lucene.store.TestBufferedChecksum
   [junit4] Completed [508/525 (3!)] on J1 in 0.25s, 2 tests
   [junit4] 
   [junit4] Suite: org.apache.lucene.util.TestBytesRef
   [junit4] Completed [509/525 (3!)] on J0 in 0.25s, 4 tests
   [junit4] 
   [junit4] Suite: org.apache.lucene.util.TestBytesRefArray
   [junit4] Completed [510/525 (3!)] on J3 in 0.26s, 2 tests
   [junit4] 
   [junit4] Suite: org.apache.lucene.util.TestCloseableThreadLocal
   [junit4] Completed [511/525 (3!)] on J2 in 0.25s, 3 tests
   [junit4] 
   [junit4] Suite: org.apache.lucene.util.TestFrequencyTrackingRingBuffer
   [junit4] Completed [512/525 (3!)] on J1 in 0.25s, 2 tests
   [junit4] 
   [junit4] Suite: org.apache.lucene.util.TestFutureArrays
   [junit4] Completed [513/525 (3!)] on J0 in 0.25s, 10 tests
   [junit4] 
   [junit4] Suite: org.apache.lucene.util.TestInPlaceMergeSorter
   [junit4] Completed [514/525 (3!)] on J3 in 0.25s, 9 tests
   [junit4] 
   [junit4] Suite: org.apache.lucene.util.TestRecyclingByteBlockAllocator
   [junit4] Completed [515/525 (3!)] on J2 in 0.25s, 3 tests
   [junit4] 
   [junit4] Suite: org.apache.lucene.util.TestSmallFloat
   [junit4] Completed [516/525 (3!)] on J1 in 0.25s, 4 tests
   [junit4] 
   [junit4] Suite: org.apache.lucene.util.TestUnicodeUtil
   [junit4] Completed [517/525 (3!)] on J0 in 0.25s, 5 tests
   [junit4] 
   [junit4] Suite: org.apache.lucene.util.TestVirtualMethod
   [junit4] Completed [518/525 (3!)] on J3 in 0.25s, 2 tests
   [junit4] 
   [junit4] Suite: org.apache.lucene.util.automaton.LimitedFiniteStringsIteratorTest
   [junit4] Completed [519/525 (3!)] on J2 in 0.25s, 6 tests
   [junit4] 
   [junit4] Suite: org.apache.lucene.index.Test2BBinaryDocValues
   [junit4] IGNOR/A 0.00s J3 | Test2BBinaryDocValues.testVariableBinary
   [junit4]    > Assumption #1: 'monster' test group is disabled (@Monster(value=takes ~ 6 hours if the heap is 5gb))
   [junit4] IGNOR/A 0.00s J3 | Test2BBinaryDocValues.testFixedBinary
   [junit4]    > Assumption #1: 'monster' test group is disabled (@Monster(value=takes ~ 6 hours if the heap is 5gb))
   [junit4] Completed [520/525 (3!)] on J3 in 0.00s, 2 tests, 2 skipped
   [junit4] 
   [junit4] Suite: org.apache.lucene.index.Test2BDocs
   [junit4] IGNOR/A 0.00s J2 | Test2BDocs.test2BDocs
   [junit4]    > Assumption #1: 'monster' test group is disabled (@Monster(value=Takes ~30min))
   [junit4] Completed [521/525 (3!)] on J2 in 0.00s, 1 test, 1 skipped
   [junit4] 
   [junit4] Suite: org.apache.lucene.util.automaton.TestCompiledAutomaton
   [junit4] Completed [522/525 (3!)] on J1 in 0.25s, 6 tests
   [junit4] 
   [junit4] Suite: org.apache.lucene.util.bkd.TestBKDRadixSort
   [junit4] Completed [523/525 (3!)] on J0 in 0.25s, 5 tests
   [junit4] 
   [junit4] Suite: org.apache.lucene.index.Test2BPoints
   [junit4] IGNOR/A 0.00s J3 | Test2BPoints.test2D
   [junit4]    > Assumption #1: 'monster' test group is disabled (@Monster(value=takes at least 4 hours and consumes many GB of temp disk space))
   [junit4] IGNOR/A 0.00s J3 | Test2BPoints.test1D
   [junit4]    > Assumption #1: 'monster' test group is disabled (@Monster(value=takes at least 4 hours and consumes many GB of temp disk space))
   [junit4] Completed [524/525 (3!)] on J3 in 0.00s, 2 tests, 2 skipped
   [junit4] 
   [junit4] Suite: org.apache.lucene.index.Test2BPostingsBytes
   [junit4] IGNOR/A 0.00s J2 | Test2BPostingsBytes.test
   [junit4]    > Assumption #1: 'monster' test group is disabled (@Monster(value=takes ~20GB-30GB of space and 10 minutes))
   [junit4] Completed [525/525 (3!)] on J2 in 0.00s, 1 test, 1 skipped
   [junit4] 
   [junit4] JVM J0: stderr was not empty, see: /mnt/DP_disk2/GIT/lucene-solr_idea/lucene/build/core/test/temp/junit4-J0-20191223_173216_4692839533463504131368.syserr
   [junit4] >>> JVM J0 emitted unexpected output (verbatim) ----
   [junit4] compression level is 1, tid is 241993
   [junit4] <<< JVM J0: EOF ----
   [junit4] JVM J3: stderr was not empty, see: /mnt/DP_disk2/GIT/lucene-solr_idea/lucene/build/core/test/temp/junit4-J3-20191223_173216_469657275788351434365.syserr
   [junit4] >>> JVM J3 emitted unexpected output (verbatim) ----
   [junit4] compression level is 1, tid is 240457
   [junit4] <<< JVM J3: EOF ----
   [junit4] JVM J2: stderr was not empty, see: /mnt/DP_disk2/GIT/lucene-solr_idea/lucene/build/core/test/temp/junit4-J2-20191223_173216_4693331353374137690353.syserr
   [junit4] >>> JVM J2 emitted unexpected output (verbatim) ----
   [junit4] compression level is 1, tid is 241091
   [junit4] <<< JVM J2: EOF ----
   [junit4] 
   [junit4] Tests with failures [seed: EBC5DD8261295158] (first 10 out of 18):
   [junit4]   - org.apache.lucene.index.TestIndexWriterExceptions.testRandomExceptionsThreads
   [junit4]   - org.apache.lucene.index.TestIndexWriterExceptions.testTermVectorExceptions
   [junit4]   - org.apache.lucene.index.TestIndexWriterExceptions.testRandomExceptions
   [junit4]   - org.apache.lucene.index.TestIndexWriterExceptions.testDocumentsWriterExceptionThreads
   [junit4]   - org.apache.lucene.index.TestIndexWriterExceptions.testExceptionDocumentsWriterInit
   [junit4]   - org.apache.lucene.index.TestIndexWriterExceptions.testNullStoredBytesFieldReuse
   [junit4]   - org.apache.lucene.index.TestIndexWriterExceptions.testDocumentsWriterExceptions
   [junit4]   - org.apache.lucene.index.TestIndexWriterExceptions.testExceptionJustBeforeFlush
   [junit4]   - org.apache.lucene.index.TestIndexWriterExceptions.testNullStoredFieldReuse
   [junit4]   - org.apache.lucene.index.TestIndexWriterExceptions.testDocumentsWriterExceptionFailOneDoc
   [junit4] 
   [junit4] 
   [junit4] JVM J0:     0.40 ..   157.84 =   157.44s
   [junit4] JVM J1:     0.40 ..   157.84 =   157.44s
   [junit4] JVM J2:     0.40 ..   158.05 =   157.65s
   [junit4] JVM J3:     0.40 ..   157.98 =   157.57s
   [junit4] Execution time total: 2 minutes 38 seconds
   [junit4] Tests summary: 525 suites (1 ignored), 4493 tests, 1 suite-level error, 15 errors, 2 failures, 98 ignored (91 assumptions)
