Buildfile: /mnt/DP_disk2/GIT/lucene-solr_idea/build.xml

clean:

clean:
   [delete] Deleting directory /mnt/DP_disk2/GIT/lucene-solr_idea/lucene/build

clean:
   [delete] Deleting directory /mnt/DP_disk2/GIT/lucene-solr_idea/solr/build

ivy-availability-check:
[loadresource] Do not set property disallowed.ivy.jars.list as its length is 0.

-ivy-fail-disallowed-ivy-version:

ivy-fail:

ivy-configure:
[ivy:configure] :: Apache Ivy 2.4.0 - 20141213170938 :: http://ant.apache.org/ivy/ ::
[ivy:configure] :: loading settings :: file = /mnt/DP_disk2/GIT/lucene-solr_idea/lucene/top-level-ivy-settings.xml

resolve-groovy:
[ivy:cachepath] :: resolving dependencies :: org.codehaus.groovy#groovy-all-caller;working
[ivy:cachepath] 	confs: [default]
[ivy:cachepath] 	found org.codehaus.groovy#groovy-all;2.4.16 in public
[ivy:cachepath] :: resolution report :: resolve 74ms :: artifacts dl 1ms
	---------------------------------------------------------------------
	|                  |            modules            ||   artifacts   |
	|       conf       | number| search|dwnlded|evicted|| number|dwnlded|
	---------------------------------------------------------------------
	|      default     |   1   |   0   |   0   |   0   ||   1   |   0   |
	---------------------------------------------------------------------

test:

ivy-availability-check:
[loadresource] Do not set property disallowed.ivy.jars.list as its length is 0.

-ivy-fail-disallowed-ivy-version:

ivy-fail:

ivy-configure:
[ivy:configure] :: loading settings :: file = /mnt/DP_disk2/GIT/lucene-solr_idea/lucene/top-level-ivy-settings.xml

-clover.load:

resolve-groovy:

-init-totals:

test-core:

-clover.disable:

ivy-availability-check:
[loadresource] Do not set property disallowed.ivy.jars.list as its length is 0.

-ivy-fail-disallowed-ivy-version:

ivy-fail:

ivy-configure:
[ivy:configure] :: loading settings :: file = /mnt/DP_disk2/GIT/lucene-solr_idea/lucene/top-level-ivy-settings.xml

-clover.load:

-clover.classpath:

-clover.setup:

clover:

-check-git-state:

-git-cleanroot:

-copy-git-state:
     [copy] Copying 1 file to /mnt/DP_disk2/GIT/lucene-solr_idea/lucene/build

git-autoclean:

resolve:

init:

compile-core:
    [mkdir] Created dir: /mnt/DP_disk2/GIT/lucene-solr_idea/lucene/build/core/classes/java
    [javac] Compiling 881 source files to /mnt/DP_disk2/GIT/lucene-solr_idea/lucene/build/core/classes/java
    [javac] Note: Some input files use or override a deprecated API.
    [javac] Note: Recompile with -Xlint:deprecation for details.
    [javac] Creating empty /mnt/DP_disk2/GIT/lucene-solr_idea/lucene/build/core/classes/java/org/apache/lucene/util/graph/package-info.class
    [javac] Creating empty /mnt/DP_disk2/GIT/lucene-solr_idea/lucene/build/core/classes/java/org/apache/lucene/document/package-info.class
    [javac] Creating empty /mnt/DP_disk2/GIT/lucene-solr_idea/lucene/build/core/classes/java/org/apache/lucene/package-info.class
    [javac] Creating empty /mnt/DP_disk2/GIT/lucene-solr_idea/lucene/build/core/classes/java/org/apache/lucene/util/bkd/package-info.class
    [javac] Creating empty /mnt/DP_disk2/GIT/lucene-solr_idea/lucene/build/core/classes/java/org/apache/lucene/codecs/compressing/package-info.class
    [javac] Creating empty /mnt/DP_disk2/GIT/lucene-solr_idea/lucene/build/core/classes/java/org/apache/lucene/codecs/lucene60/package-info.class
    [javac] Creating empty /mnt/DP_disk2/GIT/lucene-solr_idea/lucene/build/core/classes/java/org/apache/lucene/codecs/package-info.class
    [javac] Creating empty /mnt/DP_disk2/GIT/lucene-solr_idea/lucene/build/core/classes/java/org/apache/lucene/codecs/lucene80/package-info.class
    [javac] Creating empty /mnt/DP_disk2/GIT/lucene-solr_idea/lucene/build/core/classes/java/org/apache/lucene/util/package-info.class
    [javac] Creating empty /mnt/DP_disk2/GIT/lucene-solr_idea/lucene/build/core/classes/java/org/apache/lucene/index/package-info.class
    [javac] Creating empty /mnt/DP_disk2/GIT/lucene-solr_idea/lucene/build/core/classes/java/org/apache/lucene/util/fst/package-info.class
    [javac] Creating empty /mnt/DP_disk2/GIT/lucene-solr_idea/lucene/build/core/classes/java/org/apache/lucene/analysis/tokenattributes/package-info.class
    [javac] Creating empty /mnt/DP_disk2/GIT/lucene-solr_idea/lucene/build/core/classes/java/org/apache/lucene/search/package-info.class
    [javac] Creating empty /mnt/DP_disk2/GIT/lucene-solr_idea/lucene/build/core/classes/java/org/apache/lucene/util/packed/package-info.class
    [javac] Creating empty /mnt/DP_disk2/GIT/lucene-solr_idea/lucene/build/core/classes/java/org/apache/lucene/util/mutable/package-info.class
    [javac] Creating empty /mnt/DP_disk2/GIT/lucene-solr_idea/lucene/build/core/classes/java/org/apache/lucene/codecs/lucene70/package-info.class
    [javac] Creating empty /mnt/DP_disk2/GIT/lucene-solr_idea/lucene/build/core/classes/java/org/apache/lucene/codecs/perfield/package-info.class
    [javac] Creating empty /mnt/DP_disk2/GIT/lucene-solr_idea/lucene/build/core/classes/java/org/apache/lucene/analysis/package-info.class
    [javac] Creating empty /mnt/DP_disk2/GIT/lucene-solr_idea/lucene/build/core/classes/java/org/apache/lucene/analysis/standard/package-info.class
    [javac] Creating empty /mnt/DP_disk2/GIT/lucene-solr_idea/lucene/build/core/classes/java/org/apache/lucene/store/package-info.class
    [javac] Creating empty /mnt/DP_disk2/GIT/lucene-solr_idea/lucene/build/core/classes/java/org/apache/lucene/codecs/blocktree/package-info.class
    [javac] Creating empty /mnt/DP_disk2/GIT/lucene-solr_idea/lucene/build/core/classes/java/org/apache/lucene/search/spans/package-info.class
    [javac] Creating empty /mnt/DP_disk2/GIT/lucene-solr_idea/lucene/build/core/classes/java/org/apache/lucene/search/similarities/package-info.class
    [javac] Creating empty /mnt/DP_disk2/GIT/lucene-solr_idea/lucene/build/core/classes/java/org/apache/lucene/util/automaton/package-info.class
    [javac] Creating empty /mnt/DP_disk2/GIT/lucene-solr_idea/lucene/build/core/classes/java/org/apache/lucene/codecs/lucene50/package-info.class
    [javac] Creating empty /mnt/DP_disk2/GIT/lucene-solr_idea/lucene/build/core/classes/java/org/apache/lucene/geo/package-info.class
     [copy] Copying 3 files to /mnt/DP_disk2/GIT/lucene-solr_idea/lucene/build/core/classes/java

compile-test-framework:

-check-git-state:

-git-cleanroot:

-copy-git-state:

git-autoclean:

ivy-availability-check:
[loadresource] Do not set property disallowed.ivy.jars.list as its length is 0.

-ivy-fail-disallowed-ivy-version:

ivy-fail:

ivy-configure:
[ivy:configure] :: loading settings :: file = /mnt/DP_disk2/GIT/lucene-solr_idea/lucene/top-level-ivy-settings.xml

resolve:

init:

compile-lucene-core:

-check-git-state:

-git-cleanroot:

-copy-git-state:

git-autoclean:

ivy-availability-check:
[loadresource] Do not set property disallowed.ivy.jars.list as its length is 0.

-ivy-fail-disallowed-ivy-version:

ivy-fail:

ivy-configure:
[ivy:configure] :: loading settings :: file = /mnt/DP_disk2/GIT/lucene-solr_idea/lucene/top-level-ivy-settings.xml

resolve:

init:

-clover.disable:

-clover.load:

-clover.classpath:

-clover.setup:

clover:

compile-core:

compile-codecs:

-check-git-state:

-git-cleanroot:

-copy-git-state:

git-autoclean:

ivy-availability-check:
[loadresource] Do not set property disallowed.ivy.jars.list as its length is 0.

-ivy-fail-disallowed-ivy-version:

ivy-fail:

ivy-configure:
[ivy:configure] :: loading settings :: file = /mnt/DP_disk2/GIT/lucene-solr_idea/lucene/top-level-ivy-settings.xml

resolve:

common.init:

compile-lucene-core:

init:

-clover.disable:

-clover.load:

-clover.classpath:

-clover.setup:

clover:

compile-core:
    [mkdir] Created dir: /mnt/DP_disk2/GIT/lucene-solr_idea/lucene/build/codecs/classes/java
    [javac] Compiling 74 source files to /mnt/DP_disk2/GIT/lucene-solr_idea/lucene/build/codecs/classes/java
    [javac] Note: Some input files use or override a deprecated API.
    [javac] Note: Recompile with -Xlint:deprecation for details.
    [javac] Creating empty /mnt/DP_disk2/GIT/lucene-solr_idea/lucene/build/codecs/classes/java/org/apache/lucene/codecs/bloom/package-info.class
    [javac] Creating empty /mnt/DP_disk2/GIT/lucene-solr_idea/lucene/build/codecs/classes/java/org/apache/lucene/codecs/memory/package-info.class
    [javac] Creating empty /mnt/DP_disk2/GIT/lucene-solr_idea/lucene/build/codecs/classes/java/org/apache/lucene/codecs/simpletext/package-info.class
    [javac] Creating empty /mnt/DP_disk2/GIT/lucene-solr_idea/lucene/build/codecs/classes/java/org/apache/lucene/codecs/blockterms/package-info.class
    [javac] Creating empty /mnt/DP_disk2/GIT/lucene-solr_idea/lucene/build/codecs/classes/java/org/apache/lucene/codecs/blocktreeords/package-info.class
     [copy] Copying 3 files to /mnt/DP_disk2/GIT/lucene-solr_idea/lucene/build/codecs/classes/java

-clover.disable:

-clover.load:

-clover.classpath:

-clover.setup:

clover:

common.compile-core:
    [mkdir] Created dir: /mnt/DP_disk2/GIT/lucene-solr_idea/lucene/build/test-framework/classes/java
    [javac] Compiling 199 source files to /mnt/DP_disk2/GIT/lucene-solr_idea/lucene/build/test-framework/classes/java
    [javac] /mnt/DP_disk2/GIT/lucene-solr_idea/lucene/test-framework/src/java/org/apache/lucene/store/BaseDirectoryTestCase.java:416: warning: [try] auto-closeable resource output is never referenced in body of corresponding try statement
    [javac]             try (IndexOutput output = dir.createOutput(fileName, newIOContext(random()))) {
    [javac]                              ^
    [javac] /mnt/DP_disk2/GIT/lucene-solr_idea/lucene/test-framework/src/java/org/apache/lucene/store/BaseDirectoryTestCase.java:440: warning: [try] auto-closeable resource input is never referenced in body of corresponding try statement
    [javac]                 try (IndexInput input = dir.openInput(file, newIOContext(random()))) {
    [javac]                                 ^
    [javac] /mnt/DP_disk2/GIT/lucene-solr_idea/lucene/test-framework/src/java/org/apache/lucene/store/BaseDirectoryTestCase.java:1051: warning: [try] auto-closeable resource out is never referenced in body of corresponding try statement
    [javac]       try (IndexOutput out = dir.createOutput(name, IOContext.DEFAULT)) {
    [javac]                        ^
    [javac] /mnt/DP_disk2/GIT/lucene-solr_idea/lucene/test-framework/src/java/org/apache/lucene/store/BaseDirectoryTestCase.java:1056: warning: [try] auto-closeable resource out is never referenced in body of corresponding try statement
    [javac]         try (IndexOutput out = dir.createOutput(name, IOContext.DEFAULT)) {
    [javac]                          ^
    [javac] Note: Some input files use or override a deprecated API.
    [javac] Note: Recompile with -Xlint:deprecation for details.
    [javac] 4 warnings
    [javac] Creating empty /mnt/DP_disk2/GIT/lucene-solr_idea/lucene/build/test-framework/classes/java/org/apache/lucene/codecs/asserting/package-info.class
    [javac] Creating empty /mnt/DP_disk2/GIT/lucene-solr_idea/lucene/build/test-framework/classes/java/org/apache/lucene/codecs/ramonly/package-info.class
    [javac] Creating empty /mnt/DP_disk2/GIT/lucene-solr_idea/lucene/build/test-framework/classes/java/org/apache/lucene/mockfile/package-info.class
    [javac] Creating empty /mnt/DP_disk2/GIT/lucene-solr_idea/lucene/build/test-framework/classes/java/org/apache/lucene/codecs/cheapbastard/package-info.class
    [javac] Creating empty /mnt/DP_disk2/GIT/lucene-solr_idea/lucene/build/test-framework/classes/java/org/apache/lucene/codecs/mockrandom/package-info.class
    [javac] Creating empty /mnt/DP_disk2/GIT/lucene-solr_idea/lucene/build/test-framework/classes/java/org/apache/lucene/codecs/cranky/package-info.class
    [javac] Creating empty /mnt/DP_disk2/GIT/lucene-solr_idea/lucene/build/test-framework/classes/java/org/apache/lucene/codecs/compressing/dummy/package-info.class
     [copy] Copying 4 files to /mnt/DP_disk2/GIT/lucene-solr_idea/lucene/build/test-framework/classes/java

compile-core:

compile-test:
    [mkdir] Created dir: /mnt/DP_disk2/GIT/lucene-solr_idea/lucene/build/core/classes/test
    [javac] Compiling 536 source files to /mnt/DP_disk2/GIT/lucene-solr_idea/lucene/build/core/classes/test
    [javac] /mnt/DP_disk2/GIT/lucene-solr_idea/lucene/core/src/test/org/apache/lucene/analysis/TestAnalyzerWrapper.java:52: warning: [try] auto-closeable resource ts is never referenced in body of corresponding try statement
    [javac]     try (TokenStream ts = wrapped.tokenStream("", "text")) {
    [javac]                      ^
    [javac] /mnt/DP_disk2/GIT/lucene-solr_idea/lucene/core/src/test/org/apache/lucene/index/TestFieldUpdatesBuffer.java:158: warning: [unchecked] unchecked cast
    [javac]       return (T) (rarely() ? value.prepareForApply(random().nextInt(100)) : value);
    [javac]                  ^
    [javac]   required: T
    [javac]   found:    BinaryDocValuesUpdate
    [javac]   where T is a type-variable:
    [javac]     T extends DocValuesUpdate declared in method <T>getRandomUpdate(boolean)
    [javac] /mnt/DP_disk2/GIT/lucene-solr_idea/lucene/core/src/test/org/apache/lucene/index/TestFieldUpdatesBuffer.java:163: warning: [unchecked] unchecked cast
    [javac]       return (T) (rarely() ? value.prepareForApply(random().nextInt(100)) : value);
    [javac]                  ^
    [javac]   required: T
    [javac]   found:    NumericDocValuesUpdate
    [javac]   where T is a type-variable:
    [javac]     T extends DocValuesUpdate declared in method <T>getRandomUpdate(boolean)
    [javac] /mnt/DP_disk2/GIT/lucene-solr_idea/lucene/core/src/test/org/apache/lucene/index/TestIndexWriter.java:2688: warning: [try] auto-closeable resource closeable is never referenced in body of corresponding try statement
    [javac]          Closeable closeable = () -> IOUtils.close(toClose)) {
    [javac]                    ^
    [javac] /mnt/DP_disk2/GIT/lucene-solr_idea/lucene/core/src/test/org/apache/lucene/index/TestIndexWriter.java:3686: warning: [try] auto-closeable resource w is never referenced in body of corresponding try statement
    [javac]             try (IndexWriter w = new IndexWriter(dir, newIndexWriterConfig().setIndexCreatedVersionMajor(previousMajor))) {}
    [javac]                              ^
    [javac] /mnt/DP_disk2/GIT/lucene-solr_idea/lucene/core/src/test/org/apache/lucene/index/TestIndexWriter.java:3689: warning: [try] auto-closeable resource w is never referenced in body of corresponding try statement
    [javac]             try (IndexWriter w = new IndexWriter(dir, newIndexWriterConfig().setOpenMode(openMode).setIndexCreatedVersionMajor(newMajor))) {}
    [javac]                              ^
    [javac] /mnt/DP_disk2/GIT/lucene-solr_idea/lucene/core/src/test/org/apache/lucene/search/TestConstantScoreScorer.java:67: warning: [try] auto-closeable resource TestConstantScoreScorerIndex has a member method close() that could throw InterruptedException
    [javac]     try (TestConstantScoreScorerIndex index = new TestConstantScoreScorerIndex()) {
    [javac]                                       ^
    [javac] /mnt/DP_disk2/GIT/lucene-solr_idea/lucene/core/src/test/org/apache/lucene/search/TestConstantScoreScorer.java:103: warning: [try] auto-closeable resource TestConstantScoreScorerIndex has a member method close() that could throw InterruptedException
    [javac]     try (TestConstantScoreScorerIndex index = new TestConstantScoreScorerIndex()) {
    [javac]                                       ^
    [javac] /mnt/DP_disk2/GIT/lucene-solr_idea/lucene/core/src/test/org/apache/lucene/search/TestConstantScoreScorer.java:131: warning: [try] auto-closeable resource TestConstantScoreScorerIndex has a member method close() that could throw InterruptedException
    [javac]     try (TestConstantScoreScorerIndex index = new TestConstantScoreScorerIndex()) {
    [javac]                                       ^
    [javac] /mnt/DP_disk2/GIT/lucene-solr_idea/lucene/core/src/test/org/apache/lucene/search/TestConstantScoreScorer.java:159: warning: [try] auto-closeable resource TestConstantScoreScorerIndex has a member method close() that could throw InterruptedException
    [javac]     try (TestConstantScoreScorerIndex index = new TestConstantScoreScorerIndex()) {
    [javac]                                       ^
    [javac] /mnt/DP_disk2/GIT/lucene-solr_idea/lucene/core/src/test/org/apache/lucene/search/TestConstantScoreScorer.java:178: warning: [try] auto-closeable resource TestConstantScoreScorerIndex has a member method close() that could throw InterruptedException
    [javac]   static class TestConstantScoreScorerIndex implements AutoCloseable {
    [javac]          ^
    [javac] /mnt/DP_disk2/GIT/lucene-solr_idea/lucene/core/src/test/org/apache/lucene/search/TestSearchAfter.java:220: warning: [rawtypes] found raw type: TopDocsCollector
    [javac]     final TopDocsCollector allCollector;
    [javac]           ^
    [javac]   missing type arguments for generic class TopDocsCollector<T>
    [javac]   where T is a type-variable:
    [javac]     T extends ScoreDoc declared in class TopDocsCollector
    [javac] /mnt/DP_disk2/GIT/lucene-solr_idea/lucene/core/src/test/org/apache/lucene/search/TestSearchAfter.java:248: warning: [rawtypes] found raw type: TopDocsCollector
    [javac]       final TopDocsCollector pagedCollector;
    [javac]             ^
    [javac]   missing type arguments for generic class TopDocsCollector<T>
    [javac]   where T is a type-variable:
    [javac]     T extends ScoreDoc declared in class TopDocsCollector
    [javac] /mnt/DP_disk2/GIT/lucene-solr_idea/lucene/core/src/test/org/apache/lucene/store/TestFileSwitchDirectory.java:179: warning: [try] auto-closeable resource indexInput is never referenced in body of corresponding try statement
    [javac]       try (IndexInput indexInput = dir.openInput("foo.tim", IOContext.DEFAULT)) {
    [javac]                       ^
    [javac] Note: Some input files use or override a deprecated API.
    [javac] Note: Recompile with -Xlint:deprecation for details.
    [javac] 14 warnings
     [copy] Copying 4 files to /mnt/DP_disk2/GIT/lucene-solr_idea/lucene/build/core/classes/test

-mrjar-classes-uptodate:

resolve-groovy:

patch-mrjar-classes:
[patch-cls] Remapped: org/apache/lucene/analysis/tokenattributes/CharTermAttributeImpl
[patch-cls] Remapped: org/apache/lucene/codecs/compressing/LZ4
[patch-cls] Remapped: org/apache/lucene/document/BinaryPoint$2
[patch-cls] Remapped: org/apache/lucene/document/DoubleRange
[patch-cls] Remapped: org/apache/lucene/document/FloatRange
[patch-cls] Remapped: org/apache/lucene/document/IntRange
[patch-cls] Remapped: org/apache/lucene/document/LatLonPointDistanceFeatureQuery$DistanceScorer$2
[patch-cls] Remapped: org/apache/lucene/document/LatLonPointDistanceQuery$1
[patch-cls] Remapped: org/apache/lucene/document/LatLonPointInPolygonQuery$1$1
[patch-cls] Remapped: org/apache/lucene/document/LongDistanceFeatureQuery$DistanceScorer$2
[patch-cls] Remapped: org/apache/lucene/document/LongRange
[patch-cls] Remapped: org/apache/lucene/document/RangeFieldQuery$QueryType$1
[patch-cls] Remapped: org/apache/lucene/document/RangeFieldQuery$QueryType$2
[patch-cls] Remapped: org/apache/lucene/document/RangeFieldQuery$QueryType$3
[patch-cls] Remapped: org/apache/lucene/index/BitsSlice
[patch-cls] Remapped: org/apache/lucene/index/CheckIndex$VerifyPointsVisitor
[patch-cls] Remapped: org/apache/lucene/index/CodecReader
[patch-cls] Remapped: org/apache/lucene/index/MergeReaderWrapper
[patch-cls] Remapped: org/apache/lucene/index/PointValues
[patch-cls] Remapped: org/apache/lucene/search/BooleanScorer$TailPriorityQueue
[patch-cls] Remapped: org/apache/lucene/search/PointInSetQuery$SinglePointVisitor
[patch-cls] Remapped: org/apache/lucene/search/PointRangeQuery$1
[patch-cls] Remapped: org/apache/lucene/search/TopFieldCollector
[patch-cls] Remapped: org/apache/lucene/util/BytesRef
[patch-cls] Remapped: org/apache/lucene/util/BytesRefArray
[patch-cls] Remapped: org/apache/lucene/util/CharsRef$UTF16SortedAsUTF8Comparator
[patch-cls] Remapped: org/apache/lucene/util/CharsRef
[patch-cls] Remapped: org/apache/lucene/util/IntsRef
[patch-cls] Remapped: org/apache/lucene/util/LongsRef
[patch-cls] Remapped: org/apache/lucene/util/StringHelper
[patch-cls] Remapped: org/apache/lucene/util/automaton/Automaton$Builder
[patch-cls] Remapped: org/apache/lucene/util/automaton/Automaton
[patch-cls] Remapped: org/apache/lucene/util/bkd/BKDRadixSelector$1$1
[patch-cls] Remapped: org/apache/lucene/util/bkd/BKDRadixSelector$2$1
[patch-cls] Remapped: org/apache/lucene/util/bkd/BKDRadixSelector
[patch-cls] Remapped: org/apache/lucene/util/bkd/BKDReader
[patch-cls] Remapped: org/apache/lucene/util/bkd/BKDWriter$BKDMergeQueue
[patch-cls] Remapped: org/apache/lucene/util/bkd/BKDWriter$OneDimensionBKDWriter
[patch-cls] Remapped: org/apache/lucene/util/bkd/BKDWriter
[patch-cls] Remapped: org/apache/lucene/util/bkd/HeapPointWriter
[patch-cls] Remapped: org/apache/lucene/util/bkd/MutablePointsReaderUtils$1$1
[patch-cls] Remapped: org/apache/lucene/util/bkd/MutablePointsReaderUtils$2
[patch-cls] Remapped: org/apache/lucene/util/bkd/MutablePointsReaderUtils$3$1
[patch-cls] Remapped 43 class files for Java 9 to: /mnt/DP_disk2/GIT/lucene-solr_idea/lucene/build/core/classes/java9
    [touch] Creating /mnt/DP_disk2/GIT/lucene-solr_idea/lucene/build/core/patch-mrjar.stamp

install-junit4-taskdef:

validate:

-init-totals:

-test:
    [mkdir] Created dir: /mnt/DP_disk2/GIT/lucene-solr_idea/lucene/build/core/test
    [mkdir] Created dir: /mnt/DP_disk2/GIT/lucene-solr_idea/lucene/build/core/test/temp
   [junit4] <JUnit4> says 你好! Master seed: FA6E6C8CE2861FD9
   [junit4] Executing 525 suites with 4 JVMs.
   [junit4] 
   [junit4] Started J2 PID(206841@sr419).
   [junit4] Started J0 PID(206843@sr419).
   [junit4] Started J1 PID(206840@sr419).
   [junit4] Started J3 PID(206842@sr419).
   [junit4] Suite: org.apache.lucene.search.TestTermQuery
   [junit4] Completed [1/525] on J3 in 0.64s, 3 tests
   [junit4] 
   [junit4] Suite: org.apache.lucene.search.MultiCollectorTest
   [junit4] Completed [2/525] on J1 in 0.66s, 4 tests
   [junit4] 
   [junit4] Suite: org.apache.lucene.util.TestBytesRefHash
   [junit4] Completed [3/525] on J0 in 0.89s, 8 tests
   [junit4] 
   [junit4] Suite: org.apache.lucene.search.TestTermRangeQuery
   [junit4] Completed [4/525] on J2 in 0.90s, 7 tests
   [junit4] 
   [junit4] Suite: org.apache.lucene.search.TermInSetQueryTest
   [junit4] Completed [5/525] on J0 in 0.76s, 10 tests
   [junit4] 
   [junit4] Suite: org.apache.lucene.search.TestSimpleExplanations
   [junit4] Completed [6/525] on J2 in 1.01s, 70 tests
   [junit4] 
   [junit4] Suite: org.apache.lucene.search.TestSloppyPhraseQuery
   [junit4] Completed [7/525] on J3 in 1.26s, 9 tests
   [junit4] 
   [junit4] Suite: org.apache.lucene.util.TestFrequencyTrackingRingBuffer
   [junit4] Completed [8/525] on J2 in 0.25s, 2 tests
   [junit4] 
   [junit4] Suite: org.apache.lucene.index.TestStressIndexing
   [junit4] Completed [9/525] on J1 in 1.51s, 1 test
   [junit4] 
   [junit4] Suite: org.apache.lucene.index.TestReaderPool
   [junit4] Completed [10/525] on J2 in 0.25s, 6 tests
   [junit4] 
   [junit4] Suite: org.apache.lucene.analysis.tokenattributes.TestSimpleAttributeImpl
   [junit4] Completed [11/525] on J2 in 0.25s, 1 test
   [junit4] 
   [junit4] Suite: org.apache.lucene.index.TestIndexFileDeleter
   [junit4] Completed [12/525] on J1 in 0.51s, 10 tests
   [junit4] 
   [junit4] Suite: org.apache.lucene.index.TestNoMergePolicy
   [junit4] Completed [13/525] on J1 in 0.26s, 7 tests
   [junit4] 
   [junit4] Suite: org.apache.lucene.index.TestSoftDeletesDirectoryReaderWrapper
   [junit4] Completed [14/525] on J2 in 0.25s, 4 tests
   [junit4] 
   [junit4] Suite: org.apache.lucene.util.TestArrayUtil
   [junit4] Completed [15/525] on J3 in 1.26s, 15 tests
   [junit4] 
   [junit4] Suite: org.apache.lucene.search.TestPhrasePrefixQuery
   [junit4] Completed [16/525] on J2 in 0.25s, 1 test
   [junit4] 
   [junit4] Suite: org.apache.lucene.analysis.tokenattributes.TestCharTermAttributeImpl
   [junit4] Completed [17/525] on J1 in 0.51s, 13 tests
   [junit4] 
   [junit4] Suite: org.apache.lucene.util.TestRamUsageEstimator
   [junit4] IGNOR/A 0.01s J2 | TestRamUsageEstimator.testPrintValues
   [junit4]    > Assumption #1: Specify -Dtests.verbose=true to print constants of RamUsageEstimator.
   [junit4] Completed [18/525] on J2 in 0.26s, 10 tests, 1 skipped
   [junit4] 
   [junit4] Suite: org.apache.lucene.index.TestSegmentMerger
   [junit4] Completed [19/525] on J3 in 0.76s, 3 tests
   [junit4] 
   [junit4] Suite: org.apache.lucene.index.TestCodecs
   [junit4] Completed [20/525] on J1 in 0.50s, 3 tests
   [junit4] 
   [junit4] Suite: org.apache.lucene.TestDemo
   [junit4] Completed [21/525] on J2 in 0.50s, 1 test
   [junit4] 
   [junit4] Suite: org.apache.lucene.analysis.tokenattributes.TestPackedTokenAttributeImpl
   [junit4] Completed [22/525] on J3 in 0.26s, 4 tests
   [junit4] 
   [junit4] Suite: org.apache.lucene.index.TestStressNRT
   [junit4] Completed [23/525] on J3 in 0.25s, 1 test
   [junit4] 
   [junit4] Suite: org.apache.lucene.store.TestMmapDirectory
   [junit4] Completed [24/525] on J1 in 0.51s, 42 tests, 1 skipped
   [junit4] 
   [junit4] Suite: org.apache.lucene.search.similarities.TestAxiomaticF3LOG
   [junit4] Completed [25/525] on J0 in 3.26s, 1 test
   [junit4] 
   [junit4] Suite: org.apache.lucene.search.TestPrefixQuery
   [junit4] Completed [26/525] on J3 in 0.75s, 3 tests
   [junit4] 
   [junit4] Suite: org.apache.lucene.util.TestQueryBuilder
   [junit4] Completed [27/525] on J3 in 0.26s, 25 tests
   [junit4] 
   [junit4] Suite: org.apache.lucene.TestAssertions
   [junit4] Completed [28/525] on J3 in 0.25s, 1 test
   [junit4] 
   [junit4] Suite: org.apache.lucene.util.TestCollectionUtil
   [junit4] Completed [29/525] on J1 in 1.76s, 4 tests
   [junit4] 
   [junit4] Suite: org.apache.lucene.search.TestSearchWithThreads
   [junit4] Completed [30/525] on J0 in 2.01s, 1 test
   [junit4] 
   [junit4] Suite: org.apache.lucene.index.TestDirectoryReaderReopen
   [junit4]   1> -------->the library name is kettle
   [junit4]   2> NOTE: reproduce with: ant test  -Dtestcase=TestDirectoryReaderReopen -Dtests.method=testNRTMupdates -Dtests.seed=FA6E6C8CE2861FD9 -Dtests.slow=true -Dtests.badapples=true -Dtests.locale=es-DO -Dtests.timezone=America/Virgin -Dtests.asserts=true -Dtests.file.encoding=US-ASCII
   [junit4] FAILURE 0.02s J0 | TestDirectoryReaderReopen.testNRTMupdates <<<
   [junit4]    > Throwable #1: java.lang.AssertionError: 8
   [junit4]    > 	at __randomizedtesting.SeedInfo.seed([FA6E6C8CE2861FD9:B84BFEED02B1803E]:0)
   [junit4]    > 	at org.apache.lucene.codecs.compressing.CompressionMode$QatCompressor.compress(CompressionMode.java:390)
   [junit4]    > 	at org.apache.lucene.codecs.compressing.CompressingStoredFieldsWriter.flush(CompressingStoredFieldsWriter.java:241)
   [junit4]    > 	at org.apache.lucene.codecs.compressing.CompressingStoredFieldsWriter.finish(CompressingStoredFieldsWriter.java:464)
   [junit4]    > 	at org.apache.lucene.index.StoredFieldsConsumer.flush(StoredFieldsConsumer.java:72)
   [junit4]    > 	at org.apache.lucene.index.DefaultIndexingChain.flush(DefaultIndexingChain.java:152)
   [junit4]    > 	at org.apache.lucene.index.DocumentsWriterPerThread.flush(DocumentsWriterPerThread.java:468)
   [junit4]    > 	at org.apache.lucene.index.DocumentsWriter.doFlush(DocumentsWriter.java:555)
   [junit4]    > 	at org.apache.lucene.index.DocumentsWriter.flushAllThreads(DocumentsWriter.java:722)
   [junit4]    > 	at org.apache.lucene.index.IndexWriter.prepareCommitInternal(IndexWriter.java:3199)
   [junit4]    > 	at org.apache.lucene.index.IndexWriter.commitInternal(IndexWriter.java:3444)
   [junit4]    > 	at org.apache.lucene.index.IndexWriter.commit(IndexWriter.java:3409)
   [junit4]    > 	at org.apache.lucene.index.TestDirectoryReaderReopen.testNRTMupdates(TestDirectoryReaderReopen.java:890)
   [junit4]    > 	at java.lang.Thread.run(Thread.java:745)
   [junit4]   2> NOTE: reproduce with: ant test  -Dtestcase=TestDirectoryReaderReopen -Dtests.method=testThreadSafety -Dtests.seed=FA6E6C8CE2861FD9 -Dtests.slow=true -Dtests.badapples=true -Dtests.locale=es-DO -Dtests.timezone=America/Virgin -Dtests.asserts=true -Dtests.file.encoding=US-ASCII
   [junit4] FAILURE 0.01s J0 | TestDirectoryReaderReopen.testThreadSafety <<<
   [junit4]    > Throwable #1: java.lang.AssertionError: 1085
   [junit4]    > 	at __randomizedtesting.SeedInfo.seed([FA6E6C8CE2861FD9:602478D43119AD2F]:0)
   [junit4]    > 	at org.apache.lucene.codecs.compressing.CompressionMode$QatCompressor.compress(CompressionMode.java:390)
   [junit4]    > 	at org.apache.lucene.codecs.compressing.CompressingStoredFieldsWriter.flush(CompressingStoredFieldsWriter.java:241)
   [junit4]    > 	at org.apache.lucene.codecs.compressing.CompressingStoredFieldsWriter.finish(CompressingStoredFieldsWriter.java:464)
   [junit4]    > 	at org.apache.lucene.index.StoredFieldsConsumer.flush(StoredFieldsConsumer.java:72)
   [junit4]    > 	at org.apache.lucene.index.DefaultIndexingChain.flush(DefaultIndexingChain.java:152)
   [junit4]    > 	at org.apache.lucene.index.DocumentsWriterPerThread.flush(DocumentsWriterPerThread.java:468)
   [junit4]    > 	at org.apache.lucene.index.DocumentsWriter.doFlush(DocumentsWriter.java:555)
   [junit4]    > 	at org.apache.lucene.index.DocumentsWriter.flushAllThreads(DocumentsWriter.java:722)
   [junit4]    > 	at org.apache.lucene.index.IndexWriter.doFlush(IndexWriter.java:3590)
   [junit4]    > 	at org.apache.lucene.index.IndexWriter.flush(IndexWriter.java:3565)
   [junit4]    > 	at org.apache.lucene.index.IndexWriter.forceMerge(IndexWriter.java:1959)
   [junit4]    > 	at org.apache.lucene.index.IndexWriter.forceMerge(IndexWriter.java:1939)
   [junit4]    > 	at org.apache.lucene.index.TestDirectoryReaderReopen.testThreadSafety(TestDirectoryReaderReopen.java:213)
   [junit4]    > 	at java.lang.Thread.run(Thread.java:745)
   [junit4]   2> NOTE: reproduce with: ant test  -Dtestcase=TestDirectoryReaderReopen -Dtests.method=testNRTMdeletes2 -Dtests.seed=FA6E6C8CE2861FD9 -Dtests.slow=true -Dtests.badapples=true -Dtests.locale=es-DO -Dtests.timezone=America/Virgin -Dtests.asserts=true -Dtests.file.encoding=US-ASCII
   [junit4] FAILURE 0.00s J0 | TestDirectoryReaderReopen.testNRTMdeletes2 <<<
   [junit4]    > Throwable #1: java.lang.AssertionError: 16
   [junit4]    > 	at __randomizedtesting.SeedInfo.seed([FA6E6C8CE2861FD9:8AD4EC77BD6EA8D9]:0)
   [junit4]    > 	at org.apache.lucene.codecs.compressing.CompressionMode$QatCompressor.compress(CompressionMode.java:390)
   [junit4]    > 	at org.apache.lucene.codecs.compressing.CompressingStoredFieldsWriter.flush(CompressingStoredFieldsWriter.java:241)
   [junit4]    > 	at org.apache.lucene.codecs.compressing.CompressingStoredFieldsWriter.finish(CompressingStoredFieldsWriter.java:464)
   [junit4]    > 	at org.apache.lucene.index.StoredFieldsConsumer.flush(StoredFieldsConsumer.java:72)
   [junit4]    > 	at org.apache.lucene.index.DefaultIndexingChain.flush(DefaultIndexingChain.java:152)
   [junit4]    > 	at org.apache.lucene.index.DocumentsWriterPerThread.flush(DocumentsWriterPerThread.java:468)
   [junit4]    > 	at org.apache.lucene.index.DocumentsWriter.doFlush(DocumentsWriter.java:555)
   [junit4]    > 	at org.apache.lucene.index.DocumentsWriter.flushAllThreads(DocumentsWriter.java:722)
   [junit4]    > 	at org.apache.lucene.index.IndexWriter.prepareCommitInternal(IndexWriter.java:3199)
   [junit4]    > 	at org.apache.lucene.index.IndexWriter.commitInternal(IndexWriter.java:3444)
   [junit4]    > 	at org.apache.lucene.index.IndexWriter.commit(IndexWriter.java:3409)
   [junit4]    > 	at org.apache.lucene.index.TestDirectoryReaderReopen.testNRTMdeletes2(TestDirectoryReaderReopen.java:844)
   [junit4]    > 	at java.lang.Thread.run(Thread.java:745)
   [junit4]   2> NOTE: reproduce with: ant test  -Dtestcase=TestDirectoryReaderReopen -Dtests.method=testCommitReopen -Dtests.seed=FA6E6C8CE2861FD9 -Dtests.slow=true -Dtests.badapples=true -Dtests.locale=es-DO -Dtests.timezone=America/Virgin -Dtests.asserts=true -Dtests.file.encoding=US-ASCII
   [junit4] FAILURE 0.00s J0 | TestDirectoryReaderReopen.testCommitReopen <<<
   [junit4]    > Throwable #1: java.lang.AssertionError: 45
   [junit4]    > 	at __randomizedtesting.SeedInfo.seed([FA6E6C8CE2861FD9:A1B884A39F2E21AD]:0)
   [junit4]    > 	at org.apache.lucene.codecs.compressing.CompressionMode$QatCompressor.compress(CompressionMode.java:390)
   [junit4]    > 	at org.apache.lucene.codecs.compressing.CompressingStoredFieldsWriter.flush(CompressingStoredFieldsWriter.java:241)
   [junit4]    > 	at org.apache.lucene.codecs.compressing.CompressingStoredFieldsWriter.finish(CompressingStoredFieldsWriter.java:464)
   [junit4]    > 	at org.apache.lucene.index.StoredFieldsConsumer.flush(StoredFieldsConsumer.java:72)
   [junit4]    > 	at org.apache.lucene.index.DefaultIndexingChain.flush(DefaultIndexingChain.java:152)
   [junit4]    > 	at org.apache.lucene.index.DocumentsWriterPerThread.flush(DocumentsWriterPerThread.java:468)
   [junit4]    > 	at org.apache.lucene.index.DocumentsWriter.doFlush(DocumentsWriter.java:555)
   [junit4]    > 	at org.apache.lucene.index.DocumentsWriter.flushAllThreads(DocumentsWriter.java:722)
   [junit4]    > 	at org.apache.lucene.index.IndexWriter.prepareCommitInternal(IndexWriter.java:3199)
   [junit4]    > 	at org.apache.lucene.index.IndexWriter.commitInternal(IndexWriter.java:3444)
   [junit4]    > 	at org.apache.lucene.index.IndexWriter.commit(IndexWriter.java:3409)
   [junit4]    > 	at org.apache.lucene.index.TestDirectoryReaderReopen.doTestReopenWithCommit(TestDirectoryReaderReopen.java:138)
   [junit4]    > 	at org.apache.lucene.index.TestDirectoryReaderReopen.testCommitReopen(TestDirectoryReaderReopen.java:97)
   [junit4]    > 	at java.lang.Thread.run(Thread.java:745)
   [junit4]   2> NOTE: reproduce with: ant test  -Dtestcase=TestDirectoryReaderReopen -Dtests.method=testReuseUnchangedLeafReaderOnDVUpdate -Dtests.seed=FA6E6C8CE2861FD9 -Dtests.slow=true -Dtests.badapples=true -Dtests.locale=es-DO -Dtests.timezone=America/Virgin -Dtests.asserts=true -Dtests.file.encoding=US-ASCII
   [junit4] FAILURE 0.00s J0 | TestDirectoryReaderReopen.testReuseUnchangedLeafReaderOnDVUpdate <<<
   [junit4]    > Throwable #1: java.lang.AssertionError: 12
   [junit4]    > 	at __randomizedtesting.SeedInfo.seed([FA6E6C8CE2861FD9:45C9FDB0D0E36688]:0)
   [junit4]    > 	at org.apache.lucene.codecs.compressing.CompressionMode$QatCompressor.compress(CompressionMode.java:390)
   [junit4]    > 	at org.apache.lucene.codecs.compressing.CompressingStoredFieldsWriter.flush(CompressingStoredFieldsWriter.java:241)
   [junit4]    > 	at org.apache.lucene.codecs.compressing.CompressingStoredFieldsWriter.finish(CompressingStoredFieldsWriter.java:464)
   [junit4]    > 	at org.apache.lucene.index.StoredFieldsConsumer.flush(StoredFieldsConsumer.java:72)
   [junit4]    > 	at org.apache.lucene.index.DefaultIndexingChain.flush(DefaultIndexingChain.java:152)
   [junit4]    > 	at org.apache.lucene.index.DocumentsWriterPerThread.flush(DocumentsWriterPerThread.java:468)
   [junit4]    > 	at org.apache.lucene.index.DocumentsWriter.doFlush(DocumentsWriter.java:555)
   [junit4]    > 	at org.apache.lucene.index.DocumentsWriter.flushAllThreads(DocumentsWriter.java:722)
   [junit4]    > 	at org.apache.lucene.index.IndexWriter.prepareCommitInternal(IndexWriter.java:3199)
   [junit4]    > 	at org.apache.lucene.index.IndexWriter.commitInternal(IndexWriter.java:3444)
   [junit4]    > 	at org.apache.lucene.index.IndexWriter.commit(IndexWriter.java:3409)
   [junit4]    > 	at org.apache.lucene.index.TestDirectoryReaderReopen.testReuseUnchangedLeafReaderOnDVUpdate(TestDirectoryReaderReopen.java:1033)
   [junit4]    > 	at java.lang.Thread.run(Thread.java:745)
   [junit4]   2> NOTE: reproduce with: ant test  -Dtestcase=TestDirectoryReaderReopen -Dtests.method=testReopen -Dtests.seed=FA6E6C8CE2861FD9 -Dtests.slow=true -Dtests.badapples=true -Dtests.locale=es-DO -Dtests.timezone=America/Virgin -Dtests.asserts=true -Dtests.file.encoding=US-ASCII
   [junit4] FAILURE 0.01s J0 | TestDirectoryReaderReopen.testReopen <<<
   [junit4]    > Throwable #1: java.lang.AssertionError: 4110
   [junit4]    > 	at __randomizedtesting.SeedInfo.seed([FA6E6C8CE2861FD9:D626BD9A91BA90FA]:0)
   [junit4]    > 	at org.apache.lucene.codecs.compressing.CompressionMode$QatCompressor.compress(CompressionMode.java:390)
   [junit4]    > 	at org.apache.lucene.codecs.compressing.CompressingStoredFieldsWriter.flush(CompressingStoredFieldsWriter.java:241)
   [junit4]    > 	at org.apache.lucene.codecs.compressing.CompressingStoredFieldsWriter.finish(CompressingStoredFieldsWriter.java:464)
   [junit4]    > 	at org.apache.lucene.index.StoredFieldsConsumer.flush(StoredFieldsConsumer.java:72)
   [junit4]    > 	at org.apache.lucene.index.DefaultIndexingChain.flush(DefaultIndexingChain.java:152)
   [junit4]    > 	at org.apache.lucene.index.DocumentsWriterPerThread.flush(DocumentsWriterPerThread.java:468)
   [junit4]    > 	at org.apache.lucene.index.DocumentsWriter.doFlush(DocumentsWriter.java:555)
   [junit4]    > 	at org.apache.lucene.index.DocumentsWriter.flushAllThreads(DocumentsWriter.java:722)
   [junit4]    > 	at org.apache.lucene.index.IndexWriter.doFlush(IndexWriter.java:3590)
   [junit4]    > 	at org.apache.lucene.index.IndexWriter.flush(IndexWriter.java:3565)
   [junit4]    > 	at org.apache.lucene.index.IndexWriter.forceMerge(IndexWriter.java:1959)
   [junit4]    > 	at org.apache.lucene.index.IndexWriter.forceMerge(IndexWriter.java:1939)
   [junit4]    > 	at org.apache.lucene.index.TestDirectoryReaderReopen.createIndex(TestDirectoryReaderReopen.java:449)
   [junit4]    > 	at org.apache.lucene.index.TestDirectoryReaderReopen.testReopen(TestDirectoryReaderReopen.java:55)
   [junit4]    > 	at java.lang.Thread.run(Thread.java:745)
   [junit4]   2> NOTE: reproduce with: ant test  -Dtestcase=TestDirectoryReaderReopen -Dtests.method=testNRTMupdates2 -Dtests.seed=FA6E6C8CE2861FD9 -Dtests.slow=true -Dtests.badapples=true -Dtests.locale=es-DO -Dtests.timezone=America/Virgin -Dtests.asserts=true -Dtests.file.encoding=US-ASCII
   [junit4] FAILURE 0.01s J0 | TestDirectoryReaderReopen.testNRTMupdates2 <<<
   [junit4]    > Throwable #1: java.lang.AssertionError: 8
   [junit4]    > 	at __randomizedtesting.SeedInfo.seed([FA6E6C8CE2861FD9:8C389738B1E64809]:0)
   [junit4]    > 	at org.apache.lucene.codecs.compressing.CompressionMode$QatCompressor.compress(CompressionMode.java:390)
   [junit4]    > 	at org.apache.lucene.codecs.compressing.CompressingStoredFieldsWriter.flush(CompressingStoredFieldsWriter.java:241)
   [junit4]    > 	at org.apache.lucene.codecs.compressing.CompressingStoredFieldsWriter.finish(CompressingStoredFieldsWriter.java:464)
   [junit4]    > 	at org.apache.lucene.index.StoredFieldsConsumer.flush(StoredFieldsConsumer.java:72)
   [junit4]    > 	at org.apache.lucene.index.DefaultIndexingChain.flush(DefaultIndexingChain.java:152)
   [junit4]    > 	at org.apache.lucene.index.DocumentsWriterPerThread.flush(DocumentsWriterPerThread.java:468)
   [junit4]    > 	at org.apache.lucene.index.DocumentsWriter.doFlush(DocumentsWriter.java:555)
   [junit4]    > 	at org.apache.lucene.index.DocumentsWriter.flushAllThreads(DocumentsWriter.java:722)
   [junit4]    > 	at org.apache.lucene.index.IndexWriter.prepareCommitInternal(IndexWriter.java:3199)
   [junit4]    > 	at org.apache.lucene.index.IndexWriter.commitInternal(IndexWriter.java:3444)
   [junit4]    > 	at org.apache.lucene.index.IndexWriter.commit(IndexWriter.java:3409)
   [junit4]    > 	at org.apache.lucene.index.TestDirectoryReaderReopen.testNRTMupdates2(TestDirectoryReaderReopen.java:941)
   [junit4]    > 	at java.lang.Thread.run(Thread.java:745)
   [junit4]   2> NOTE: reproduce with: ant test  -Dtestcase=TestDirectoryReaderReopen -Dtests.method=testCommitRecreate -Dtests.seed=FA6E6C8CE2861FD9 -Dtests.slow=true -Dtests.badapples=true -Dtests.locale=es-DO -Dtests.timezone=America/Virgin -Dtests.asserts=true -Dtests.file.encoding=US-ASCII
   [junit4] FAILURE 0.00s J0 | TestDirectoryReaderReopen.testCommitRecreate <<<
   [junit4]    > Throwable #1: java.lang.AssertionError: 45
   [junit4]    > 	at __randomizedtesting.SeedInfo.seed([FA6E6C8CE2861FD9:620DFE82791B98E2]:0)
   [junit4]    > 	at org.apache.lucene.codecs.compressing.CompressionMode$QatCompressor.compress(CompressionMode.java:390)
   [junit4]    > 	at org.apache.lucene.codecs.compressing.CompressingStoredFieldsWriter.flush(CompressingStoredFieldsWriter.java:241)
   [junit4]    > 	at org.apache.lucene.codecs.compressing.CompressingStoredFieldsWriter.finish(CompressingStoredFieldsWriter.java:464)
   [junit4]    > 	at org.apache.lucene.index.StoredFieldsConsumer.flush(StoredFieldsConsumer.java:72)
   [junit4]    > 	at org.apache.lucene.index.DefaultIndexingChain.flush(DefaultIndexingChain.java:152)
   [junit4]    > 	at org.apache.lucene.index.DocumentsWriterPerThread.flush(DocumentsWriterPerThread.java:468)
   [junit4]    > 	at org.apache.lucene.index.DocumentsWriter.doFlush(DocumentsWriter.java:555)
   [junit4]    > 	at org.apache.lucene.index.DocumentsWriter.flushAllThreads(DocumentsWriter.java:722)
   [junit4]    > 	at org.apache.lucene.index.IndexWriter.prepareCommitInternal(IndexWriter.java:3199)
   [junit4]    > 	at org.apache.lucene.index.IndexWriter.commitInternal(IndexWriter.java:3444)
   [junit4]    > 	at org.apache.lucene.index.IndexWriter.commit(IndexWriter.java:3409)
   [junit4]    > 	at org.apache.lucene.index.TestDirectoryReaderReopen.doTestReopenWithCommit(TestDirectoryReaderReopen.java:138)
   [junit4]    > 	at org.apache.lucene.index.TestDirectoryReaderReopen.testCommitRecreate(TestDirectoryReaderReopen.java:102)
   [junit4]    > 	at java.lang.Thread.run(Thread.java:745)
   [junit4]   2> NOTE: reproduce with: ant test  -Dtestcase=TestDirectoryReaderReopen -Dtests.method=testNRTMdeletes -Dtests.seed=FA6E6C8CE2861FD9 -Dtests.slow=true -Dtests.badapples=true -Dtests.locale=es-DO -Dtests.timezone=America/Virgin -Dtests.asserts=true -Dtests.file.encoding=US-ASCII
   [junit4] FAILURE 0.00s J0 | TestDirectoryReaderReopen.testNRTMdeletes <<<
   [junit4]    > Throwable #1: java.lang.AssertionError: 16
   [junit4]    > 	at __randomizedtesting.SeedInfo.seed([FA6E6C8CE2861FD9:F6A43EAC5A3BF153]:0)
   [junit4]    > 	at org.apache.lucene.codecs.compressing.CompressionMode$QatCompressor.compress(CompressionMode.java:390)
   [junit4]    > 	at org.apache.lucene.codecs.compressing.CompressingStoredFieldsWriter.flush(CompressingStoredFieldsWriter.java:241)
   [junit4]    > 	at org.apache.lucene.codecs.compressing.CompressingStoredFieldsWriter.finish(CompressingStoredFieldsWriter.java:464)
   [junit4]    > 	at org.apache.lucene.index.StoredFieldsConsumer.flush(StoredFieldsConsumer.java:72)
   [junit4]    > 	at org.apache.lucene.index.DefaultIndexingChain.flush(DefaultIndexingChain.java:152)
   [junit4]    > 	at org.apache.lucene.index.DocumentsWriterPerThread.flush(DocumentsWriterPerThread.java:468)
   [junit4]    > 	at org.apache.lucene.index.DocumentsWriter.doFlush(DocumentsWriter.java:555)
   [junit4]    > 	at org.apache.lucene.index.DocumentsWriter.flushAllThreads(DocumentsWriter.java:722)
   [junit4]    > 	at org.apache.lucene.index.IndexWriter.prepareCommitInternal(IndexWriter.java:3199)
   [junit4]    > 	at org.apache.lucene.index.IndexWriter.commitInternal(IndexWriter.java:3444)
   [junit4]    > 	at org.apache.lucene.index.IndexWriter.commit(IndexWriter.java:3409)
   [junit4]    > 	at org.apache.lucene.index.TestDirectoryReaderReopen.testNRTMdeletes(TestDirectoryReaderReopen.java:796)
   [junit4]    > 	at java.lang.Thread.run(Thread.java:745)
   [junit4]   2> NOTE: test params are: codec=Lucene80, sim=Asserting(org.apache.lucene.search.similarities.AssertingSimilarity@6cad3fc), locale=es-DO, timezone=America/Virgin
   [junit4]   2> NOTE: Linux 3.10.0-1062.4.1.el7.x86_64 amd64/Oracle Corporation 1.8.0_112 (64-bit)/cpus=96,threads=1,free=350838744,total=530579456
   [junit4]   2> NOTE: All tests run in this JVM: [TestBytesRefHash, TermInSetQueryTest, TestAxiomaticF3LOG, TestSearchWithThreads, TestDirectoryReaderReopen]
   [junit4] Completed [31/525 (1!)] on J0 in 0.26s, 15 tests, 9 failures <<< FAILURES!
   [junit4] 
   [junit4] Suite: org.apache.lucene.index.TestTragicIndexWriterDeadlock
   [junit4] Completed [32/525 (1!)] on J0 in 0.25s, 2 tests
   [junit4] 
   [junit4] Suite: org.apache.lucene.index.TestIndexWriterWithThreads
   [junit4] Completed [33/525 (1!)] on J1 in 2.26s, 14 tests
   [junit4] 
   [junit4] Suite: org.apache.lucene.search.similarities.TestAxiomaticF2LOG
   [junit4] Completed [34/525 (1!)] on J3 in 3.01s, 1 test
   [junit4] 
   [junit4] Suite: org.apache.lucene.util.TestNamedSPILoader
   [junit4] Completed [35/525 (1!)] on J1 in 0.25s, 3 tests
   [junit4] 
   [junit4] Suite: org.apache.lucene.util.TestNotDocIdSet
   [junit4] Completed [36/525 (1!)] on J1 in 0.75s, 6 tests
   [junit4] 
   [junit4] Suite: org.apache.lucene.search.similarities.TestBM25Similarity
   [junit4] Completed [37/525 (1!)] on J2 in 5.76s, 3 tests
   [junit4] 
   [junit4] Suite: org.apache.lucene.store.TestSleepingLockWrapper
   [junit4] Completed [38/525 (1!)] on J0 in 2.51s, 6 tests
   [junit4] 
   [junit4] Suite: org.apache.lucene.search.TestMatchNoDocsQuery
   [junit4] Completed [39/525 (1!)] on J0 in 0.25s, 3 tests
   [junit4] 
   [junit4] Suite: org.apache.lucene.index.TestLogMergePolicy
   [junit4] Completed [40/525 (1!)] on J1 in 1.01s, 5 tests
   [junit4] 
   [junit4] Suite: org.apache.lucene.index.TestMergeRateLimiter
   [junit4] Completed [41/525 (1!)] on J0 in 0.25s, 1 test
   [junit4] 
   [junit4] Suite: org.apache.lucene.util.TestSPIClassIterator
   [junit4] Completed [42/525 (1!)] on J1 in 0.25s, 1 test
   [junit4] 
   [junit4] Suite: org.apache.lucene.util.TestFutureObjects
   [junit4] Completed [43/525 (1!)] on J0 in 0.25s, 3 tests
   [junit4] 
   [junit4] Suite: org.apache.lucene.index.TestOmitPositions
   [junit4] Completed [44/525 (1!)] on J0 in 0.25s, 3 tests
   [junit4] 
   [junit4] Suite: org.apache.lucene.index.TestIndexWriterCommit
   [junit4] Completed [45/525 (1!)] on J1 in 1.26s, 14 tests
   [junit4] 
   [junit4] Suite: org.apache.lucene.util.TestMSBRadixSorter
   [junit4] Completed [46/525 (1!)] on J1 in 1.26s, 8 tests
   [junit4] 
   [junit4] Suite: org.apache.lucene.index.Test2BBinaryDocValues
   [junit4] IGNOR/A 0.01s J1 | Test2BBinaryDocValues.testFixedBinary
   [junit4]    > Assumption #1: 'monster' test group is disabled (@Monster(value=takes ~ 6 hours if the heap is 5gb))
   [junit4] IGNOR/A 0.00s J1 | Test2BBinaryDocValues.testVariableBinary
   [junit4]    > Assumption #1: 'monster' test group is disabled (@Monster(value=takes ~ 6 hours if the heap is 5gb))
   [junit4] Completed [47/525 (1!)] on J1 in 0.01s, 2 tests, 2 skipped
   [junit4] 
   [junit4] Suite: org.apache.lucene.search.similarities.TestIndependenceChiSquared
   [junit4] Completed [48/525 (1!)] on J2 in 4.51s, 1 test
   [junit4] 
   [junit4] Suite: org.apache.lucene.search.similarities.TestDistributionLL
   [junit4] Completed [49/525 (1!)] on J3 in 7.01s, 1 test
   [junit4] 
   [junit4] Suite: org.apache.lucene.search.TestFieldCacheRewriteMethod
   [junit4] Completed [50/525 (1!)] on J3 in 0.75s, 2 tests
   [junit4] 
   [junit4] Suite: org.apache.lucene.search.TestFloatRangeFieldQueries
   [junit4] IGNOR/A 0.00s J2 | TestFloatRangeFieldQueries.testRandomBig
   [junit4]    > Assumption #1: 'nightly' test group is disabled (@Nightly())
   [junit4] Completed [51/525 (1!)] on J2 in 3.04s, 7 tests, 1 skipped
   [junit4] 
   [junit4] Suite: org.apache.lucene.search.similarities.TestSimilarityBase
   [junit4] Completed [52/525 (1!)] on J2 in 0.50s, 27 tests
   [junit4] 
   [junit4] Suite: org.apache.lucene.search.spans.TestSpanTermQuery
   [junit4] Completed [53/525 (1!)] on J2 in 0.25s, 2 tests
   [junit4] 
   [junit4] Suite: org.apache.lucene.index.TestFilterLeafReader
   [junit4] Completed [54/525 (1!)] on J2 in 0.25s, 3 tests
   [junit4] 
   [junit4] Suite: org.apache.lucene.index.TestParallelTermEnum
   [junit4] Completed [55/525 (1!)] on J2 in 0.26s, 1 test
   [junit4] 
   [junit4] Suite: org.apache.lucene.index.TestBinaryDocValuesUpdates
   [junit4] IGNOR/A 0.00s J2 | TestBinaryDocValuesUpdates.testTonsOfUpdates
   [junit4]    > Assumption #1: 'nightly' test group is disabled (@Nightly())
   [junit4] Completed [56/525 (1!)] on J2 in 1.26s, 29 tests, 1 skipped
   [junit4] 
   [junit4] Suite: org.apache.lucene.search.TestSearcherManager
   [junit4] Completed [57/525 (1!)] on J1 in 7.76s, 11 tests
   [junit4] 
   [junit4] Suite: org.apache.lucene.index.TestNRTReaderWithThreads
   [junit4] Completed [58/525 (1!)] on J2 in 1.50s, 1 test
   [junit4] 
   [junit4] Suite: org.apache.lucene.search.similarities.TestLMDirichletSimilarity
   [junit4] Completed [59/525 (1!)] on J3 in 5.01s, 1 test
   [junit4] 
   [junit4] Suite: org.apache.lucene.search.spans.TestSpanOrQuery
   [junit4] Completed [60/525 (1!)] on J3 in 0.25s, 3 tests
   [junit4] 
   [junit4] Suite: org.apache.lucene.index.TestDocumentWriter
   [junit4] Completed [61/525 (1!)] on J3 in 0.50s, 6 tests
   [junit4] 
   [junit4] Suite: org.apache.lucene.search.TestDocValuesQueries
   [junit4] Completed [62/525 (1!)] on J2 in 1.00s, 10 tests
   [junit4] 
   [junit4] Suite: org.apache.lucene.index.TestParallelReaderEmptyIndex
   [junit4] Completed [63/525 (1!)] on J3 in 0.26s, 2 tests
   [junit4] 
   [junit4] Suite: org.apache.lucene.search.TestSortRandom
   [junit4] Completed [64/525 (1!)] on J2 in 0.25s, 2 tests
   [junit4] 
   [junit4] Suite: org.apache.lucene.document.TestLongRange
   [junit4] Completed [65/525 (1!)] on J3 in 0.25s, 1 test
   [junit4] 
   [junit4] Suite: org.apache.lucene.util.TestLongsRef
   [junit4] Completed [66/525 (1!)] on J2 in 0.25s, 3 tests
   [junit4] 
   [junit4] Suite: org.apache.lucene.index.TestMultiDocValues
   [junit4] Completed [67/525 (1!)] on J3 in 0.26s, 7 tests
   [junit4] 
   [junit4] Suite: org.apache.lucene.index.TestIndexWriterThreadsToSegments
   [junit4] Completed [68/525 (1!)] on J2 in 1.00s, 4 tests
   [junit4] 
   [junit4] Suite: org.apache.lucene.search.TestDocValuesRewriteMethod
   [junit4] Completed [69/525 (1!)] on J3 in 0.75s, 2 tests
   [junit4] 
   [junit4] Suite: org.apache.lucene.search.TestSort
   [junit4] Completed [70/525 (1!)] on J3 in 0.26s, 25 tests
   [junit4] 
   [junit4] Suite: org.apache.lucene.util.TestFixedBitDocIdSet
   [junit4] Completed [71/525 (1!)] on J3 in 0.50s, 5 tests
   [junit4] 
   [junit4] Suite: org.apache.lucene.index.TestIndexWriterNRTIsCurrent
   [junit4] Completed [72/525 (1!)] on J3 in 0.51s, 1 test
   [junit4] 
   [junit4] Suite: org.apache.lucene.store.TestByteBuffersDirectory
   [junit4] IGNOR/A 0.00s J2 | TestByteBuffersDirectory.testFsyncDoesntCreateNewFiles {impl=many buffers (heap)}
   [junit4]    > Assumption #1: test only works for FSDirectory subclasses
   [junit4] IGNOR/A 0.00s J2 | TestByteBuffersDirectory.testPendingDeletions {impl=many buffers (heap)}
   [junit4]    > Assumption #1: we can only install VirusCheckingFS on an FSDirectory
   [junit4] IGNOR/A 0.00s J2 | TestByteBuffersDirectory.testFsyncDoesntCreateNewFiles {impl=lucene's buffers (heap)}
   [junit4]    > Assumption #1: test only works for FSDirectory subclasses
   [junit4] IGNOR/A 0.00s J2 | TestByteBuffersDirectory.testPendingDeletions {impl=lucene's buffers (heap)}
   [junit4]    > Assumption #1: we can only install VirusCheckingFS on an FSDirectory
   [junit4] IGNOR/A 0.00s J2 | TestByteBuffersDirectory.testFsyncDoesntCreateNewFiles {impl=one buffer (heap)}
   [junit4]    > Assumption #1: test only works for FSDirectory subclasses
   [junit4] IGNOR/A 0.00s J2 | TestByteBuffersDirectory.testPendingDeletions {impl=one buffer (heap)}
   [junit4]    > Assumption #1: we can only install VirusCheckingFS on an FSDirectory
   [junit4] IGNOR/A 0.00s J2 | TestByteBuffersDirectory.testFsyncDoesntCreateNewFiles {impl=byte array (heap)}
   [junit4]    > Assumption #1: test only works for FSDirectory subclasses
   [junit4] IGNOR/A 0.00s J2 | TestByteBuffersDirectory.testPendingDeletions {impl=byte array (heap)}
   [junit4]    > Assumption #1: we can only install VirusCheckingFS on an FSDirectory
   [junit4] Completed [73/525 (1!)] on J2 in 1.76s, 168 tests, 8 skipped
   [junit4] 
   [junit4] Suite: org.apache.lucene.store.TestDirectory
   [junit4] IGNOR/A 0.00s J2 | TestDirectory.testListAll
   [junit4]    > Assumption #1: this test does not expect extra files
   [junit4] Completed [74/525 (1!)] on J2 in 0.25s, 4 tests, 1 skipped
   [junit4] 
   [junit4] Suite: org.apache.lucene.store.TestMultiMMap
   [junit4] Completed [75/525 (1!)] on J3 in 0.76s, 53 tests
   [junit4] 
   [junit4] Suite: org.apache.lucene.store.TestNIOFSDirectory
   [junit4] Completed [76/525 (1!)] on J3 in 0.76s, 41 tests
   [junit4] 
   [junit4] Suite: org.apache.lucene.search.TestTopFieldCollector
   [junit4] Completed [77/525 (1!)] on J3 in 0.25s, 9 tests
   [junit4] 
   [junit4] Suite: org.apache.lucene.search.TestTimeLimitingCollector
   [junit4] Completed [78/525 (1!)] on J2 in 1.75s, 7 tests
   [junit4] 
   [junit4] Suite: org.apache.lucene.search.TestMultiset
   [junit4] Completed [79/525 (1!)] on J2 in 0.25s, 2 tests
   [junit4] 
   [junit4] Suite: org.apache.lucene.search.TestPhraseQuery
   [junit4] Completed [80/525 (1!)] on J3 in 1.26s, 24 tests
   [junit4] 
   [junit4] Suite: org.apache.lucene.index.TestFieldsReader
   [junit4] Completed [81/525 (1!)] on J2 in 0.50s, 2 tests
   [junit4] 
   [junit4] Suite: org.apache.lucene.codecs.lucene80.TestIndexedDISI
   [junit4] Completed [82/525 (1!)] on J1 in 7.26s, 17 tests
   [junit4] 
   [junit4] Suite: org.apache.lucene.index.TestDocValues
   [junit4] Completed [83/525 (1!)] on J3 in 0.25s, 8 tests
   [junit4] 
   [junit4] Suite: org.apache.lucene.store.TestByteArrayDataInput
   [junit4] Completed [84/525 (1!)] on J2 in 0.25s, 1 test
   [junit4] 
   [junit4] Suite: org.apache.lucene.search.spans.TestSpans
   [junit4] Completed [85/525 (1!)] on J3 in 0.25s, 25 tests
   [junit4] 
   [junit4] Suite: org.apache.lucene.document.TestDocument
   [junit4] Completed [86/525 (1!)] on J2 in 0.25s, 12 tests
   [junit4] 
   [junit4] Suite: org.apache.lucene.analysis.TestAnalyzerWrapper
   [junit4] Completed [87/525 (1!)] on J2 in 0.25s, 1 test
   [junit4] 
   [junit4] Suite: org.apache.lucene.util.TestSparseFixedBitDocIdSet
   [junit4] Completed [88/525 (1!)] on J1 in 1.01s, 5 tests
   [junit4] 
   [junit4] Suite: org.apache.lucene.index.TestReadOnlyIndex
   [junit4] Completed [89/525 (1!)] on J2 in 0.50s, 1 test
   [junit4] 
   [junit4] Suite: org.apache.lucene.analysis.TestDelegatingAnalyzerWrapper
   [junit4] Completed [90/525 (1!)] on J2 in 0.25s, 3 tests
   [junit4] 
   [junit4] Suite: org.apache.lucene.search.spans.TestSpanExplanations
   [junit4] Completed [91/525 (1!)] on J1 in 0.51s, 30 tests
   [junit4] 
   [junit4] Suite: org.apache.lucene.codecs.lucene60.TestLucene60PointsFormat
   [junit4] IGNOR/A 0.01s J3 | TestLucene60PointsFormat.testMergeStability
   [junit4]    > Assumption #1: TODO: mess with the parameters and test gets angry!
   [junit4] IGNOR/A 0.00s J3 | TestLucene60PointsFormat.testRandomBinaryBig
   [junit4]    > Assumption #1: 'nightly' test group is disabled (@Nightly())
   [junit4] Completed [92/525 (1!)] on J3 in 1.26s, 20 tests, 2 skipped
   [junit4] 
   [junit4] Suite: org.apache.lucene.TestSearchForDuplicates
   [junit4] Completed [93/525 (1!)] on J3 in 0.25s, 1 test
   [junit4] 
   [junit4] Suite: org.apache.lucene.index.TestReaderClosed
   [junit4] Completed [94/525 (1!)] on J3 in 0.25s, 2 tests
   [junit4] 
   [junit4] Suite: org.apache.lucene.search.TestTermScorer
   [junit4] Completed [95/525 (1!)] on J1 in 0.75s, 5 tests
   [junit4] 
   [junit4] Suite: org.apache.lucene.index.TestIndexWriterOnJRECrash
   [junit4] IGNOR/A 0.00s J1 | TestIndexWriterOnJRECrash.testNRTThreads
   [junit4]    > Assumption #1: 'nightly' test group is disabled (@Nightly())
   [junit4] Completed [96/525 (1!)] on J1 in 0.00s, 1 test, 1 skipped
   [junit4] 
   [junit4] Suite: org.apache.lucene.analysis.TestReusableStringReader
   [junit4] Completed [97/525 (1!)] on J3 in 0.25s, 1 test
   [junit4] 
   [junit4] Suite: org.apache.lucene.index.TestIndexInput
   [junit4] Completed [98/525 (1!)] on J1 in 0.25s, 2 tests
   [junit4] 
   [junit4] Suite: org.apache.lucene.search.TestPrefixRandom
   [junit4] Completed [99/525 (1!)] on J3 in 0.25s, 1 test
   [junit4] 
   [junit4] Suite: org.apache.lucene.store.TestLockFactory
   [junit4] Completed [100/525 (1!)] on J1 in 0.25s, 2 tests
   [junit4] 
   [junit4] Suite: org.apache.lucene.search.TestPointQueries
   [junit4] Completed [101/525 (1!)] on J2 in 1.51s, 48 tests
   [junit4] 
   [junit4] Suite: org.apache.lucene.index.TestByteSlices
   [junit4] Completed [102/525 (1!)] on J3 in 0.75s, 1 test
   [junit4] 
   [junit4] Suite: org.apache.lucene.index.TestDocValuesFieldUpdates
   [junit4] Completed [103/525 (1!)] on J2 in 0.25s, 5 tests
   [junit4] 
   [junit4] Suite: org.apache.lucene.util.automaton.FiniteStringsIteratorTest
   [junit4] Completed [104/525 (1!)] on J1 in 1.25s, 7 tests
   [junit4] 
   [junit4] Suite: org.apache.lucene.search.TestBooleanQuery
   [junit4] Completed [105/525 (1!)] on J1 in 0.25s, 22 tests
   [junit4] 
   [junit4] Suite: org.apache.lucene.index.TestIndexWriterExceptions2
   [junit4] Completed [106/525 (1!)] on J3 in 1.00s, 1 test
   [junit4] 
   [junit4] Suite: org.apache.lucene.search.spans.TestSpanExplanationsOfNonMatches
   [junit4] Completed [107/525 (1!)] on J1 in 0.26s, 30 tests
   [junit4] 
   [junit4] Suite: org.apache.lucene.search.spans.TestSpansEnum
   [junit4] Completed [108/525 (1!)] on J1 in 0.25s, 7 tests
   [junit4] 
   [junit4] Suite: org.apache.lucene.search.TestSimpleSearchEquivalence
   [junit4] Completed [109/525 (1!)] on J1 in 0.25s, 17 tests
   [junit4] 
   [junit4] Suite: org.apache.lucene.index.TestDocsAndPositions
   [junit4] Completed [110/525 (1!)] on J1 in 0.25s, 6 tests
   [junit4] 
   [junit4] Suite: org.apache.lucene.index.TestRollback
   [junit4] Completed [111/525 (1!)] on J1 in 0.25s, 1 test
   [junit4] 
   [junit4] Suite: org.apache.lucene.util.TestWeakIdentityMap
   [junit4] Completed [112/525 (1!)] on J1 in 1.00s, 2 tests
   [junit4] 
   [junit4] Suite: org.apache.lucene.index.TestIndexWriterMerging
   [junit4] Completed [113/525 (1!)] on J2 in 3.26s, 6 tests
   [junit4] 
   [junit4] Suite: org.apache.lucene.index.TestSoftDeletesRetentionMergePolicy
   [junit4] Completed [114/525 (1!)] on J1 in 0.25s, 14 tests
   [junit4] 
   [junit4] Suite: org.apache.lucene.analysis.TestStopFilter
   [junit4] Completed [115/525 (1!)] on J2 in 0.25s, 5 tests
   [junit4] 
   [junit4] Suite: org.apache.lucene.TestMergeSchedulerExternal
   [junit4] Completed [116/525 (1!)] on J1 in 0.50s, 2 tests
   [junit4] 
   [junit4] Suite: org.apache.lucene.util.TestIntArrayDocIdSet
   [junit4] Completed [117/525 (1!)] on J2 in 0.50s, 5 tests
   [junit4] 
   [junit4] Suite: org.apache.lucene.search.spans.TestFilterSpans
   [junit4] Completed [118/525 (1!)] on J1 in 0.25s, 1 test
   [junit4] 
   [junit4] Suite: org.apache.lucene.util.TestUnicodeUtil
   [junit4] Completed [119/525 (1!)] on J2 in 0.25s, 5 tests
   [junit4] 
   [junit4] Suite: org.apache.lucene.analysis.standard.TestStandardAnalyzer
   [junit4] Completed [120/525 (1!)] on J3 in 3.77s, 45 tests
   [junit4] 
   [junit4] Suite: org.apache.lucene.util.TestCloseableThreadLocal
   [junit4] Completed [121/525 (1!)] on J3 in 0.25s, 3 tests
   [junit4] 
   [junit4] Suite: org.apache.lucene.util.TestTimSorter
   [junit4] Completed [122/525 (1!)] on J3 in 0.25s, 9 tests
   [junit4] 
   [junit4] Suite: org.apache.lucene.search.TestLRUQueryCache
   [junit4] Completed [123/525 (1!)] on J1 in 1.26s, 23 tests
   [junit4] 
   [junit4] Suite: org.apache.lucene.analysis.TestCharArraySet
   [junit4] Completed [124/525 (1!)] on J1 in 0.25s, 15 tests
   [junit4] 
   [junit4] Suite: org.apache.lucene.index.Test2BSortedDocValuesOrds
   [junit4] IGNOR/A 0.00s J1 | Test2BSortedDocValuesOrds.test2BOrds
   [junit4]    > Assumption #1: 'monster' test group is disabled (@Monster(value=Takes ~ 6 hours if the heap is 5gb))
   [junit4] Completed [125/525 (1!)] on J1 in 0.00s, 1 test, 1 skipped
   [junit4] 
   [junit4] Suite: org.apache.lucene.codecs.lucene50.TestBlockPostingsFormat3
   [junit4] Completed [126/525 (1!)] on J3 in 0.75s, 1 test
   [junit4] 
   [junit4] Suite: org.apache.lucene.document.TestFeatureField
   [junit4] Completed [127/525 (1!)] on J1 in 0.25s, 8 tests
   [junit4] 
   [junit4] Suite: org.apache.lucene.index.TestIndexWriterMaxDocs
   [junit4] IGNOR/A 0.00s J3 | TestIndexWriterMaxDocs.testExactlyAtTrueLimit
   [junit4]    > Assumption #1: 'monster' test group is disabled (@Monster(value=takes over two hours))
   [junit4] Completed [128/525 (1!)] on J3 in 1.01s, 21 tests, 1 skipped
   [junit4] 
   [junit4] Suite: org.apache.lucene.index.TestIndexableField
   [junit4] Completed [129/525 (1!)] on J3 in 0.25s, 2 tests
   [junit4] 
   [junit4] Suite: org.apache.lucene.codecs.perfield.TestPerFieldPostingsFormat
   [junit4] IGNOR/A 0.00s J2 | TestPerFieldPostingsFormat.testPostingsEnumReuse
   [junit4]    > Assumption #1: The MockRandom PF randomizes content on the fly, so we can't check it
   [junit4] IGNOR/A 0.00s J2 | TestPerFieldPostingsFormat.testMergeStability
   [junit4]    > Assumption #1: The MockRandom PF randomizes content on the fly, so we can't check it
   [junit4] Completed [130/525 (1!)] on J2 in 3.76s, 25 tests, 2 skipped
   [junit4] 
   [junit4] Suite: org.apache.lucene.search.TestBooleanScorer
   [junit4] Completed [131/525 (1!)] on J3 in 0.75s, 5 tests
   [junit4] 
   [junit4] Suite: org.apache.lucene.index.TestMultiTermsEnum
   [junit4] Completed [132/525 (1!)] on J3 in 0.25s, 1 test
   [junit4] 
   [junit4] Suite: org.apache.lucene.codecs.lucene50.TestLucene50StoredFieldsFormatHighCompression
   [junit4] IGNOR/A 0.00s J3 | TestLucene50StoredFieldsFormatHighCompression.testBigDocuments
   [junit4]    > Assumption #1: 'nightly' test group is disabled (@Nightly())
   [junit4] Completed [133/525 (1!)] on J3 in 1.76s, 19 tests, 1 skipped
   [junit4] 
   [junit4] Suite: org.apache.lucene.search.similarities.TestLMJelinekMercerSimilarity
   [junit4] Completed [134/525 (1!)] on J1 in 4.01s, 1 test
   [junit4] 
   [junit4] Suite: org.apache.lucene.index.TestOneMergeWrappingMergePolicy
   [junit4] Completed [136/525 (1!)] on J3 in 0.25s, 1 test
   [junit4] 
   [junit4] Suite: org.apache.lucene.codecs.lucene50.TestLucene50LiveDocsFormat
   [junit4] IGNOR/A 0.00s J1 | TestLucene50LiveDocsFormat.testOverflow
   [junit4]    > Assumption #1: 'monster' test group is disabled (@Monster(value=Uses lots of memory))
   [junit4] Completed [137/525 (1!)] on J1 in 0.26s, 4 tests, 1 skipped
   [junit4] 
   [junit4] Suite: org.apache.lucene.document.TestField
   [junit4] Completed [138/525 (1!)] on J3 in 0.25s, 23 tests
   [junit4] 
   [junit4] Suite: org.apache.lucene.util.TestIntroSorter
   [junit4] Completed [139/525 (1!)] on J1 in 0.25s, 9 tests
   [junit4] 
   [junit4] Suite: org.apache.lucene.util.automaton.LimitedFiniteStringsIteratorTest
   [junit4] Completed [140/525 (1!)] on J1 in 0.26s, 6 tests
   [junit4] 
   [junit4] Suite: org.apache.lucene.util.TestDocIdSetBuilder
   [junit4] Completed [141/525 (1!)] on J3 in 0.50s, 7 tests
   [junit4] 
   [junit4] Suite: org.apache.lucene.search.TestNeedsScores
   [junit4] Completed [142/525 (1!)] on J1 in 0.25s, 4 tests
   [junit4] 
   [junit4] Suite: org.apache.lucene.index.TestIndexWriterReader
   [junit4] IGNOR/A 0.00s J2 | TestIndexWriterReader.testDuringAddIndexes
   [junit4]    > Assumption #1: 'nightly' test group is disabled (@Nightly())
   [junit4] Completed [143/525 (1!)] on J2 in 3.26s, 23 tests, 1 skipped
   [junit4] 
   [junit4] Suite: org.apache.lucene.util.TestMathUtil
   [junit4] Completed [144/525 (1!)] on J1 in 0.25s, 5 tests
   [junit4] 
   [junit4] Suite: org.apache.lucene.index.TestFieldInfos
   [junit4] Completed [145/525 (1!)] on J1 in 0.25s, 4 tests
   [junit4] 
   [junit4] Suite: org.apache.lucene.search.TestDisjunctionMaxQuery
   [junit4] Completed [146/525 (1!)] on J1 in 1.01s, 13 tests
   [junit4] 
   [junit4] Suite: org.apache.lucene.index.TestIndexTooManyDocs
   [junit4] Completed [147/525 (1!)] on J1 in 0.50s, 1 test
   [junit4] 
   [junit4] Suite: org.apache.lucene.analysis.TestWordlistLoader
   [junit4] Completed [148/525 (1!)] on J1 in 0.25s, 3 tests
   [junit4] 
   [junit4] Suite: org.apache.lucene.util.Test2BPagedBytes
   [junit4] IGNOR/A 0.00s J1 | Test2BPagedBytes.test
   [junit4]    > Assumption #1: 'monster' test group is disabled (@Monster(value=You must increase heap to > 2 G to run this))
   [junit4] Completed [149/525 (1!)] on J1 in 0.00s, 1 test, 1 skipped
   [junit4] 
   [junit4] Suite: org.apache.lucene.search.similarities.TestAxiomaticF2EXP
   [junit4] Completed [150/525 (1!)] on J1 in 3.25s, 1 test
   [junit4] 
   [junit4] Suite: org.apache.lucene.index.TestSwappedIndexFiles
   [junit4] Completed [151/525 (1!)] on J1 in 0.25s, 1 test
   [junit4] 
   [junit4] Suite: org.apache.lucene.index.TestForTooMuchCloning
   [junit4] Completed [152/525 (1!)] on J1 in 0.25s, 1 test
   [junit4] 
   [junit4] Suite: org.apache.lucene.util.TestSentinelIntSet
   [junit4] Completed [153/525 (1!)] on J1 in 0.25s, 2 tests
   [junit4] 
   [junit4] Suite: org.apache.lucene.search.TestPositionIncrement
   [junit4] Completed [154/525 (1!)] on J1 in 0.25s, 2 tests
   [junit4] 
   [junit4] Suite: org.apache.lucene.index.TestPostingsOffsets
   [junit4] Completed [155/525 (1!)] on J1 in 0.50s, 13 tests
   [junit4] 
   [junit4] Suite: org.apache.lucene.store.TestFileSwitchDirectory
   [junit4] IGNOR/A 0.00s J1 | TestFileSwitchDirectory.testFsyncDoesntCreateNewFiles
   [junit4]    > Assumption #1: test only works for FSDirectory subclasses
   [junit4] IGNOR/A 0.00s J1 | TestFileSwitchDirectory.testPendingDeletions
   [junit4]    > Assumption #1: we can only install VirusCheckingFS on an FSDirectory
   [junit4] Completed [156/525 (1!)] on J1 in 0.76s, 44 tests, 2 skipped
   [junit4] 
   [junit4] Suite: org.apache.lucene.search.TestNormsFieldExistsQuery
   [junit4] Completed [157/525 (1!)] on J1 in 0.50s, 6 tests
   [junit4] 
   [junit4] Suite: org.apache.lucene.util.TestCharsRef
   [junit4] Completed [158/525 (1!)] on J1 in 0.25s, 6 tests
   [junit4] 
   [junit4] Suite: org.apache.lucene.index.Test4GBStoredFields
   [junit4] IGNOR/A 0.00s J1 | Test4GBStoredFields.test
   [junit4]    > Assumption #1: 'nightly' test group is disabled (@Nightly())
   [junit4] Completed [159/525 (1!)] on J1 in 0.00s, 1 test, 1 skipped
   [junit4] 
   [junit4] Suite: org.apache.lucene.util.automaton.TestRegExp
   [junit4] Completed [160/525 (1!)] on J1 in 0.25s, 6 tests
   [junit4] 
   [junit4] Suite: org.apache.lucene.index.TestSegmentTermDocs
   [junit4] Completed [161/525 (1!)] on J1 in 0.25s, 4 tests
   [junit4] 
   [junit4] Suite: org.apache.lucene.analysis.TestToken
   [junit4] Completed [162/525 (1!)] on J1 in 0.25s, 5 tests
   [junit4] 
   [junit4] Suite: org.apache.lucene.search.similarities.TestBasicModelIF
   [junit4] Completed [163/525 (1!)] on J3 in 9.52s, 1 test
   [junit4] 
   [junit4] Suite: org.apache.lucene.search.TestMaxScoreSumPropagator
   [junit4] Completed [164/525 (1!)] on J3 in 0.25s, 6 tests
   [junit4] 
   [junit4] Suite: org.apache.lucene.codecs.compressing.TestHighCompressionMode
   [junit4] Completed [165/525 (1!)] on J3 in 0.25s, 7 tests
   [junit4] 
   [junit4] Suite: org.apache.lucene.util.TestVersion
   [junit4] Completed [166/525 (1!)] on J3 in 0.25s, 11 tests
   [junit4] 
   [junit4] Suite: org.apache.lucene.codecs.compressing.TestQatCompressionDecompressionMode
   [junit4]   2> NOTE: reproduce with: ant test  -Dtestcase=TestQatCompressionDecompressionMode -Dtests.method=testShortSequence -Dtests.seed=FA6E6C8CE2861FD9 -Dtests.slow=true -Dtests.badapples=true -Dtests.locale=fi-FI -Dtests.timezone=America/Kentucky/Louisville -Dtests.asserts=true -Dtests.file.encoding=US-ASCII
   [junit4] FAILURE 0.01s J3 | TestQatCompressionDecompressionMode.testShortSequence <<<
   [junit4]    > Throwable #1: java.lang.AssertionError: 1
   [junit4]    > 	at __randomizedtesting.SeedInfo.seed([FA6E6C8CE2861FD9:13D1ACEBD4DA8027]:0)
   [junit4]    > 	at org.apache.lucene.codecs.compressing.CompressionMode$QatCompressor.compress(CompressionMode.java:390)
   [junit4]    > 	at org.apache.lucene.codecs.compressing.AbstractTestCompressionMode.compress(AbstractTestCompressionMode.java:62)
   [junit4]    > 	at org.apache.lucene.codecs.compressing.AbstractTestCompressionMode.compress(AbstractTestCompressionMode.java:56)
   [junit4]    > 	at org.apache.lucene.codecs.compressing.AbstractTestCompressionMode.test(AbstractTestCompressionMode.java:119)
   [junit4]    > 	at org.apache.lucene.codecs.compressing.AbstractTestCompressionMode.test(AbstractTestCompressionMode.java:115)
   [junit4]    > 	at org.apache.lucene.codecs.compressing.AbstractTestCompressionMode.testShortSequence(AbstractTestCompressionMode.java:130)
   [junit4]    > 	at java.lang.Thread.run(Thread.java:745)
   [junit4]   2> NOTE: reproduce with: ant test  -Dtestcase=TestQatCompressionDecompressionMode -Dtests.method=testLUCENE5201 -Dtests.seed=FA6E6C8CE2861FD9 -Dtests.slow=true -Dtests.badapples=true -Dtests.locale=fi-FI -Dtests.timezone=America/Kentucky/Louisville -Dtests.asserts=true -Dtests.file.encoding=US-ASCII
   [junit4] FAILURE 0.00s J3 | TestQatCompressionDecompressionMode.testLUCENE5201 <<<
   [junit4]    > Throwable #1: java.lang.AssertionError: 1510
   [junit4]    > 	at __randomizedtesting.SeedInfo.seed([FA6E6C8CE2861FD9:4649301D4D70C784]:0)
   [junit4]    > 	at org.apache.lucene.codecs.compressing.CompressionMode$QatCompressor.compress(CompressionMode.java:390)
   [junit4]    > 	at org.apache.lucene.codecs.compressing.AbstractTestCompressionMode.compress(AbstractTestCompressionMode.java:62)
   [junit4]    > 	at org.apache.lucene.codecs.compressing.AbstractTestCompressionMode.compress(AbstractTestCompressionMode.java:56)
   [junit4]    > 	at org.apache.lucene.codecs.compressing.AbstractTestCompressionMode.test(AbstractTestCompressionMode.java:119)
   [junit4]    > 	at org.apache.lucene.codecs.compressing.AbstractTestCompressionMode.testLUCENE5201(AbstractTestCompressionMode.java:198)
   [junit4]    > 	at java.lang.Thread.run(Thread.java:745)
   [junit4]   2> NOTE: reproduce with: ant test  -Dtestcase=TestQatCompressionDecompressionMode -Dtests.method=testIncompressible -Dtests.seed=FA6E6C8CE2861FD9 -Dtests.slow=true -Dtests.badapples=true -Dtests.locale=fi-FI -Dtests.timezone=America/Kentucky/Louisville -Dtests.asserts=true -Dtests.file.encoding=US-ASCII
   [junit4] FAILURE 0.00s J3 | TestQatCompressionDecompressionMode.testIncompressible <<<
   [junit4]    > Throwable #1: java.lang.AssertionError: 172
   [junit4]    > 	at __randomizedtesting.SeedInfo.seed([FA6E6C8CE2861FD9:AF868B6FE1055AEE]:0)
   [junit4]    > 	at org.apache.lucene.codecs.compressing.CompressionMode$QatCompressor.compress(CompressionMode.java:390)
   [junit4]    > 	at org.apache.lucene.codecs.compressing.AbstractTestCompressionMode.compress(AbstractTestCompressionMode.java:62)
   [junit4]    > 	at org.apache.lucene.codecs.compressing.AbstractTestCompressionMode.compress(AbstractTestCompressionMode.java:56)
   [junit4]    > 	at org.apache.lucene.codecs.compressing.AbstractTestCompressionMode.test(AbstractTestCompressionMode.java:119)
   [junit4]    > 	at org.apache.lucene.codecs.compressing.AbstractTestCompressionMode.test(AbstractTestCompressionMode.java:115)
   [junit4]    > 	at org.apache.lucene.codecs.compressing.AbstractTestCompressionMode.testIncompressible(AbstractTestCompressionMode.java:138)
   [junit4]    > 	at java.lang.Thread.run(Thread.java:745)
   [junit4]   2> NOTE: reproduce with: ant test  -Dtestcase=TestQatCompressionDecompressionMode -Dtests.method=testConstant -Dtests.seed=FA6E6C8CE2861FD9 -Dtests.slow=true -Dtests.badapples=true -Dtests.locale=fi-FI -Dtests.timezone=America/Kentucky/Louisville -Dtests.asserts=true -Dtests.file.encoding=US-ASCII
   [junit4] FAILURE 0.00s J3 | TestQatCompressionDecompressionMode.testConstant <<<
   [junit4]    > Throwable #1: java.lang.AssertionError: 8455
   [junit4]    > 	at __randomizedtesting.SeedInfo.seed([FA6E6C8CE2861FD9:17548D8FF2F0E6B6]:0)
   [junit4]    > 	at org.apache.lucene.codecs.compressing.CompressionMode$QatCompressor.compress(CompressionMode.java:390)
   [junit4]    > 	at org.apache.lucene.codecs.compressing.AbstractTestCompressionMode.compress(AbstractTestCompressionMode.java:62)
   [junit4]    > 	at org.apache.lucene.codecs.compressing.AbstractTestCompressionMode.compress(AbstractTestCompressionMode.java:56)
   [junit4]    > 	at org.apache.lucene.codecs.compressing.AbstractTestCompressionMode.test(AbstractTestCompressionMode.java:119)
   [junit4]    > 	at org.apache.lucene.codecs.compressing.AbstractTestCompressionMode.test(AbstractTestCompressionMode.java:115)
   [junit4]    > 	at org.apache.lucene.codecs.compressing.AbstractTestCompressionMode.testConstant(AbstractTestCompressionMode.java:144)
   [junit4]    > 	at java.lang.Thread.run(Thread.java:745)
   [junit4]   2> NOTE: reproduce with: ant test  -Dtestcase=TestQatCompressionDecompressionMode -Dtests.method=testDecompress -Dtests.seed=FA6E6C8CE2861FD9 -Dtests.slow=true -Dtests.badapples=true -Dtests.locale=fi-FI -Dtests.timezone=America/Kentucky/Louisville -Dtests.asserts=true -Dtests.file.encoding=US-ASCII
   [junit4] FAILURE 0.01s J3 | TestQatCompressionDecompressionMode.testDecompress <<<
   [junit4]    > Throwable #1: java.lang.AssertionError: 24781
   [junit4]    > 	at __randomizedtesting.SeedInfo.seed([FA6E6C8CE2861FD9:EE00D322B82DA1BE]:0)
   [junit4]    > 	at org.apache.lucene.codecs.compressing.CompressionMode$QatCompressor.compress(CompressionMode.java:390)
   [junit4]    > 	at org.apache.lucene.codecs.compressing.AbstractTestCompressionMode.compress(AbstractTestCompressionMode.java:62)
   [junit4]    > 	at org.apache.lucene.codecs.compressing.AbstractTestCompressionMode.compress(AbstractTestCompressionMode.java:56)
   [junit4]    > 	at org.apache.lucene.codecs.compressing.AbstractTestCompressionMode.testDecompress(AbstractTestCompressionMode.java:91)
   [junit4]    > 	at java.lang.Thread.run(Thread.java:745)
   [junit4]   2> NOTE: reproduce with: ant test  -Dtestcase=TestQatCompressionDecompressionMode -Dtests.method=testPartialDecompress -Dtests.seed=FA6E6C8CE2861FD9 -Dtests.slow=true -Dtests.badapples=true -Dtests.locale=fi-FI -Dtests.timezone=America/Kentucky/Louisville -Dtests.asserts=true -Dtests.file.encoding=US-ASCII
   [junit4] ERROR   0.07s J3 | TestQatCompressionDecompressionMode.testPartialDecompress <<<
   [junit4]    > Throwable #1: java.lang.InternalError: 
   [junit4]    > 	at __randomizedtesting.SeedInfo.seed([FA6E6C8CE2861FD9:8502F8862DBA7CF9]:0)
   [junit4]    > 	at com.intel.qat.jni.QatDecompressorJNI.decompressBytesDirect(Native Method)
   [junit4]    > 	at com.intel.qat.jni.QatDecompressorJNI.decompress(QatDecompressorJNI.java:282)
   [junit4]    > 	at org.apache.lucene.codecs.compressing.CompressionMode$QatDecompressor.decompress(CompressionMode.java:349)
   [junit4]    > 	at org.apache.lucene.codecs.compressing.AbstractTestCompressionMode.decompress(AbstractTestCompressionMode.java:81)
   [junit4]    > 	at org.apache.lucene.codecs.compressing.AbstractTestCompressionMode.testPartialDecompress(AbstractTestCompressionMode.java:109)
   [junit4]    > 	at java.lang.Thread.run(Thread.java:745)
   [junit4]   2> NOTE: test params are: codec=Asserting(Lucene80): {}, docValues:{}, maxPointsInLeafNode=618, maxMBSortInHeap=6.2386245582313675, sim=Asserting(org.apache.lucene.search.similarities.AssertingSimilarity@7d2a1219), locale=fi-FI, timezone=America/Kentucky/Louisville
   [junit4]   2> NOTE: Linux 3.10.0-1062.4.1.el7.x86_64 amd64/Oracle Corporation 1.8.0_112 (64-bit)/cpus=96,threads=1,free=206412416,total=334495744
   [junit4]   2> NOTE: All tests run in this JVM: [TestTermQuery, TestSloppyPhraseQuery, TestArrayUtil, TestSegmentMerger, TestPackedTokenAttributeImpl, TestStressNRT, TestPrefixQuery, TestQueryBuilder, TestAssertions, TestAxiomaticF2LOG, TestDistributionLL, TestFieldCacheRewriteMethod, TestLMDirichletSimilarity, TestSpanOrQuery, TestDocumentWriter, TestParallelReaderEmptyIndex, TestLongRange, TestMultiDocValues, TestDocValuesRewriteMethod, TestSort, TestFixedBitDocIdSet, TestIndexWriterNRTIsCurrent, TestMultiMMap, TestNIOFSDirectory, TestTopFieldCollector, TestPhraseQuery, TestDocValues, TestSpans, TestLucene60PointsFormat, TestSearchForDuplicates, TestReaderClosed, TestReusableStringReader, TestPrefixRandom, TestByteSlices, TestIndexWriterExceptions2, TestStandardAnalyzer, TestCloseableThreadLocal, TestTimSorter, TestBlockPostingsFormat3, TestIndexWriterMaxDocs, TestIndexableField, TestBooleanScorer, TestMultiTermsEnum, TestLucene50StoredFieldsFormatHighCompression, TestOneMergeWrappingMergePolicy, TestField, TestDocIdSetBuilder, TestBasicModelIF, TestMaxScoreSumPropagator, TestHighCompressionMode, TestVersion, TestQatCompressionDecompressionMode]
   [junit4] Completed [167/525 (2!)] on J3 in 0.26s, 7 tests, 5 failures, 1 error <<< FAILURES!
   [junit4] 
   [junit4] Suite: org.apache.lucene.index.TestIndexingSequenceNumbers
   [junit4] Completed [168/525 (2!)] on J2 in 12.04s, 8 tests
   [junit4] 
   [junit4] Suite: org.apache.lucene.search.TestBoostQuery
   [junit4] Completed [169/525 (2!)] on J2 in 0.25s, 4 tests
   [junit4] 
   [junit4] Suite: org.apache.lucene.index.TestNewestSegment
   [junit4] Completed [170/525 (2!)] on J2 in 0.25s, 1 test
   [junit4] 
   [junit4] Suite: org.apache.lucene.document.TestDateTools
   [junit4] Completed [171/525 (2!)] on J2 in 0.25s, 5 tests
   [junit4] 
   [junit4] Suite: org.apache.lucene.index.TestOrdinalMap
   [junit4] Completed [172/525 (2!)] on J2 in 0.25s, 1 test
   [junit4] 
   [junit4] Suite: org.apache.lucene.index.TestAllFilesHaveCodecHeader
   [junit4] Completed [173/525 (2!)] on J2 in 0.25s, 1 test
   [junit4] 
   [junit4] Suite: org.apache.lucene.store.TestSimpleFSLockFactory
   [junit4] Completed [174/525 (2!)] on J3 in 3.01s, 7 tests
   [junit4] 
   [junit4] Suite: org.apache.lucene.util.TestIntsRef
   [junit4] Completed [175/525 (2!)] on J2 in 0.25s, 3 tests
   [junit4] 
   [junit4] Suite: org.apache.lucene.util.TestInPlaceMergeSorter
   [junit4] Completed [176/525 (2!)] on J3 in 0.25s, 9 tests
   [junit4] 
   [junit4] Suite: org.apache.lucene.search.TestLatLonPointQueries
   [junit4] IGNOR/A 0.00s J1 | TestLatLonPointQueries.testRandomDistanceHuge
   [junit4]    > Assumption #1: 'nightly' test group is disabled (@Nightly())
   [junit4] IGNOR/A 0.00s J1 | TestLatLonPointQueries.testRandomBig
   [junit4]    > Assumption #1: 'nightly' test group is disabled (@Nightly())
   [junit4] Completed [177/525 (2!)] on J1 in 8.76s, 42 tests, 2 skipped
   [junit4] 
   [junit4] Suite: org.apache.lucene.codecs.lucene80.TestLucene80DocValuesFormat
   [junit4] IGNOR/A 0.00s J0 | TestLucene80DocValuesFormat.testTermsEnumRandomMany
   [junit4]    > Assumption #1: 'nightly' test group is disabled (@Nightly())
   [junit4] IGNOR/A 0.00s J0 | TestLucene80DocValuesFormat.testSortedVariableLengthManyVsStoredFields
   [junit4]    > Assumption #1: 'nightly' test group is disabled (@Nightly())
   [junit4] IGNOR/A 0.00s J0 | TestLucene80DocValuesFormat.testSortedSetVariableLengthManyVsStoredFields
   [junit4]    > Assumption #1: 'nightly' test group is disabled (@Nightly())
   [junit4] Completed [178/525 (2!)] on J0 in 50.35s, 127 tests, 3 skipped
   [junit4] 
   [junit4] Suite: org.apache.lucene.search.TestConjunctions
   [junit4] Completed [179/525 (2!)] on J1 in 0.25s, 2 tests
   [junit4] 
   [junit4] Suite: org.apache.lucene.search.TestMultiTermConstantScore
   [junit4] Completed [180/525 (2!)] on J0 in 0.25s, 7 tests
   [junit4] 
   [junit4] Suite: org.apache.lucene.index.TestMaxPosition
   [junit4] Completed [181/525 (2!)] on J1 in 0.25s, 2 tests
   [junit4] 
   [junit4] Suite: org.apache.lucene.search.TestNGramPhraseQuery
   [junit4] Completed [182/525 (2!)] on J0 in 0.25s, 1 test
   [junit4] 
   [junit4] Suite: org.apache.lucene.codecs.TestCompetitiveFreqNormAccumulator
   [junit4] Completed [183/525 (2!)] on J1 in 0.25s, 4 tests
   [junit4] 
   [junit4] Suite: org.apache.lucene.index.TestConsistentFieldNumbers
   [junit4] Completed [184/525 (2!)] on J1 in 0.50s, 4 tests
   [junit4] 
   [junit4] Suite: org.apache.lucene.index.TestIndexWriterDelete
   [junit4] IGNOR/A 0.00s J0 | TestIndexWriterDelete.testApplyDeletesOnFlush
   [junit4]    > Assumption #1: 'nightly' test group is disabled (@Nightly())
   [junit4] Completed [185/525 (2!)] on J0 in 3.01s, 26 tests, 2 skipped
   [junit4] 
   [junit4] Suite: org.apache.lucene.codecs.perfield.TestPerFieldDocValuesFormat
   [junit4] Completed [186/525 (2!)] on J3 in 8.08s, 110 tests
   [junit4] 
   [junit4] Suite: org.apache.lucene.search.TestBooleanQueryVisitSubscorers
   [junit4] Completed [187/525 (2!)] on J0 in 0.25s, 7 tests
   [junit4] 
   [junit4] Suite: org.apache.lucene.index.TestFlex
   [junit4] Completed [188/525 (2!)] on J3 in 0.25s, 2 tests
   [junit4] 
   [junit4] Suite: org.apache.lucene.index.TestAllFilesCheckIndexHeader
   [junit4] Completed [189/525 (2!)] on J3 in 0.50s, 1 test
   [junit4] 
   [junit4] Suite: org.apache.lucene.search.similarities.TestBasicModelG
   [junit4] Completed [190/525 (2!)] on J2 in 10.76s, 1 test
   [junit4] 
   [junit4] Suite: org.apache.lucene.search.TestMatchAllDocsQuery
   [junit4] Completed [191/525 (2!)] on J2 in 0.25s, 3 tests
   [junit4] 
   [junit4] Suite: org.apache.lucene.codecs.lucene50.TestForUtil
   [junit4] Completed [192/525 (2!)] on J2 in 0.25s, 1 test
   [junit4] 
   [junit4] Suite: org.apache.lucene.util.automaton.TestDeterminism
   [junit4] Completed [193/525 (2!)] on J2 in 0.25s, 2 tests
   [junit4] 
   [junit4] Suite: org.apache.lucene.codecs.lucene50.TestLucene50StoredFieldsFormat
   [junit4] IGNOR/A 0.00s J2 | TestLucene50StoredFieldsFormat.testBigDocuments
   [junit4]    > Assumption #1: 'nightly' test group is disabled (@Nightly())
   [junit4] Completed [194/525 (2!)] on J2 in 0.75s, 17 tests, 1 skipped
   [junit4] 
   [junit4] Suite: org.apache.lucene.search.similarities.TestIndependenceSaturated
   [junit4] Completed [195/525 (2!)] on J0 in 4.01s, 1 test
   [junit4] 
   [junit4] Suite: org.apache.lucene.store.TestRateLimiter
   [junit4] Completed [196/525 (2!)] on J2 in 1.00s, 2 tests
   [junit4] 
   [junit4] Suite: org.apache.lucene.index.TestDemoParallelLeafReader
   [junit4] Completed [197/525 (2!)] on J0 in 1.76s, 5 tests
   [junit4] 
   [junit4] Suite: org.apache.lucene.search.TestSortedSetSortField
   [junit4] Completed [198/525 (2!)] on J0 in 0.25s, 7 tests
   [junit4] 
   [junit4] Suite: org.apache.lucene.index.TestDocumentsWriterStallControl
   [junit4] Completed [199/525 (2!)] on J0 in 0.25s, 3 tests
   [junit4] 
   [junit4] Suite: org.apache.lucene.index.TestTermsEnum
   [junit4] Completed [200/525 (2!)] on J3 in 7.01s, 13 tests
   [junit4] 
   [junit4] Suite: org.apache.lucene.search.spans.TestNearSpansOrdered
   [junit4] Completed [201/525 (2!)] on J3 in 0.25s, 19 tests
   [junit4] 
   [junit4] Suite: org.apache.lucene.util.mutable.TestMutableValues
   [junit4] Completed [202/525 (2!)] on J3 in 0.25s, 6 tests
   [junit4] 
   [junit4] Suite: org.apache.lucene.index.TestCrashCausesCorruptIndex
   [junit4] Completed [203/525 (2!)] on J3 in 0.25s, 1 test
   [junit4] 
   [junit4] Suite: org.apache.lucene.search.similarities.TestBasicModelIne
   [junit4] Completed [204/525 (2!)] on J1 in 11.02s, 1 test
   [junit4] 
   [junit4] Suite: org.apache.lucene.util.TestOfflineSorter
   [junit4] IGNOR/A 0.00s J2 | TestOfflineSorter.testLargerRandom
   [junit4]    > Assumption #1: 'nightly' test group is disabled (@Nightly())
   [junit4] Completed [205/525 (2!)] on J2 in 3.76s, 15 tests, 1 skipped
   [junit4] 
   [junit4] Suite: org.apache.lucene.document.TestLatLonDocValuesField
   [junit4] Completed [206/525 (2!)] on J2 in 0.25s, 1 test
   [junit4] 
   [junit4] Suite: org.apache.lucene.index.TestDeletionPolicy
   [junit4] Completed [207/525 (2!)] on J0 in 2.76s, 6 tests
   [junit4] 
   [junit4] Suite: org.apache.lucene.index.TestIndexWriterForceMerge
   [junit4] Completed [208/525 (2!)] on J3 in 0.50s, 4 tests
   [junit4] 
   [junit4] Suite: org.apache.lucene.util.automaton.TestCompiledAutomaton
   [junit4] Completed [209/525 (2!)] on J0 in 0.25s, 6 tests
   [junit4] 
   [junit4] Suite: org.apache.lucene.util.automaton.TestUTF32ToUTF8
   [junit4] Completed [210/525 (2!)] on J3 in 0.50s, 6 tests
   [junit4] 
   [junit4] Suite: org.apache.lucene.search.TestCustomSearcherSort
   [junit4] Completed [211/525 (2!)] on J3 in 0.25s, 2 tests
   [junit4] 
   [junit4] Suite: org.apache.lucene.index.TestIndexSorting
   [junit4] Completed [212/525 (2!)] on J2 in 3.51s, 53 tests
   [junit4] 
   [junit4] Suite: org.apache.lucene.index.TestDirectoryReader
   [junit4] Completed [213/525 (2!)] on J2 in 0.50s, 24 tests
   [junit4] 
   [junit4] Suite: org.apache.lucene.index.TestStressIndexing2
   [junit4] Completed [214/525 (2!)] on J2 in 0.26s, 3 tests
   [junit4] 
   [junit4] Suite: org.apache.lucene.search.spans.TestSpanFirstQuery
   [junit4] Completed [215/525 (2!)] on J2 in 0.25s, 1 test
   [junit4] 
   [junit4] Suite: org.apache.lucene.index.TestIndexWriter
   [junit4] Completed [216/525 (2!)] on J0 in 4.51s, 92 tests, 1 skipped
   [junit4] 
   [junit4] Suite: org.apache.lucene.search.TestEarlyTermination
   [junit4] Completed [217/525 (2!)] on J0 in 0.25s, 1 test
   [junit4] 
   [junit4] Suite: org.apache.lucene.index.Test2BTerms
   [junit4] IGNOR/A 0.00s J0 | Test2BTerms.test2BTerms
   [junit4]    > Assumption #1: 'monster' test group is disabled (@Monster(value=very slow, use 5g minimum heap))
   [junit4] Completed [218/525 (2!)] on J0 in 0.00s, 1 test, 1 skipped
   [junit4] 
   [junit4] Suite: org.apache.lucene.util.packed.TestDirectPacked
   [junit4] Completed [219/525 (2!)] on J2 in 0.76s, 4 tests
   [junit4] 
   [junit4] Suite: org.apache.lucene.index.TestDocValuesIndexing
   [junit4] Completed [220/525 (2!)] on J2 in 0.25s, 34 tests
   [junit4] 
   [junit4] Suite: org.apache.lucene.index.TestIndexWriterOnVMError
   [junit4] IGNOR/A 0.00s J2 | TestIndexWriterOnVMError.testCheckpoint
   [junit4]    > Assumption #1: 'nightly' test group is disabled (@Nightly())
   [junit4] Completed [221/525 (2!)] on J2 in 0.25s, 3 tests, 1 skipped
   [junit4] 
   [junit4] Suite: org.apache.lucene.search.TestConjunctionDISI
   [junit4] Completed [222/525 (2!)] on J0 in 1.01s, 5 tests
   [junit4] 
   [junit4] Suite: org.apache.lucene.util.TestLSBRadixSorter
   [junit4] Completed [223/525 (2!)] on J0 in 0.25s, 6 tests
   [junit4] 
   [junit4] Suite: org.apache.lucene.document.TestLongDistanceFeatureQuery
   [junit4] Completed [224/525 (2!)] on J0 in 0.25s, 7 tests
   [junit4] 
   [junit4] Suite: org.apache.lucene.util.automaton.TestLevenshteinAutomata
   [junit4] Completed [225/525 (2!)] on J2 in 1.01s, 4 tests
   [junit4] 
   [junit4] Suite: org.apache.lucene.search.TestDateSort
   [junit4] Completed [226/525 (2!)] on J2 in 0.25s, 1 test
   [junit4] 
   [junit4] Suite: org.apache.lucene.search.TestBooleanOr
   [junit4] Completed [227/525 (2!)] on J0 in 0.50s, 7 tests
   [junit4] 
   [junit4] Suite: org.apache.lucene.search.TestMultiThreadTermVectors
   [junit4] Completed [228/525 (2!)] on J0 in 1.25s, 1 test
   [junit4] 
   [junit4] Suite: org.apache.lucene.search.similarities.TestBasicModelIn
   [junit4] Completed [229/525 (2!)] on J3 in 8.77s, 1 test
   [junit4] 
   [junit4] Suite: org.apache.lucene.util.TestTimSorterWorstCase
   [junit4] Completed [230/525 (2!)] on J1 in 11.01s, 1 test
   [junit4] 
   [junit4] Suite: org.apache.lucene.index.TestNRTThreads
   [junit4] Completed [231/525 (2!)] on J0 in 3.27s, 1 test
   [junit4] 
   [junit4] Suite: org.apache.lucene.util.TestPriorityQueue
   [junit4] Completed [232/525 (2!)] on J0 in 0.51s, 10 tests
   [junit4] 
   [junit4] Suite: org.apache.lucene.index.TestPayloadsOnVectors
   [junit4] Completed [233/525 (2!)] on J0 in 0.25s, 3 tests
   [junit4] 
   [junit4] Suite: org.apache.lucene.codecs.lucene80.TestLucene80NormsFormat
   [junit4] IGNOR/A 0.00s J0 | TestLucene80NormsFormat.testMergeStability
   [junit4]    > Assumption #1: The MockRandom PF randomizes content on the fly, so we can't check it
   [junit4] IGNOR/A 0.00s J0 | TestLucene80NormsFormat.testSparseNCommonBig
   [junit4]    > Assumption #1: 'nightly' test group is disabled (@Nightly())
   [junit4] IGNOR/A 0.00s J0 | TestLucene80NormsFormat.testNCommonBig
   [junit4]    > Assumption #1: 'nightly' test group is disabled (@Nightly())
   [junit4] Completed [234/525 (2!)] on J0 in 1.76s, 31 tests, 3 skipped
   [junit4] 
   [junit4] Suite: org.apache.lucene.index.TestDuelingCodecsAtNight
   [junit4] IGNOR/A 0.00s J0 | TestDuelingCodecsAtNight.testBigEquals
   [junit4]    > Assumption #1: 'nightly' test group is disabled (@Nightly())
   [junit4] IGNOR/A 0.00s J0 | TestDuelingCodecsAtNight.testCrazyReaderEquals
   [junit4]    > Assumption #1: 'nightly' test group is disabled (@Nightly())
   [junit4] IGNOR/A 0.00s J0 | TestDuelingCodecsAtNight.testEquals
   [junit4]    > Assumption #1: 'nightly' test group is disabled (@Nightly())
   [junit4] Completed [235/525 (2!)] on J0 in 0.00s, 3 tests, 3 skipped
   [junit4] 
   [junit4] Suite: org.apache.lucene.codecs.lucene70.TestLucene70SegmentInfoFormat
   [junit4] Completed [236/525 (2!)] on J0 in 0.25s, 16 tests
   [junit4] 
   [junit4] Suite: org.apache.lucene.search.spans.TestSpanMultiTermQueryWrapper
   [junit4] Completed [237/525 (2!)] on J0 in 0.25s, 9 tests
   [junit4] 
   [junit4] Suite: org.apache.lucene.index.TestDocIDMerger
   [junit4] Completed [238/525 (2!)] on J0 in 0.25s, 2 tests
   [junit4] 
   [junit4] Suite: org.apache.lucene.search.similarities.TestDistributionSPL
   [junit4] Completed [239/525 (2!)] on J2 in 7.77s, 1 test
   [junit4] 
   [junit4] Suite: org.apache.lucene.search.similarities.TestIndependenceStandardized
   [junit4] Completed [240/525 (2!)] on J1 in 4.26s, 1 test
   [junit4] 
   [junit4] Suite: org.apache.lucene.codecs.TestCodecUtil
   [junit4] Completed [241/525 (2!)] on J0 in 0.25s, 16 tests
   [junit4] 
   [junit4] Suite: org.apache.lucene.index.TestIndexWriterUnicode
   [junit4] Completed [242/525 (2!)] on J0 in 1.00s, 5 tests
   [junit4] 
   [junit4] Suite: org.apache.lucene.index.Test2BSortedDocValuesFixedSorted
   [junit4] IGNOR/A 0.00s J0 | Test2BSortedDocValuesFixedSorted.testFixedSorted
   [junit4]    > Assumption #1: 'monster' test group is disabled (@Monster(value=Takes ~ 6 hours if the heap is 5gb))
   [junit4] Completed [243/525 (2!)] on J0 in 0.00s, 1 test, 1 skipped
   [junit4] 
   [junit4] Suite: org.apache.lucene.search.TestLatLonDocValuesQueries
   [junit4] IGNOR/A 0.00s J3 | TestLatLonDocValuesQueries.testSmallSetPolyWholeMap
   [junit4]    > Assumption #1: Impl does not support polygons
   [junit4] IGNOR/A 0.00s J3 | TestLatLonDocValuesQueries.testPolygonHole
   [junit4]    > Assumption #1: Impl does not support polygons
   [junit4] IGNOR/A 0.00s J3 | TestLatLonDocValuesQueries.testPolygonBasics
   [junit4]    > Assumption #1: Impl does not support polygons
   [junit4] IGNOR/A 0.00s J3 | TestLatLonDocValuesQueries.testPolygonHoleExcludes
   [junit4]    > Assumption #1: Impl does not support polygons
   [junit4] IGNOR/A 0.00s J3 | TestLatLonDocValuesQueries.testPolygonNullField
   [junit4]    > Assumption #1: Impl does not support polygons
   [junit4] IGNOR/A 0.00s J3 | TestLatLonDocValuesQueries.testRandomDistanceHuge
   [junit4]    > Assumption #1: 'nightly' test group is disabled (@Nightly())
   [junit4] IGNOR/A 0.00s J3 | TestLatLonDocValuesQueries.testSmallSetPoly
   [junit4]    > Assumption #1: Impl does not support polygons
   [junit4] IGNOR/A 0.00s J3 | TestLatLonDocValuesQueries.testMultiPolygonBasics
   [junit4]    > Assumption #1: Impl does not support polygons
   [junit4] IGNOR/A 0.00s J3 | TestLatLonDocValuesQueries.testRandomBig
   [junit4]    > Assumption #1: 'nightly' test group is disabled (@Nightly())
   [junit4] Completed [244/525 (2!)] on J3 in 6.51s, 41 tests, 9 skipped
   [junit4] 
   [junit4] Suite: org.apache.lucene.index.TestIndexOptions
   [junit4] Completed [245/525 (2!)] on J0 in 0.50s, 3 tests
   [junit4] 
   [junit4] Suite: org.apache.lucene.index.TestFilterMergePolicy
   [junit4] Completed [246/525 (2!)] on J0 in 0.25s, 1 test
   [junit4] 
   [junit4] Suite: org.apache.lucene.util.TestFixedBitSet
   [junit4] Completed [247/525 (2!)] on J0 in 0.75s, 21 tests
   [junit4] 
   [junit4] Suite: org.apache.lucene.util.TestSmallFloat
   [junit4] Completed [248/525 (2!)] on J0 in 0.25s, 4 tests
   [junit4] 
   [junit4] Suite: org.apache.lucene.index.Test2BPostings
   [junit4] IGNOR/A 0.00s J0 | Test2BPostings.test
   [junit4]    > Assumption #1: 'nightly' test group is disabled (@Nightly())
   [junit4] Completed [249/525 (2!)] on J0 in 0.00s, 1 test, 1 skipped
   [junit4] 
   [junit4] Suite: org.apache.lucene.util.TestRecyclingByteBlockAllocator
   [junit4] Completed [250/525 (2!)] on J0 in 0.25s, 3 tests
   [junit4] 
   [junit4] Suite: org.apache.lucene.index.TestDoc
   [junit4] Completed [251/525 (2!)] on J0 in 0.25s, 1 test
   [junit4] 
   [junit4] Suite: org.apache.lucene.codecs.lucene50.TestLucene60FieldInfoFormat
   [junit4] Completed [252/525 (2!)] on J0 in 0.25s, 11 tests
   [junit4] 
   [junit4] Suite: org.apache.lucene.index.TestUpgradeIndexMergePolicy
   [junit4] Completed [253/525 (2!)] on J0 in 2.76s, 4 tests
   [junit4] 
   [junit4] Suite: org.apache.lucene.search.similarities.TestClassicSimilarity
   [junit4] Completed [254/525 (2!)] on J2 in 6.26s, 12 tests
   [junit4] 
   [junit4] Suite: org.apache.lucene.index.TestSortedSetDocValues
   [junit4] Completed [255/525 (2!)] on J0 in 0.25s, 1 test
   [junit4] 
   [junit4] Suite: org.apache.lucene.util.bkd.Test2BBKDPoints
   [junit4] IGNOR/A 0.00s J0 | Test2BBKDPoints.test1D
   [junit4]    > Assumption #1: 'monster' test group is disabled (@Monster(value=takes at least 4 hours and consumes many GB of temp disk space))
   [junit4] IGNOR/A 0.00s J0 | Test2BBKDPoints.test2D
   [junit4]    > Assumption #1: 'monster' test group is disabled (@Monster(value=takes at least 4 hours and consumes many GB of temp disk space))
   [junit4] Completed [256/525 (2!)] on J0 in 0.00s, 2 tests, 2 skipped
   [junit4] 
   [junit4] Suite: org.apache.lucene.search.TestConstantScoreQuery
   [junit4] Completed [257/525 (2!)] on J0 in 0.25s, 5 tests
   [junit4] 
   [junit4] Suite: org.apache.lucene.TestSearch
   [junit4] Completed [258/525 (2!)] on J0 in 0.25s, 1 test
   [junit4] 
   [junit4] Suite: org.apache.lucene.index.TestTermsEnum2
   [junit4] Completed [259/525 (2!)] on J0 in 0.25s, 4 tests
   [junit4] 
   [junit4] Suite: org.apache.lucene.index.TestSegmentTermEnum
   [junit4] Completed [260/525 (2!)] on J0 in 0.25s, 2 tests
   [junit4] 
   [junit4] Suite: org.apache.lucene.codecs.lucene50.TestBlockPostingsFormat
   [junit4] Completed [261/525 (2!)] on J3 in 7.01s, 31 tests
   [junit4] 
   [junit4] Suite: org.apache.lucene.index.TestAddIndexes
   [junit4] Completed [262/525 (2!)] on J0 in 1.51s, 28 tests
   [junit4] 
   [junit4] Suite: org.apache.lucene.search.spans.TestFieldMaskingSpanQuery
   [junit4] IGNOR/A 0.00s J0 | TestFieldMaskingSpanQuery.testSimple2
   [junit4]    > Assumption #1: Broken scoring: LUCENE-3723
   [junit4] IGNOR/A 0.00s J0 | TestFieldMaskingSpanQuery.testSpans2
   [junit4]    > Assumption #1: Broken scoring: LUCENE-3723
   [junit4] Completed [263/525 (2!)] on J0 in 0.25s, 11 tests, 2 skipped
   [junit4] 
   [junit4] Suite: org.apache.lucene.store.TestBufferedChecksum
   [junit4] Completed [264/525 (2!)] on J0 in 0.25s, 2 tests
   [junit4] 
   [junit4] Suite: org.apache.lucene.index.Test2BPositions
   [junit4] IGNOR/A 0.00s J0 | Test2BPositions.test
   [junit4]    > Assumption #1: 'monster' test group is disabled (@Monster(value=uses lots of space and takes a few minutes))
   [junit4] Completed [265/525 (2!)] on J0 in 0.00s, 1 test, 1 skipped
   [junit4] 
   [junit4] Suite: org.apache.lucene.search.TestRegexpQuery
   [junit4] Completed [266/525 (2!)] on J0 in 0.25s, 7 tests
   [junit4] 
   [junit4] Suite: org.apache.lucene.index.TestFieldInvertState
   [junit4] Completed [267/525 (2!)] on J0 in 0.25s, 2 tests
   [junit4] 
   [junit4] Suite: org.apache.lucene.util.packed.TestDirectMonotonic
   [junit4] Completed [268/525 (2!)] on J0 in 0.50s, 4 tests
   [junit4] 
   [junit4] Suite: org.apache.lucene.search.TestPositiveScoresOnlyCollector
   [junit4] Completed [269/525 (2!)] on J0 in 0.25s, 1 test
   [junit4] 
   [junit4] Suite: org.apache.lucene.index.TestIsCurrent
   [junit4] Completed [270/525 (2!)] on J0 in 0.25s, 2 tests
   [junit4] 
   [junit4] Suite: org.apache.lucene.util.bkd.TestMutablePointsReaderUtils
   [junit4] Completed [271/525 (2!)] on J0 in 0.75s, 3 tests
   [junit4] 
   [junit4] Suite: org.apache.lucene.search.TestSimpleExplanationsWithFillerDocs
   [junit4] Completed [272/525 (2!)] on J1 in 12.27s, 70 tests
   [junit4] 
   [junit4] Suite: org.apache.lucene.codecs.lucene50.TestLucene50TermVectorsFormat
   [junit4] Completed [273/525 (2!)] on J2 in 6.01s, 17 tests
   [junit4] 
   [junit4] Suite: org.apache.lucene.search.TestShardSearching
   [junit4] Completed [274/525 (2!)] on J3 in 4.36s, 1 test
   [junit4] 
   [junit4] Suite: org.apache.lucene.search.similarities.TestAxiomaticF1EXP
   [junit4] Completed [275/525 (2!)] on J0 in 3.01s, 1 test
   [junit4] 
   [junit4] Suite: org.apache.lucene.search.similarities.TestAxiomaticF1LOG
   [junit4] Completed [276/525 (2!)] on J1 in 3.26s, 1 test
   [junit4] 
   [junit4] Suite: org.apache.lucene.search.similarities.TestAxiomaticF3EXP
   [junit4] Completed [277/525 (2!)] on J3 in 3.26s, 1 test
   [junit4] 
   [junit4] Suite: org.apache.lucene.index.TestIndexWriterExceptions
   [junit4] IGNOR/A 0.00s J2 | TestIndexWriterExceptions.testTooManyTokens
   [junit4]    > Assumption #1: 'nightly' test group is disabled (@Nightly())
   [junit4] Completed [278/525 (2!)] on J2 in 4.26s, 35 tests, 1 skipped
   [junit4] 
   [junit4] Suite: org.apache.lucene.index.TestTieredMergePolicy
   [junit4] Completed [279/525 (2!)] on J0 in 3.51s, 14 tests
   [junit4] 
   [junit4] Suite: org.apache.lucene.index.TestNumericDocValuesUpdates
   [junit4] Completed [280/525 (2!)] on J3 in 2.51s, 32 tests
   [junit4] 
   [junit4] Suite: org.apache.lucene.index.TestDuelingCodecs
   [junit4] Completed [281/525 (2!)] on J1 in 4.76s, 2 tests
   [junit4] 
   [junit4] Suite: org.apache.lucene.search.TestMinShouldMatch2
   [junit4] Completed [282/525 (2!)] on J0 in 2.28s, 6 tests
   [junit4] 
   [junit4] Suite: org.apache.lucene.geo.TestGeoUtils
   [junit4] Completed [283/525 (2!)] on J2 in 5.03s, 7 tests
   [junit4] 
   [junit4] Suite: org.apache.lucene.index.TestConcurrentMergeScheduler
   [junit4] Completed [284/525 (2!)] on J3 in 4.01s, 16 tests
   [junit4] 
   [junit4] Suite: org.apache.lucene.store.TestNativeFSLockFactory
   [junit4] Completed [285/525 (2!)] on J0 in 2.01s, 11 tests
   [junit4] 
   [junit4] Suite: org.apache.lucene.util.packed.TestPackedInts
   [junit4] IGNOR/A 0.00s J1 | TestPackedInts.testBlockReaderOverflow
   [junit4]    > Assumption #1: 'nightly' test group is disabled (@Nightly())
   [junit4] Completed [286/525 (2!)] on J1 in 2.76s, 28 tests, 3 skipped
   [junit4] 
   [junit4] Suite: org.apache.lucene.index.TestPointValues
   [junit4] Completed [287/525 (2!)] on J3 in 1.76s, 32 tests
   [junit4] 
   [junit4] Suite: org.apache.lucene.store.TestGrowableByteArrayDataOutput
   [junit4] Completed [288/525 (2!)] on J2 in 3.01s, 2 tests
   [junit4] 
   [junit4] Suite: org.apache.lucene.index.TestIndexWriterMergePolicy
   [junit4] Completed [289/525 (2!)] on J0 in 2.01s, 7 tests
   [junit4] 
   [junit4] Suite: org.apache.lucene.codecs.lucene50.TestLucene50CompoundFormat
   [junit4] Completed [290/525 (2!)] on J3 in 2.01s, 26 tests
   [junit4] 
   [junit4] Suite: org.apache.lucene.geo.TestPolygon2D
   [junit4] Completed [291/525 (2!)] on J2 in 2.02s, 15 tests
   [junit4] 
   [junit4] Suite: org.apache.lucene.search.TestControlledRealTimeReopenThread
   [junit4] IGNOR/A 0.00s J1 | TestControlledRealTimeReopenThread.testCRTReopen
   [junit4]    > Assumption #1: 'awaitsfix' test group is disabled (@AwaitsFix(bugUrl=https://issues.apache.org/jira/browse/LUCENE-5737))
   [junit4] Completed [292/525 (2!)] on J1 in 4.01s, 6 tests, 1 skipped
   [junit4] 
   [junit4] Suite: org.apache.lucene.index.TestMixedDocValuesUpdates
   [junit4] IGNOR/A 0.00s J0 | TestMixedDocValuesUpdates.testTonsOfUpdates
   [junit4]    > Assumption #1: 'nightly' test group is disabled (@Nightly())
   [junit4] Completed [293/525 (2!)] on J0 in 2.51s, 10 tests, 1 skipped
   [junit4] 
   [junit4] Suite: org.apache.lucene.index.TestAtomicUpdate
   [junit4] Completed [294/525 (2!)] on J3 in 2.01s, 1 test
   [junit4] 
   [junit4] Suite: org.apache.lucene.search.similarities.TestBooleanSimilarity
   [junit4] Completed [295/525 (2!)] on J1 in 1.51s, 4 tests
   [junit4] 
   [junit4] Suite: org.apache.lucene.store.TestByteBuffersDataInput
   [junit4] Completed [296/525 (2!)] on J2 in 2.13s, 8 tests
   [junit4] 
   [junit4] Suite: org.apache.lucene.util.bkd.TestBKD
   [junit4] IGNOR/A 0.00s J0 | TestBKD.testRandomBinaryBig
   [junit4]    > Assumption #1: 'nightly' test group is disabled (@Nightly())
   [junit4] Completed [297/525 (2!)] on J0 in 1.76s, 23 tests, 1 skipped
   [junit4] 
   [junit4] Suite: org.apache.lucene.analysis.TestGraphTokenizers
   [junit4] Completed [298/525 (2!)] on J3 in 1.50s, 23 tests
   [junit4] 
   [junit4] Suite: org.apache.lucene.index.TestPersistentSnapshotDeletionPolicy
   [junit4] Completed [299/525 (2!)] on J2 in 1.51s, 13 tests
   [junit4] 
   [junit4] Suite: org.apache.lucene.codecs.lucene80.TestLucene80NormsFormatMergeInstance
   [junit4] IGNOR/A 0.00s J1 | TestLucene80NormsFormatMergeInstance.testMergeStability
   [junit4]    > Assumption #1: The MockRandom PF randomizes content on the fly, so we can't check it
   [junit4] IGNOR/A 0.00s J1 | TestLucene80NormsFormatMergeInstance.testSparseNCommonBig
   [junit4]    > Assumption #1: 'nightly' test group is disabled (@Nightly())
   [junit4] IGNOR/A 0.00s J1 | TestLucene80NormsFormatMergeInstance.testNCommonBig
   [junit4]    > Assumption #1: 'nightly' test group is disabled (@Nightly())
   [junit4] Completed [300/525 (2!)] on J1 in 1.76s, 31 tests, 3 skipped
   [junit4] 
   [junit4] Suite: org.apache.lucene.search.spans.TestBasics
   [junit4] Completed [301/525 (2!)] on J0 in 1.50s, 27 tests
   [junit4] 
   [junit4] Suite: org.apache.lucene.index.TestNeverDelete
   [junit4] Completed [302/525 (2!)] on J3 in 1.25s, 1 test
   [junit4] 
   [junit4] Suite: org.apache.lucene.index.TestSnapshotDeletionPolicy
   [junit4] Completed [303/525 (2!)] on J2 in 1.76s, 7 tests
   [junit4] 
   [junit4] Suite: org.apache.lucene.search.TestDoubleValuesSource
   [junit4] Completed [304/525 (2!)] on J0 in 1.51s, 7 tests
   [junit4] 
   [junit4] Suite: org.apache.lucene.search.TestDoubleRangeFieldQueries
   [junit4] IGNOR/A 0.00s J1 | TestDoubleRangeFieldQueries.testRandomBig
   [junit4]    > Assumption #1: 'nightly' test group is disabled (@Nightly())
   [junit4] Completed [305/525 (2!)] on J1 in 3.01s, 7 tests, 1 skipped
   [junit4] 
   [junit4] Suite: org.apache.lucene.util.fst.TestFSTs
   [junit4] IGNOR/A 0.00s J2 | TestFSTs.testBigSet
   [junit4]    > Assumption #1: 'nightly' test group is disabled (@Nightly())
   [junit4] Completed [306/525 (2!)] on J2 in 1.26s, 20 tests, 1 skipped
   [junit4] 
   [junit4] Suite: org.apache.lucene.util.TestStringMSBRadixSorter
   [junit4] Completed [307/525 (2!)] on J0 in 1.25s, 7 tests
   [junit4] 
   [junit4] Suite: org.apache.lucene.search.TestIntRangeFieldQueries
   [junit4] IGNOR/A 0.00s J3 | TestIntRangeFieldQueries.testRandomBig
   [junit4]    > Assumption #1: 'nightly' test group is disabled (@Nightly())
   [junit4] Completed [308/525 (2!)] on J3 in 2.51s, 7 tests, 1 skipped
   [junit4] 
   [junit4] Suite: org.apache.lucene.index.TestFlushByRamOrCountsPolicy
   [junit4] Completed [309/525 (2!)] on J1 in 1.26s, 5 tests
   [junit4] 
   [junit4] Suite: org.apache.lucene.search.TestTopFieldCollectorEarlyTermination
   [junit4] Completed [310/525 (2!)] on J0 in 0.75s, 4 tests
   [junit4] 
   [junit4] Suite: org.apache.lucene.util.bkd.TestDocIdsWriter
   [junit4] Completed [311/525 (2!)] on J3 in 1.25s, 2 tests
   [junit4] 
   [junit4] Suite: org.apache.lucene.util.TestSparseFixedBitSet
   [junit4] Completed [312/525 (2!)] on J1 in 0.75s, 11 tests
   [junit4] 
   [junit4] Suite: org.apache.lucene.search.TestLongRangeFieldQueries
   [junit4] IGNOR/A 0.00s J2 | TestLongRangeFieldQueries.testRandomBig
   [junit4]    > Assumption #1: 'nightly' test group is disabled (@Nightly())
   [junit4] Completed [313/525 (2!)] on J2 in 2.25s, 7 tests, 1 skipped
   [junit4] 
   [junit4] Suite: org.apache.lucene.store.TestNRTCachingDirectory
   [junit4] IGNOR/A 0.00s J0 | TestNRTCachingDirectory.testFsyncDoesntCreateNewFiles
   [junit4]    > Assumption #1: test only works for FSDirectory subclasses
   [junit4] IGNOR/A 0.00s J0 | TestNRTCachingDirectory.testPendingDeletions
   [junit4]    > Assumption #1: we can only install VirusCheckingFS on an FSDirectory
   [junit4] Completed [314/525 (2!)] on J0 in 1.01s, 43 tests, 2 skipped
   [junit4] 
   [junit4] Suite: org.apache.lucene.codecs.lucene50.TestBlockPostingsFormat2
   [junit4] Completed [315/525 (2!)] on J3 in 1.00s, 4 tests
   [junit4] 
   [junit4] Suite: org.apache.lucene.search.TestBoolean2
   [junit4] Completed [316/525 (2!)] on J1 in 0.75s, 10 tests
   [junit4] 
   [junit4] Suite: org.apache.lucene.util.automaton.TestAutomaton
   [junit4] Completed [317/525 (2!)] on J2 in 0.76s, 56 tests
   [junit4] 
   [junit4] Suite: org.apache.lucene.search.TestAutomatonQuery
   [junit4] Completed [318/525 (2!)] on J0 in 1.00s, 8 tests
   [junit4] 
   [junit4] Suite: org.apache.lucene.index.TestBagOfPositions
   [junit4] Completed [319/525 (2!)] on J2 in 0.50s, 1 test
   [junit4] 
   [junit4] Suite: org.apache.lucene.store.TestHugeRamFile
   [junit4] Completed [320/525 (2!)] on J3 in 1.00s, 1 test
   [junit4] 
   [junit4] Suite: org.apache.lucene.util.TestSloppyMath
   [junit4] Completed [321/525 (2!)] on J1 in 1.01s, 8 tests
   [junit4] 
   [junit4] Suite: org.apache.lucene.util.automaton.TestMinimize
   [junit4] Completed [322/525 (2!)] on J0 in 1.05s, 3 tests
   [junit4] 
   [junit4] Suite: org.apache.lucene.util.TestNumericUtils
   [junit4] Completed [323/525 (2!)] on J2 in 1.01s, 24 tests
   [junit4] 
   [junit4] Suite: org.apache.lucene.util.bkd.TestBKDRadixSelector
   [junit4] IGNOR/A 0.00s J1 | TestBKDRadixSelector.testRandomBinaryBig
   [junit4]    > Assumption #1: 'nightly' test group is disabled (@Nightly())
   [junit4] Completed [324/525 (2!)] on J1 in 0.75s, 9 tests, 1 skipped
   [junit4] 
   [junit4] Suite: org.apache.lucene.util.TestPagedBytes
   [junit4] Completed [325/525 (2!)] on J3 in 1.43s, 4 tests, 1 skipped
   [junit4] 
   [junit4] Suite: org.apache.lucene.codecs.lucene50.TestLucene50StoredFieldsFormatMergeInstance
   [junit4] IGNOR/A 0.00s J0 | TestLucene50StoredFieldsFormatMergeInstance.testBigDocuments
   [junit4]    > Assumption #1: 'nightly' test group is disabled (@Nightly())
   [junit4] Completed [326/525 (2!)] on J0 in 0.75s, 17 tests, 1 skipped
   [junit4] 
   [junit4] Suite: org.apache.lucene.index.TestCheckIndex
   [junit4] Completed [327/525 (2!)] on J1 in 0.50s, 4 tests
   [junit4] 
   [junit4] Suite: org.apache.lucene.document.TestLatLonPointDistanceFeatureQuery
   [junit4] Completed [328/525 (2!)] on J2 in 0.76s, 8 tests
   [junit4] 
   [junit4] Suite: org.apache.lucene.index.TestLongPostings
   [junit4] Completed [329/525 (2!)] on J0 in 0.50s, 2 tests
   [junit4] 
   [junit4] Suite: org.apache.lucene.index.TestIndexWriterOutOfFileDescriptors
   [junit4] Completed [330/525 (2!)] on J3 in 0.80s, 1 test
   [junit4] 
   [junit4] Suite: org.apache.lucene.index.TestTransactions
   [junit4] Completed [331/525 (2!)] on J1 in 0.75s, 1 test
   [junit4] 
   [junit4] Suite: org.apache.lucene.search.TestFuzzyQuery
   [junit4] Completed [332/525 (2!)] on J2 in 0.75s, 11 tests
   [junit4] 
   [junit4] Suite: org.apache.lucene.search.TestLongValuesSource
   [junit4] Completed [333/525 (2!)] on J0 in 0.75s, 5 tests
   [junit4] 
   [junit4] Suite: org.apache.lucene.search.TestWANDScorer
   [junit4] Completed [334/525 (2!)] on J3 in 0.75s, 4 tests
   [junit4] 
   [junit4] Suite: org.apache.lucene.index.TestStressAdvance
   [junit4] Completed [335/525 (2!)] on J1 in 0.50s, 1 test
   [junit4] 
   [junit4] Suite: org.apache.lucene.store.TestSimpleFSDirectory
   [junit4] Completed [336/525 (2!)] on J2 in 0.76s, 43 tests
   [junit4] 
   [junit4] Suite: org.apache.lucene.codecs.compressing.TestFastDecompressionMode
   [junit4] Completed [337/525 (2!)] on J0 in 0.50s, 11 tests
   [junit4] 
   [junit4] Suite: org.apache.lucene.search.TestComplexExplanations
   [junit4] Completed [338/525 (2!)] on J1 in 0.50s, 21 tests
   [junit4] 
   [junit4] Suite: org.apache.lucene.search.TestBooleanMinShouldMatch
   [junit4] Completed [339/525 (2!)] on J3 in 0.75s, 17 tests
   [junit4] 
   [junit4] Suite: org.apache.lucene.search.spans.TestSpanSearchEquivalence
   [junit4] Completed [340/525 (2!)] on J2 in 0.50s, 33 tests
   [junit4] 
   [junit4] Suite: org.apache.lucene.store.TestFilterDirectory
   [junit4] IGNOR/A 0.00s J0 | TestFilterDirectory.testFsyncDoesntCreateNewFiles
   [junit4]    > Assumption #1: test only works for FSDirectory subclasses
   [junit4] IGNOR/A 0.00s J0 | TestFilterDirectory.testPendingDeletions
   [junit4]    > Assumption #1: we can only install VirusCheckingFS on an FSDirectory
   [junit4] Completed [341/525 (2!)] on J0 in 0.51s, 43 tests, 2 skipped
   [junit4] 
   [junit4] Suite: org.apache.lucene.store.TestRAMDirectory
   [junit4] IGNOR/A 0.00s J1 | TestRAMDirectory.testPendingDeletions
   [junit4]    > Assumption #1: we can only install VirusCheckingFS on an FSDirectory
   [junit4] IGNOR/A 0.00s J1 | TestRAMDirectory.testFsyncDoesntCreateNewFiles
   [junit4]    > Assumption #1: test only works for FSDirectory subclasses
   [junit4] Completed [342/525 (2!)] on J1 in 0.76s, 45 tests, 2 skipped
   [junit4] 
   [junit4] Suite: org.apache.lucene.index.TestBagOfPostings
   [junit4] Completed [343/525 (2!)] on J0 in 0.25s, 1 test
   [junit4] 
   [junit4] Suite: org.apache.lucene.util.automaton.TestDeterminizeLexicon
   [junit4] Completed [344/525 (2!)] on J2 in 0.50s, 1 test
   [junit4] 
   [junit4] Suite: org.apache.lucene.store.TestTrackingDirectoryWrapper
   [junit4] IGNOR/A 0.00s J3 | TestTrackingDirectoryWrapper.testPendingDeletions
   [junit4]    > Assumption #1: we can only install VirusCheckingFS on an FSDirectory
   [junit4] IGNOR/A 0.00s J3 | TestTrackingDirectoryWrapper.testFsyncDoesntCreateNewFiles
   [junit4]    > Assumption #1: test only works for FSDirectory subclasses
   [junit4] Completed [345/525 (2!)] on J3 in 0.76s, 46 tests, 2 skipped
   [junit4] 
   [junit4] Suite: org.apache.lucene.index.TestCustomNorms
   [junit4] Completed [346/525 (2!)] on J1 in 0.25s, 1 test
   [junit4] 
   [junit4] Suite: org.apache.lucene.index.TestExitableDirectoryReader
   [junit4] Completed [347/525 (2!)] on J0 in 0.50s, 2 tests
   [junit4] 
   [junit4] Suite: org.apache.lucene.index.TestMixedCodecs
   [junit4] Completed [348/525 (2!)] on J2 in 0.50s, 1 test
   [junit4] 
   [junit4] Suite: org.apache.lucene.index.TestNorms
   [junit4] Completed [349/525 (2!)] on J3 in 0.50s, 2 tests
   [junit4] 
   [junit4] Suite: org.apache.lucene.index.TestRollingUpdates
   [junit4]   2> NOTE: reproduce with: ant test  -Dtestcase=TestRollingUpdates -Dtests.method=testRollingUpdates -Dtests.seed=FA6E6C8CE2861FD9 -Dtests.slow=true -Dtests.badapples=true -Dtests.locale=es -Dtests.timezone=America/Argentina/ComodRivadavia -Dtests.asserts=true -Dtests.file.encoding=US-ASCII
   [junit4] FAILURE 0.13s J1 | TestRollingUpdates.testRollingUpdates <<<
   [junit4]    > Throwable #1: java.lang.AssertionError: 3237
   [junit4]    > 	at __randomizedtesting.SeedInfo.seed([FA6E6C8CE2861FD9:74956DF55118BA12]:0)
   [junit4]    > 	at org.apache.lucene.codecs.compressing.CompressionMode$QatCompressor.compress(CompressionMode.java:390)
   [junit4]    > 	at org.apache.lucene.codecs.compressing.CompressingStoredFieldsWriter.flush(CompressingStoredFieldsWriter.java:241)
   [junit4]    > 	at org.apache.lucene.codecs.compressing.CompressingStoredFieldsWriter.finish(CompressingStoredFieldsWriter.java:464)
   [junit4]    > 	at org.apache.lucene.index.StoredFieldsConsumer.flush(StoredFieldsConsumer.java:72)
   [junit4]    > 	at org.apache.lucene.index.DefaultIndexingChain.flush(DefaultIndexingChain.java:152)
   [junit4]    > 	at org.apache.lucene.index.DocumentsWriterPerThread.flush(DocumentsWriterPerThread.java:468)
   [junit4]    > 	at org.apache.lucene.index.DocumentsWriter.doFlush(DocumentsWriter.java:555)
   [junit4]    > 	at org.apache.lucene.index.DocumentsWriter.flushAllThreads(DocumentsWriter.java:722)
   [junit4]    > 	at org.apache.lucene.index.IndexWriter.getReader(IndexWriter.java:494)
   [junit4]    > 	at org.apache.lucene.index.TestRollingUpdates.testRollingUpdates(TestRollingUpdates.java:123)
   [junit4]    > 	at java.lang.Thread.run(Thread.java:745)
   [junit4]   2> NOTE: test params are: codec=Lucene80, sim=Asserting(org.apache.lucene.search.similarities.AssertingSimilarity@205eb62f), locale=es, timezone=America/Argentina/ComodRivadavia
   [junit4]   2> NOTE: Linux 3.10.0-1062.4.1.el7.x86_64 amd64/Oracle Corporation 1.8.0_112 (64-bit)/cpus=96,threads=1,free=39209072,total=335020032
   [junit4]   2> NOTE: All tests run in this JVM: [MultiCollectorTest, TestStressIndexing, TestIndexFileDeleter, TestNoMergePolicy, TestCharTermAttributeImpl, TestCodecs, TestMmapDirectory, TestCollectionUtil, TestIndexWriterWithThreads, TestNamedSPILoader, TestNotDocIdSet, TestLogMergePolicy, TestSPIClassIterator, TestIndexWriterCommit, TestMSBRadixSorter, Test2BBinaryDocValues, TestSearcherManager, TestIndexedDISI, TestSparseFixedBitDocIdSet, TestSpanExplanations, TestTermScorer, TestIndexWriterOnJRECrash, TestIndexInput, TestLockFactory, FiniteStringsIteratorTest, TestBooleanQuery, TestSpanExplanationsOfNonMatches, TestSpansEnum, TestSimpleSearchEquivalence, TestDocsAndPositions, TestRollback, TestWeakIdentityMap, TestSoftDeletesRetentionMergePolicy, TestMergeSchedulerExternal, TestFilterSpans, TestLRUQueryCache, TestCharArraySet, Test2BSortedDocValuesOrds, TestFeatureField, TestLMJelinekMercerSimilarity, TestLucene50LiveDocsFormat, TestIntroSorter, LimitedFiniteStringsIteratorTest, TestNeedsScores, TestMathUtil, TestFieldInfos, TestDisjunctionMaxQuery, TestIndexTooManyDocs, TestWordlistLoader, Test2BPagedBytes, TestAxiomaticF2EXP, TestSwappedIndexFiles, TestForTooMuchCloning, TestSentinelIntSet, TestPositionIncrement, TestPostingsOffsets, TestFileSwitchDirectory, TestNormsFieldExistsQuery, TestCharsRef, Test4GBStoredFields, TestRegExp, TestSegmentTermDocs, TestToken, TestLatLonPointQueries, TestConjunctions, TestMaxPosition, TestCompetitiveFreqNormAccumulator, TestConsistentFieldNumbers, TestBasicModelIne, TestTimSorterWorstCase, TestIndependenceStandardized, TestSimpleExplanationsWithFillerDocs, TestAxiomaticF1LOG, TestDuelingCodecs, TestPackedInts, TestControlledRealTimeReopenThread, TestBooleanSimilarity, TestLucene80NormsFormatMergeInstance, TestDoubleRangeFieldQueries, TestFlushByRamOrCountsPolicy, TestSparseFixedBitSet, TestBoolean2, TestSloppyMath, TestBKDRadixSelector, TestCheckIndex, TestTransactions, TestStressAdvance, TestComplexExplanations, TestRAMDirectory, TestCustomNorms, TestRollingUpdates]
   [junit4] Completed [350/525 (3!)] on J1 in 0.50s, 2 tests, 1 failure <<< FAILURES!
   [junit4] 
   [junit4] Suite: org.apache.lucene.search.TestLiveFieldValues
   [junit4] Completed [351/525 (3!)] on J3 in 0.25s, 1 test
   [junit4] 
   [junit4] Suite: org.apache.lucene.index.TestSegmentReader
   [junit4] Completed [352/525 (3!)] on J0 in 0.50s, 7 tests
   [junit4] 
   [junit4] Suite: org.apache.lucene.search.TestBlockMaxConjunction
   [junit4] Completed [353/525 (3!)] on J2 in 0.50s, 1 test
   [junit4] 
   [junit4] Suite: org.apache.lucene.search.TestPrefixInBooleanQuery
   [junit4] Completed [354/525 (3!)] on J1 in 0.25s, 4 tests
   [junit4] 
   [junit4] Suite: org.apache.lucene.search.TestScorerPerf
   [junit4] Completed [355/525 (3!)] on J3 in 0.50s, 1 test
   [junit4] 
   [junit4] Suite: org.apache.lucene.store.TestSingleInstanceLockFactory
   [junit4] Completed [356/525 (3!)] on J2 in 0.50s, 7 tests
   [junit4] 
   [junit4] Suite: org.apache.lucene.util.TestIntroSelector
   [junit4] Completed [357/525 (3!)] on J1 in 0.50s, 2 tests
   [junit4] 
   [junit4] Suite: org.apache.lucene.search.TestSynonymQuery
   [junit4] Completed [358/525 (3!)] on J0 in 0.75s, 7 tests
   [junit4] 
   [junit4] Suite: org.apache.lucene.util.TestRadixSelector
   [junit4] Completed [359/525 (3!)] on J3 in 0.50s, 2 tests
   [junit4] 
   [junit4] Suite: org.apache.lucene.document.TestLatLonPointDistanceSort
   [junit4] IGNOR/A 0.00s J2 | TestLatLonPointDistanceSort.testRandomHuge
   [junit4]    > Assumption #1: 'nightly' test group is disabled (@Nightly())
   [junit4] Completed [360/525 (3!)] on J2 in 0.50s, 4 tests, 1 skipped
   [junit4] 
   [junit4] Suite: org.apache.lucene.geo.TestGeoEncodingUtils
   [junit4] Completed [361/525 (3!)] on J1 in 0.50s, 3 tests
   [junit4] 
   [junit4] Suite: org.apache.lucene.index.TestAllFilesDetectTruncation
   [junit4] Completed [362/525 (3!)] on J0 in 0.50s, 1 test
   [junit4] 
   [junit4] Suite: org.apache.lucene.index.TestManyFields
   [junit4] Completed [363/525 (3!)] on J3 in 0.50s, 3 tests
   [junit4] 
   [junit4] Suite: org.apache.lucene.index.TestThreadedForceMerge
   [junit4] Completed [364/525 (3!)] on J1 in 0.25s, 1 test
   [junit4] 
   [junit4] Suite: org.apache.lucene.search.TestFieldValueQuery
   [junit4] Completed [365/525 (3!)] on J0 in 0.50s, 6 tests
   [junit4] 
   [junit4] Suite: org.apache.lucene.index.TestOmitNorms
   [junit4] Completed [366/525 (3!)] on J2 in 0.75s, 5 tests
   [junit4] 
   [junit4] Suite: org.apache.lucene.search.TestSameScoresWithThreads
   [junit4] Completed [367/525 (3!)] on J1 in 0.25s, 1 test
   [junit4] 
   [junit4] Suite: org.apache.lucene.search.TestRegexpRandom2
   [junit4] Completed [368/525 (3!)] on J3 in 0.50s, 1 test
   [junit4] 
   [junit4] Suite: org.apache.lucene.util.automaton.TestOperations
   [junit4] Completed [369/525 (3!)] on J2 in 0.25s, 7 tests
   [junit4] 
   [junit4] Suite: org.apache.lucene.util.TestRoaringDocIdSet
   [junit4] Completed [370/525 (3!)] on J0 in 0.50s, 5 tests
   [junit4] 
   [junit4] Suite: org.apache.lucene.index.TestStressDeletes
   [junit4] Completed [371/525 (3!)] on J3 in 0.25s, 1 test
   [junit4] 
   [junit4] Suite: org.apache.lucene.util.fst.TestBytesStore
   [junit4] Completed [372/525 (3!)] on J1 in 0.50s, 1 test
   [junit4] 
   [junit4] Suite: org.apache.lucene.codecs.TestCodecLoadingDeadlock
   [junit4] Completed [373/525 (3!)] on J2 in 0.25s, 1 test
   [junit4] 
   [junit4] Suite: org.apache.lucene.index.TestCrash
   [junit4] Completed [374/525 (3!)] on J0 in 0.25s, 5 tests
   [junit4] 
   [junit4] Suite: org.apache.lucene.search.TestSimpleExplanationsOfNonMatches
   [junit4] Completed [375/525 (3!)] on J3 in 0.25s, 70 tests
   [junit4] 
   [junit4] Suite: org.apache.lucene.util.TestMergedIterator
   [junit4] Completed [376/525 (3!)] on J1 in 0.25s, 25 tests
   [junit4] 
   [junit4] Suite: org.apache.lucene.analysis.TestCachingTokenFilter
   [junit4] Completed [377/525 (3!)] on J2 in 0.25s, 2 tests
   [junit4] 
   [junit4] Suite: org.apache.lucene.analysis.TestCharArrayMap
   [junit4] Completed [378/525 (3!)] on J0 in 0.25s, 4 tests
   [junit4] 
   [junit4] Suite: org.apache.lucene.analysis.TestGraphTokenFilter
   [junit4] Completed [379/525 (3!)] on J3 in 0.25s, 4 tests
   [junit4] 
   [junit4] Suite: org.apache.lucene.document.TestFeatureSort
   [junit4] Completed [380/525 (3!)] on J2 in 0.26s, 6 tests
   [junit4] 
   [junit4] Suite: org.apache.lucene.codecs.perfield.TestPerFieldPostingsFormat2
   [junit4] Completed [381/525 (3!)] on J1 in 0.50s, 6 tests
   [junit4] 
   [junit4] Suite: org.apache.lucene.document.TestFieldType
   [junit4] Completed [382/525 (3!)] on J0 in 0.25s, 5 tests
   [junit4] 
   [junit4] Suite: org.apache.lucene.document.TestFloatRange
   [junit4] Completed [383/525 (3!)] on J3 in 0.25s, 1 test
   [junit4] 
   [junit4] Suite: org.apache.lucene.geo.TestPolygon
   [junit4] Completed [384/525 (3!)] on J2 in 0.25s, 15 tests
   [junit4] 
   [junit4] Suite: org.apache.lucene.index.TestFieldReuse
   [junit4] Completed [385/525 (3!)] on J1 in 0.25s, 2 tests
   [junit4] 
   [junit4] Suite: org.apache.lucene.index.TestFieldUpdatesBuffer
   [junit4] Completed [386/525 (3!)] on J0 in 0.25s, 6 tests
   [junit4] 
   [junit4] Suite: org.apache.lucene.index.TestFilterDirectoryReader
   [junit4] Completed [387/525 (3!)] on J3 in 0.25s, 1 test
   [junit4] 
   [junit4] Suite: org.apache.lucene.index.TestIndexReaderClose
   [junit4] Completed [388/525 (3!)] on J2 in 0.25s, 3 tests
   [junit4] 
   [junit4] Suite: org.apache.lucene.index.TestIndexWriterFromReader
   [junit4] Completed [389/525 (3!)] on J1 in 0.25s, 12 tests
   [junit4] 
   [junit4] Suite: org.apache.lucene.index.TestOmitTf
   [junit4] Completed [390/525 (3!)] on J0 in 0.25s, 4 tests
   [junit4] 
   [junit4] Suite: org.apache.lucene.index.TestParallelCompositeReader
   [junit4] Completed [391/525 (3!)] on J3 in 0.25s, 11 tests
   [junit4] 
   [junit4] Suite: org.apache.lucene.index.TestParallelLeafReader
   [junit4] Completed [392/525 (3!)] on J2 in 0.25s, 10 tests
   [junit4] 
   [junit4] Suite: org.apache.lucene.index.TestPendingDeletes
   [junit4] Completed [393/525 (3!)] on J1 in 0.25s, 3 tests
   [junit4] 
   [junit4] Suite: org.apache.lucene.index.TestPendingSoftDeletes
   [junit4] Completed [394/525 (3!)] on J0 in 0.25s, 8 tests
   [junit4] 
   [junit4] Suite: org.apache.lucene.index.TestPerSegmentDeletes
   [junit4] Completed [395/525 (3!)] on J3 in 0.25s, 1 test
   [junit4] 
   [junit4] Suite: org.apache.lucene.index.TestPrefixCodedTerms
   [junit4] Completed [396/525 (3!)] on J2 in 0.25s, 3 tests
   [junit4] 
   [junit4] Suite: org.apache.lucene.index.TestSegmentInfos
   [junit4] Completed [397/525 (3!)] on J1 in 0.25s, 5 tests
   [junit4] 
   [junit4] Suite: org.apache.lucene.index.TestSizeBoundedForceMerge
   [junit4] Completed [398/525 (3!)] on J0 in 0.25s, 11 tests
   [junit4] 
   [junit4] Suite: org.apache.lucene.index.TestSumDocFreq
   [junit4] Completed [399/525 (3!)] on J3 in 0.25s, 1 test
   [junit4] 
   [junit4] Suite: org.apache.lucene.index.TestTermStates
   [junit4] Completed [400/525 (3!)] on J2 in 0.25s, 1 test
   [junit4] 
   [junit4] Suite: org.apache.lucene.index.TestTermVectors
   [junit4] Completed [401/525 (3!)] on J1 in 0.25s, 3 tests
   [junit4] 
   [junit4] Suite: org.apache.lucene.index.TestTermVectorsReader
   [junit4] Completed [402/525 (3!)] on J0 in 0.25s, 13 tests
   [junit4] 
   [junit4] Suite: org.apache.lucene.index.TestTermVectorsWriter
   [junit4] Completed [403/525 (3!)] on J3 in 0.25s, 15 tests
   [junit4] 
   [junit4] Suite: org.apache.lucene.index.TestTwoPhaseCommitTool
   [junit4] Completed [404/525 (3!)] on J2 in 0.26s, 3 tests
   [junit4] 
   [junit4] Suite: org.apache.lucene.search.FuzzyTermOnShortTermsTest
   [junit4] Completed [405/525 (3!)] on J1 in 0.25s, 1 test
   [junit4] 
   [junit4] Suite: org.apache.lucene.search.TestApproximationSearchEquivalence
   [junit4] Completed [406/525 (3!)] on J0 in 0.25s, 10 tests
   [junit4] 
   [junit4] Suite: org.apache.lucene.search.TestBlendedTermQuery
   [junit4] Completed [407/525 (3!)] on J3 in 0.25s, 3 tests
   [junit4] 
   [junit4] Suite: org.apache.lucene.search.TestBooleanRewrites
   [junit4] Completed [408/525 (3!)] on J2 in 0.26s, 15 tests
   [junit4] 
   [junit4] Suite: org.apache.lucene.search.TestComplexExplanationsOfNonMatches
   [junit4] Completed [409/525 (3!)] on J1 in 0.25s, 21 tests
   [junit4] 
   [junit4] Suite: org.apache.lucene.search.TestConstantScoreScorer
   [junit4] Completed [410/525 (3!)] on J0 in 0.25s, 7 tests
   [junit4] 
   [junit4] Suite: org.apache.lucene.search.TestDocIdSetIterator
   [junit4] Completed [411/525 (3!)] on J3 in 0.25s, 5 tests
   [junit4] 
   [junit4] Suite: org.apache.lucene.search.TestFilterWeight
   [junit4] Completed [412/525 (3!)] on J2 in 0.25s, 1 test
   [junit4] 
   [junit4] Suite: org.apache.lucene.search.TestMatchesIterator
   [junit4] Completed [413/525 (3!)] on J1 in 0.25s, 26 tests
   [junit4] 
   [junit4] Suite: org.apache.lucene.search.TestMultiPhraseQuery
   [junit4] Completed [414/525 (3!)] on J0 in 0.25s, 16 tests, 1 skipped
   [junit4] 
   [junit4] Suite: org.apache.lucene.search.TestMultiTermQueryRewrites
   [junit4] Completed [415/525 (3!)] on J3 in 0.25s, 3 tests
   [junit4] 
   [junit4] Suite: org.apache.lucene.search.TestQueryVisitor
   [junit4] Completed [416/525 (3!)] on J2 in 0.26s, 4 tests
   [junit4] 
   [junit4] Suite: org.apache.lucene.search.TestReqOptSumScorer
   [junit4] Completed [417/525 (3!)] on J1 in 0.25s, 5 tests
   [junit4] 
   [junit4] Suite: org.apache.lucene.search.TestSegmentCacheables
   [junit4] Completed [418/525 (3!)] on J0 in 0.25s, 1 test
   [junit4] 
   [junit4] Suite: org.apache.lucene.search.TestSloppyPhraseQuery2
   [junit4] Completed [419/525 (3!)] on J3 in 0.25s, 9 tests
   [junit4] 
   [junit4] Suite: org.apache.lucene.search.TestSortRescorer
   [junit4] Completed [420/525 (3!)] on J2 in 0.25s, 3 tests
   [junit4] 
   [junit4] Suite: org.apache.lucene.search.TestSortedSetSelector
   [junit4] Completed [421/525 (3!)] on J1 in 0.25s, 15 tests
   [junit4] 
   [junit4] Suite: org.apache.lucene.search.TestWildcard
   [junit4] Completed [422/525 (3!)] on J0 in 0.25s, 8 tests
   [junit4] 
   [junit4] Suite: org.apache.lucene.search.similarities.TestAxiomaticSimilarity
   [junit4] Completed [423/525 (3!)] on J3 in 0.25s, 3 tests
   [junit4] 
   [junit4] Suite: org.apache.lucene.search.spans.TestSpanCollection
   [junit4] Completed [424/525 (3!)] on J2 in 0.25s, 3 tests
   [junit4] 
   [junit4] Suite: org.apache.lucene.util.TestAttributeSource
   [junit4] Completed [425/525 (3!)] on J1 in 0.25s, 7 tests
   [junit4] 
   [junit4] Suite: org.apache.lucene.util.TestFilterIterator
   [junit4] Completed [426/525 (3!)] on J0 in 0.25s, 8 tests
   [junit4] 
   [junit4] Suite: org.apache.lucene.util.TestFixedLengthBytesRefArray
   [junit4] Completed [427/525 (3!)] on J3 in 0.25s, 2 tests
   [junit4] 
   [junit4] Suite: org.apache.lucene.util.TestIOUtils
   [junit4] Completed [428/525 (3!)] on J2 in 0.25s, 21 tests
   [junit4] 
   [junit4] Suite: org.apache.lucene.util.TestLongBitSet
   [junit4] IGNOR/A 0.00s J1 | TestLongBitSet.testHugeCapacity
   [junit4]    > Assumption #1: 'nightly' test group is disabled (@Nightly())
   [junit4] Completed [429/525 (3!)] on J1 in 0.25s, 11 tests, 1 skipped
   [junit4] 
   [junit4] Suite: org.apache.lucene.util.TestSetOnce
   [junit4] Completed [430/525 (3!)] on J0 in 0.25s, 4 tests
   [junit4] 
   [junit4] Suite: org.apache.lucene.util.TestVirtualMethod
   [junit4] Completed [431/525 (3!)] on J3 in 0.25s, 2 tests
   [junit4] 
   [junit4] Suite: org.apache.lucene.util.fst.TestFstDirect
   [junit4] Completed [432/525 (3!)] on J2 in 0.25s, 1 test
   [junit4] 
   [junit4] Suite: org.apache.lucene.util.graph.TestGraphTokenStreamFiniteStrings
   [junit4] Completed [433/525 (3!)] on J1 in 0.25s, 14 tests
   [junit4] 
   [junit4] Suite: org.apache.lucene.TestExternalCodecs
   [junit4] Completed [434/525 (3!)] on J0 in 0.25s, 1 test
   [junit4] 
   [junit4] Suite: org.apache.lucene.analysis.TestCharFilter
   [junit4] Completed [435/525 (3!)] on J3 in 0.25s, 4 tests
   [junit4] 
   [junit4] Suite: org.apache.lucene.analysis.TestCharacterUtils
   [junit4] Completed [436/525 (3!)] on J2 in 0.25s, 4 tests
   [junit4] 
   [junit4] Suite: org.apache.lucene.analysis.tokenattributes.TestBytesRefAttImpl
   [junit4] Completed [437/525 (3!)] on J1 in 0.25s, 1 test
   [junit4] 
   [junit4] Suite: org.apache.lucene.codecs.compressing.TestFastCompressionMode
   [junit4] Completed [438/525 (3!)] on J0 in 0.25s, 11 tests
   [junit4] 
   [junit4] Suite: org.apache.lucene.document.TestBinaryDocument
   [junit4] Completed [439/525 (3!)] on J3 in 0.25s, 1 test
   [junit4] 
   [junit4] Suite: org.apache.lucene.document.TestDoubleRange
   [junit4] Completed [440/525 (3!)] on J2 in 0.25s, 1 test
   [junit4] 
   [junit4] Suite: org.apache.lucene.document.TestFeatureDoubleValues
   [junit4] Completed [441/525 (3!)] on J1 in 0.25s, 6 tests
   [junit4] 
   [junit4] Suite: org.apache.lucene.document.TestIntRange
   [junit4] Completed [442/525 (3!)] on J0 in 0.25s, 1 test
   [junit4] 
   [junit4] Suite: org.apache.lucene.document.TestLatLonPoint
   [junit4] Completed [443/525 (3!)] on J3 in 0.25s, 1 test
   [junit4] 
   [junit4] Suite: org.apache.lucene.index.TestAllFilesHaveChecksumFooter
   [junit4] Completed [444/525 (3!)] on J2 in 0.26s, 1 test
   [junit4] 
   [junit4] Suite: org.apache.lucene.index.TestBinaryTerms
   [junit4] Completed [445/525 (3!)] on J1 in 0.25s, 2 tests
   [junit4] 
   [junit4] Suite: org.apache.lucene.index.TestCodecHoldsOpenFiles
   [junit4] Completed [446/525 (3!)] on J0 in 0.25s, 1 test
   [junit4] 
   [junit4] Suite: org.apache.lucene.index.TestCustomTermFreq
   [junit4] Completed [447/525 (3!)] on J3 in 0.25s, 12 tests
   [junit4] 
   [junit4] Suite: org.apache.lucene.index.TestDocCount
   [junit4] Completed [448/525 (3!)] on J2 in 0.25s, 1 test
   [junit4] 
   [junit4] Suite: org.apache.lucene.index.TestDocInverterPerFieldErrorInfo
   [junit4] Completed [449/525 (3!)] on J1 in 0.25s, 2 tests
   [junit4] 
   [junit4] Suite: org.apache.lucene.index.TestDocsWithFieldSet
   [junit4] Completed [450/525 (3!)] on J0 in 0.25s, 3 tests
   [junit4] 
   [junit4] Suite: org.apache.lucene.index.TestDocumentsWriterDeleteQueue
   [junit4] Completed [451/525 (3!)] on J3 in 0.25s, 6 tests
   [junit4] 
   [junit4] Suite: org.apache.lucene.index.TestExceedMaxTermLength
   [junit4] Completed [452/525 (3!)] on J2 in 0.25s, 1 test
   [junit4] 
   [junit4] Suite: org.apache.lucene.index.TestFilterCodecReader
   [junit4] Completed [453/525 (3!)] on J1 in 0.25s, 2 tests
   [junit4] 
   [junit4] Suite: org.apache.lucene.index.TestForceMergeForever
   [junit4] Completed [454/525 (3!)] on J0 in 0.25s, 1 test
   [junit4] 
   [junit4] Suite: org.apache.lucene.index.TestFrozenBufferedUpdates
   [junit4] Completed [455/525 (3!)] on J3 in 0.25s, 1 test
   [junit4] 
   [junit4] Suite: org.apache.lucene.index.TestIndexCommit
   [junit4] Completed [456/525 (3!)] on J2 in 0.25s, 1 test
   [junit4] 
   [junit4] Suite: org.apache.lucene.index.TestIndexManyDocuments
   [junit4] Completed [457/525 (3!)] on J1 in 0.25s, 1 test
   [junit4] 
   [junit4] Suite: org.apache.lucene.index.TestIndexWriterConfig
   [junit4] Completed [458/525 (3!)] on J0 in 0.25s, 8 tests
   [junit4] 
   [junit4] Suite: org.apache.lucene.index.TestIndexWriterDeleteByQuery
   [junit4] Completed [459/525 (3!)] on J3 in 0.25s, 1 test
   [junit4] 
   [junit4] Suite: org.apache.lucene.index.TestIndexWriterLockRelease
   [junit4] Completed [460/525 (3!)] on J2 in 0.25s, 1 test
   [junit4] 
   [junit4] Suite: org.apache.lucene.index.TestIndexWriterOnDiskFull
   [junit4] Completed [461/525 (3!)] on J1 in 0.25s, 4 tests
   [junit4] 
   [junit4] Suite: org.apache.lucene.index.TestInfoStream
   [junit4] Completed [462/525 (3!)] on J0 in 0.25s, 2 tests
   [junit4] 
   [junit4] Suite: org.apache.lucene.index.TestIntBlockPool
   [junit4] Completed [463/525 (3!)] on J3 in 0.25s, 2 tests
   [junit4] 
   [junit4] Suite: org.apache.lucene.index.TestLazyProxSkipping
   [junit4] Completed [464/525 (3!)] on J2 in 0.25s, 2 tests
   [junit4] 
   [junit4] Suite: org.apache.lucene.index.TestMaxTermFrequency
   [junit4] Completed [465/525 (3!)] on J1 in 0.25s, 1 test
   [junit4] 
   [junit4] Suite: org.apache.lucene.index.TestMultiFields
   [junit4] Completed [466/525 (3!)] on J0 in 0.25s, 3 tests
   [junit4] 
   [junit4] Suite: org.apache.lucene.index.TestMultiLevelSkipList
   [junit4] Completed [467/525 (3!)] on J3 in 0.25s, 1 test
   [junit4] 
   [junit4] Suite: org.apache.lucene.index.TestNRTReaderCleanup
   [junit4] Completed [468/525 (3!)] on J2 in 0.25s, 1 test
   [junit4] 
   [junit4] Suite: org.apache.lucene.index.TestNoDeletionPolicy
   [junit4] Completed [469/525 (3!)] on J1 in 0.25s, 4 tests
   [junit4] 
   [junit4] Suite: org.apache.lucene.index.TestNoMergeScheduler
   [junit4] Completed [470/525 (3!)] on J0 in 0.25s, 3 tests
   [junit4] 
   [junit4] Suite: org.apache.lucene.index.TestPayloads
   [junit4] Completed [471/525 (3!)] on J3 in 0.25s, 7 tests
   [junit4] 
   [junit4] Suite: org.apache.lucene.index.TestReaderWrapperDVTypeCheck
   [junit4] Completed [472/525 (3!)] on J2 in 0.25s, 1 test
   [junit4] 
   [junit4] Suite: org.apache.lucene.index.TestSameTokenSamePosition
   [junit4] Completed [473/525 (3!)] on J1 in 0.25s, 2 tests
   [junit4] 
   [junit4] Suite: org.apache.lucene.index.TestTerm
   [junit4] Completed [474/525 (3!)] on J0 in 0.25s, 1 test
   [junit4] 
   [junit4] Suite: org.apache.lucene.index.TestTermdocPerf
   [junit4] Completed [475/525 (3!)] on J3 in 0.25s, 1 test
   [junit4] 
   [junit4] Suite: org.apache.lucene.index.TestTerms
   [junit4] Completed [476/525 (3!)] on J2 in 0.25s, 2 tests
   [junit4] 
   [junit4] Suite: org.apache.lucene.index.TestTransactionRollback
   [junit4] Completed [477/525 (3!)] on J1 in 0.25s, 2 tests
   [junit4] 
   [junit4] Suite: org.apache.lucene.index.TestTryDelete
   [junit4] Completed [478/525 (3!)] on J0 in 0.25s, 3 tests
   [junit4] 
   [junit4] Suite: org.apache.lucene.index.TestUniqueTermCount
   [junit4] Completed [479/525 (3!)] on J3 in 0.25s, 1 test
   [junit4] 
   [junit4] Suite: org.apache.lucene.search.TestAutomatonQueryUnicode
   [junit4] Completed [480/525 (3!)] on J2 in 0.25s, 1 test
   [junit4] 
   [junit4] Suite: org.apache.lucene.search.TestBoolean2ScorerSupplier
   [junit4] Completed [481/525 (3!)] on J1 in 0.25s, 10 tests
   [junit4] 
   [junit4] Suite: org.apache.lucene.search.TestCachingCollector
   [junit4] Completed [482/525 (3!)] on J0 in 0.25s, 4 tests
   [junit4] 
   [junit4] Suite: org.apache.lucene.search.TestElevationComparator
   [junit4] Completed [483/525 (3!)] on J3 in 0.25s, 1 test
   [junit4] 
   [junit4] Suite: org.apache.lucene.search.TestIndexOrDocValuesQuery
   [junit4] Completed [484/525 (3!)] on J2 in 0.25s, 1 test
   [junit4] 
   [junit4] Suite: org.apache.lucene.search.TestIndexSearcher
   [junit4] Completed [485/525 (3!)] on J1 in 0.25s, 7 tests
   [junit4] 
   [junit4] Suite: org.apache.lucene.search.TestMultiCollector
   [junit4] Completed [486/525 (3!)] on J0 in 0.25s, 3 tests
   [junit4] 
   [junit4] Suite: org.apache.lucene.search.TestMultiPhraseEnum
   [junit4] Completed [487/525 (3!)] on J3 in 0.25s, 2 tests
   [junit4] 
   [junit4] Suite: org.apache.lucene.search.TestNot
   [junit4] Completed [488/525 (3!)] on J2 in 0.25s, 1 test
   [junit4] 
   [junit4] Suite: org.apache.lucene.search.TestQueryRescorer
   [junit4] Completed [489/525 (3!)] on J1 in 0.25s, 6 tests
   [junit4] 
   [junit4] Suite: org.apache.lucene.search.TestRangeFieldsDocValuesQuery
   [junit4] Completed [490/525 (3!)] on J0 in 0.25s, 5 tests
   [junit4] 
   [junit4] Suite: org.apache.lucene.search.TestRegexpRandom
   [junit4] Completed [491/525 (3!)] on J3 in 0.25s, 1 test
   [junit4] 
   [junit4] Suite: org.apache.lucene.search.TestReqExclBulkScorer
   [junit4] Completed [492/525 (3!)] on J2 in 0.25s, 1 test
   [junit4] 
   [junit4] Suite: org.apache.lucene.search.TestScoreCachingWrappingScorer
   [junit4] Completed [493/525 (3!)] on J1 in 0.25s, 1 test
   [junit4] 
   [junit4] Suite: org.apache.lucene.search.TestSearchAfter
   [junit4] Completed [494/525 (3!)] on J0 in 0.25s, 1 test
   [junit4] 
   [junit4] Suite: org.apache.lucene.search.TestSimilarity
   [junit4] Completed [495/525 (3!)] on J3 in 0.25s, 1 test
   [junit4] 
   [junit4] Suite: org.apache.lucene.search.TestSimilarityProvider
   [junit4] Completed [496/525 (3!)] on J2 in 0.25s, 1 test
   [junit4] 
   [junit4] Suite: org.apache.lucene.search.TestSortedNumericSortField
   [junit4] Completed [497/525 (3!)] on J1 in 0.25s, 9 tests
   [junit4] 
   [junit4] Suite: org.apache.lucene.search.TestSubScorerFreqs
   [junit4] Completed [498/525 (3!)] on J0 in 0.25s, 3 tests
   [junit4] 
   [junit4] Suite: org.apache.lucene.search.TestTopDocsCollector
   [junit4] Completed [499/525 (3!)] on J3 in 0.25s, 9 tests
   [junit4] 
   [junit4] Suite: org.apache.lucene.search.TestTopDocsMerge
   [junit4] Completed [500/525 (3!)] on J2 in 0.25s, 5 tests
   [junit4] 
   [junit4] Suite: org.apache.lucene.search.TestTotalHitCountCollector
   [junit4] Completed [501/525 (3!)] on J1 in 0.25s, 1 test
   [junit4] 
   [junit4] Suite: org.apache.lucene.search.TestTotalHits
   [junit4] Completed [502/525 (3!)] on J0 in 0.25s, 1 test
   [junit4] 
   [junit4] Suite: org.apache.lucene.search.TestUsageTrackingFilterCachingPolicy
   [junit4] Completed [503/525 (3!)] on J3 in 0.25s, 4 tests
   [junit4] 
   [junit4] Suite: org.apache.lucene.search.TestWildcardRandom
   [junit4] Completed [504/525 (3!)] on J2 in 0.25s, 1 test
   [junit4] 
   [junit4] Suite: org.apache.lucene.search.similarities.TestSimilarity2
   [junit4] Completed [505/525 (3!)] on J1 in 0.25s, 8 tests
   [junit4] 
   [junit4] Suite: org.apache.lucene.search.spans.TestSpanBoostQuery
   [junit4] Completed [506/525 (3!)] on J0 in 0.25s, 2 tests
   [junit4] 
   [junit4] Suite: org.apache.lucene.search.spans.TestSpanContainQuery
   [junit4] Completed [507/525 (3!)] on J3 in 0.25s, 4 tests
   [junit4] 
   [junit4] Suite: org.apache.lucene.search.spans.TestSpanNearQuery
   [junit4] Completed [508/525 (3!)] on J2 in 0.25s, 4 tests
   [junit4] 
   [junit4] Suite: org.apache.lucene.search.spans.TestSpanNotQuery
   [junit4] Completed [509/525 (3!)] on J1 in 0.25s, 3 tests
   [junit4] 
   [junit4] Suite: org.apache.lucene.store.TestBufferedIndexInput
   [junit4] Completed [510/525 (3!)] on J0 in 0.25s, 4 tests
   [junit4] 
   [junit4] Suite: org.apache.lucene.util.TestByteBlockPool
   [junit4] Completed [511/525 (3!)] on J3 in 0.25s, 2 tests
   [junit4] 
   [junit4] Suite: org.apache.lucene.util.TestBytesRef
   [junit4] Completed [512/525 (3!)] on J2 in 0.25s, 4 tests
   [junit4] 
   [junit4] Suite: org.apache.lucene.util.TestBytesRefArray
   [junit4] Completed [513/525 (3!)] on J1 in 0.25s, 2 tests
   [junit4] 
   [junit4] Suite: org.apache.lucene.util.TestCharsRefBuilder
   [junit4] Completed [514/525 (3!)] on J0 in 0.25s, 2 tests
   [junit4] 
   [junit4] Suite: org.apache.lucene.util.TestFutureArrays
   [junit4] Completed [515/525 (3!)] on J3 in 0.25s, 10 tests
   [junit4] 
   [junit4] Suite: org.apache.lucene.util.TestRecyclingIntBlockAllocator
   [junit4] Completed [516/525 (3!)] on J2 in 0.26s, 3 tests
   [junit4] 
   [junit4] Suite: org.apache.lucene.util.TestRollingBuffer
   [junit4] Completed [517/525 (3!)] on J1 in 0.25s, 1 test
   [junit4] 
   [junit4] Suite: org.apache.lucene.util.TestStringHelper
   [junit4] Completed [518/525 (3!)] on J0 in 0.25s, 7 tests
   [junit4] 
   [junit4] Suite: org.apache.lucene.util.automaton.TestDaciukMihovAutomatonBuilder
   [junit4] Completed [519/525 (3!)] on J3 in 0.25s, 1 test
   [junit4] 
   [junit4] Suite: org.apache.lucene.store.TestByteBuffersDataOutput
   [junit4] Completed [520/525 (3!)] on J1 in 0.19s, 8 tests
   [junit4] 
   [junit4] Suite: org.apache.lucene.index.Test2BDocs
   [junit4] IGNOR/A 0.00s J0 | Test2BDocs.test2BDocs
   [junit4]    > Assumption #1: 'monster' test group is disabled (@Monster(value=Takes ~30min))
   [junit4] Completed [521/525 (3!)] on J0 in 0.00s, 1 test, 1 skipped
   [junit4] 
   [junit4] Suite: org.apache.lucene.util.bkd.TestBKDRadixSort
   [junit4] Completed [522/525 (3!)] on J2 in 0.25s, 5 tests
   [junit4] 
   [junit4] Suite: org.apache.lucene.index.Test2BNumericDocValues
   [junit4] IGNOR/A 0.00s J3 | Test2BNumericDocValues.testNumerics
   [junit4]    > Assumption #1: 'monster' test group is disabled (@Monster(value=takes ~ 2 hours if the heap is 5gb))
   [junit4] Completed [523/525 (3!)] on J3 in 0.00s, 1 test, 1 skipped
   [junit4] 
   [junit4] Suite: org.apache.lucene.index.Test2BPoints
   [junit4] IGNOR/A 0.00s J1 | Test2BPoints.test1D
   [junit4]    > Assumption #1: 'monster' test group is disabled (@Monster(value=takes at least 4 hours and consumes many GB of temp disk space))
   [junit4] IGNOR/A 0.00s J1 | Test2BPoints.test2D
   [junit4]    > Assumption #1: 'monster' test group is disabled (@Monster(value=takes at least 4 hours and consumes many GB of temp disk space))
   [junit4] Completed [524/525 (3!)] on J1 in 0.00s, 2 tests, 2 skipped
   [junit4] 
   [junit4] Suite: org.apache.lucene.index.Test2BPostingsBytes
   [junit4] IGNOR/A 0.00s J0 | Test2BPostingsBytes.test
   [junit4]    > Assumption #1: 'monster' test group is disabled (@Monster(value=takes ~20GB-30GB of space and 10 minutes))
   [junit4] Completed [525/525 (3!)] on J0 in 0.00s, 1 test, 1 skipped
   [junit4] 
   [junit4] JVM J3: stderr was not empty, see: /mnt/DP_disk2/GIT/lucene-solr_idea/lucene/build/core/test/temp/junit4-J3-20191223_144712_8013728686947594973606.syserr
   [junit4] >>> JVM J3 emitted unexpected output (verbatim) ----
   [junit4] compression level is 1, tid is 207544
   [junit4] <<< JVM J3: EOF ----
   [junit4] JVM J1: stderr was not empty, see: /mnt/DP_disk2/GIT/lucene-solr_idea/lucene/build/core/test/temp/junit4-J1-20191223_144712_8014940094324818128205.syserr
   [junit4] >>> JVM J1 emitted unexpected output (verbatim) ----
   [junit4] compression level is 1, tid is 211016
   [junit4] <<< JVM J1: EOF ----
   [junit4] JVM J0: stderr was not empty, see: /mnt/DP_disk2/GIT/lucene-solr_idea/lucene/build/core/test/temp/junit4-J0-20191223_144712_8013174427043467212703.syserr
   [junit4] >>> JVM J0 emitted unexpected output (verbatim) ----
   [junit4] compression level is 1, tid is 207364
   [junit4] <<< JVM J0: EOF ----
   [junit4] 
   [junit4] Tests with failures [seed: FA6E6C8CE2861FD9] (first 10 out of 16):
   [junit4]   - org.apache.lucene.index.TestDirectoryReaderReopen.testNRTMupdates
   [junit4]   - org.apache.lucene.index.TestDirectoryReaderReopen.testThreadSafety
   [junit4]   - org.apache.lucene.index.TestDirectoryReaderReopen.testNRTMdeletes2
   [junit4]   - org.apache.lucene.index.TestDirectoryReaderReopen.testCommitReopen
   [junit4]   - org.apache.lucene.index.TestDirectoryReaderReopen.testReuseUnchangedLeafReaderOnDVUpdate
   [junit4]   - org.apache.lucene.index.TestDirectoryReaderReopen.testReopen
   [junit4]   - org.apache.lucene.index.TestDirectoryReaderReopen.testNRTMupdates2
   [junit4]   - org.apache.lucene.index.TestDirectoryReaderReopen.testCommitRecreate
   [junit4]   - org.apache.lucene.index.TestDirectoryReaderReopen.testNRTMdeletes
   [junit4]   - org.apache.lucene.codecs.compressing.TestQatCompressionDecompressionMode.testShortSequence
   [junit4] 
   [junit4] 
   [junit4] JVM J0:     0.40 ..   159.79 =   159.39s
   [junit4] JVM J1:     0.40 ..   159.72 =   159.32s
   [junit4] JVM J2:     0.40 ..   159.62 =   159.21s
   [junit4] JVM J3:     0.40 ..   159.69 =   159.29s
   [junit4] Execution time total: 2 minutes 39 seconds
   [junit4] Tests summary: 525 suites (1 ignored), 4493 tests, 1 error, 15 failures, 96 ignored (89 assumptions)
